2026-06-03 19:41:27 | INFO | root | Logging to /mntdatalora/src/ECG-Denoising-LMMSE/logs/arch_deep_P64_20260603_194127.log
2026-06-03 19:41:27 | INFO | root | Runtime context:
{
  "config_path": "/mntdatalora/src/ECG-Denoising-LMMSE/configs/transformer.yaml",
  "hostname": "pod-4",
  "output_dir": "/mntdatalora/src/ECG-Denoising-LMMSE/outputs/transformer/arch_deep_P64",
  "platform": "Linux-6.8.0-124-generic-x86_64-with-glibc2.39",
  "python": "3.12.3 (main, Mar  3 2026, 12:15:18) [GCC 13.3.0]"
}
2026-06-03 19:41:29 | INFO | root | Training ECGTransformerDenoiser for 200 epochs with 17796 train windows and 3141 validation windows
2026-06-03 19:41:30 | INFO | root | epoch=1 step=25 train_loss=0.32703110
2026-06-03 19:41:30 | INFO | root | epoch=1 step=50 train_loss=0.21543046
2026-06-03 19:41:31 | INFO | root | epoch=1 train_loss=0.17884057 val_loss=0.07517409
2026-06-03 19:41:31 | INFO | root | epoch=2 step=25 train_loss=0.06302185
2026-06-03 19:41:32 | INFO | root | epoch=2 step=50 train_loss=0.05907619
2026-06-03 19:41:32 | INFO | root | epoch=2 train_loss=0.05847414 val_loss=0.06513330
2026-06-03 19:41:33 | INFO | root | epoch=3 step=25 train_loss=0.05119739
2026-06-03 19:41:33 | INFO | root | epoch=3 step=50 train_loss=0.05072739
2026-06-03 19:41:34 | INFO | root | epoch=3 train_loss=0.04996167 val_loss=0.05078137
2026-06-03 19:41:34 | INFO | root | epoch=4 step=25 train_loss=0.04555715
2026-06-03 19:41:34 | INFO | root | epoch=4 step=50 train_loss=0.04463016
2026-06-03 19:41:35 | INFO | root | epoch=4 train_loss=0.04368000 val_loss=0.05430190
2026-06-03 19:41:35 | INFO | root | epoch=5 step=25 train_loss=0.04195537
2026-06-03 19:41:36 | INFO | root | epoch=5 step=50 train_loss=0.04120459
2026-06-03 19:41:36 | INFO | root | epoch=5 train_loss=0.04023857 val_loss=0.05701810
2026-06-03 19:41:37 | INFO | root | epoch=6 step=25 train_loss=0.03633882
2026-06-03 19:41:37 | INFO | root | epoch=6 step=50 train_loss=0.03634781
2026-06-03 19:41:38 | INFO | root | epoch=6 train_loss=0.03625224 val_loss=0.05102007
2026-06-03 19:41:38 | INFO | root | epoch=7 step=25 train_loss=0.03245125
2026-06-03 19:41:38 | INFO | root | epoch=7 step=50 train_loss=0.03426181
2026-06-03 19:41:39 | INFO | root | epoch=7 train_loss=0.03380306 val_loss=0.05942808
2026-06-03 19:41:39 | INFO | root | epoch=8 step=25 train_loss=0.03199691
2026-06-03 19:41:40 | INFO | root | epoch=8 step=50 train_loss=0.03052172
2026-06-03 19:41:40 | INFO | root | epoch=8 train_loss=0.03056873 val_loss=0.05186016
2026-06-03 19:41:41 | INFO | root | epoch=9 step=25 train_loss=0.02837814
2026-06-03 19:41:41 | INFO | root | epoch=9 step=50 train_loss=0.02948955
2026-06-03 19:41:41 | INFO | root | epoch=9 train_loss=0.02952594 val_loss=0.05545667
2026-06-03 19:41:42 | INFO | root | epoch=10 step=25 train_loss=0.02747921
2026-06-03 19:41:42 | INFO | root | epoch=10 step=50 train_loss=0.02875438
2026-06-03 19:41:43 | INFO | root | epoch=10 train_loss=0.02820132 val_loss=0.05380784
2026-06-03 19:41:43 | INFO | root | epoch=11 step=25 train_loss=0.02618859
2026-06-03 19:41:44 | INFO | root | epoch=11 step=50 train_loss=0.02518341
2026-06-03 19:41:44 | INFO | root | epoch=11 train_loss=0.02539851 val_loss=0.04779252
2026-06-03 19:41:45 | INFO | root | epoch=12 step=25 train_loss=0.02569127
2026-06-03 19:41:45 | INFO | root | epoch=12 step=50 train_loss=0.02414561
2026-06-03 19:41:45 | INFO | root | epoch=12 train_loss=0.02440543 val_loss=0.04712993
2026-06-03 19:41:46 | INFO | root | epoch=13 step=25 train_loss=0.02304675
2026-06-03 19:41:46 | INFO | root | epoch=13 step=50 train_loss=0.02319988
2026-06-03 19:41:47 | INFO | root | epoch=13 train_loss=0.02324844 val_loss=0.04983445
2026-06-03 19:41:47 | INFO | root | epoch=14 step=25 train_loss=0.02313378
2026-06-03 19:41:48 | INFO | root | epoch=14 step=50 train_loss=0.02328148
2026-06-03 19:41:48 | INFO | root | epoch=14 train_loss=0.02290053 val_loss=0.05183095
2026-06-03 19:41:48 | INFO | root | epoch=15 step=25 train_loss=0.02031696
2026-06-03 19:41:49 | INFO | root | epoch=15 step=50 train_loss=0.02088232
2026-06-03 19:41:49 | INFO | root | epoch=15 train_loss=0.02095280 val_loss=0.05140091
2026-06-03 19:41:50 | INFO | root | epoch=16 step=25 train_loss=0.02051433
2026-06-03 19:41:50 | INFO | root | epoch=16 step=50 train_loss=0.02052886
2026-06-03 19:41:51 | INFO | root | epoch=16 train_loss=0.02071325 val_loss=0.05898028
2026-06-03 19:41:51 | INFO | root | epoch=17 step=25 train_loss=0.01908863
2026-06-03 19:41:52 | INFO | root | epoch=17 step=50 train_loss=0.02001622
2026-06-03 19:41:52 | INFO | root | epoch=17 train_loss=0.01960939 val_loss=0.05409169
2026-06-03 19:41:52 | INFO | root | epoch=18 step=25 train_loss=0.01828411
2026-06-03 19:41:53 | INFO | root | epoch=18 step=50 train_loss=0.01825760
2026-06-03 19:41:53 | INFO | root | epoch=18 train_loss=0.01835858 val_loss=0.05636509
2026-06-03 19:41:54 | INFO | root | epoch=19 step=25 train_loss=0.01830029
2026-06-03 19:41:54 | INFO | root | epoch=19 step=50 train_loss=0.01747299
2026-06-03 19:41:55 | INFO | root | epoch=19 train_loss=0.01740032 val_loss=0.05365560
2026-06-03 19:41:55 | INFO | root | epoch=20 step=25 train_loss=0.01686692
2026-06-03 19:41:55 | INFO | root | epoch=20 step=50 train_loss=0.01722014
2026-06-03 19:41:56 | INFO | root | epoch=20 train_loss=0.01733293 val_loss=0.05586566
2026-06-03 19:41:56 | INFO | root | epoch=21 step=25 train_loss=0.01745573
2026-06-03 19:41:57 | INFO | root | epoch=21 step=50 train_loss=0.01703073
2026-06-03 19:41:57 | INFO | root | epoch=21 train_loss=0.01685046 val_loss=0.05331745
2026-06-03 19:41:58 | INFO | root | epoch=22 step=25 train_loss=0.01673856
2026-06-03 19:41:58 | INFO | root | epoch=22 step=50 train_loss=0.01594208
2026-06-03 19:41:58 | INFO | root | epoch=22 train_loss=0.01575422 val_loss=0.05389502
2026-06-03 19:41:59 | INFO | root | epoch=23 step=25 train_loss=0.01618178
2026-06-03 19:41:59 | INFO | root | epoch=23 step=50 train_loss=0.01617913
2026-06-03 19:42:00 | INFO | root | epoch=23 train_loss=0.01643518 val_loss=0.05564589
2026-06-03 19:42:00 | INFO | root | epoch=24 step=25 train_loss=0.01579196
2026-06-03 19:42:01 | INFO | root | epoch=24 step=50 train_loss=0.01540275
2026-06-03 19:42:01 | INFO | root | epoch=24 train_loss=0.01576229 val_loss=0.05468210
2026-06-03 19:42:02 | INFO | root | epoch=25 step=25 train_loss=0.01485022
2026-06-03 19:42:02 | INFO | root | epoch=25 step=50 train_loss=0.01463580
2026-06-03 19:42:02 | INFO | root | epoch=25 train_loss=0.01462584 val_loss=0.05022868
2026-06-03 19:42:03 | INFO | root | epoch=26 step=25 train_loss=0.01495108
2026-06-03 19:42:03 | INFO | root | epoch=26 step=50 train_loss=0.01438377
2026-06-03 19:42:04 | INFO | root | epoch=26 train_loss=0.01455849 val_loss=0.05622387
2026-06-03 19:42:04 | INFO | root | epoch=27 step=25 train_loss=0.01540788
2026-06-03 19:42:05 | INFO | root | epoch=27 step=50 train_loss=0.01496252
2026-06-03 19:42:05 | INFO | root | epoch=27 train_loss=0.01483774 val_loss=0.05363366
2026-06-03 19:42:06 | INFO | root | epoch=28 step=25 train_loss=0.01377903
2026-06-03 19:42:06 | INFO | root | epoch=28 step=50 train_loss=0.01364555
2026-06-03 19:42:06 | INFO | root | epoch=28 train_loss=0.01342429 val_loss=0.05392451
2026-06-03 19:42:07 | INFO | root | epoch=29 step=25 train_loss=0.01283441
2026-06-03 19:42:07 | INFO | root | epoch=29 step=50 train_loss=0.01274988
2026-06-03 19:42:08 | INFO | root | epoch=29 train_loss=0.01247209 val_loss=0.05533211
2026-06-03 19:42:08 | INFO | root | epoch=30 step=25 train_loss=0.01125869
2026-06-03 19:42:09 | INFO | root | epoch=30 step=50 train_loss=0.01174358
2026-06-03 19:42:09 | INFO | root | epoch=30 train_loss=0.01185886 val_loss=0.05234685
2026-06-03 19:42:09 | INFO | root | epoch=31 step=25 train_loss=0.01182329
2026-06-03 19:42:10 | INFO | root | epoch=31 step=50 train_loss=0.01200957
2026-06-03 19:42:10 | INFO | root | epoch=31 train_loss=0.01194199 val_loss=0.05581239
2026-06-03 19:42:11 | INFO | root | epoch=32 step=25 train_loss=0.01212958
2026-06-03 19:42:11 | INFO | root | epoch=32 step=50 train_loss=0.01226002
2026-06-03 19:42:12 | INFO | root | epoch=32 train_loss=0.01210014 val_loss=0.05607718
2026-06-03 19:42:12 | INFO | root | epoch=33 step=25 train_loss=0.01211421
2026-06-03 19:42:13 | INFO | root | epoch=33 step=50 train_loss=0.01197294
2026-06-03 19:42:13 | INFO | root | epoch=33 train_loss=0.01169314 val_loss=0.05382940
2026-06-03 19:42:13 | INFO | root | epoch=34 step=25 train_loss=0.01072374
2026-06-03 19:42:14 | INFO | root | epoch=34 step=50 train_loss=0.01073911
2026-06-03 19:42:14 | INFO | root | epoch=34 train_loss=0.01081148 val_loss=0.05628928
2026-06-03 19:42:15 | INFO | root | epoch=35 step=25 train_loss=0.01181438
2026-06-03 19:42:15 | INFO | root | epoch=35 step=50 train_loss=0.01141735
2026-06-03 19:42:16 | INFO | root | epoch=35 train_loss=0.01114399 val_loss=0.05680917
2026-06-03 19:42:16 | INFO | root | epoch=36 step=25 train_loss=0.01096584
2026-06-03 19:42:17 | INFO | root | epoch=36 step=50 train_loss=0.01055109
2026-06-03 19:42:17 | INFO | root | epoch=36 train_loss=0.01043796 val_loss=0.06035866
2026-06-03 19:42:17 | INFO | root | epoch=37 step=25 train_loss=0.01013896
2026-06-03 19:42:18 | INFO | root | epoch=37 step=50 train_loss=0.01022013
2026-06-03 19:42:18 | INFO | root | epoch=37 train_loss=0.01019652 val_loss=0.05422362
2026-06-03 19:42:19 | INFO | root | epoch=38 step=25 train_loss=0.01001782
2026-06-03 19:42:19 | INFO | root | epoch=38 step=50 train_loss=0.01038206
2026-06-03 19:42:20 | INFO | root | epoch=38 train_loss=0.01046438 val_loss=0.05600004
2026-06-03 19:42:20 | INFO | root | epoch=39 step=25 train_loss=0.01043815
2026-06-03 19:42:20 | INFO | root | epoch=39 step=50 train_loss=0.01023466
2026-06-03 19:42:21 | INFO | root | epoch=39 train_loss=0.01018823 val_loss=0.05397004
2026-06-03 19:42:21 | INFO | root | epoch=40 step=25 train_loss=0.01006405
2026-06-03 19:42:22 | INFO | root | epoch=40 step=50 train_loss=0.00983282
2026-06-03 19:42:22 | INFO | root | epoch=40 train_loss=0.00968408 val_loss=0.06248734
2026-06-03 19:42:23 | INFO | root | epoch=41 step=25 train_loss=0.00987949
2026-06-03 19:42:23 | INFO | root | epoch=41 step=50 train_loss=0.00979781
2026-06-03 19:42:24 | INFO | root | epoch=41 train_loss=0.00964414 val_loss=0.05550505
2026-06-03 19:42:24 | INFO | root | epoch=42 step=25 train_loss=0.00928220
2026-06-03 19:42:24 | INFO | root | epoch=42 step=50 train_loss=0.00934080
2026-06-03 19:42:25 | INFO | root | epoch=42 train_loss=0.00936585 val_loss=0.05947579
2026-06-03 19:42:25 | INFO | root | epoch=43 step=25 train_loss=0.00925619
2026-06-03 19:42:26 | INFO | root | epoch=43 step=50 train_loss=0.00917468
2026-06-03 19:42:26 | INFO | root | epoch=43 train_loss=0.00903233 val_loss=0.05193827
2026-06-03 19:42:27 | INFO | root | epoch=44 step=25 train_loss=0.00841384
2026-06-03 19:42:27 | INFO | root | epoch=44 step=50 train_loss=0.00830321
2026-06-03 19:42:28 | INFO | root | epoch=44 train_loss=0.00833703 val_loss=0.05649463
2026-06-03 19:42:28 | INFO | root | epoch=45 step=25 train_loss=0.00833104
2026-06-03 19:42:28 | INFO | root | epoch=45 step=50 train_loss=0.00829651
2026-06-03 19:42:29 | INFO | root | epoch=45 train_loss=0.00829538 val_loss=0.05362737
2026-06-03 19:42:29 | INFO | root | epoch=46 step=25 train_loss=0.00785630
2026-06-03 19:42:30 | INFO | root | epoch=46 step=50 train_loss=0.00773541
2026-06-03 19:42:30 | INFO | root | epoch=46 train_loss=0.00783555 val_loss=0.05592593
2026-06-03 19:42:31 | INFO | root | epoch=47 step=25 train_loss=0.00808597
2026-06-03 19:42:31 | INFO | root | epoch=47 step=50 train_loss=0.00813663
2026-06-03 19:42:31 | INFO | root | epoch=47 train_loss=0.00807847 val_loss=0.05760112
2026-06-03 19:42:32 | INFO | root | epoch=48 step=25 train_loss=0.00754528
2026-06-03 19:42:32 | INFO | root | epoch=48 step=50 train_loss=0.00757251
2026-06-03 19:42:33 | INFO | root | epoch=48 train_loss=0.00752695 val_loss=0.05535718
2026-06-03 19:42:33 | INFO | root | epoch=49 step=25 train_loss=0.00738124
2026-06-03 19:42:34 | INFO | root | epoch=49 step=50 train_loss=0.00752096
2026-06-03 19:42:34 | INFO | root | epoch=49 train_loss=0.00764669 val_loss=0.05972044
2026-06-03 19:42:34 | INFO | root | epoch=50 step=25 train_loss=0.00760184
2026-06-03 19:42:35 | INFO | root | epoch=50 step=50 train_loss=0.00737529
2026-06-03 19:42:35 | INFO | root | epoch=50 train_loss=0.00756292 val_loss=0.05512034
2026-06-03 19:42:36 | INFO | root | epoch=51 step=25 train_loss=0.00785165
2026-06-03 19:42:36 | INFO | root | epoch=51 step=50 train_loss=0.00797231
2026-06-03 19:42:37 | INFO | root | epoch=51 train_loss=0.00774626 val_loss=0.05545069
2026-06-03 19:42:37 | INFO | root | epoch=52 step=25 train_loss=0.00706424
2026-06-03 19:42:38 | INFO | root | epoch=52 step=50 train_loss=0.00688535
2026-06-03 19:42:38 | INFO | root | epoch=52 train_loss=0.00687817 val_loss=0.06037389
2026-06-03 19:42:38 | INFO | root | epoch=53 step=25 train_loss=0.00665643
2026-06-03 19:42:39 | INFO | root | epoch=53 step=50 train_loss=0.00666891
2026-06-03 19:42:39 | INFO | root | epoch=53 train_loss=0.00675792 val_loss=0.05416279
2026-06-03 19:42:40 | INFO | root | epoch=54 step=25 train_loss=0.00662472
2026-06-03 19:42:40 | INFO | root | epoch=54 step=50 train_loss=0.00684325
2026-06-03 19:42:41 | INFO | root | epoch=54 train_loss=0.00703596 val_loss=0.06041265
2026-06-03 19:42:41 | INFO | root | epoch=55 step=25 train_loss=0.00672359
2026-06-03 19:42:42 | INFO | root | epoch=55 step=50 train_loss=0.00668918
2026-06-03 19:42:42 | INFO | root | epoch=55 train_loss=0.00663888 val_loss=0.05595631
2026-06-03 19:42:42 | INFO | root | epoch=56 step=25 train_loss=0.00681704
2026-06-03 19:42:43 | INFO | root | epoch=56 step=50 train_loss=0.00673634
2026-06-03 19:42:43 | INFO | root | epoch=56 train_loss=0.00677942 val_loss=0.05317675
2026-06-03 19:42:44 | INFO | root | epoch=57 step=25 train_loss=0.00610539
2026-06-03 19:42:44 | INFO | root | epoch=57 step=50 train_loss=0.00616190
2026-06-03 19:42:45 | INFO | root | epoch=57 train_loss=0.00598237 val_loss=0.05650712
2026-06-03 19:42:45 | INFO | root | epoch=58 step=25 train_loss=0.00653901
2026-06-03 19:42:46 | INFO | root | epoch=58 step=50 train_loss=0.00652488
2026-06-03 19:42:46 | INFO | root | epoch=58 train_loss=0.00627660 val_loss=0.05872492
2026-06-03 19:42:46 | INFO | root | epoch=59 step=25 train_loss=0.00571771
2026-06-03 19:42:47 | INFO | root | epoch=59 step=50 train_loss=0.00567202
2026-06-03 19:42:47 | INFO | root | epoch=59 train_loss=0.00567155 val_loss=0.05661653
2026-06-03 19:42:48 | INFO | root | epoch=60 step=25 train_loss=0.00539517
2026-06-03 19:42:48 | INFO | root | epoch=60 step=50 train_loss=0.00536198
2026-06-03 19:42:49 | INFO | root | epoch=60 train_loss=0.00545380 val_loss=0.05857125
2026-06-03 19:42:49 | INFO | root | epoch=61 step=25 train_loss=0.00562222
2026-06-03 19:42:50 | INFO | root | epoch=61 step=50 train_loss=0.00547267
2026-06-03 19:42:50 | INFO | root | epoch=61 train_loss=0.00551029 val_loss=0.05705049
2026-06-03 19:42:50 | INFO | root | epoch=62 step=25 train_loss=0.00787200
2026-06-03 19:42:51 | INFO | root | epoch=62 step=50 train_loss=0.00734303
2026-06-03 19:42:51 | INFO | root | epoch=62 train_loss=0.00695198 val_loss=0.05506092
2026-06-03 19:42:52 | INFO | root | epoch=63 step=25 train_loss=0.00593828
2026-06-03 19:42:52 | INFO | root | epoch=63 step=50 train_loss=0.00574867
2026-06-03 19:42:53 | INFO | root | epoch=63 train_loss=0.00578250 val_loss=0.05666754
2026-06-03 19:42:53 | INFO | root | epoch=64 step=25 train_loss=0.00519992
2026-06-03 19:42:53 | INFO | root | epoch=64 step=50 train_loss=0.00515358
2026-06-03 19:42:54 | INFO | root | epoch=64 train_loss=0.00512641 val_loss=0.06045360
2026-06-03 19:42:54 | INFO | root | epoch=65 step=25 train_loss=0.00498077
2026-06-03 19:42:55 | INFO | root | epoch=65 step=50 train_loss=0.00498046
2026-06-03 19:42:55 | INFO | root | epoch=65 train_loss=0.00507392 val_loss=0.05581361
2026-06-03 19:42:56 | INFO | root | epoch=66 step=25 train_loss=0.00474009
2026-06-03 19:42:56 | INFO | root | epoch=66 step=50 train_loss=0.00494736
2026-06-03 19:42:57 | INFO | root | epoch=66 train_loss=0.00493929 val_loss=0.05614066
2026-06-03 19:42:57 | INFO | root | epoch=67 step=25 train_loss=0.00499343
2026-06-03 19:42:57 | INFO | root | epoch=67 step=50 train_loss=0.00490853
2026-06-03 19:42:58 | INFO | root | epoch=67 train_loss=0.00497714 val_loss=0.05179072
2026-06-03 19:42:58 | INFO | root | epoch=68 step=25 train_loss=0.00490307
2026-06-03 19:42:59 | INFO | root | epoch=68 step=50 train_loss=0.00480493
2026-06-03 19:42:59 | INFO | root | epoch=68 train_loss=0.00484702 val_loss=0.06135624
2026-06-03 19:43:00 | INFO | root | epoch=69 step=25 train_loss=0.00455163
2026-06-03 19:43:00 | INFO | root | epoch=69 step=50 train_loss=0.00456547
2026-06-03 19:43:01 | INFO | root | epoch=69 train_loss=0.00458066 val_loss=0.05652613
2026-06-03 19:43:01 | INFO | root | epoch=70 step=25 train_loss=0.00473541
2026-06-03 19:43:01 | INFO | root | epoch=70 step=50 train_loss=0.00488135
2026-06-03 19:43:02 | INFO | root | epoch=70 train_loss=0.00496556 val_loss=0.05211657
2026-06-03 19:43:02 | INFO | root | epoch=71 step=25 train_loss=0.00485115
2026-06-03 19:43:03 | INFO | root | epoch=71 step=50 train_loss=0.00486629
2026-06-03 19:43:03 | INFO | root | epoch=71 train_loss=0.00476222 val_loss=0.05575320
2026-06-03 19:43:04 | INFO | root | epoch=72 step=25 train_loss=0.00418647
2026-06-03 19:43:04 | INFO | root | epoch=72 step=50 train_loss=0.00450760
2026-06-03 19:43:04 | INFO | root | epoch=72 train_loss=0.00451175 val_loss=0.05944878
2026-06-03 19:43:05 | INFO | root | epoch=73 step=25 train_loss=0.00410285
2026-06-03 19:43:05 | INFO | root | epoch=73 step=50 train_loss=0.00416538
2026-06-03 19:43:06 | INFO | root | epoch=73 train_loss=0.00420783 val_loss=0.05809027
2026-06-03 19:43:06 | INFO | root | epoch=74 step=25 train_loss=0.00404831
2026-06-03 19:43:07 | INFO | root | epoch=74 step=50 train_loss=0.00404636
2026-06-03 19:43:07 | INFO | root | epoch=74 train_loss=0.00408131 val_loss=0.05399650
2026-06-03 19:43:08 | INFO | root | epoch=75 step=25 train_loss=0.00483928
2026-06-03 19:43:08 | INFO | root | epoch=75 step=50 train_loss=0.00451406
2026-06-03 19:43:08 | INFO | root | epoch=75 train_loss=0.00447375 val_loss=0.05674906
2026-06-03 19:43:09 | INFO | root | epoch=76 step=25 train_loss=0.00458775
2026-06-03 19:43:09 | INFO | root | epoch=76 step=50 train_loss=0.00446568
2026-06-03 19:43:10 | INFO | root | epoch=76 train_loss=0.00434814 val_loss=0.05607574
2026-06-03 19:43:10 | INFO | root | epoch=77 step=25 train_loss=0.00437026
2026-06-03 19:43:11 | INFO | root | epoch=77 step=50 train_loss=0.00429967
2026-06-03 19:43:11 | INFO | root | epoch=77 train_loss=0.00425288 val_loss=0.05525561
2026-06-03 19:43:11 | INFO | root | epoch=78 step=25 train_loss=0.00400219
2026-06-03 19:43:12 | INFO | root | epoch=78 step=50 train_loss=0.00386314
2026-06-03 19:43:12 | INFO | root | epoch=78 train_loss=0.00386107 val_loss=0.05758079
2026-06-03 19:43:13 | INFO | root | epoch=79 step=25 train_loss=0.00355627
2026-06-03 19:43:13 | INFO | root | epoch=79 step=50 train_loss=0.00370014
2026-06-03 19:43:14 | INFO | root | epoch=79 train_loss=0.00366701 val_loss=0.05856443
2026-06-03 19:43:14 | INFO | root | epoch=80 step=25 train_loss=0.00388270
2026-06-03 19:43:15 | INFO | root | epoch=80 step=50 train_loss=0.00397597
2026-06-03 19:43:15 | INFO | root | epoch=80 train_loss=0.00398236 val_loss=0.05758675
2026-06-03 19:43:15 | INFO | root | epoch=81 step=25 train_loss=0.00407066
2026-06-03 19:43:16 | INFO | root | epoch=81 step=50 train_loss=0.00403555
2026-06-03 19:43:16 | INFO | root | epoch=81 train_loss=0.00405544 val_loss=0.06018521
2026-06-03 19:43:17 | INFO | root | epoch=82 step=25 train_loss=0.00497996
2026-06-03 19:43:17 | INFO | root | epoch=82 step=50 train_loss=0.00488454
2026-06-03 19:43:18 | INFO | root | epoch=82 train_loss=0.00485058 val_loss=0.05661639
2026-06-03 19:43:18 | INFO | root | epoch=83 step=25 train_loss=0.00482316
2026-06-03 19:43:19 | INFO | root | epoch=83 step=50 train_loss=0.00457645
2026-06-03 19:43:19 | INFO | root | epoch=83 train_loss=0.00447467 val_loss=0.05813995
2026-06-03 19:43:19 | INFO | root | epoch=84 step=25 train_loss=0.00444880
2026-06-03 19:43:20 | INFO | root | epoch=84 step=50 train_loss=0.00437952
2026-06-03 19:43:20 | INFO | root | epoch=84 train_loss=0.00431683 val_loss=0.05534380
2026-06-03 19:43:21 | INFO | root | epoch=85 step=25 train_loss=0.00369983
2026-06-03 19:43:21 | INFO | root | epoch=85 step=50 train_loss=0.00389043
2026-06-03 19:43:22 | INFO | root | epoch=85 train_loss=0.00384457 val_loss=0.05577523
2026-06-03 19:43:22 | INFO | root | epoch=86 step=25 train_loss=0.00339720
2026-06-03 19:43:23 | INFO | root | epoch=86 step=50 train_loss=0.00335355
2026-06-03 19:43:23 | INFO | root | epoch=86 train_loss=0.00336275 val_loss=0.05161625
2026-06-03 19:43:23 | INFO | root | epoch=87 step=25 train_loss=0.00317317
2026-06-03 19:43:24 | INFO | root | epoch=87 step=50 train_loss=0.00328159
2026-06-03 19:43:24 | INFO | root | epoch=87 train_loss=0.00371702 val_loss=0.05263142
2026-06-03 19:43:25 | INFO | root | epoch=88 step=25 train_loss=0.00601198
2026-06-03 19:43:25 | INFO | root | epoch=88 step=50 train_loss=0.00535918
2026-06-03 19:43:26 | INFO | root | epoch=88 train_loss=0.00490818 val_loss=0.05378006
2026-06-03 19:43:26 | INFO | root | epoch=89 step=25 train_loss=0.00322337
2026-06-03 19:43:27 | INFO | root | epoch=89 step=50 train_loss=0.00355319
2026-06-03 19:43:27 | INFO | root | epoch=89 train_loss=0.00377236 val_loss=0.05642078
2026-06-03 19:43:27 | INFO | root | epoch=90 step=25 train_loss=0.00346509
2026-06-03 19:43:28 | INFO | root | epoch=90 step=50 train_loss=0.00329499
2026-06-03 19:43:28 | INFO | root | epoch=90 train_loss=0.00329141 val_loss=0.05406098
2026-06-03 19:43:29 | INFO | root | epoch=91 step=25 train_loss=0.00337675
2026-06-03 19:43:29 | INFO | root | epoch=91 step=50 train_loss=0.00342417
2026-06-03 19:43:30 | INFO | root | epoch=91 train_loss=0.00331631 val_loss=0.05474358
2026-06-03 19:43:30 | INFO | root | epoch=92 step=25 train_loss=0.00296504
2026-06-03 19:43:30 | INFO | root | epoch=92 step=50 train_loss=0.00284838
2026-06-03 19:43:31 | INFO | root | epoch=92 train_loss=0.00285854 val_loss=0.05593396
2026-06-03 19:43:31 | INFO | root | epoch=93 step=25 train_loss=0.00267362
2026-06-03 19:43:32 | INFO | root | epoch=93 step=50 train_loss=0.00343283
2026-06-03 19:43:32 | INFO | root | epoch=93 train_loss=0.00474643 val_loss=0.06349469
2026-06-03 19:43:33 | INFO | root | epoch=94 step=25 train_loss=0.00805455
2026-06-03 19:43:33 | INFO | root | epoch=94 step=50 train_loss=0.00745678
2026-06-03 19:43:34 | INFO | root | epoch=94 train_loss=0.00710660 val_loss=0.05799012
2026-06-03 19:43:34 | INFO | root | epoch=95 step=25 train_loss=0.00498630
2026-06-03 19:43:34 | INFO | root | epoch=95 step=50 train_loss=0.00481854
2026-06-03 19:43:35 | INFO | root | epoch=95 train_loss=0.00505751 val_loss=0.05532971
2026-06-03 19:43:35 | INFO | root | epoch=96 step=25 train_loss=0.00429028
2026-06-03 19:43:36 | INFO | root | epoch=96 step=50 train_loss=0.00385055
2026-06-03 19:43:36 | INFO | root | epoch=96 train_loss=0.00365391 val_loss=0.05760086
2026-06-03 19:43:37 | INFO | root | epoch=97 step=25 train_loss=0.00297426
2026-06-03 19:43:37 | INFO | root | epoch=97 step=50 train_loss=0.00290509
2026-06-03 19:43:38 | INFO | root | epoch=97 train_loss=0.00287841 val_loss=0.05427882
2026-06-03 19:43:38 | INFO | root | epoch=98 step=25 train_loss=0.00271721
2026-06-03 19:43:38 | INFO | root | epoch=98 step=50 train_loss=0.00272908
2026-06-03 19:43:39 | INFO | root | epoch=98 train_loss=0.00273956 val_loss=0.05514274
2026-06-03 19:43:39 | INFO | root | epoch=99 step=25 train_loss=0.00259011
2026-06-03 19:43:40 | INFO | root | epoch=99 step=50 train_loss=0.00267947
2026-06-03 19:43:40 | INFO | root | epoch=99 train_loss=0.00270201 val_loss=0.05800213
2026-06-03 19:43:41 | INFO | root | epoch=100 step=25 train_loss=0.00251721
2026-06-03 19:43:41 | INFO | root | epoch=100 step=50 train_loss=0.00244528
2026-06-03 19:43:42 | INFO | root | epoch=100 train_loss=0.00244286 val_loss=0.05266221
2026-06-03 19:43:42 | INFO | root | epoch=101 step=25 train_loss=0.00236020
2026-06-03 19:43:42 | INFO | root | epoch=101 step=50 train_loss=0.00238655
2026-06-03 19:43:43 | INFO | root | epoch=101 train_loss=0.00238307 val_loss=0.05685567
2026-06-03 19:43:43 | INFO | root | epoch=102 step=25 train_loss=0.00243609
2026-06-03 19:43:44 | INFO | root | epoch=102 step=50 train_loss=0.00243110
2026-06-03 19:43:44 | INFO | root | epoch=102 train_loss=0.00243180 val_loss=0.05722449
2026-06-03 19:43:45 | INFO | root | epoch=103 step=25 train_loss=0.00230101
2026-06-03 19:43:45 | INFO | root | epoch=103 step=50 train_loss=0.00224614
2026-06-03 19:43:45 | INFO | root | epoch=103 train_loss=0.00233551 val_loss=0.05642450
2026-06-03 19:43:46 | INFO | root | epoch=104 step=25 train_loss=0.00232127
2026-06-03 19:43:46 | INFO | root | epoch=104 step=50 train_loss=0.00228690
2026-06-03 19:43:47 | INFO | root | epoch=104 train_loss=0.00232101 val_loss=0.05546370
2026-06-03 19:43:47 | INFO | root | epoch=105 step=25 train_loss=0.00223444
2026-06-03 19:43:48 | INFO | root | epoch=105 step=50 train_loss=0.00220714
2026-06-03 19:43:48 | INFO | root | epoch=105 train_loss=0.00222015 val_loss=0.05606984
2026-06-03 19:43:49 | INFO | root | epoch=106 step=25 train_loss=0.00215123
2026-06-03 19:43:49 | INFO | root | epoch=106 step=50 train_loss=0.00217154
2026-06-03 19:43:49 | INFO | root | epoch=106 train_loss=0.00217961 val_loss=0.05511718
2026-06-03 19:43:50 | INFO | root | epoch=107 step=25 train_loss=0.00215358
2026-06-03 19:43:50 | INFO | root | epoch=107 step=50 train_loss=0.00209835
2026-06-03 19:43:51 | INFO | root | epoch=107 train_loss=0.00209854 val_loss=0.05443788
2026-06-03 19:43:51 | INFO | root | epoch=108 step=25 train_loss=0.00213554
2026-06-03 19:43:52 | INFO | root | epoch=108 step=50 train_loss=0.00206918
2026-06-03 19:43:52 | INFO | root | epoch=108 train_loss=0.00205211 val_loss=0.05522893
2026-06-03 19:43:53 | INFO | root | epoch=109 step=25 train_loss=0.00221962
2026-06-03 19:43:53 | INFO | root | epoch=109 step=50 train_loss=0.00221510
2026-06-03 19:43:53 | INFO | root | epoch=109 train_loss=0.00224697 val_loss=0.05606290
2026-06-03 19:43:54 | INFO | root | epoch=110 step=25 train_loss=0.00207177
2026-06-03 19:43:54 | INFO | root | epoch=110 step=50 train_loss=0.00224219
2026-06-03 19:43:55 | INFO | root | epoch=110 train_loss=0.00244390 val_loss=0.05240880
2026-06-03 19:43:55 | INFO | root | epoch=111 step=25 train_loss=0.00258421
2026-06-03 19:43:56 | INFO | root | epoch=111 step=50 train_loss=0.00274238
2026-06-03 19:43:56 | INFO | root | epoch=111 train_loss=0.00280217 val_loss=0.05441157
2026-06-03 19:43:56 | INFO | root | epoch=112 step=25 train_loss=0.00531181
2026-06-03 19:43:57 | INFO | root | epoch=112 step=50 train_loss=0.00570690
2026-06-03 19:43:57 | INFO | root | epoch=112 train_loss=0.00733573 val_loss=0.05810693
2026-06-03 19:43:58 | INFO | root | epoch=113 step=25 train_loss=0.01278543
2026-06-03 19:43:58 | INFO | root | epoch=113 step=50 train_loss=0.01162294
2026-06-03 19:43:59 | INFO | root | epoch=113 train_loss=0.01113487 val_loss=0.04766834
2026-06-03 19:43:59 | INFO | root | epoch=114 step=25 train_loss=0.00712780
2026-06-03 19:44:00 | INFO | root | epoch=114 step=50 train_loss=0.00665748
2026-06-03 19:44:00 | INFO | root | epoch=114 train_loss=0.00665360 val_loss=0.05340927
2026-06-03 19:44:00 | INFO | root | epoch=115 step=25 train_loss=0.00485450
2026-06-03 19:44:01 | INFO | root | epoch=115 step=50 train_loss=0.00427564
2026-06-03 19:44:01 | INFO | root | epoch=115 train_loss=0.00398546 val_loss=0.05420499
2026-06-03 19:44:02 | INFO | root | epoch=116 step=25 train_loss=0.00286641
2026-06-03 19:44:02 | INFO | root | epoch=116 step=50 train_loss=0.00278721
2026-06-03 19:44:03 | INFO | root | epoch=116 train_loss=0.00266941 val_loss=0.05371321
2026-06-03 19:44:03 | INFO | root | epoch=117 step=25 train_loss=0.00221490
2026-06-03 19:44:04 | INFO | root | epoch=117 step=50 train_loss=0.00229251
2026-06-03 19:44:04 | INFO | root | epoch=117 train_loss=0.00225918 val_loss=0.05500402
2026-06-03 19:44:04 | INFO | root | epoch=118 step=25 train_loss=0.00209711
2026-06-03 19:44:05 | INFO | root | epoch=118 step=50 train_loss=0.00213756
2026-06-03 19:44:05 | INFO | root | epoch=118 train_loss=0.00220620 val_loss=0.05707896
2026-06-03 19:44:06 | INFO | root | epoch=119 step=25 train_loss=0.00202826
2026-06-03 19:44:06 | INFO | root | epoch=119 step=50 train_loss=0.00201271
2026-06-03 19:44:07 | INFO | root | epoch=119 train_loss=0.00204494 val_loss=0.05539262
2026-06-03 19:44:07 | INFO | root | epoch=120 step=25 train_loss=0.00191483
2026-06-03 19:44:07 | INFO | root | epoch=120 step=50 train_loss=0.00216947
2026-06-03 19:44:08 | INFO | root | epoch=120 train_loss=0.00219261 val_loss=0.05258130
2026-06-03 19:44:08 | INFO | root | epoch=121 step=25 train_loss=0.00203099
2026-06-03 19:44:09 | INFO | root | epoch=121 step=50 train_loss=0.00203734
2026-06-03 19:44:09 | INFO | root | epoch=121 train_loss=0.00204989 val_loss=0.05213683
2026-06-03 19:44:10 | INFO | root | epoch=122 step=25 train_loss=0.00187384
2026-06-03 19:44:10 | INFO | root | epoch=122 step=50 train_loss=0.00189311
2026-06-03 19:44:10 | INFO | root | epoch=122 train_loss=0.00191307 val_loss=0.05575956
2026-06-03 19:44:11 | INFO | root | epoch=123 step=25 train_loss=0.00186367
2026-06-03 19:44:11 | INFO | root | epoch=123 step=50 train_loss=0.00190308
2026-06-03 19:44:12 | INFO | root | epoch=123 train_loss=0.00190965 val_loss=0.05359371
2026-06-03 19:44:12 | INFO | root | epoch=124 step=25 train_loss=0.00197349
2026-06-03 19:44:13 | INFO | root | epoch=124 step=50 train_loss=0.00183207
2026-06-03 19:44:13 | INFO | root | epoch=124 train_loss=0.00180665 val_loss=0.05407125
2026-06-03 19:44:14 | INFO | root | epoch=125 step=25 train_loss=0.00166090
2026-06-03 19:44:14 | INFO | root | epoch=125 step=50 train_loss=0.00165464
2026-06-03 19:44:14 | INFO | root | epoch=125 train_loss=0.00164434 val_loss=0.05227137
2026-06-03 19:44:15 | INFO | root | epoch=126 step=25 train_loss=0.00165651
2026-06-03 19:44:15 | INFO | root | epoch=126 step=50 train_loss=0.00173381
2026-06-03 19:44:16 | INFO | root | epoch=126 train_loss=0.00171677 val_loss=0.05311251
2026-06-03 19:44:16 | INFO | root | epoch=127 step=25 train_loss=0.00157151
2026-06-03 19:44:17 | INFO | root | epoch=127 step=50 train_loss=0.00160610
2026-06-03 19:44:17 | INFO | root | epoch=127 train_loss=0.00160771 val_loss=0.05508263
2026-06-03 19:44:18 | INFO | root | epoch=128 step=25 train_loss=0.00164455
2026-06-03 19:44:18 | INFO | root | epoch=128 step=50 train_loss=0.00160000
2026-06-03 19:44:18 | INFO | root | epoch=128 train_loss=0.00166240 val_loss=0.05179637
2026-06-03 19:44:19 | INFO | root | epoch=129 step=25 train_loss=0.00336869
2026-06-03 19:44:19 | INFO | root | epoch=129 step=50 train_loss=0.00370858
2026-06-03 19:44:20 | INFO | root | epoch=129 train_loss=0.00364879 val_loss=0.05536534
2026-06-03 19:44:20 | INFO | root | epoch=130 step=25 train_loss=0.00293209
2026-06-03 19:44:21 | INFO | root | epoch=130 step=50 train_loss=0.00262813
2026-06-03 19:44:21 | INFO | root | epoch=130 train_loss=0.00243647 val_loss=0.05371340
2026-06-03 19:44:21 | INFO | root | epoch=131 step=25 train_loss=0.00182360
2026-06-03 19:44:22 | INFO | root | epoch=131 step=50 train_loss=0.00196230
2026-06-03 19:44:22 | INFO | root | epoch=131 train_loss=0.00194096 val_loss=0.05251753
2026-06-03 19:44:23 | INFO | root | epoch=132 step=25 train_loss=0.00183356
2026-06-03 19:44:23 | INFO | root | epoch=132 step=50 train_loss=0.00188463
2026-06-03 19:44:24 | INFO | root | epoch=132 train_loss=0.00187265 val_loss=0.05207565
2026-06-03 19:44:24 | INFO | root | epoch=133 step=25 train_loss=0.00173337
2026-06-03 19:44:25 | INFO | root | epoch=133 step=50 train_loss=0.00174835
2026-06-03 19:44:25 | INFO | root | epoch=133 train_loss=0.00174456 val_loss=0.05340285
2026-06-03 19:44:25 | INFO | root | epoch=134 step=25 train_loss=0.00168501
2026-06-03 19:44:26 | INFO | root | epoch=134 step=50 train_loss=0.00167841
2026-06-03 19:44:26 | INFO | root | epoch=134 train_loss=0.00165765 val_loss=0.05277318
2026-06-03 19:44:27 | INFO | root | epoch=135 step=25 train_loss=0.00148907
2026-06-03 19:44:27 | INFO | root | epoch=135 step=50 train_loss=0.00151582
2026-06-03 19:44:28 | INFO | root | epoch=135 train_loss=0.00154513 val_loss=0.05229309
2026-06-03 19:44:28 | INFO | root | epoch=136 step=25 train_loss=0.00189261
2026-06-03 19:44:29 | INFO | root | epoch=136 step=50 train_loss=0.00182359
2026-06-03 19:44:29 | INFO | root | epoch=136 train_loss=0.00189720 val_loss=0.05682136
2026-06-03 19:44:29 | INFO | root | epoch=137 step=25 train_loss=0.00205960
2026-06-03 19:44:30 | INFO | root | epoch=137 step=50 train_loss=0.00194344
2026-06-03 19:44:30 | INFO | root | epoch=137 train_loss=0.00202722 val_loss=0.05563294
2026-06-03 19:44:31 | INFO | root | epoch=138 step=25 train_loss=0.00496518
2026-06-03 19:44:31 | INFO | root | epoch=138 step=50 train_loss=0.00515985
2026-06-03 19:44:32 | INFO | root | epoch=138 train_loss=0.00615484 val_loss=0.05385211
2026-06-03 19:44:32 | INFO | root | epoch=139 step=25 train_loss=0.00935921
2026-06-03 19:44:32 | INFO | root | epoch=139 step=50 train_loss=0.00901108
2026-06-03 19:44:33 | INFO | root | epoch=139 train_loss=0.00915064 val_loss=0.06418128
2026-06-03 19:44:33 | INFO | root | epoch=140 step=25 train_loss=0.00737590
2026-06-03 19:44:34 | INFO | root | epoch=140 step=50 train_loss=0.00704620
2026-06-03 19:44:34 | INFO | root | epoch=140 train_loss=0.00705657 val_loss=0.05338246
2026-06-03 19:44:35 | INFO | root | epoch=141 step=25 train_loss=0.00533528
2026-06-03 19:44:35 | INFO | root | epoch=141 step=50 train_loss=0.00440270
2026-06-03 19:44:36 | INFO | root | epoch=141 train_loss=0.00395043 val_loss=0.05314869
2026-06-03 19:44:36 | INFO | root | epoch=142 step=25 train_loss=0.00241139
2026-06-03 19:44:36 | INFO | root | epoch=142 step=50 train_loss=0.00242029
2026-06-03 19:44:37 | INFO | root | epoch=142 train_loss=0.00235410 val_loss=0.05236919
2026-06-03 19:44:37 | INFO | root | epoch=143 step=25 train_loss=0.00198300
2026-06-03 19:44:38 | INFO | root | epoch=143 step=50 train_loss=0.00202641
2026-06-03 19:44:38 | INFO | root | epoch=143 train_loss=0.00202261 val_loss=0.05082214
2026-06-03 19:44:39 | INFO | root | epoch=144 step=25 train_loss=0.00181118
2026-06-03 19:44:39 | INFO | root | epoch=144 step=50 train_loss=0.00179739
2026-06-03 19:44:39 | INFO | root | epoch=144 train_loss=0.00176863 val_loss=0.04962715
2026-06-03 19:44:40 | INFO | root | epoch=145 step=25 train_loss=0.00162485
2026-06-03 19:44:40 | INFO | root | epoch=145 step=50 train_loss=0.00160098
2026-06-03 19:44:41 | INFO | root | epoch=145 train_loss=0.00162471 val_loss=0.05063377
2026-06-03 19:44:41 | INFO | root | epoch=146 step=25 train_loss=0.00159211
2026-06-03 19:44:42 | INFO | root | epoch=146 step=50 train_loss=0.00159681
2026-06-03 19:44:42 | INFO | root | epoch=146 train_loss=0.00159644 val_loss=0.05141216
2026-06-03 19:44:43 | INFO | root | epoch=147 step=25 train_loss=0.00157983
2026-06-03 19:44:43 | INFO | root | epoch=147 step=50 train_loss=0.00157804
2026-06-03 19:44:43 | INFO | root | epoch=147 train_loss=0.00155709 val_loss=0.05214624
2026-06-03 19:44:44 | INFO | root | epoch=148 step=25 train_loss=0.00142118
2026-06-03 19:44:44 | INFO | root | epoch=148 step=50 train_loss=0.00146669
2026-06-03 19:44:45 | INFO | root | epoch=148 train_loss=0.00147536 val_loss=0.05179612
2026-06-03 19:44:45 | INFO | root | epoch=149 step=25 train_loss=0.00135595
2026-06-03 19:44:46 | INFO | root | epoch=149 step=50 train_loss=0.00141940
2026-06-03 19:44:46 | INFO | root | epoch=149 train_loss=0.00141170 val_loss=0.05054529
2026-06-03 19:44:46 | INFO | root | epoch=150 step=25 train_loss=0.00144272
2026-06-03 19:44:47 | INFO | root | epoch=150 step=50 train_loss=0.00145791
2026-06-03 19:44:47 | INFO | root | epoch=150 train_loss=0.00146338 val_loss=0.05324262
2026-06-03 19:44:48 | INFO | root | epoch=151 step=25 train_loss=0.00141598
2026-06-03 19:44:48 | INFO | root | epoch=151 step=50 train_loss=0.00138612
2026-06-03 19:44:49 | INFO | root | epoch=151 train_loss=0.00139505 val_loss=0.05125493
2026-06-03 19:44:49 | INFO | root | epoch=152 step=25 train_loss=0.00128872
2026-06-03 19:44:50 | INFO | root | epoch=152 step=50 train_loss=0.00129796
2026-06-03 19:44:50 | INFO | root | epoch=152 train_loss=0.00134229 val_loss=0.04963374
2026-06-03 19:44:50 | INFO | root | epoch=153 step=25 train_loss=0.00144658
2026-06-03 19:44:51 | INFO | root | epoch=153 step=50 train_loss=0.00140886
2026-06-03 19:44:51 | INFO | root | epoch=153 train_loss=0.00138961 val_loss=0.05201620
2026-06-03 19:44:52 | INFO | root | epoch=154 step=25 train_loss=0.00131271
2026-06-03 19:44:52 | INFO | root | epoch=154 step=50 train_loss=0.00131643
2026-06-03 19:44:53 | INFO | root | epoch=154 train_loss=0.00133253 val_loss=0.05300707
2026-06-03 19:44:53 | INFO | root | epoch=155 step=25 train_loss=0.00132554
2026-06-03 19:44:54 | INFO | root | epoch=155 step=50 train_loss=0.00131967
2026-06-03 19:44:54 | INFO | root | epoch=155 train_loss=0.00135500 val_loss=0.05359885
2026-06-03 19:44:55 | INFO | root | epoch=156 step=25 train_loss=0.00126965
2026-06-03 19:44:55 | INFO | root | epoch=156 step=50 train_loss=0.00128320
2026-06-03 19:44:55 | INFO | root | epoch=156 train_loss=0.00129778 val_loss=0.05416693
2026-06-03 19:44:56 | INFO | root | epoch=157 step=25 train_loss=0.00127286
2026-06-03 19:44:56 | INFO | root | epoch=157 step=50 train_loss=0.00134159
2026-06-03 19:44:57 | INFO | root | epoch=157 train_loss=0.00134010 val_loss=0.05145189
2026-06-03 19:44:57 | INFO | root | epoch=158 step=25 train_loss=0.00135725
2026-06-03 19:44:58 | INFO | root | epoch=158 step=50 train_loss=0.00136924
2026-06-03 19:44:58 | INFO | root | epoch=158 train_loss=0.00135018 val_loss=0.05157204
2026-06-03 19:44:58 | INFO | root | epoch=159 step=25 train_loss=0.00124133
2026-06-03 19:44:59 | INFO | root | epoch=159 step=50 train_loss=0.00128894
2026-06-03 19:44:59 | INFO | root | epoch=159 train_loss=0.00128067 val_loss=0.04964874
2026-06-03 19:45:00 | INFO | root | epoch=160 step=25 train_loss=0.00127970
2026-06-03 19:45:00 | INFO | root | epoch=160 step=50 train_loss=0.00129398
2026-06-03 19:45:01 | INFO | root | epoch=160 train_loss=0.00130009 val_loss=0.05280849
2026-06-03 19:45:01 | INFO | root | epoch=161 step=25 train_loss=0.00140478
2026-06-03 19:45:02 | INFO | root | epoch=161 step=50 train_loss=0.00135374
2026-06-03 19:45:02 | INFO | root | epoch=161 train_loss=0.00133562 val_loss=0.05281870
2026-06-03 19:45:02 | INFO | root | epoch=162 step=25 train_loss=0.00142558
2026-06-03 19:45:03 | INFO | root | epoch=162 step=50 train_loss=0.00164267
2026-06-03 19:45:03 | INFO | root | epoch=162 train_loss=0.00226936 val_loss=0.05144477
2026-06-03 19:45:04 | INFO | root | epoch=163 step=25 train_loss=0.00551141
2026-06-03 19:45:04 | INFO | root | epoch=163 step=50 train_loss=0.00899047
2026-06-03 19:45:05 | INFO | root | epoch=163 train_loss=0.01272245 val_loss=0.06095269
2026-06-03 19:45:05 | INFO | root | epoch=164 step=25 train_loss=0.01804413
2026-06-03 19:45:06 | INFO | root | epoch=164 step=50 train_loss=0.01670529
2026-06-03 19:45:06 | INFO | root | epoch=164 train_loss=0.01518152 val_loss=0.05674637
2026-06-03 19:45:06 | INFO | root | epoch=165 step=25 train_loss=0.00982600
2026-06-03 19:45:07 | INFO | root | epoch=165 step=50 train_loss=0.00813130
2026-06-03 19:45:07 | INFO | root | epoch=165 train_loss=0.00728871 val_loss=0.05408464
2026-06-03 19:45:08 | INFO | root | epoch=166 step=25 train_loss=0.00448898
2026-06-03 19:45:08 | INFO | root | epoch=166 step=50 train_loss=0.00422685
2026-06-03 19:45:09 | INFO | root | epoch=166 train_loss=0.00399187 val_loss=0.05401631
2026-06-03 19:45:09 | INFO | root | epoch=167 step=25 train_loss=0.00310716
2026-06-03 19:45:09 | INFO | root | epoch=167 step=50 train_loss=0.00289897
2026-06-03 19:45:10 | INFO | root | epoch=167 train_loss=0.00273888 val_loss=0.05343682
2026-06-03 19:45:10 | INFO | root | epoch=168 step=25 train_loss=0.00216496
2026-06-03 19:45:11 | INFO | root | epoch=168 step=50 train_loss=0.00220915
2026-06-03 19:45:11 | INFO | root | epoch=168 train_loss=0.00216560 val_loss=0.05497088
2026-06-03 19:45:12 | INFO | root | epoch=169 step=25 train_loss=0.00182230
2026-06-03 19:45:12 | INFO | root | epoch=169 step=50 train_loss=0.00181560
2026-06-03 19:45:13 | INFO | root | epoch=169 train_loss=0.00179383 val_loss=0.05277531
2026-06-03 19:45:13 | INFO | root | epoch=170 step=25 train_loss=0.00160488
2026-06-03 19:45:13 | INFO | root | epoch=170 step=50 train_loss=0.00163675
2026-06-03 19:45:14 | INFO | root | epoch=170 train_loss=0.00163875 val_loss=0.05147894
2026-06-03 19:45:14 | INFO | root | epoch=171 step=25 train_loss=0.00158662
2026-06-03 19:45:15 | INFO | root | epoch=171 step=50 train_loss=0.00156947
2026-06-03 19:45:15 | INFO | root | epoch=171 train_loss=0.00154804 val_loss=0.05298798
2026-06-03 19:45:16 | INFO | root | epoch=172 step=25 train_loss=0.00154740
2026-06-03 19:45:16 | INFO | root | epoch=172 step=50 train_loss=0.00155817
2026-06-03 19:45:16 | INFO | root | epoch=172 train_loss=0.00160739 val_loss=0.05345122
2026-06-03 19:45:17 | INFO | root | epoch=173 step=25 train_loss=0.00149934
2026-06-03 19:45:17 | INFO | root | epoch=173 step=50 train_loss=0.00146071
2026-06-03 19:45:18 | INFO | root | epoch=173 train_loss=0.00145159 val_loss=0.05090148
2026-06-03 19:45:18 | INFO | root | epoch=174 step=25 train_loss=0.00141705
2026-06-03 19:45:19 | INFO | root | epoch=174 step=50 train_loss=0.00142150
2026-06-03 19:45:19 | INFO | root | epoch=174 train_loss=0.00141113 val_loss=0.05098783
2026-06-03 19:45:20 | INFO | root | epoch=175 step=25 train_loss=0.00128134
2026-06-03 19:45:20 | INFO | root | epoch=175 step=50 train_loss=0.00129815
2026-06-03 19:45:21 | INFO | root | epoch=175 train_loss=0.00129898 val_loss=0.05227702
2026-06-03 19:45:21 | INFO | root | epoch=176 step=25 train_loss=0.00138636
2026-06-03 19:45:21 | INFO | root | epoch=176 step=50 train_loss=0.00131590
2026-06-03 19:45:22 | INFO | root | epoch=176 train_loss=0.00129696 val_loss=0.05179426
2026-06-03 19:45:22 | INFO | root | epoch=177 step=25 train_loss=0.00128932
2026-06-03 19:45:23 | INFO | root | epoch=177 step=50 train_loss=0.00128224
2026-06-03 19:45:23 | INFO | root | epoch=177 train_loss=0.00125591 val_loss=0.05084946
2026-06-03 19:45:24 | INFO | root | epoch=178 step=25 train_loss=0.00127526
2026-06-03 19:45:24 | INFO | root | epoch=178 step=50 train_loss=0.00123778
2026-06-03 19:45:24 | INFO | root | epoch=178 train_loss=0.00121249 val_loss=0.05163432
2026-06-03 19:45:25 | INFO | root | epoch=179 step=25 train_loss=0.00119199
2026-06-03 19:45:25 | INFO | root | epoch=179 step=50 train_loss=0.00116116
2026-06-03 19:45:26 | INFO | root | epoch=179 train_loss=0.00117958 val_loss=0.05201235
2026-06-03 19:45:26 | INFO | root | epoch=180 step=25 train_loss=0.00121066
2026-06-03 19:45:27 | INFO | root | epoch=180 step=50 train_loss=0.00128227
2026-06-03 19:45:27 | INFO | root | epoch=180 train_loss=0.00126595 val_loss=0.05278691
2026-06-03 19:45:28 | INFO | root | epoch=181 step=25 train_loss=0.00119131
2026-06-03 19:45:28 | INFO | root | epoch=181 step=50 train_loss=0.00119043
2026-06-03 19:45:28 | INFO | root | epoch=181 train_loss=0.00117527 val_loss=0.05144129
2026-06-03 19:45:29 | INFO | root | epoch=182 step=25 train_loss=0.00113979
2026-06-03 19:45:29 | INFO | root | epoch=182 step=50 train_loss=0.00117145
2026-06-03 19:45:30 | INFO | root | epoch=182 train_loss=0.00117532 val_loss=0.05080134
2026-06-03 19:45:30 | INFO | root | epoch=183 step=25 train_loss=0.00119501
2026-06-03 19:45:31 | INFO | root | epoch=183 step=50 train_loss=0.00120524
2026-06-03 19:45:31 | INFO | root | epoch=183 train_loss=0.00123138 val_loss=0.05089693
2026-06-03 19:45:31 | INFO | root | epoch=184 step=25 train_loss=0.00127629
2026-06-03 19:45:32 | INFO | root | epoch=184 step=50 train_loss=0.00127834
2026-06-03 19:45:32 | INFO | root | epoch=184 train_loss=0.00125838 val_loss=0.04968044
2026-06-03 19:45:33 | INFO | root | epoch=185 step=25 train_loss=0.00107268
2026-06-03 19:45:33 | INFO | root | epoch=185 step=50 train_loss=0.00108929
2026-06-03 19:45:34 | INFO | root | epoch=185 train_loss=0.00109038 val_loss=0.05106629
2026-06-03 19:45:34 | INFO | root | epoch=186 step=25 train_loss=0.00108093
2026-06-03 19:45:35 | INFO | root | epoch=186 step=50 train_loss=0.00109457
2026-06-03 19:45:35 | INFO | root | epoch=186 train_loss=0.00109897 val_loss=0.05087934
2026-06-03 19:45:36 | INFO | root | epoch=187 step=25 train_loss=0.00105846
2026-06-03 19:45:36 | INFO | root | epoch=187 step=50 train_loss=0.00108404
2026-06-03 19:45:36 | INFO | root | epoch=187 train_loss=0.00109346 val_loss=0.05037133
2026-06-03 19:45:37 | INFO | root | epoch=188 step=25 train_loss=0.00113450
2026-06-03 19:45:37 | INFO | root | epoch=188 step=50 train_loss=0.00111122
2026-06-03 19:45:38 | INFO | root | epoch=188 train_loss=0.00109264 val_loss=0.04888904
2026-06-03 19:45:38 | INFO | root | epoch=189 step=25 train_loss=0.00106667
2026-06-03 19:45:39 | INFO | root | epoch=189 step=50 train_loss=0.00106482
2026-06-03 19:45:39 | INFO | root | epoch=189 train_loss=0.00110732 val_loss=0.05193611
2026-06-03 19:45:39 | INFO | root | epoch=190 step=25 train_loss=0.00109984
2026-06-03 19:45:40 | INFO | root | epoch=190 step=50 train_loss=0.00110265
2026-06-03 19:45:40 | INFO | root | epoch=190 train_loss=0.00110506 val_loss=0.05171041
2026-06-03 19:45:41 | INFO | root | epoch=191 step=25 train_loss=0.00106622
2026-06-03 19:45:41 | INFO | root | epoch=191 step=50 train_loss=0.00107661
2026-06-03 19:45:42 | INFO | root | epoch=191 train_loss=0.00107033 val_loss=0.05299031
2026-06-03 19:45:42 | INFO | root | epoch=192 step=25 train_loss=0.00114877
2026-06-03 19:45:43 | INFO | root | epoch=192 step=50 train_loss=0.00117585
2026-06-03 19:45:43 | INFO | root | epoch=192 train_loss=0.00118324 val_loss=0.05137407
2026-06-03 19:45:43 | INFO | root | epoch=193 step=25 train_loss=0.00112211
2026-06-03 19:45:44 | INFO | root | epoch=193 step=50 train_loss=0.00109793
2026-06-03 19:45:44 | INFO | root | epoch=193 train_loss=0.00110983 val_loss=0.05140787
2026-06-03 19:45:45 | INFO | root | epoch=194 step=25 train_loss=0.00109516
2026-06-03 19:45:45 | INFO | root | epoch=194 step=50 train_loss=0.00107998
2026-06-03 19:45:46 | INFO | root | epoch=194 train_loss=0.00108587 val_loss=0.05077365
2026-06-03 19:45:46 | INFO | root | epoch=195 step=25 train_loss=0.00106164
2026-06-03 19:45:46 | INFO | root | epoch=195 step=50 train_loss=0.00103096
2026-06-03 19:45:47 | INFO | root | epoch=195 train_loss=0.00101677 val_loss=0.05039319
2026-06-03 19:45:47 | INFO | root | epoch=196 step=25 train_loss=0.00101386
2026-06-03 19:45:48 | INFO | root | epoch=196 step=50 train_loss=0.00102911
2026-06-03 19:45:48 | INFO | root | epoch=196 train_loss=0.00107659 val_loss=0.05107669
2026-06-03 19:45:49 | INFO | root | epoch=197 step=25 train_loss=0.00113113
2026-06-03 19:45:49 | INFO | root | epoch=197 step=50 train_loss=0.00111938
2026-06-03 19:45:50 | INFO | root | epoch=197 train_loss=0.00110764 val_loss=0.05024026
2026-06-03 19:45:50 | INFO | root | epoch=198 step=25 train_loss=0.00099660
2026-06-03 19:45:50 | INFO | root | epoch=198 step=50 train_loss=0.00098933
2026-06-03 19:45:51 | INFO | root | epoch=198 train_loss=0.00099849 val_loss=0.04977817
2026-06-03 19:45:51 | INFO | root | epoch=199 step=25 train_loss=0.00105511
2026-06-03 19:45:52 | INFO | root | epoch=199 step=50 train_loss=0.00158327
2026-06-03 19:45:52 | INFO | root | epoch=199 train_loss=0.00304919 val_loss=0.05459165
2026-06-03 19:45:53 | INFO | root | epoch=200 step=25 train_loss=0.00661176
2026-06-03 19:45:53 | INFO | root | epoch=200 step=50 train_loss=0.01002495
2026-06-03 19:45:53 | INFO | root | epoch=200 train_loss=0.01074144 val_loss=0.05094075
2026-06-03 19:45:54 | INFO | root | test_NMSE=0.15095983 test_MSE=0.15252221
2026-06-03 19:45:54 | INFO | root | Saved checkpoint to /mntdatalora/src/ECG-Denoising-LMMSE/outputs/transformer/arch_deep_P64/Final_Transformer.pt
