2026-06-03 19:36:57 | INFO | root | Logging to /mntdatalora/src/ECG-Denoising-LMMSE/logs/arch_small_P64_20260603_193657.log
2026-06-03 19:36:57 | INFO | root | Runtime context:
{
  "config_path": "/mntdatalora/src/ECG-Denoising-LMMSE/configs/transformer.yaml",
  "hostname": "pod-4",
  "output_dir": "/mntdatalora/src/ECG-Denoising-LMMSE/outputs/transformer/arch_small_P64",
  "platform": "Linux-6.8.0-124-generic-x86_64-with-glibc2.39",
  "python": "3.12.3 (main, Mar  3 2026, 12:15:18) [GCC 13.3.0]"
}
2026-06-03 19:36:58 | INFO | root | Training ECGTransformerDenoiser for 200 epochs with 17796 train windows and 3141 validation windows
2026-06-03 19:36:59 | INFO | root | epoch=1 step=25 train_loss=0.12357488
2026-06-03 19:36:59 | INFO | root | epoch=1 step=50 train_loss=0.10980036
2026-06-03 19:36:59 | INFO | root | epoch=1 train_loss=0.10015738 val_loss=0.06958975
2026-06-03 19:36:59 | INFO | root | epoch=2 step=25 train_loss=0.06524152
2026-06-03 19:36:59 | INFO | root | epoch=2 step=50 train_loss=0.06330353
2026-06-03 19:36:59 | INFO | root | epoch=2 train_loss=0.06271760 val_loss=0.05874262
2026-06-03 19:37:00 | INFO | root | epoch=3 step=25 train_loss=0.05792240
2026-06-03 19:37:00 | INFO | root | epoch=3 step=50 train_loss=0.05757920
2026-06-03 19:37:00 | INFO | root | epoch=3 train_loss=0.05710799 val_loss=0.05804105
2026-06-03 19:37:00 | INFO | root | epoch=4 step=25 train_loss=0.05387751
2026-06-03 19:37:00 | INFO | root | epoch=4 step=50 train_loss=0.05357182
2026-06-03 19:37:00 | INFO | root | epoch=4 train_loss=0.05273292 val_loss=0.05200039
2026-06-03 19:37:01 | INFO | root | epoch=5 step=25 train_loss=0.05034280
2026-06-03 19:37:01 | INFO | root | epoch=5 step=50 train_loss=0.05029447
2026-06-03 19:37:01 | INFO | root | epoch=5 train_loss=0.04982108 val_loss=0.05165910
2026-06-03 19:37:01 | INFO | root | epoch=6 step=25 train_loss=0.04752948
2026-06-03 19:37:01 | INFO | root | epoch=6 step=50 train_loss=0.04725575
2026-06-03 19:37:01 | INFO | root | epoch=6 train_loss=0.04706096 val_loss=0.04916288
2026-06-03 19:37:02 | INFO | root | epoch=7 step=25 train_loss=0.04719515
2026-06-03 19:37:02 | INFO | root | epoch=7 step=50 train_loss=0.04550390
2026-06-03 19:37:02 | INFO | root | epoch=7 train_loss=0.04569504 val_loss=0.04903005
2026-06-03 19:37:02 | INFO | root | epoch=8 step=25 train_loss=0.04210145
2026-06-03 19:37:02 | INFO | root | epoch=8 step=50 train_loss=0.04268208
2026-06-03 19:37:02 | INFO | root | epoch=8 train_loss=0.04359564 val_loss=0.05318370
2026-06-03 19:37:02 | INFO | root | epoch=9 step=25 train_loss=0.04564285
2026-06-03 19:37:03 | INFO | root | epoch=9 step=50 train_loss=0.04377830
2026-06-03 19:37:03 | INFO | root | epoch=9 train_loss=0.04277544 val_loss=0.05051076
2026-06-03 19:37:03 | INFO | root | epoch=10 step=25 train_loss=0.04283333
2026-06-03 19:37:03 | INFO | root | epoch=10 step=50 train_loss=0.04288831
2026-06-03 19:37:03 | INFO | root | epoch=10 train_loss=0.04216509 val_loss=0.05049168
2026-06-03 19:37:03 | INFO | root | epoch=11 step=25 train_loss=0.03812625
2026-06-03 19:37:03 | INFO | root | epoch=11 step=50 train_loss=0.04161214
2026-06-03 19:37:04 | INFO | root | epoch=11 train_loss=0.04252128 val_loss=0.05366591
2026-06-03 19:37:04 | INFO | root | epoch=12 step=25 train_loss=0.03998439
2026-06-03 19:37:04 | INFO | root | epoch=12 step=50 train_loss=0.03921286
2026-06-03 19:37:04 | INFO | root | epoch=12 train_loss=0.04048383 val_loss=0.05635080
2026-06-03 19:37:04 | INFO | root | epoch=13 step=25 train_loss=0.03861636
2026-06-03 19:37:04 | INFO | root | epoch=13 step=50 train_loss=0.03952680
2026-06-03 19:37:04 | INFO | root | epoch=13 train_loss=0.03966460 val_loss=0.04879687
2026-06-03 19:37:05 | INFO | root | epoch=14 step=25 train_loss=0.03979378
2026-06-03 19:37:05 | INFO | root | epoch=14 step=50 train_loss=0.03925782
2026-06-03 19:37:05 | INFO | root | epoch=14 train_loss=0.03990297 val_loss=0.05399123
2026-06-03 19:37:05 | INFO | root | epoch=15 step=25 train_loss=0.03821581
2026-06-03 19:37:05 | INFO | root | epoch=15 step=50 train_loss=0.03880303
2026-06-03 19:37:05 | INFO | root | epoch=15 train_loss=0.03787884 val_loss=0.05238729
2026-06-03 19:37:06 | INFO | root | epoch=16 step=25 train_loss=0.03777389
2026-06-03 19:37:06 | INFO | root | epoch=16 step=50 train_loss=0.03804169
2026-06-03 19:37:06 | INFO | root | epoch=16 train_loss=0.03775390 val_loss=0.04999759
2026-06-03 19:37:06 | INFO | root | epoch=17 step=25 train_loss=0.03765011
2026-06-03 19:37:06 | INFO | root | epoch=17 step=50 train_loss=0.03662693
2026-06-03 19:37:06 | INFO | root | epoch=17 train_loss=0.03731556 val_loss=0.04734740
2026-06-03 19:37:06 | INFO | root | epoch=18 step=25 train_loss=0.03792414
2026-06-03 19:37:07 | INFO | root | epoch=18 step=50 train_loss=0.03729377
2026-06-03 19:37:07 | INFO | root | epoch=18 train_loss=0.03692134 val_loss=0.04603111
2026-06-03 19:37:07 | INFO | root | epoch=19 step=25 train_loss=0.03628007
2026-06-03 19:37:07 | INFO | root | epoch=19 step=50 train_loss=0.03608417
2026-06-03 19:37:07 | INFO | root | epoch=19 train_loss=0.03604823 val_loss=0.05149736
2026-06-03 19:37:07 | INFO | root | epoch=20 step=25 train_loss=0.03527548
2026-06-03 19:37:07 | INFO | root | epoch=20 step=50 train_loss=0.03568853
2026-06-03 19:37:08 | INFO | root | epoch=20 train_loss=0.03532158 val_loss=0.04792262
2026-06-03 19:37:08 | INFO | root | epoch=21 step=25 train_loss=0.03429502
2026-06-03 19:37:08 | INFO | root | epoch=21 step=50 train_loss=0.03479303
2026-06-03 19:37:08 | INFO | root | epoch=21 train_loss=0.03477545 val_loss=0.04608294
2026-06-03 19:37:08 | INFO | root | epoch=22 step=25 train_loss=0.03224301
2026-06-03 19:37:08 | INFO | root | epoch=22 step=50 train_loss=0.03388003
2026-06-03 19:37:08 | INFO | root | epoch=22 train_loss=0.03409212 val_loss=0.04563389
2026-06-03 19:37:09 | INFO | root | epoch=23 step=25 train_loss=0.03404570
2026-06-03 19:37:09 | INFO | root | epoch=23 step=50 train_loss=0.03460601
2026-06-03 19:37:09 | INFO | root | epoch=23 train_loss=0.03419456 val_loss=0.04458030
2026-06-03 19:37:09 | INFO | root | epoch=24 step=25 train_loss=0.03286448
2026-06-03 19:37:09 | INFO | root | epoch=24 step=50 train_loss=0.03359015
2026-06-03 19:37:09 | INFO | root | epoch=24 train_loss=0.03371023 val_loss=0.04666152
2026-06-03 19:37:10 | INFO | root | epoch=25 step=25 train_loss=0.03207087
2026-06-03 19:37:10 | INFO | root | epoch=25 step=50 train_loss=0.03259180
2026-06-03 19:37:10 | INFO | root | epoch=25 train_loss=0.03279101 val_loss=0.04636220
2026-06-03 19:37:10 | INFO | root | epoch=26 step=25 train_loss=0.03155752
2026-06-03 19:37:10 | INFO | root | epoch=26 step=50 train_loss=0.03217930
2026-06-03 19:37:10 | INFO | root | epoch=26 train_loss=0.03217990 val_loss=0.04468932
2026-06-03 19:37:10 | INFO | root | epoch=27 step=25 train_loss=0.03260881
2026-06-03 19:37:11 | INFO | root | epoch=27 step=50 train_loss=0.03266461
2026-06-03 19:37:11 | INFO | root | epoch=27 train_loss=0.03203035 val_loss=0.04877067
2026-06-03 19:37:11 | INFO | root | epoch=28 step=25 train_loss=0.03209229
2026-06-03 19:37:11 | INFO | root | epoch=28 step=50 train_loss=0.03167641
2026-06-03 19:37:11 | INFO | root | epoch=28 train_loss=0.03256165 val_loss=0.04872365
2026-06-03 19:37:11 | INFO | root | epoch=29 step=25 train_loss=0.03203937
2026-06-03 19:37:12 | INFO | root | epoch=29 step=50 train_loss=0.03159385
2026-06-03 19:37:12 | INFO | root | epoch=29 train_loss=0.03112044 val_loss=0.04595776
2026-06-03 19:37:12 | INFO | root | epoch=30 step=25 train_loss=0.03095285
2026-06-03 19:37:12 | INFO | root | epoch=30 step=50 train_loss=0.03057411
2026-06-03 19:37:12 | INFO | root | epoch=30 train_loss=0.03095377 val_loss=0.04543223
2026-06-03 19:37:12 | INFO | root | epoch=31 step=25 train_loss=0.03039417
2026-06-03 19:37:12 | INFO | root | epoch=31 step=50 train_loss=0.03067700
2026-06-03 19:37:13 | INFO | root | epoch=31 train_loss=0.03062125 val_loss=0.04529377
2026-06-03 19:37:13 | INFO | root | epoch=32 step=25 train_loss=0.03034699
2026-06-03 19:37:13 | INFO | root | epoch=32 step=50 train_loss=0.03074638
2026-06-03 19:37:13 | INFO | root | epoch=32 train_loss=0.03070867 val_loss=0.05132004
2026-06-03 19:37:13 | INFO | root | epoch=33 step=25 train_loss=0.02914689
2026-06-03 19:37:13 | INFO | root | epoch=33 step=50 train_loss=0.03064228
2026-06-03 19:37:14 | INFO | root | epoch=33 train_loss=0.03041191 val_loss=0.04712315
2026-06-03 19:37:14 | INFO | root | epoch=34 step=25 train_loss=0.03078125
2026-06-03 19:37:14 | INFO | root | epoch=34 step=50 train_loss=0.02997060
2026-06-03 19:37:14 | INFO | root | epoch=34 train_loss=0.02970886 val_loss=0.04308043
2026-06-03 19:37:14 | INFO | root | epoch=35 step=25 train_loss=0.03116753
2026-06-03 19:37:14 | INFO | root | epoch=35 step=50 train_loss=0.03023926
2026-06-03 19:37:14 | INFO | root | epoch=35 train_loss=0.02973187 val_loss=0.04398577
2026-06-03 19:37:15 | INFO | root | epoch=36 step=25 train_loss=0.02946484
2026-06-03 19:37:15 | INFO | root | epoch=36 step=50 train_loss=0.02975100
2026-06-03 19:37:15 | INFO | root | epoch=36 train_loss=0.02930266 val_loss=0.04895457
2026-06-03 19:37:15 | INFO | root | epoch=37 step=25 train_loss=0.02797961
2026-06-03 19:37:15 | INFO | root | epoch=37 step=50 train_loss=0.02772228
2026-06-03 19:37:15 | INFO | root | epoch=37 train_loss=0.02818139 val_loss=0.04316264
2026-06-03 19:37:15 | INFO | root | epoch=38 step=25 train_loss=0.02818255
2026-06-03 19:37:16 | INFO | root | epoch=38 step=50 train_loss=0.02812696
2026-06-03 19:37:16 | INFO | root | epoch=38 train_loss=0.02824377 val_loss=0.04542122
2026-06-03 19:37:16 | INFO | root | epoch=39 step=25 train_loss=0.02534405
2026-06-03 19:37:16 | INFO | root | epoch=39 step=50 train_loss=0.02726519
2026-06-03 19:37:16 | INFO | root | epoch=39 train_loss=0.02848713 val_loss=0.04953886
2026-06-03 19:37:16 | INFO | root | epoch=40 step=25 train_loss=0.02778349
2026-06-03 19:37:16 | INFO | root | epoch=40 step=50 train_loss=0.02782292
2026-06-03 19:37:17 | INFO | root | epoch=40 train_loss=0.02819335 val_loss=0.04153746
2026-06-03 19:37:17 | INFO | root | epoch=41 step=25 train_loss=0.02816507
2026-06-03 19:37:17 | INFO | root | epoch=41 step=50 train_loss=0.02810794
2026-06-03 19:37:17 | INFO | root | epoch=41 train_loss=0.02785322 val_loss=0.04411337
2026-06-03 19:37:17 | INFO | root | epoch=42 step=25 train_loss=0.02695049
2026-06-03 19:37:17 | INFO | root | epoch=42 step=50 train_loss=0.02678423
2026-06-03 19:37:18 | INFO | root | epoch=42 train_loss=0.02706000 val_loss=0.04623809
2026-06-03 19:37:18 | INFO | root | epoch=43 step=25 train_loss=0.02808710
2026-06-03 19:37:18 | INFO | root | epoch=43 step=50 train_loss=0.02718133
2026-06-03 19:37:18 | INFO | root | epoch=43 train_loss=0.02708541 val_loss=0.04290721
2026-06-03 19:37:18 | INFO | root | epoch=44 step=25 train_loss=0.02714021
2026-06-03 19:37:18 | INFO | root | epoch=44 step=50 train_loss=0.02649971
2026-06-03 19:37:18 | INFO | root | epoch=44 train_loss=0.02612678 val_loss=0.04593785
2026-06-03 19:37:19 | INFO | root | epoch=45 step=25 train_loss=0.02645241
2026-06-03 19:37:19 | INFO | root | epoch=45 step=50 train_loss=0.02685421
2026-06-03 19:37:19 | INFO | root | epoch=45 train_loss=0.02687327 val_loss=0.04417024
2026-06-03 19:37:19 | INFO | root | epoch=46 step=25 train_loss=0.02629312
2026-06-03 19:37:19 | INFO | root | epoch=46 step=50 train_loss=0.02592245
2026-06-03 19:37:19 | INFO | root | epoch=46 train_loss=0.02610623 val_loss=0.04771178
2026-06-03 19:37:20 | INFO | root | epoch=47 step=25 train_loss=0.02649076
2026-06-03 19:37:20 | INFO | root | epoch=47 step=50 train_loss=0.02578646
2026-06-03 19:37:20 | INFO | root | epoch=47 train_loss=0.02579382 val_loss=0.04599985
2026-06-03 19:37:20 | INFO | root | epoch=48 step=25 train_loss=0.02484070
2026-06-03 19:37:20 | INFO | root | epoch=48 step=50 train_loss=0.02541799
2026-06-03 19:37:20 | INFO | root | epoch=48 train_loss=0.02614989 val_loss=0.05063929
2026-06-03 19:37:20 | INFO | root | epoch=49 step=25 train_loss=0.02595710
2026-06-03 19:37:21 | INFO | root | epoch=49 step=50 train_loss=0.02571315
2026-06-03 19:37:21 | INFO | root | epoch=49 train_loss=0.02592172 val_loss=0.04407479
2026-06-03 19:37:21 | INFO | root | epoch=50 step=25 train_loss=0.02493681
2026-06-03 19:37:21 | INFO | root | epoch=50 step=50 train_loss=0.02502600
2026-06-03 19:37:21 | INFO | root | epoch=50 train_loss=0.02526269 val_loss=0.04381457
2026-06-03 19:37:21 | INFO | root | epoch=51 step=25 train_loss=0.02450497
2026-06-03 19:37:22 | INFO | root | epoch=51 step=50 train_loss=0.02439011
2026-06-03 19:37:22 | INFO | root | epoch=51 train_loss=0.02474011 val_loss=0.04610198
2026-06-03 19:37:22 | INFO | root | epoch=52 step=25 train_loss=0.02508560
2026-06-03 19:37:22 | INFO | root | epoch=52 step=50 train_loss=0.02533515
2026-06-03 19:37:22 | INFO | root | epoch=52 train_loss=0.02505438 val_loss=0.04229807
2026-06-03 19:37:22 | INFO | root | epoch=53 step=25 train_loss=0.02455984
2026-06-03 19:37:22 | INFO | root | epoch=53 step=50 train_loss=0.02477156
2026-06-03 19:37:23 | INFO | root | epoch=53 train_loss=0.02494626 val_loss=0.03862924
2026-06-03 19:37:23 | INFO | root | epoch=54 step=25 train_loss=0.02478215
2026-06-03 19:37:23 | INFO | root | epoch=54 step=50 train_loss=0.02411650
2026-06-03 19:37:23 | INFO | root | epoch=54 train_loss=0.02417787 val_loss=0.04562457
2026-06-03 19:37:23 | INFO | root | epoch=55 step=25 train_loss=0.02705177
2026-06-03 19:37:23 | INFO | root | epoch=55 step=50 train_loss=0.02604342
2026-06-03 19:37:23 | INFO | root | epoch=55 train_loss=0.02545195 val_loss=0.04471939
2026-06-03 19:37:24 | INFO | root | epoch=56 step=25 train_loss=0.02423730
2026-06-03 19:37:24 | INFO | root | epoch=56 step=50 train_loss=0.02368000
2026-06-03 19:37:24 | INFO | root | epoch=56 train_loss=0.02394002 val_loss=0.04178175
2026-06-03 19:37:24 | INFO | root | epoch=57 step=25 train_loss=0.02370594
2026-06-03 19:37:24 | INFO | root | epoch=57 step=50 train_loss=0.02391210
2026-06-03 19:37:24 | INFO | root | epoch=57 train_loss=0.02382076 val_loss=0.04887125
2026-06-03 19:37:24 | INFO | root | epoch=58 step=25 train_loss=0.02430698
2026-06-03 19:37:25 | INFO | root | epoch=58 step=50 train_loss=0.02385071
2026-06-03 19:37:25 | INFO | root | epoch=58 train_loss=0.02385700 val_loss=0.04330285
2026-06-03 19:37:25 | INFO | root | epoch=59 step=25 train_loss=0.02360700
2026-06-03 19:37:25 | INFO | root | epoch=59 step=50 train_loss=0.02327836
2026-06-03 19:37:25 | INFO | root | epoch=59 train_loss=0.02374454 val_loss=0.04318656
2026-06-03 19:37:25 | INFO | root | epoch=60 step=25 train_loss=0.02193198
2026-06-03 19:37:26 | INFO | root | epoch=60 step=50 train_loss=0.02336062
2026-06-03 19:37:26 | INFO | root | epoch=60 train_loss=0.02340165 val_loss=0.04442808
2026-06-03 19:37:26 | INFO | root | epoch=61 step=25 train_loss=0.02342857
2026-06-03 19:37:26 | INFO | root | epoch=61 step=50 train_loss=0.02362613
2026-06-03 19:37:26 | INFO | root | epoch=61 train_loss=0.02342474 val_loss=0.04473288
2026-06-03 19:37:26 | INFO | root | epoch=62 step=25 train_loss=0.02295291
2026-06-03 19:37:26 | INFO | root | epoch=62 step=50 train_loss=0.02339804
2026-06-03 19:37:27 | INFO | root | epoch=62 train_loss=0.02357678 val_loss=0.04399435
2026-06-03 19:37:27 | INFO | root | epoch=63 step=25 train_loss=0.02230978
2026-06-03 19:37:27 | INFO | root | epoch=63 step=50 train_loss=0.02227271
2026-06-03 19:37:27 | INFO | root | epoch=63 train_loss=0.02244586 val_loss=0.04628336
2026-06-03 19:37:27 | INFO | root | epoch=64 step=25 train_loss=0.02199056
2026-06-03 19:37:27 | INFO | root | epoch=64 step=50 train_loss=0.02226193
2026-06-03 19:37:28 | INFO | root | epoch=64 train_loss=0.02278714 val_loss=0.04686388
2026-06-03 19:37:28 | INFO | root | epoch=65 step=25 train_loss=0.02240664
2026-06-03 19:37:28 | INFO | root | epoch=65 step=50 train_loss=0.02225663
2026-06-03 19:37:28 | INFO | root | epoch=65 train_loss=0.02248805 val_loss=0.04340976
2026-06-03 19:37:28 | INFO | root | epoch=66 step=25 train_loss=0.02094987
2026-06-03 19:37:28 | INFO | root | epoch=66 step=50 train_loss=0.02211301
2026-06-03 19:37:28 | INFO | root | epoch=66 train_loss=0.02216712 val_loss=0.04786154
2026-06-03 19:37:29 | INFO | root | epoch=67 step=25 train_loss=0.02180425
2026-06-03 19:37:29 | INFO | root | epoch=67 step=50 train_loss=0.02206780
2026-06-03 19:37:29 | INFO | root | epoch=67 train_loss=0.02193255 val_loss=0.04608290
2026-06-03 19:37:29 | INFO | root | epoch=68 step=25 train_loss=0.02095846
2026-06-03 19:37:29 | INFO | root | epoch=68 step=50 train_loss=0.02137405
2026-06-03 19:37:29 | INFO | root | epoch=68 train_loss=0.02131259 val_loss=0.04448384
2026-06-03 19:37:29 | INFO | root | epoch=69 step=25 train_loss=0.02264354
2026-06-03 19:37:30 | INFO | root | epoch=69 step=50 train_loss=0.02247069
2026-06-03 19:37:30 | INFO | root | epoch=69 train_loss=0.02188490 val_loss=0.04409087
2026-06-03 19:37:30 | INFO | root | epoch=70 step=25 train_loss=0.02164014
2026-06-03 19:37:30 | INFO | root | epoch=70 step=50 train_loss=0.02205888
2026-06-03 19:37:30 | INFO | root | epoch=70 train_loss=0.02209497 val_loss=0.04428731
2026-06-03 19:37:30 | INFO | root | epoch=71 step=25 train_loss=0.02122169
2026-06-03 19:37:31 | INFO | root | epoch=71 step=50 train_loss=0.02137467
2026-06-03 19:37:31 | INFO | root | epoch=71 train_loss=0.02141952 val_loss=0.04788901
2026-06-03 19:37:31 | INFO | root | epoch=72 step=25 train_loss=0.02294085
2026-06-03 19:37:31 | INFO | root | epoch=72 step=50 train_loss=0.02189865
2026-06-03 19:37:31 | INFO | root | epoch=72 train_loss=0.02176437 val_loss=0.04671457
2026-06-03 19:37:31 | INFO | root | epoch=73 step=25 train_loss=0.02009305
2026-06-03 19:37:31 | INFO | root | epoch=73 step=50 train_loss=0.02116975
2026-06-03 19:37:32 | INFO | root | epoch=73 train_loss=0.02137853 val_loss=0.04245794
2026-06-03 19:37:32 | INFO | root | epoch=74 step=25 train_loss=0.02117311
2026-06-03 19:37:32 | INFO | root | epoch=74 step=50 train_loss=0.02315104
2026-06-03 19:37:32 | INFO | root | epoch=74 train_loss=0.02253399 val_loss=0.04752596
2026-06-03 19:37:32 | INFO | root | epoch=75 step=25 train_loss=0.02061339
2026-06-03 19:37:33 | INFO | root | epoch=75 step=50 train_loss=0.02080351
2026-06-03 19:37:33 | INFO | root | epoch=75 train_loss=0.02100844 val_loss=0.04376884
2026-06-03 19:37:33 | INFO | root | epoch=76 step=25 train_loss=0.01982472
2026-06-03 19:37:33 | INFO | root | epoch=76 step=50 train_loss=0.02006547
2026-06-03 19:37:33 | INFO | root | epoch=76 train_loss=0.02045541 val_loss=0.04726933
2026-06-03 19:37:33 | INFO | root | epoch=77 step=25 train_loss=0.02071955
2026-06-03 19:37:33 | INFO | root | epoch=77 step=50 train_loss=0.02050169
2026-06-03 19:37:34 | INFO | root | epoch=77 train_loss=0.02070174 val_loss=0.04396925
2026-06-03 19:37:34 | INFO | root | epoch=78 step=25 train_loss=0.01944817
2026-06-03 19:37:34 | INFO | root | epoch=78 step=50 train_loss=0.01965591
2026-06-03 19:37:34 | INFO | root | epoch=78 train_loss=0.01974014 val_loss=0.04802115
2026-06-03 19:37:34 | INFO | root | epoch=79 step=25 train_loss=0.02094214
2026-06-03 19:37:34 | INFO | root | epoch=79 step=50 train_loss=0.02054552
2026-06-03 19:37:35 | INFO | root | epoch=79 train_loss=0.02040471 val_loss=0.05073860
2026-06-03 19:37:35 | INFO | root | epoch=80 step=25 train_loss=0.02247793
2026-06-03 19:37:35 | INFO | root | epoch=80 step=50 train_loss=0.02131994
2026-06-03 19:37:35 | INFO | root | epoch=80 train_loss=0.02090015 val_loss=0.04909905
2026-06-03 19:37:35 | INFO | root | epoch=81 step=25 train_loss=0.02118198
2026-06-03 19:37:35 | INFO | root | epoch=81 step=50 train_loss=0.02087429
2026-06-03 19:37:35 | INFO | root | epoch=81 train_loss=0.02045617 val_loss=0.04556657
2026-06-03 19:37:36 | INFO | root | epoch=82 step=25 train_loss=0.01991247
2026-06-03 19:37:36 | INFO | root | epoch=82 step=50 train_loss=0.02085725
2026-06-03 19:37:36 | INFO | root | epoch=82 train_loss=0.02065111 val_loss=0.04229205
2026-06-03 19:37:36 | INFO | root | epoch=83 step=25 train_loss=0.01988416
2026-06-03 19:37:36 | INFO | root | epoch=83 step=50 train_loss=0.01978846
2026-06-03 19:37:36 | INFO | root | epoch=83 train_loss=0.01977375 val_loss=0.05026281
2026-06-03 19:37:37 | INFO | root | epoch=84 step=25 train_loss=0.01889294
2026-06-03 19:37:37 | INFO | root | epoch=84 step=50 train_loss=0.01892802
2026-06-03 19:37:37 | INFO | root | epoch=84 train_loss=0.01917212 val_loss=0.04401884
2026-06-03 19:37:37 | INFO | root | epoch=85 step=25 train_loss=0.01962714
2026-06-03 19:37:37 | INFO | root | epoch=85 step=50 train_loss=0.01951443
2026-06-03 19:37:37 | INFO | root | epoch=85 train_loss=0.01940447 val_loss=0.04692500
2026-06-03 19:37:38 | INFO | root | epoch=86 step=25 train_loss=0.01933878
2026-06-03 19:37:38 | INFO | root | epoch=86 step=50 train_loss=0.01938356
2026-06-03 19:37:38 | INFO | root | epoch=86 train_loss=0.01936809 val_loss=0.04639990
2026-06-03 19:37:38 | INFO | root | epoch=87 step=25 train_loss=0.02046608
2026-06-03 19:37:38 | INFO | root | epoch=87 step=50 train_loss=0.02078661
2026-06-03 19:37:38 | INFO | root | epoch=87 train_loss=0.02064296 val_loss=0.04814690
2026-06-03 19:37:38 | INFO | root | epoch=88 step=25 train_loss=0.02030703
2026-06-03 19:37:39 | INFO | root | epoch=88 step=50 train_loss=0.01976652
2026-06-03 19:37:39 | INFO | root | epoch=88 train_loss=0.01987654 val_loss=0.04650731
2026-06-03 19:37:39 | INFO | root | epoch=89 step=25 train_loss=0.01875983
2026-06-03 19:37:39 | INFO | root | epoch=89 step=50 train_loss=0.01916466
2026-06-03 19:37:39 | INFO | root | epoch=89 train_loss=0.01928978 val_loss=0.04694558
2026-06-03 19:37:39 | INFO | root | epoch=90 step=25 train_loss=0.01874799
2026-06-03 19:37:40 | INFO | root | epoch=90 step=50 train_loss=0.01863072
2026-06-03 19:37:40 | INFO | root | epoch=90 train_loss=0.01844390 val_loss=0.04630264
2026-06-03 19:37:40 | INFO | root | epoch=91 step=25 train_loss=0.01853843
2026-06-03 19:37:40 | INFO | root | epoch=91 step=50 train_loss=0.01896954
2026-06-03 19:37:40 | INFO | root | epoch=91 train_loss=0.01877592 val_loss=0.04393374
2026-06-03 19:37:40 | INFO | root | epoch=92 step=25 train_loss=0.01840013
2026-06-03 19:37:40 | INFO | root | epoch=92 step=50 train_loss=0.01841426
2026-06-03 19:37:41 | INFO | root | epoch=92 train_loss=0.01879631 val_loss=0.04070407
2026-06-03 19:37:41 | INFO | root | epoch=93 step=25 train_loss=0.01940145
2026-06-03 19:37:41 | INFO | root | epoch=93 step=50 train_loss=0.01915490
2026-06-03 19:37:41 | INFO | root | epoch=93 train_loss=0.01894557 val_loss=0.04627328
2026-06-03 19:37:41 | INFO | root | epoch=94 step=25 train_loss=0.01879916
2026-06-03 19:37:41 | INFO | root | epoch=94 step=50 train_loss=0.01942402
2026-06-03 19:37:41 | INFO | root | epoch=94 train_loss=0.01898547 val_loss=0.04998083
2026-06-03 19:37:42 | INFO | root | epoch=95 step=25 train_loss=0.01902285
2026-06-03 19:37:42 | INFO | root | epoch=95 step=50 train_loss=0.01857304
2026-06-03 19:37:42 | INFO | root | epoch=95 train_loss=0.01881998 val_loss=0.04782814
2026-06-03 19:37:42 | INFO | root | epoch=96 step=25 train_loss=0.01797443
2026-06-03 19:37:42 | INFO | root | epoch=96 step=50 train_loss=0.01847158
2026-06-03 19:37:42 | INFO | root | epoch=96 train_loss=0.01874696 val_loss=0.04686195
2026-06-03 19:37:42 | INFO | root | epoch=97 step=25 train_loss=0.01934058
2026-06-03 19:37:43 | INFO | root | epoch=97 step=50 train_loss=0.01891702
2026-06-03 19:37:43 | INFO | root | epoch=97 train_loss=0.01881502 val_loss=0.04855477
2026-06-03 19:37:43 | INFO | root | epoch=98 step=25 train_loss=0.01838841
2026-06-03 19:37:43 | INFO | root | epoch=98 step=50 train_loss=0.01864634
2026-06-03 19:37:43 | INFO | root | epoch=98 train_loss=0.01840161 val_loss=0.04611537
2026-06-03 19:37:43 | INFO | root | epoch=99 step=25 train_loss=0.01783010
2026-06-03 19:37:44 | INFO | root | epoch=99 step=50 train_loss=0.01769756
2026-06-03 19:37:44 | INFO | root | epoch=99 train_loss=0.01795267 val_loss=0.05020923
2026-06-03 19:37:44 | INFO | root | epoch=100 step=25 train_loss=0.01746319
2026-06-03 19:37:44 | INFO | root | epoch=100 step=50 train_loss=0.01791068
2026-06-03 19:37:44 | INFO | root | epoch=100 train_loss=0.01781649 val_loss=0.04995426
2026-06-03 19:37:44 | INFO | root | epoch=101 step=25 train_loss=0.01835773
2026-06-03 19:37:44 | INFO | root | epoch=101 step=50 train_loss=0.01795477
2026-06-03 19:37:45 | INFO | root | epoch=101 train_loss=0.01792210 val_loss=0.04656876
2026-06-03 19:37:45 | INFO | root | epoch=102 step=25 train_loss=0.01752307
2026-06-03 19:37:45 | INFO | root | epoch=102 step=50 train_loss=0.01768230
2026-06-03 19:37:45 | INFO | root | epoch=102 train_loss=0.01750362 val_loss=0.04964313
2026-06-03 19:37:45 | INFO | root | epoch=103 step=25 train_loss=0.01785921
2026-06-03 19:37:45 | INFO | root | epoch=103 step=50 train_loss=0.01811872
2026-06-03 19:37:45 | INFO | root | epoch=103 train_loss=0.01782823 val_loss=0.04359158
2026-06-03 19:37:46 | INFO | root | epoch=104 step=25 train_loss=0.01698293
2026-06-03 19:37:46 | INFO | root | epoch=104 step=50 train_loss=0.01750956
2026-06-03 19:37:46 | INFO | root | epoch=104 train_loss=0.01753333 val_loss=0.04403499
2026-06-03 19:37:46 | INFO | root | epoch=105 step=25 train_loss=0.01709316
2026-06-03 19:37:46 | INFO | root | epoch=105 step=50 train_loss=0.01711454
2026-06-03 19:37:46 | INFO | root | epoch=105 train_loss=0.01739554 val_loss=0.04448189
2026-06-03 19:37:46 | INFO | root | epoch=106 step=25 train_loss=0.01695468
2026-06-03 19:37:47 | INFO | root | epoch=106 step=50 train_loss=0.01739377
2026-06-03 19:37:47 | INFO | root | epoch=106 train_loss=0.01704901 val_loss=0.04878939
2026-06-03 19:37:47 | INFO | root | epoch=107 step=25 train_loss=0.01695670
2026-06-03 19:37:47 | INFO | root | epoch=107 step=50 train_loss=0.01766775
2026-06-03 19:37:47 | INFO | root | epoch=107 train_loss=0.01746693 val_loss=0.04723914
2026-06-03 19:37:47 | INFO | root | epoch=108 step=25 train_loss=0.01695779
2026-06-03 19:37:48 | INFO | root | epoch=108 step=50 train_loss=0.01710089
2026-06-03 19:37:48 | INFO | root | epoch=108 train_loss=0.01726381 val_loss=0.04964328
2026-06-03 19:37:48 | INFO | root | epoch=109 step=25 train_loss=0.01689512
2026-06-03 19:37:48 | INFO | root | epoch=109 step=50 train_loss=0.01763958
2026-06-03 19:37:48 | INFO | root | epoch=109 train_loss=0.01775971 val_loss=0.04609389
2026-06-03 19:37:48 | INFO | root | epoch=110 step=25 train_loss=0.01686603
2026-06-03 19:37:48 | INFO | root | epoch=110 step=50 train_loss=0.01803797
2026-06-03 19:37:49 | INFO | root | epoch=110 train_loss=0.01799763 val_loss=0.04532997
2026-06-03 19:37:49 | INFO | root | epoch=111 step=25 train_loss=0.01811341
2026-06-03 19:37:49 | INFO | root | epoch=111 step=50 train_loss=0.01743530
2026-06-03 19:37:49 | INFO | root | epoch=111 train_loss=0.01746922 val_loss=0.04682681
2026-06-03 19:37:49 | INFO | root | epoch=112 step=25 train_loss=0.01626792
2026-06-03 19:37:49 | INFO | root | epoch=112 step=50 train_loss=0.01670770
2026-06-03 19:37:49 | INFO | root | epoch=112 train_loss=0.01675442 val_loss=0.04920008
2026-06-03 19:37:50 | INFO | root | epoch=113 step=25 train_loss=0.01657045
2026-06-03 19:37:50 | INFO | root | epoch=113 step=50 train_loss=0.01672799
2026-06-03 19:37:50 | INFO | root | epoch=113 train_loss=0.01725745 val_loss=0.04615458
2026-06-03 19:37:50 | INFO | root | epoch=114 step=25 train_loss=0.01729814
2026-06-03 19:37:50 | INFO | root | epoch=114 step=50 train_loss=0.01683927
2026-06-03 19:37:50 | INFO | root | epoch=114 train_loss=0.01703370 val_loss=0.04787067
2026-06-03 19:37:50 | INFO | root | epoch=115 step=25 train_loss=0.01633518
2026-06-03 19:37:51 | INFO | root | epoch=115 step=50 train_loss=0.01674069
2026-06-03 19:37:51 | INFO | root | epoch=115 train_loss=0.01667837 val_loss=0.04927912
2026-06-03 19:37:51 | INFO | root | epoch=116 step=25 train_loss=0.01713191
2026-06-03 19:37:51 | INFO | root | epoch=116 step=50 train_loss=0.01778733
2026-06-03 19:37:51 | INFO | root | epoch=116 train_loss=0.01728127 val_loss=0.05135522
2026-06-03 19:37:51 | INFO | root | epoch=117 step=25 train_loss=0.01721137
2026-06-03 19:37:52 | INFO | root | epoch=117 step=50 train_loss=0.01690302
2026-06-03 19:37:52 | INFO | root | epoch=117 train_loss=0.01709254 val_loss=0.04772613
2026-06-03 19:37:52 | INFO | root | epoch=118 step=25 train_loss=0.01656787
2026-06-03 19:37:52 | INFO | root | epoch=118 step=50 train_loss=0.01647416
2026-06-03 19:37:52 | INFO | root | epoch=118 train_loss=0.01641950 val_loss=0.05006678
2026-06-03 19:37:52 | INFO | root | epoch=119 step=25 train_loss=0.01709983
2026-06-03 19:37:52 | INFO | root | epoch=119 step=50 train_loss=0.01675520
2026-06-03 19:37:53 | INFO | root | epoch=119 train_loss=0.01663733 val_loss=0.04533067
2026-06-03 19:37:53 | INFO | root | epoch=120 step=25 train_loss=0.01720865
2026-06-03 19:37:53 | INFO | root | epoch=120 step=50 train_loss=0.01685338
2026-06-03 19:37:53 | INFO | root | epoch=120 train_loss=0.01680074 val_loss=0.04787787
2026-06-03 19:37:53 | INFO | root | epoch=121 step=25 train_loss=0.01669878
2026-06-03 19:37:53 | INFO | root | epoch=121 step=50 train_loss=0.01628418
2026-06-03 19:37:53 | INFO | root | epoch=121 train_loss=0.01604257 val_loss=0.04807976
2026-06-03 19:37:54 | INFO | root | epoch=122 step=25 train_loss=0.01575331
2026-06-03 19:37:54 | INFO | root | epoch=122 step=50 train_loss=0.01617072
2026-06-03 19:37:54 | INFO | root | epoch=122 train_loss=0.01619992 val_loss=0.04745280
2026-06-03 19:37:54 | INFO | root | epoch=123 step=25 train_loss=0.01612746
2026-06-03 19:37:54 | INFO | root | epoch=123 step=50 train_loss=0.01610120
2026-06-03 19:37:54 | INFO | root | epoch=123 train_loss=0.01605464 val_loss=0.04558766
2026-06-03 19:37:54 | INFO | root | epoch=124 step=25 train_loss=0.01626706
2026-06-03 19:37:55 | INFO | root | epoch=124 step=50 train_loss=0.01624627
2026-06-03 19:37:55 | INFO | root | epoch=124 train_loss=0.01612363 val_loss=0.04692110
2026-06-03 19:37:55 | INFO | root | epoch=125 step=25 train_loss=0.01559141
2026-06-03 19:37:55 | INFO | root | epoch=125 step=50 train_loss=0.01592371
2026-06-03 19:37:55 | INFO | root | epoch=125 train_loss=0.01604608 val_loss=0.05139239
2026-06-03 19:37:55 | INFO | root | epoch=126 step=25 train_loss=0.01587184
2026-06-03 19:37:55 | INFO | root | epoch=126 step=50 train_loss=0.01554194
2026-06-03 19:37:56 | INFO | root | epoch=126 train_loss=0.01577739 val_loss=0.05098487
2026-06-03 19:37:56 | INFO | root | epoch=127 step=25 train_loss=0.01666548
2026-06-03 19:37:56 | INFO | root | epoch=127 step=50 train_loss=0.01594105
2026-06-03 19:37:56 | INFO | root | epoch=127 train_loss=0.01568473 val_loss=0.05113107
2026-06-03 19:37:56 | INFO | root | epoch=128 step=25 train_loss=0.01562924
2026-06-03 19:37:56 | INFO | root | epoch=128 step=50 train_loss=0.01590747
2026-06-03 19:37:57 | INFO | root | epoch=128 train_loss=0.01591454 val_loss=0.04698474
2026-06-03 19:37:57 | INFO | root | epoch=129 step=25 train_loss=0.01563586
2026-06-03 19:37:57 | INFO | root | epoch=129 step=50 train_loss=0.01597827
2026-06-03 19:37:57 | INFO | root | epoch=129 train_loss=0.01577702 val_loss=0.04856871
2026-06-03 19:37:57 | INFO | root | epoch=130 step=25 train_loss=0.01617086
2026-06-03 19:37:57 | INFO | root | epoch=130 step=50 train_loss=0.01615842
2026-06-03 19:37:57 | INFO | root | epoch=130 train_loss=0.01583432 val_loss=0.04590045
2026-06-03 19:37:58 | INFO | root | epoch=131 step=25 train_loss=0.01531872
2026-06-03 19:37:58 | INFO | root | epoch=131 step=50 train_loss=0.01568839
2026-06-03 19:37:58 | INFO | root | epoch=131 train_loss=0.01554498 val_loss=0.04522162
2026-06-03 19:37:58 | INFO | root | epoch=132 step=25 train_loss=0.01530010
2026-06-03 19:37:58 | INFO | root | epoch=132 step=50 train_loss=0.01575427
2026-06-03 19:37:58 | INFO | root | epoch=132 train_loss=0.01551512 val_loss=0.04740334
2026-06-03 19:37:58 | INFO | root | epoch=133 step=25 train_loss=0.01593122
2026-06-03 19:37:59 | INFO | root | epoch=133 step=50 train_loss=0.01579798
2026-06-03 19:37:59 | INFO | root | epoch=133 train_loss=0.01580239 val_loss=0.04835343
2026-06-03 19:37:59 | INFO | root | epoch=134 step=25 train_loss=0.01620472
2026-06-03 19:37:59 | INFO | root | epoch=134 step=50 train_loss=0.01603018
2026-06-03 19:37:59 | INFO | root | epoch=134 train_loss=0.01547006 val_loss=0.04754165
2026-06-03 19:37:59 | INFO | root | epoch=135 step=25 train_loss=0.01578859
2026-06-03 19:37:59 | INFO | root | epoch=135 step=50 train_loss=0.01519884
2026-06-03 19:38:00 | INFO | root | epoch=135 train_loss=0.01546191 val_loss=0.04732360
2026-06-03 19:38:00 | INFO | root | epoch=136 step=25 train_loss=0.01459627
2026-06-03 19:38:00 | INFO | root | epoch=136 step=50 train_loss=0.01525601
2026-06-03 19:38:00 | INFO | root | epoch=136 train_loss=0.01519521 val_loss=0.05119946
2026-06-03 19:38:00 | INFO | root | epoch=137 step=25 train_loss=0.01529738
2026-06-03 19:38:00 | INFO | root | epoch=137 step=50 train_loss=0.01541962
2026-06-03 19:38:01 | INFO | root | epoch=137 train_loss=0.01548335 val_loss=0.04714476
2026-06-03 19:38:01 | INFO | root | epoch=138 step=25 train_loss=0.01468337
2026-06-03 19:38:01 | INFO | root | epoch=138 step=50 train_loss=0.01485320
2026-06-03 19:38:01 | INFO | root | epoch=138 train_loss=0.01477684 val_loss=0.04939111
2026-06-03 19:38:01 | INFO | root | epoch=139 step=25 train_loss=0.01494990
2026-06-03 19:38:01 | INFO | root | epoch=139 step=50 train_loss=0.01503916
2026-06-03 19:38:01 | INFO | root | epoch=139 train_loss=0.01516802 val_loss=0.05058868
2026-06-03 19:38:02 | INFO | root | epoch=140 step=25 train_loss=0.01577684
2026-06-03 19:38:02 | INFO | root | epoch=140 step=50 train_loss=0.01564623
2026-06-03 19:38:02 | INFO | root | epoch=140 train_loss=0.01536297 val_loss=0.04794443
2026-06-03 19:38:02 | INFO | root | epoch=141 step=25 train_loss=0.01510902
2026-06-03 19:38:02 | INFO | root | epoch=141 step=50 train_loss=0.01545071
2026-06-03 19:38:02 | INFO | root | epoch=141 train_loss=0.01554464 val_loss=0.04680555
2026-06-03 19:38:02 | INFO | root | epoch=142 step=25 train_loss=0.01560731
2026-06-03 19:38:03 | INFO | root | epoch=142 step=50 train_loss=0.01534937
2026-06-03 19:38:03 | INFO | root | epoch=142 train_loss=0.01525684 val_loss=0.04771571
2026-06-03 19:38:03 | INFO | root | epoch=143 step=25 train_loss=0.01564426
2026-06-03 19:38:03 | INFO | root | epoch=143 step=50 train_loss=0.01573164
2026-06-03 19:38:03 | INFO | root | epoch=143 train_loss=0.01552989 val_loss=0.04773982
2026-06-03 19:38:03 | INFO | root | epoch=144 step=25 train_loss=0.01422591
2026-06-03 19:38:03 | INFO | root | epoch=144 step=50 train_loss=0.01450654
2026-06-03 19:38:04 | INFO | root | epoch=144 train_loss=0.01456973 val_loss=0.04918523
2026-06-03 19:38:04 | INFO | root | epoch=145 step=25 train_loss=0.01456693
2026-06-03 19:38:04 | INFO | root | epoch=145 step=50 train_loss=0.01484202
2026-06-03 19:38:04 | INFO | root | epoch=145 train_loss=0.01497658 val_loss=0.05041032
2026-06-03 19:38:04 | INFO | root | epoch=146 step=25 train_loss=0.01483880
2026-06-03 19:38:04 | INFO | root | epoch=146 step=50 train_loss=0.01458489
2026-06-03 19:38:04 | INFO | root | epoch=146 train_loss=0.01457950 val_loss=0.04851257
2026-06-03 19:38:05 | INFO | root | epoch=147 step=25 train_loss=0.01387591
2026-06-03 19:38:05 | INFO | root | epoch=147 step=50 train_loss=0.01477399
2026-06-03 19:38:05 | INFO | root | epoch=147 train_loss=0.01474974 val_loss=0.04795797
2026-06-03 19:38:05 | INFO | root | epoch=148 step=25 train_loss=0.01428259
2026-06-03 19:38:05 | INFO | root | epoch=148 step=50 train_loss=0.01423012
2026-06-03 19:38:05 | INFO | root | epoch=148 train_loss=0.01430627 val_loss=0.04777635
2026-06-03 19:38:06 | INFO | root | epoch=149 step=25 train_loss=0.01440950
2026-06-03 19:38:06 | INFO | root | epoch=149 step=50 train_loss=0.01425420
2026-06-03 19:38:06 | INFO | root | epoch=149 train_loss=0.01422767 val_loss=0.04586859
2026-06-03 19:38:06 | INFO | root | epoch=150 step=25 train_loss=0.01454909
2026-06-03 19:38:06 | INFO | root | epoch=150 step=50 train_loss=0.01415655
2026-06-03 19:38:06 | INFO | root | epoch=150 train_loss=0.01425541 val_loss=0.04835848
2026-06-03 19:38:06 | INFO | root | epoch=151 step=25 train_loss=0.01410664
2026-06-03 19:38:07 | INFO | root | epoch=151 step=50 train_loss=0.01410129
2026-06-03 19:38:07 | INFO | root | epoch=151 train_loss=0.01426418 val_loss=0.04729956
2026-06-03 19:38:07 | INFO | root | epoch=152 step=25 train_loss=0.01437429
2026-06-03 19:38:07 | INFO | root | epoch=152 step=50 train_loss=0.01439616
2026-06-03 19:38:07 | INFO | root | epoch=152 train_loss=0.01472987 val_loss=0.04800075
2026-06-03 19:38:07 | INFO | root | epoch=153 step=25 train_loss=0.01433164
2026-06-03 19:38:07 | INFO | root | epoch=153 step=50 train_loss=0.01415195
2026-06-03 19:38:08 | INFO | root | epoch=153 train_loss=0.01416862 val_loss=0.05177244
2026-06-03 19:38:08 | INFO | root | epoch=154 step=25 train_loss=0.01348404
2026-06-03 19:38:08 | INFO | root | epoch=154 step=50 train_loss=0.01404393
2026-06-03 19:38:08 | INFO | root | epoch=154 train_loss=0.01396950 val_loss=0.05187174
2026-06-03 19:38:08 | INFO | root | epoch=155 step=25 train_loss=0.01429277
2026-06-03 19:38:09 | INFO | root | epoch=155 step=50 train_loss=0.01383515
2026-06-03 19:38:09 | INFO | root | epoch=155 train_loss=0.01370694 val_loss=0.04940293
2026-06-03 19:38:09 | INFO | root | epoch=156 step=25 train_loss=0.01324909
2026-06-03 19:38:09 | INFO | root | epoch=156 step=50 train_loss=0.01359752
2026-06-03 19:38:09 | INFO | root | epoch=156 train_loss=0.01373810 val_loss=0.04745263
2026-06-03 19:38:09 | INFO | root | epoch=157 step=25 train_loss=0.01364865
2026-06-03 19:38:09 | INFO | root | epoch=157 step=50 train_loss=0.01344645
2026-06-03 19:38:10 | INFO | root | epoch=157 train_loss=0.01361220 val_loss=0.04823962
2026-06-03 19:38:10 | INFO | root | epoch=158 step=25 train_loss=0.01435717
2026-06-03 19:38:10 | INFO | root | epoch=158 step=50 train_loss=0.01387722
2026-06-03 19:38:10 | INFO | root | epoch=158 train_loss=0.01376356 val_loss=0.05170597
2026-06-03 19:38:10 | INFO | root | epoch=159 step=25 train_loss=0.01340475
2026-06-03 19:38:10 | INFO | root | epoch=159 step=50 train_loss=0.01345564
2026-06-03 19:38:10 | INFO | root | epoch=159 train_loss=0.01338490 val_loss=0.05570707
2026-06-03 19:38:11 | INFO | root | epoch=160 step=25 train_loss=0.01332812
2026-06-03 19:38:11 | INFO | root | epoch=160 step=50 train_loss=0.01362388
2026-06-03 19:38:11 | INFO | root | epoch=160 train_loss=0.01349482 val_loss=0.05096768
2026-06-03 19:38:11 | INFO | root | epoch=161 step=25 train_loss=0.01305757
2026-06-03 19:38:11 | INFO | root | epoch=161 step=50 train_loss=0.01298187
2026-06-03 19:38:11 | INFO | root | epoch=161 train_loss=0.01325446 val_loss=0.04715946
2026-06-03 19:38:11 | INFO | root | epoch=162 step=25 train_loss=0.01377499
2026-06-03 19:38:12 | INFO | root | epoch=162 step=50 train_loss=0.01376377
2026-06-03 19:38:12 | INFO | root | epoch=162 train_loss=0.01363642 val_loss=0.04850021
2026-06-03 19:38:12 | INFO | root | epoch=163 step=25 train_loss=0.01356022
2026-06-03 19:38:12 | INFO | root | epoch=163 step=50 train_loss=0.01318882
2026-06-03 19:38:12 | INFO | root | epoch=163 train_loss=0.01326928 val_loss=0.05143121
2026-06-03 19:38:12 | INFO | root | epoch=164 step=25 train_loss=0.01269384
2026-06-03 19:38:13 | INFO | root | epoch=164 step=50 train_loss=0.01264854
2026-06-03 19:38:13 | INFO | root | epoch=164 train_loss=0.01291149 val_loss=0.05200188
2026-06-03 19:38:13 | INFO | root | epoch=165 step=25 train_loss=0.01264320
2026-06-03 19:38:13 | INFO | root | epoch=165 step=50 train_loss=0.01286056
2026-06-03 19:38:13 | INFO | root | epoch=165 train_loss=0.01314313 val_loss=0.04984191
2026-06-03 19:38:13 | INFO | root | epoch=166 step=25 train_loss=0.01251324
2026-06-03 19:38:13 | INFO | root | epoch=166 step=50 train_loss=0.01265949
2026-06-03 19:38:14 | INFO | root | epoch=166 train_loss=0.01295370 val_loss=0.04838171
2026-06-03 19:38:14 | INFO | root | epoch=167 step=25 train_loss=0.01314605
2026-06-03 19:38:14 | INFO | root | epoch=167 step=50 train_loss=0.01348554
2026-06-03 19:38:14 | INFO | root | epoch=167 train_loss=0.01348846 val_loss=0.04807839
2026-06-03 19:38:14 | INFO | root | epoch=168 step=25 train_loss=0.01342249
2026-06-03 19:38:14 | INFO | root | epoch=168 step=50 train_loss=0.01334527
2026-06-03 19:38:14 | INFO | root | epoch=168 train_loss=0.01317012 val_loss=0.05400247
2026-06-03 19:38:15 | INFO | root | epoch=169 step=25 train_loss=0.01285868
2026-06-03 19:38:15 | INFO | root | epoch=169 step=50 train_loss=0.01296861
2026-06-03 19:38:15 | INFO | root | epoch=169 train_loss=0.01295840 val_loss=0.05351038
2026-06-03 19:38:15 | INFO | root | epoch=170 step=25 train_loss=0.01268133
2026-06-03 19:38:15 | INFO | root | epoch=170 step=50 train_loss=0.01269049
2026-06-03 19:38:15 | INFO | root | epoch=170 train_loss=0.01273809 val_loss=0.05220520
2026-06-03 19:38:15 | INFO | root | epoch=171 step=25 train_loss=0.01213629
2026-06-03 19:38:16 | INFO | root | epoch=171 step=50 train_loss=0.01246016
2026-06-03 19:38:16 | INFO | root | epoch=171 train_loss=0.01255583 val_loss=0.05340977
2026-06-03 19:38:16 | INFO | root | epoch=172 step=25 train_loss=0.01297449
2026-06-03 19:38:16 | INFO | root | epoch=172 step=50 train_loss=0.01324154
2026-06-03 19:38:16 | INFO | root | epoch=172 train_loss=0.01318615 val_loss=0.05572582
2026-06-03 19:38:16 | INFO | root | epoch=173 step=25 train_loss=0.01305452
2026-06-03 19:38:17 | INFO | root | epoch=173 step=50 train_loss=0.01337586
2026-06-03 19:38:17 | INFO | root | epoch=173 train_loss=0.01345747 val_loss=0.05080825
2026-06-03 19:38:17 | INFO | root | epoch=174 step=25 train_loss=0.01274208
2026-06-03 19:38:17 | INFO | root | epoch=174 step=50 train_loss=0.01305398
2026-06-03 19:38:17 | INFO | root | epoch=174 train_loss=0.01329735 val_loss=0.05532895
2026-06-03 19:38:17 | INFO | root | epoch=175 step=25 train_loss=0.01345744
2026-06-03 19:38:17 | INFO | root | epoch=175 step=50 train_loss=0.01288737
2026-06-03 19:38:18 | INFO | root | epoch=175 train_loss=0.01293418 val_loss=0.04960840
2026-06-03 19:38:18 | INFO | root | epoch=176 step=25 train_loss=0.01253451
2026-06-03 19:38:18 | INFO | root | epoch=176 step=50 train_loss=0.01249823
2026-06-03 19:38:18 | INFO | root | epoch=176 train_loss=0.01249586 val_loss=0.05038515
2026-06-03 19:38:18 | INFO | root | epoch=177 step=25 train_loss=0.01233564
2026-06-03 19:38:18 | INFO | root | epoch=177 step=50 train_loss=0.01231261
2026-06-03 19:38:19 | INFO | root | epoch=177 train_loss=0.01227026 val_loss=0.05058306
2026-06-03 19:38:19 | INFO | root | epoch=178 step=25 train_loss=0.01245694
2026-06-03 19:38:19 | INFO | root | epoch=178 step=50 train_loss=0.01263197
2026-06-03 19:38:19 | INFO | root | epoch=178 train_loss=0.01252692 val_loss=0.05010723
2026-06-03 19:38:19 | INFO | root | epoch=179 step=25 train_loss=0.01335779
2026-06-03 19:38:19 | INFO | root | epoch=179 step=50 train_loss=0.01323978
2026-06-03 19:38:19 | INFO | root | epoch=179 train_loss=0.01308543 val_loss=0.05101710
2026-06-03 19:38:20 | INFO | root | epoch=180 step=25 train_loss=0.01245973
2026-06-03 19:38:20 | INFO | root | epoch=180 step=50 train_loss=0.01264755
2026-06-03 19:38:20 | INFO | root | epoch=180 train_loss=0.01259835 val_loss=0.05167257
2026-06-03 19:38:20 | INFO | root | epoch=181 step=25 train_loss=0.01265554
2026-06-03 19:38:20 | INFO | root | epoch=181 step=50 train_loss=0.01236112
2026-06-03 19:38:20 | INFO | root | epoch=181 train_loss=0.01228775 val_loss=0.05321436
2026-06-03 19:38:21 | INFO | root | epoch=182 step=25 train_loss=0.01207550
2026-06-03 19:38:21 | INFO | root | epoch=182 step=50 train_loss=0.01222232
2026-06-03 19:38:21 | INFO | root | epoch=182 train_loss=0.01237536 val_loss=0.05092723
2026-06-03 19:38:21 | INFO | root | epoch=183 step=25 train_loss=0.01217322
2026-06-03 19:38:21 | INFO | root | epoch=183 step=50 train_loss=0.01238580
2026-06-03 19:38:21 | INFO | root | epoch=183 train_loss=0.01304538 val_loss=0.05608620
2026-06-03 19:38:21 | INFO | root | epoch=184 step=25 train_loss=0.01219846
2026-06-03 19:38:22 | INFO | root | epoch=184 step=50 train_loss=0.01217991
2026-06-03 19:38:22 | INFO | root | epoch=184 train_loss=0.01219062 val_loss=0.05177449
2026-06-03 19:38:22 | INFO | root | epoch=185 step=25 train_loss=0.01187489
2026-06-03 19:38:22 | INFO | root | epoch=185 step=50 train_loss=0.01183039
2026-06-03 19:38:22 | INFO | root | epoch=185 train_loss=0.01187888 val_loss=0.05506173
2026-06-03 19:38:22 | INFO | root | epoch=186 step=25 train_loss=0.01244266
2026-06-03 19:38:22 | INFO | root | epoch=186 step=50 train_loss=0.01231395
2026-06-03 19:38:23 | INFO | root | epoch=186 train_loss=0.01227892 val_loss=0.05029411
2026-06-03 19:38:23 | INFO | root | epoch=187 step=25 train_loss=0.01256839
2026-06-03 19:38:23 | INFO | root | epoch=187 step=50 train_loss=0.01264687
2026-06-03 19:38:23 | INFO | root | epoch=187 train_loss=0.01252745 val_loss=0.05207908
2026-06-03 19:38:23 | INFO | root | epoch=188 step=25 train_loss=0.01213022
2026-06-03 19:38:23 | INFO | root | epoch=188 step=50 train_loss=0.01201152
2026-06-03 19:38:23 | INFO | root | epoch=188 train_loss=0.01215444 val_loss=0.05526587
2026-06-03 19:38:24 | INFO | root | epoch=189 step=25 train_loss=0.01165085
2026-06-03 19:38:24 | INFO | root | epoch=189 step=50 train_loss=0.01175475
2026-06-03 19:38:24 | INFO | root | epoch=189 train_loss=0.01188456 val_loss=0.05101884
2026-06-03 19:38:24 | INFO | root | epoch=190 step=25 train_loss=0.01146413
2026-06-03 19:38:24 | INFO | root | epoch=190 step=50 train_loss=0.01164414
2026-06-03 19:38:24 | INFO | root | epoch=190 train_loss=0.01178354 val_loss=0.05380784
2026-06-03 19:38:25 | INFO | root | epoch=191 step=25 train_loss=0.01182025
2026-06-03 19:38:25 | INFO | root | epoch=191 step=50 train_loss=0.01203634
2026-06-03 19:38:25 | INFO | root | epoch=191 train_loss=0.01193974 val_loss=0.04959507
2026-06-03 19:38:25 | INFO | root | epoch=192 step=25 train_loss=0.01133869
2026-06-03 19:38:25 | INFO | root | epoch=192 step=50 train_loss=0.01156992
2026-06-03 19:38:25 | INFO | root | epoch=192 train_loss=0.01154281 val_loss=0.05853626
2026-06-03 19:38:25 | INFO | root | epoch=193 step=25 train_loss=0.01202884
2026-06-03 19:38:26 | INFO | root | epoch=193 step=50 train_loss=0.01207576
2026-06-03 19:38:26 | INFO | root | epoch=193 train_loss=0.01199075 val_loss=0.04957793
2026-06-03 19:38:26 | INFO | root | epoch=194 step=25 train_loss=0.01194306
2026-06-03 19:38:26 | INFO | root | epoch=194 step=50 train_loss=0.01227934
2026-06-03 19:38:26 | INFO | root | epoch=194 train_loss=0.01224274 val_loss=0.05337577
2026-06-03 19:38:26 | INFO | root | epoch=195 step=25 train_loss=0.01188854
2026-06-03 19:38:26 | INFO | root | epoch=195 step=50 train_loss=0.01200514
2026-06-03 19:38:27 | INFO | root | epoch=195 train_loss=0.01193962 val_loss=0.05179057
2026-06-03 19:38:27 | INFO | root | epoch=196 step=25 train_loss=0.01204364
2026-06-03 19:38:27 | INFO | root | epoch=196 step=50 train_loss=0.01165010
2026-06-03 19:38:27 | INFO | root | epoch=196 train_loss=0.01163869 val_loss=0.05086201
2026-06-03 19:38:27 | INFO | root | epoch=197 step=25 train_loss=0.01160000
2026-06-03 19:38:27 | INFO | root | epoch=197 step=50 train_loss=0.01140344
2026-06-03 19:38:27 | INFO | root | epoch=197 train_loss=0.01145871 val_loss=0.05319163
2026-06-03 19:38:28 | INFO | root | epoch=198 step=25 train_loss=0.01166415
2026-06-03 19:38:28 | INFO | root | epoch=198 step=50 train_loss=0.01155880
2026-06-03 19:38:28 | INFO | root | epoch=198 train_loss=0.01154043 val_loss=0.04872223
2026-06-03 19:38:28 | INFO | root | epoch=199 step=25 train_loss=0.01207929
2026-06-03 19:38:28 | INFO | root | epoch=199 step=50 train_loss=0.01196161
2026-06-03 19:38:28 | INFO | root | epoch=199 train_loss=0.01188459 val_loss=0.05250763
2026-06-03 19:38:29 | INFO | root | epoch=200 step=25 train_loss=0.01145163
2026-06-03 19:38:29 | INFO | root | epoch=200 step=50 train_loss=0.01152524
2026-06-03 19:38:29 | INFO | root | epoch=200 train_loss=0.01151857 val_loss=0.05396836
2026-06-03 19:38:29 | INFO | root | test_NMSE=0.13872611 test_MSE=0.14016187
2026-06-03 19:38:29 | INFO | root | Saved checkpoint to /mntdatalora/src/ECG-Denoising-LMMSE/outputs/transformer/arch_small_P64/Final_Transformer.pt
