2026-06-03 19:51:22 | INFO | root | Logging to /mntdatalora/src/ECG-Denoising-LMMSE/logs/window_P64_medium_20260603_195122.log
2026-06-03 19:51:22 | INFO | root | Runtime context:
{
  "config_path": "/mntdatalora/src/ECG-Denoising-LMMSE/configs/transformer.yaml",
  "hostname": "pod-4",
  "output_dir": "/mntdatalora/src/ECG-Denoising-LMMSE/outputs/transformer/window_P64_medium",
  "platform": "Linux-6.8.0-124-generic-x86_64-with-glibc2.39",
  "python": "3.12.3 (main, Mar  3 2026, 12:15:18) [GCC 13.3.0]"
}
2026-06-03 19:51:24 | INFO | root | Training ECGTransformerDenoiser for 200 epochs with 17796 train windows and 3141 validation windows
2026-06-03 19:51:25 | INFO | root | epoch=1 step=25 train_loss=0.19607062
2026-06-03 19:51:25 | INFO | root | epoch=1 step=50 train_loss=0.15092148
2026-06-03 19:51:26 | INFO | root | epoch=1 train_loss=0.13082286 val_loss=0.07095188
2026-06-03 19:51:26 | INFO | root | epoch=2 step=25 train_loss=0.06226841
2026-06-03 19:51:26 | INFO | root | epoch=2 step=50 train_loss=0.06245928
2026-06-03 19:51:27 | INFO | root | epoch=2 train_loss=0.06122254 val_loss=0.06176454
2026-06-03 19:51:27 | INFO | root | epoch=3 step=25 train_loss=0.05535341
2026-06-03 19:51:27 | INFO | root | epoch=3 step=50 train_loss=0.05502465
2026-06-03 19:51:27 | INFO | root | epoch=3 train_loss=0.05289847 val_loss=0.06198715
2026-06-03 19:51:28 | INFO | root | epoch=4 step=25 train_loss=0.05079830
2026-06-03 19:51:28 | INFO | root | epoch=4 step=50 train_loss=0.04914580
2026-06-03 19:51:28 | INFO | root | epoch=4 train_loss=0.04748020 val_loss=0.04954618
2026-06-03 19:51:29 | INFO | root | epoch=5 step=25 train_loss=0.04497755
2026-06-03 19:51:29 | INFO | root | epoch=5 step=50 train_loss=0.04322024
2026-06-03 19:51:29 | INFO | root | epoch=5 train_loss=0.04346703 val_loss=0.04922399
2026-06-03 19:51:29 | INFO | root | epoch=6 step=25 train_loss=0.04044634
2026-06-03 19:51:30 | INFO | root | epoch=6 step=50 train_loss=0.04082880
2026-06-03 19:51:30 | INFO | root | epoch=6 train_loss=0.04003152 val_loss=0.04995644
2026-06-03 19:51:30 | INFO | root | epoch=7 step=25 train_loss=0.03719699
2026-06-03 19:51:30 | INFO | root | epoch=7 step=50 train_loss=0.03736896
2026-06-03 19:51:31 | INFO | root | epoch=7 train_loss=0.03759891 val_loss=0.05451751
2026-06-03 19:51:31 | INFO | root | epoch=8 step=25 train_loss=0.03601017
2026-06-03 19:51:31 | INFO | root | epoch=8 step=50 train_loss=0.03551289
2026-06-03 19:51:32 | INFO | root | epoch=8 train_loss=0.03606399 val_loss=0.04840780
2026-06-03 19:51:32 | INFO | root | epoch=9 step=25 train_loss=0.03499120
2026-06-03 19:51:32 | INFO | root | epoch=9 step=50 train_loss=0.03469785
2026-06-03 19:51:32 | INFO | root | epoch=9 train_loss=0.03439492 val_loss=0.05245199
2026-06-03 19:51:33 | INFO | root | epoch=10 step=25 train_loss=0.03240534
2026-06-03 19:51:33 | INFO | root | epoch=10 step=50 train_loss=0.03300722
2026-06-03 19:51:33 | INFO | root | epoch=10 train_loss=0.03461461 val_loss=0.04389546
2026-06-03 19:51:34 | INFO | root | epoch=11 step=25 train_loss=0.03235578
2026-06-03 19:51:34 | INFO | root | epoch=11 step=50 train_loss=0.03205947
2026-06-03 19:51:34 | INFO | root | epoch=11 train_loss=0.03183060 val_loss=0.04652471
2026-06-03 19:51:34 | INFO | root | epoch=12 step=25 train_loss=0.03006966
2026-06-03 19:51:35 | INFO | root | epoch=12 step=50 train_loss=0.03009125
2026-06-03 19:51:35 | INFO | root | epoch=12 train_loss=0.03022680 val_loss=0.05271843
2026-06-03 19:51:35 | INFO | root | epoch=13 step=25 train_loss=0.02878764
2026-06-03 19:51:35 | INFO | root | epoch=13 step=50 train_loss=0.03004400
2026-06-03 19:51:36 | INFO | root | epoch=13 train_loss=0.03016879 val_loss=0.05016308
2026-06-03 19:51:36 | INFO | root | epoch=14 step=25 train_loss=0.02884364
2026-06-03 19:51:36 | INFO | root | epoch=14 step=50 train_loss=0.02828468
2026-06-03 19:51:36 | INFO | root | epoch=14 train_loss=0.02859199 val_loss=0.04585332
2026-06-03 19:51:37 | INFO | root | epoch=15 step=25 train_loss=0.02809686
2026-06-03 19:51:37 | INFO | root | epoch=15 step=50 train_loss=0.02855025
2026-06-03 19:51:37 | INFO | root | epoch=15 train_loss=0.02877612 val_loss=0.04906546
2026-06-03 19:51:38 | INFO | root | epoch=16 step=25 train_loss=0.02745027
2026-06-03 19:51:38 | INFO | root | epoch=16 step=50 train_loss=0.02713259
2026-06-03 19:51:38 | INFO | root | epoch=16 train_loss=0.02672809 val_loss=0.04718237
2026-06-03 19:51:38 | INFO | root | epoch=17 step=25 train_loss=0.02483123
2026-06-03 19:51:39 | INFO | root | epoch=17 step=50 train_loss=0.02613341
2026-06-03 19:51:39 | INFO | root | epoch=17 train_loss=0.02648873 val_loss=0.05135351
2026-06-03 19:51:39 | INFO | root | epoch=18 step=25 train_loss=0.02785943
2026-06-03 19:51:39 | INFO | root | epoch=18 step=50 train_loss=0.02678897
2026-06-03 19:51:40 | INFO | root | epoch=18 train_loss=0.02607606 val_loss=0.04385757
2026-06-03 19:51:40 | INFO | root | epoch=19 step=25 train_loss=0.02510940
2026-06-03 19:51:40 | INFO | root | epoch=19 step=50 train_loss=0.02393839
2026-06-03 19:51:41 | INFO | root | epoch=19 train_loss=0.02399631 val_loss=0.04980432
2026-06-03 19:51:41 | INFO | root | epoch=20 step=25 train_loss=0.02381822
2026-06-03 19:51:41 | INFO | root | epoch=20 step=50 train_loss=0.02363281
2026-06-03 19:51:41 | INFO | root | epoch=20 train_loss=0.02370488 val_loss=0.04842024
2026-06-03 19:51:42 | INFO | root | epoch=21 step=25 train_loss=0.02094103
2026-06-03 19:51:42 | INFO | root | epoch=21 step=50 train_loss=0.02142719
2026-06-03 19:51:42 | INFO | root | epoch=21 train_loss=0.02147324 val_loss=0.05171354
2026-06-03 19:51:42 | INFO | root | epoch=22 step=25 train_loss=0.02133265
2026-06-03 19:51:43 | INFO | root | epoch=22 step=50 train_loss=0.02160423
2026-06-03 19:51:43 | INFO | root | epoch=22 train_loss=0.02163627 val_loss=0.04552775
2026-06-03 19:51:43 | INFO | root | epoch=23 step=25 train_loss=0.02293530
2026-06-03 19:51:44 | INFO | root | epoch=23 step=50 train_loss=0.02234811
2026-06-03 19:51:44 | INFO | root | epoch=23 train_loss=0.02190036 val_loss=0.05099789
2026-06-03 19:51:44 | INFO | root | epoch=24 step=25 train_loss=0.01997684
2026-06-03 19:51:44 | INFO | root | epoch=24 step=50 train_loss=0.02056540
2026-06-03 19:51:45 | INFO | root | epoch=24 train_loss=0.02078368 val_loss=0.04500450
2026-06-03 19:51:45 | INFO | root | epoch=25 step=25 train_loss=0.02049888
2026-06-03 19:51:45 | INFO | root | epoch=25 step=50 train_loss=0.02039105
2026-06-03 19:51:45 | INFO | root | epoch=25 train_loss=0.02032064 val_loss=0.04550653
2026-06-03 19:51:46 | INFO | root | epoch=26 step=25 train_loss=0.01900666
2026-06-03 19:51:46 | INFO | root | epoch=26 step=50 train_loss=0.01889829
2026-06-03 19:51:46 | INFO | root | epoch=26 train_loss=0.01898579 val_loss=0.05190036
2026-06-03 19:51:47 | INFO | root | epoch=27 step=25 train_loss=0.02052249
2026-06-03 19:51:47 | INFO | root | epoch=27 step=50 train_loss=0.02043880
2026-06-03 19:51:47 | INFO | root | epoch=27 train_loss=0.01999954 val_loss=0.04437136
2026-06-03 19:51:47 | INFO | root | epoch=28 step=25 train_loss=0.01921727
2026-06-03 19:51:48 | INFO | root | epoch=28 step=50 train_loss=0.02067493
2026-06-03 19:51:48 | INFO | root | epoch=28 train_loss=0.02026143 val_loss=0.04207227
2026-06-03 19:51:48 | INFO | root | epoch=29 step=25 train_loss=0.01867659
2026-06-03 19:51:48 | INFO | root | epoch=29 step=50 train_loss=0.01862025
2026-06-03 19:51:49 | INFO | root | epoch=29 train_loss=0.01849766 val_loss=0.04444713
2026-06-03 19:51:49 | INFO | root | epoch=30 step=25 train_loss=0.01750910
2026-06-03 19:51:49 | INFO | root | epoch=30 step=50 train_loss=0.01718715
2026-06-03 19:51:49 | INFO | root | epoch=30 train_loss=0.01783503 val_loss=0.04803554
2026-06-03 19:51:50 | INFO | root | epoch=31 step=25 train_loss=0.01718963
2026-06-03 19:51:50 | INFO | root | epoch=31 step=50 train_loss=0.01758596
2026-06-03 19:51:50 | INFO | root | epoch=31 train_loss=0.01747931 val_loss=0.04800481
2026-06-03 19:51:51 | INFO | root | epoch=32 step=25 train_loss=0.01706905
2026-06-03 19:51:51 | INFO | root | epoch=32 step=50 train_loss=0.01680731
2026-06-03 19:51:51 | INFO | root | epoch=32 train_loss=0.01689877 val_loss=0.04473736
2026-06-03 19:51:51 | INFO | root | epoch=33 step=25 train_loss=0.01560250
2026-06-03 19:51:52 | INFO | root | epoch=33 step=50 train_loss=0.01549003
2026-06-03 19:51:52 | INFO | root | epoch=33 train_loss=0.01586316 val_loss=0.04613527
2026-06-03 19:51:52 | INFO | root | epoch=34 step=25 train_loss=0.01529984
2026-06-03 19:51:52 | INFO | root | epoch=34 step=50 train_loss=0.01593333
2026-06-03 19:51:53 | INFO | root | epoch=34 train_loss=0.01593413 val_loss=0.04347904
2026-06-03 19:51:53 | INFO | root | epoch=35 step=25 train_loss=0.01514364
2026-06-03 19:51:53 | INFO | root | epoch=35 step=50 train_loss=0.01595660
2026-06-03 19:51:54 | INFO | root | epoch=35 train_loss=0.01603374 val_loss=0.04614459
2026-06-03 19:51:54 | INFO | root | epoch=36 step=25 train_loss=0.01543239
2026-06-03 19:51:54 | INFO | root | epoch=36 step=50 train_loss=0.01558559
2026-06-03 19:51:54 | INFO | root | epoch=36 train_loss=0.01586262 val_loss=0.05423196
2026-06-03 19:51:55 | INFO | root | epoch=37 step=25 train_loss=0.01578638
2026-06-03 19:51:55 | INFO | root | epoch=37 step=50 train_loss=0.01590007
2026-06-03 19:51:55 | INFO | root | epoch=37 train_loss=0.01569743 val_loss=0.04356262
2026-06-03 19:51:55 | INFO | root | epoch=38 step=25 train_loss=0.01482990
2026-06-03 19:51:56 | INFO | root | epoch=38 step=50 train_loss=0.01488627
2026-06-03 19:51:56 | INFO | root | epoch=38 train_loss=0.01501042 val_loss=0.05047850
2026-06-03 19:51:56 | INFO | root | epoch=39 step=25 train_loss=0.01446512
2026-06-03 19:51:56 | INFO | root | epoch=39 step=50 train_loss=0.01505002
2026-06-03 19:51:57 | INFO | root | epoch=39 train_loss=0.01562078 val_loss=0.04505514
2026-06-03 19:51:57 | INFO | root | epoch=40 step=25 train_loss=0.01544438
2026-06-03 19:51:57 | INFO | root | epoch=40 step=50 train_loss=0.01552955
2026-06-03 19:51:58 | INFO | root | epoch=40 train_loss=0.01550705 val_loss=0.04181966
2026-06-03 19:51:58 | INFO | root | epoch=41 step=25 train_loss=0.01461426
2026-06-03 19:51:58 | INFO | root | epoch=41 step=50 train_loss=0.01477594
2026-06-03 19:51:58 | INFO | root | epoch=41 train_loss=0.01445883 val_loss=0.04406448
2026-06-03 19:51:59 | INFO | root | epoch=42 step=25 train_loss=0.01347812
2026-06-03 19:51:59 | INFO | root | epoch=42 step=50 train_loss=0.01322808
2026-06-03 19:51:59 | INFO | root | epoch=42 train_loss=0.01339081 val_loss=0.05149221
2026-06-03 19:52:00 | INFO | root | epoch=43 step=25 train_loss=0.01427590
2026-06-03 19:52:00 | INFO | root | epoch=43 step=50 train_loss=0.01475549
2026-06-03 19:52:00 | INFO | root | epoch=43 train_loss=0.01458238 val_loss=0.04531476
2026-06-03 19:52:00 | INFO | root | epoch=44 step=25 train_loss=0.01282036
2026-06-03 19:52:01 | INFO | root | epoch=44 step=50 train_loss=0.01292914
2026-06-03 19:52:01 | INFO | root | epoch=44 train_loss=0.01299226 val_loss=0.04659776
2026-06-03 19:52:01 | INFO | root | epoch=45 step=25 train_loss=0.01319174
2026-06-03 19:52:01 | INFO | root | epoch=45 step=50 train_loss=0.01319639
2026-06-03 19:52:02 | INFO | root | epoch=45 train_loss=0.01307967 val_loss=0.05027323
2026-06-03 19:52:02 | INFO | root | epoch=46 step=25 train_loss=0.01279782
2026-06-03 19:52:02 | INFO | root | epoch=46 step=50 train_loss=0.01295021
2026-06-03 19:52:02 | INFO | root | epoch=46 train_loss=0.01287797 val_loss=0.04405261
2026-06-03 19:52:03 | INFO | root | epoch=47 step=25 train_loss=0.01243398
2026-06-03 19:52:03 | INFO | root | epoch=47 step=50 train_loss=0.01218092
2026-06-03 19:52:03 | INFO | root | epoch=47 train_loss=0.01223334 val_loss=0.04501404
2026-06-03 19:52:03 | INFO | root | epoch=48 step=25 train_loss=0.01265487
2026-06-03 19:52:04 | INFO | root | epoch=48 step=50 train_loss=0.01235138
2026-06-03 19:52:04 | INFO | root | epoch=48 train_loss=0.01261653 val_loss=0.04871986
2026-06-03 19:52:04 | INFO | root | epoch=49 step=25 train_loss=0.01569829
2026-06-03 19:52:05 | INFO | root | epoch=49 step=50 train_loss=0.01525819
2026-06-03 19:52:05 | INFO | root | epoch=49 train_loss=0.01486925 val_loss=0.05274101
2026-06-03 19:52:05 | INFO | root | epoch=50 step=25 train_loss=0.01360226
2026-06-03 19:52:05 | INFO | root | epoch=50 step=50 train_loss=0.01357185
2026-06-03 19:52:06 | INFO | root | epoch=50 train_loss=0.01371510 val_loss=0.05004808
2026-06-03 19:52:06 | INFO | root | epoch=51 step=25 train_loss=0.01366580
2026-06-03 19:52:06 | INFO | root | epoch=51 step=50 train_loss=0.01351433
2026-06-03 19:52:06 | INFO | root | epoch=51 train_loss=0.01324665 val_loss=0.05512076
2026-06-03 19:52:07 | INFO | root | epoch=52 step=25 train_loss=0.01279528
2026-06-03 19:52:07 | INFO | root | epoch=52 step=50 train_loss=0.01263408
2026-06-03 19:52:07 | INFO | root | epoch=52 train_loss=0.01239819 val_loss=0.05184926
2026-06-03 19:52:08 | INFO | root | epoch=53 step=25 train_loss=0.01096517
2026-06-03 19:52:08 | INFO | root | epoch=53 step=50 train_loss=0.01117122
2026-06-03 19:52:08 | INFO | root | epoch=53 train_loss=0.01142912 val_loss=0.04776178
2026-06-03 19:52:08 | INFO | root | epoch=54 step=25 train_loss=0.01153124
2026-06-03 19:52:09 | INFO | root | epoch=54 step=50 train_loss=0.01135121
2026-06-03 19:52:09 | INFO | root | epoch=54 train_loss=0.01132039 val_loss=0.04964616
2026-06-03 19:52:09 | INFO | root | epoch=55 step=25 train_loss=0.01107390
2026-06-03 19:52:09 | INFO | root | epoch=55 step=50 train_loss=0.01095403
2026-06-03 19:52:10 | INFO | root | epoch=55 train_loss=0.01084790 val_loss=0.04860747
2026-06-03 19:52:10 | INFO | root | epoch=56 step=25 train_loss=0.01033663
2026-06-03 19:52:10 | INFO | root | epoch=56 step=50 train_loss=0.01027847
2026-06-03 19:52:11 | INFO | root | epoch=56 train_loss=0.01066273 val_loss=0.05008676
2026-06-03 19:52:11 | INFO | root | epoch=57 step=25 train_loss=0.01105546
2026-06-03 19:52:11 | INFO | root | epoch=57 step=50 train_loss=0.01059928
2026-06-03 19:52:11 | INFO | root | epoch=57 train_loss=0.01047358 val_loss=0.04854273
2026-06-03 19:52:12 | INFO | root | epoch=58 step=25 train_loss=0.00968422
2026-06-03 19:52:12 | INFO | root | epoch=58 step=50 train_loss=0.00985575
2026-06-03 19:52:12 | INFO | root | epoch=58 train_loss=0.00992212 val_loss=0.04928842
2026-06-03 19:52:12 | INFO | root | epoch=59 step=25 train_loss=0.00962857
2026-06-03 19:52:13 | INFO | root | epoch=59 step=50 train_loss=0.00981488
2026-06-03 19:52:13 | INFO | root | epoch=59 train_loss=0.00981200 val_loss=0.04878883
2026-06-03 19:52:13 | INFO | root | epoch=60 step=25 train_loss=0.00953845
2026-06-03 19:52:13 | INFO | root | epoch=60 step=50 train_loss=0.00984872
2026-06-03 19:52:14 | INFO | root | epoch=60 train_loss=0.00983203 val_loss=0.05077633
2026-06-03 19:52:14 | INFO | root | epoch=61 step=25 train_loss=0.00950784
2026-06-03 19:52:14 | INFO | root | epoch=61 step=50 train_loss=0.00976667
2026-06-03 19:52:15 | INFO | root | epoch=61 train_loss=0.00982505 val_loss=0.04761656
2026-06-03 19:52:15 | INFO | root | epoch=62 step=25 train_loss=0.00959273
2026-06-03 19:52:15 | INFO | root | epoch=62 step=50 train_loss=0.00980510
2026-06-03 19:52:16 | INFO | root | epoch=62 train_loss=0.00981558 val_loss=0.05016585
2026-06-03 19:52:16 | INFO | root | epoch=63 step=25 train_loss=0.00954035
2026-06-03 19:52:16 | INFO | root | epoch=63 step=50 train_loss=0.00956141
2026-06-03 19:52:16 | INFO | root | epoch=63 train_loss=0.00980350 val_loss=0.05888094
2026-06-03 19:52:17 | INFO | root | epoch=64 step=25 train_loss=0.01208882
2026-06-03 19:52:17 | INFO | root | epoch=64 step=50 train_loss=0.01154065
2026-06-03 19:52:17 | INFO | root | epoch=64 train_loss=0.01115075 val_loss=0.05188502
2026-06-03 19:52:17 | INFO | root | epoch=65 step=25 train_loss=0.01001031
2026-06-03 19:52:18 | INFO | root | epoch=65 step=50 train_loss=0.00983029
2026-06-03 19:52:18 | INFO | root | epoch=65 train_loss=0.00981543 val_loss=0.05419136
2026-06-03 19:52:18 | INFO | root | epoch=66 step=25 train_loss=0.00924470
2026-06-03 19:52:18 | INFO | root | epoch=66 step=50 train_loss=0.00905186
2026-06-03 19:52:19 | INFO | root | epoch=66 train_loss=0.00913805 val_loss=0.04931007
2026-06-03 19:52:19 | INFO | root | epoch=67 step=25 train_loss=0.00922206
2026-06-03 19:52:19 | INFO | root | epoch=67 step=50 train_loss=0.00893114
2026-06-03 19:52:20 | INFO | root | epoch=67 train_loss=0.00889805 val_loss=0.04874154
2026-06-03 19:52:20 | INFO | root | epoch=68 step=25 train_loss=0.00831846
2026-06-03 19:52:20 | INFO | root | epoch=68 step=50 train_loss=0.00863961
2026-06-03 19:52:20 | INFO | root | epoch=68 train_loss=0.00878906 val_loss=0.05371450
2026-06-03 19:52:21 | INFO | root | epoch=69 step=25 train_loss=0.00883207
2026-06-03 19:52:21 | INFO | root | epoch=69 step=50 train_loss=0.00899334
2026-06-03 19:52:21 | INFO | root | epoch=69 train_loss=0.00914586 val_loss=0.05430666
2026-06-03 19:52:21 | INFO | root | epoch=70 step=25 train_loss=0.00910498
2026-06-03 19:52:22 | INFO | root | epoch=70 step=50 train_loss=0.00921874
2026-06-03 19:52:22 | INFO | root | epoch=70 train_loss=0.00891148 val_loss=0.05276747
2026-06-03 19:52:22 | INFO | root | epoch=71 step=25 train_loss=0.00802972
2026-06-03 19:52:23 | INFO | root | epoch=71 step=50 train_loss=0.00809386
2026-06-03 19:52:23 | INFO | root | epoch=71 train_loss=0.00802398 val_loss=0.04652178
2026-06-03 19:52:23 | INFO | root | epoch=72 step=25 train_loss=0.00826135
2026-06-03 19:52:23 | INFO | root | epoch=72 step=50 train_loss=0.00825682
2026-06-03 19:52:24 | INFO | root | epoch=72 train_loss=0.00823804 val_loss=0.05237339
2026-06-03 19:52:24 | INFO | root | epoch=73 step=25 train_loss=0.00773335
2026-06-03 19:52:24 | INFO | root | epoch=73 step=50 train_loss=0.00821055
2026-06-03 19:52:24 | INFO | root | epoch=73 train_loss=0.00831338 val_loss=0.05025827
2026-06-03 19:52:25 | INFO | root | epoch=74 step=25 train_loss=0.00869753
2026-06-03 19:52:25 | INFO | root | epoch=74 step=50 train_loss=0.00857418
2026-06-03 19:52:25 | INFO | root | epoch=74 train_loss=0.00850542 val_loss=0.04800572
2026-06-03 19:52:26 | INFO | root | epoch=75 step=25 train_loss=0.00836046
2026-06-03 19:52:26 | INFO | root | epoch=75 step=50 train_loss=0.00856048
2026-06-03 19:52:26 | INFO | root | epoch=75 train_loss=0.00865576 val_loss=0.04808500
2026-06-03 19:52:26 | INFO | root | epoch=76 step=25 train_loss=0.00863804
2026-06-03 19:52:27 | INFO | root | epoch=76 step=50 train_loss=0.00879493
2026-06-03 19:52:27 | INFO | root | epoch=76 train_loss=0.00881928 val_loss=0.06025405
2026-06-03 19:52:27 | INFO | root | epoch=77 step=25 train_loss=0.00861994
2026-06-03 19:52:27 | INFO | root | epoch=77 step=50 train_loss=0.00855383
2026-06-03 19:52:28 | INFO | root | epoch=77 train_loss=0.00856257 val_loss=0.05033915
2026-06-03 19:52:28 | INFO | root | epoch=78 step=25 train_loss=0.00799607
2026-06-03 19:52:28 | INFO | root | epoch=78 step=50 train_loss=0.00780753
2026-06-03 19:52:28 | INFO | root | epoch=78 train_loss=0.00836829 val_loss=0.05236178
2026-06-03 19:52:29 | INFO | root | epoch=79 step=25 train_loss=0.01043568
2026-06-03 19:52:29 | INFO | root | epoch=79 step=50 train_loss=0.01027807
2026-06-03 19:52:29 | INFO | root | epoch=79 train_loss=0.00966661 val_loss=0.05254734
2026-06-03 19:52:30 | INFO | root | epoch=80 step=25 train_loss=0.00751024
2026-06-03 19:52:30 | INFO | root | epoch=80 step=50 train_loss=0.00736422
2026-06-03 19:52:30 | INFO | root | epoch=80 train_loss=0.00743485 val_loss=0.05035217
2026-06-03 19:52:30 | INFO | root | epoch=81 step=25 train_loss=0.00795392
2026-06-03 19:52:31 | INFO | root | epoch=81 step=50 train_loss=0.00773843
2026-06-03 19:52:31 | INFO | root | epoch=81 train_loss=0.00766938 val_loss=0.05207278
2026-06-03 19:52:31 | INFO | root | epoch=82 step=25 train_loss=0.00745103
2026-06-03 19:52:32 | INFO | root | epoch=82 step=50 train_loss=0.00733802
2026-06-03 19:52:32 | INFO | root | epoch=82 train_loss=0.00727154 val_loss=0.05033172
2026-06-03 19:52:32 | INFO | root | epoch=83 step=25 train_loss=0.00685937
2026-06-03 19:52:32 | INFO | root | epoch=83 step=50 train_loss=0.00679459
2026-06-03 19:52:33 | INFO | root | epoch=83 train_loss=0.00668164 val_loss=0.04998533
2026-06-03 19:52:33 | INFO | root | epoch=84 step=25 train_loss=0.00663440
2026-06-03 19:52:33 | INFO | root | epoch=84 step=50 train_loss=0.00671409
2026-06-03 19:52:33 | INFO | root | epoch=84 train_loss=0.00668647 val_loss=0.05321700
2026-06-03 19:52:34 | INFO | root | epoch=85 step=25 train_loss=0.00683013
2026-06-03 19:52:34 | INFO | root | epoch=85 step=50 train_loss=0.00758569
2026-06-03 19:52:34 | INFO | root | epoch=85 train_loss=0.00743661 val_loss=0.05068788
2026-06-03 19:52:34 | INFO | root | epoch=86 step=25 train_loss=0.00743699
2026-06-03 19:52:35 | INFO | root | epoch=86 step=50 train_loss=0.00739472
2026-06-03 19:52:35 | INFO | root | epoch=86 train_loss=0.00734868 val_loss=0.04637785
2026-06-03 19:52:35 | INFO | root | epoch=87 step=25 train_loss=0.00638466
2026-06-03 19:52:36 | INFO | root | epoch=87 step=50 train_loss=0.00639365
2026-06-03 19:52:36 | INFO | root | epoch=87 train_loss=0.00635870 val_loss=0.04999792
2026-06-03 19:52:36 | INFO | root | epoch=88 step=25 train_loss=0.00608177
2026-06-03 19:52:36 | INFO | root | epoch=88 step=50 train_loss=0.00619177
2026-06-03 19:52:37 | INFO | root | epoch=88 train_loss=0.00621442 val_loss=0.04879801
2026-06-03 19:52:37 | INFO | root | epoch=89 step=25 train_loss=0.00605737
2026-06-03 19:52:37 | INFO | root | epoch=89 step=50 train_loss=0.00617008
2026-06-03 19:52:37 | INFO | root | epoch=89 train_loss=0.00633935 val_loss=0.04707041
2026-06-03 19:52:38 | INFO | root | epoch=90 step=25 train_loss=0.00659973
2026-06-03 19:52:38 | INFO | root | epoch=90 step=50 train_loss=0.00633991
2026-06-03 19:52:38 | INFO | root | epoch=90 train_loss=0.00621628 val_loss=0.04985173
2026-06-03 19:52:39 | INFO | root | epoch=91 step=25 train_loss=0.00595755
2026-06-03 19:52:39 | INFO | root | epoch=91 step=50 train_loss=0.00604030
2026-06-03 19:52:39 | INFO | root | epoch=91 train_loss=0.00604866 val_loss=0.05169129
2026-06-03 19:52:39 | INFO | root | epoch=92 step=25 train_loss=0.00579279
2026-06-03 19:52:40 | INFO | root | epoch=92 step=50 train_loss=0.00692808
2026-06-03 19:52:40 | INFO | root | epoch=92 train_loss=0.00702088 val_loss=0.05948300
2026-06-03 19:52:40 | INFO | root | epoch=93 step=25 train_loss=0.00775143
2026-06-03 19:52:40 | INFO | root | epoch=93 step=50 train_loss=0.00726232
2026-06-03 19:52:41 | INFO | root | epoch=93 train_loss=0.00719502 val_loss=0.04820553
2026-06-03 19:52:41 | INFO | root | epoch=94 step=25 train_loss=0.00788575
2026-06-03 19:52:41 | INFO | root | epoch=94 step=50 train_loss=0.00752324
2026-06-03 19:52:41 | INFO | root | epoch=94 train_loss=0.00731258 val_loss=0.05365595
2026-06-03 19:52:42 | INFO | root | epoch=95 step=25 train_loss=0.00781201
2026-06-03 19:52:42 | INFO | root | epoch=95 step=50 train_loss=0.00802579
2026-06-03 19:52:42 | INFO | root | epoch=95 train_loss=0.00836937 val_loss=0.05500491
2026-06-03 19:52:43 | INFO | root | epoch=96 step=25 train_loss=0.00990287
2026-06-03 19:52:43 | INFO | root | epoch=96 step=50 train_loss=0.00866066
2026-06-03 19:52:43 | INFO | root | epoch=96 train_loss=0.00810000 val_loss=0.05491438
2026-06-03 19:52:43 | INFO | root | epoch=97 step=25 train_loss=0.00588355
2026-06-03 19:52:44 | INFO | root | epoch=97 step=50 train_loss=0.00597461
2026-06-03 19:52:44 | INFO | root | epoch=97 train_loss=0.00631412 val_loss=0.05229746
2026-06-03 19:52:44 | INFO | root | epoch=98 step=25 train_loss=0.00727713
2026-06-03 19:52:44 | INFO | root | epoch=98 step=50 train_loss=0.00678233
2026-06-03 19:52:45 | INFO | root | epoch=98 train_loss=0.00652324 val_loss=0.04811700
2026-06-03 19:52:45 | INFO | root | epoch=99 step=25 train_loss=0.00618941
2026-06-03 19:52:45 | INFO | root | epoch=99 step=50 train_loss=0.00603998
2026-06-03 19:52:46 | INFO | root | epoch=99 train_loss=0.00583599 val_loss=0.05111749
2026-06-03 19:52:46 | INFO | root | epoch=100 step=25 train_loss=0.00530604
2026-06-03 19:52:46 | INFO | root | epoch=100 step=50 train_loss=0.00538307
2026-06-03 19:52:46 | INFO | root | epoch=100 train_loss=0.00527944 val_loss=0.05098851
2026-06-03 19:52:47 | INFO | root | epoch=101 step=25 train_loss=0.00500969
2026-06-03 19:52:47 | INFO | root | epoch=101 step=50 train_loss=0.00497923
2026-06-03 19:52:47 | INFO | root | epoch=101 train_loss=0.00500735 val_loss=0.05348574
2026-06-03 19:52:47 | INFO | root | epoch=102 step=25 train_loss=0.00486783
2026-06-03 19:52:48 | INFO | root | epoch=102 step=50 train_loss=0.00492468
2026-06-03 19:52:48 | INFO | root | epoch=102 train_loss=0.00492132 val_loss=0.05405914
2026-06-03 19:52:48 | INFO | root | epoch=103 step=25 train_loss=0.00521291
2026-06-03 19:52:49 | INFO | root | epoch=103 step=50 train_loss=0.00527748
2026-06-03 19:52:49 | INFO | root | epoch=103 train_loss=0.00524890 val_loss=0.05336775
2026-06-03 19:52:49 | INFO | root | epoch=104 step=25 train_loss=0.00488576
2026-06-03 19:52:49 | INFO | root | epoch=104 step=50 train_loss=0.00553836
2026-06-03 19:52:50 | INFO | root | epoch=104 train_loss=0.00567725 val_loss=0.05251187
2026-06-03 19:52:50 | INFO | root | epoch=105 step=25 train_loss=0.00860535
2026-06-03 19:52:50 | INFO | root | epoch=105 step=50 train_loss=0.00913124
2026-06-03 19:52:50 | INFO | root | epoch=105 train_loss=0.00901512 val_loss=0.04855551
2026-06-03 19:52:51 | INFO | root | epoch=106 step=25 train_loss=0.00702533
2026-06-03 19:52:51 | INFO | root | epoch=106 step=50 train_loss=0.00649598
2026-06-03 19:52:51 | INFO | root | epoch=106 train_loss=0.00620113 val_loss=0.05096790
2026-06-03 19:52:51 | INFO | root | epoch=107 step=25 train_loss=0.00575975
2026-06-03 19:52:52 | INFO | root | epoch=107 step=50 train_loss=0.00545661
2026-06-03 19:52:52 | INFO | root | epoch=107 train_loss=0.00536685 val_loss=0.05219510
2026-06-03 19:52:52 | INFO | root | epoch=108 step=25 train_loss=0.00491690
2026-06-03 19:52:53 | INFO | root | epoch=108 step=50 train_loss=0.00488230
2026-06-03 19:52:53 | INFO | root | epoch=108 train_loss=0.00495058 val_loss=0.05181481
2026-06-03 19:52:53 | INFO | root | epoch=109 step=25 train_loss=0.00511790
2026-06-03 19:52:53 | INFO | root | epoch=109 step=50 train_loss=0.00514530
2026-06-03 19:52:54 | INFO | root | epoch=109 train_loss=0.00501143 val_loss=0.05526908
2026-06-03 19:52:54 | INFO | root | epoch=110 step=25 train_loss=0.00443380
2026-06-03 19:52:54 | INFO | root | epoch=110 step=50 train_loss=0.00451619
2026-06-03 19:52:55 | INFO | root | epoch=110 train_loss=0.00458952 val_loss=0.05085734
2026-06-03 19:52:55 | INFO | root | epoch=111 step=25 train_loss=0.00427776
2026-06-03 19:52:55 | INFO | root | epoch=111 step=50 train_loss=0.00476545
2026-06-03 19:52:55 | INFO | root | epoch=111 train_loss=0.00497009 val_loss=0.05182007
2026-06-03 19:52:56 | INFO | root | epoch=112 step=25 train_loss=0.00525301
2026-06-03 19:52:56 | INFO | root | epoch=112 step=50 train_loss=0.00505199
2026-06-03 19:52:56 | INFO | root | epoch=112 train_loss=0.00498652 val_loss=0.04937009
2026-06-03 19:52:56 | INFO | root | epoch=113 step=25 train_loss=0.00470869
2026-06-03 19:52:57 | INFO | root | epoch=113 step=50 train_loss=0.00456091
2026-06-03 19:52:57 | INFO | root | epoch=113 train_loss=0.00449144 val_loss=0.04917489
2026-06-03 19:52:57 | INFO | root | epoch=114 step=25 train_loss=0.00415499
2026-06-03 19:52:57 | INFO | root | epoch=114 step=50 train_loss=0.00427327
2026-06-03 19:52:58 | INFO | root | epoch=114 train_loss=0.00448484 val_loss=0.05191484
2026-06-03 19:52:58 | INFO | root | epoch=115 step=25 train_loss=0.00723594
2026-06-03 19:52:58 | INFO | root | epoch=115 step=50 train_loss=0.00751844
2026-06-03 19:52:59 | INFO | root | epoch=115 train_loss=0.00732887 val_loss=0.04966378
2026-06-03 19:52:59 | INFO | root | epoch=116 step=25 train_loss=0.00678440
2026-06-03 19:52:59 | INFO | root | epoch=116 step=50 train_loss=0.00720763
2026-06-03 19:52:59 | INFO | root | epoch=116 train_loss=0.00722806 val_loss=0.05319032
2026-06-03 19:53:00 | INFO | root | epoch=117 step=25 train_loss=0.01325049
2026-06-03 19:53:00 | INFO | root | epoch=117 step=50 train_loss=0.01166503
2026-06-03 19:53:00 | INFO | root | epoch=117 train_loss=0.01085287 val_loss=0.05437116
2026-06-03 19:53:00 | INFO | root | epoch=118 step=25 train_loss=0.00655299
2026-06-03 19:53:01 | INFO | root | epoch=118 step=50 train_loss=0.00608838
2026-06-03 19:53:01 | INFO | root | epoch=118 train_loss=0.00582409 val_loss=0.05093611
2026-06-03 19:53:01 | INFO | root | epoch=119 step=25 train_loss=0.00481631
2026-06-03 19:53:02 | INFO | root | epoch=119 step=50 train_loss=0.00472860
2026-06-03 19:53:02 | INFO | root | epoch=119 train_loss=0.00465204 val_loss=0.05114818
2026-06-03 19:53:02 | INFO | root | epoch=120 step=25 train_loss=0.00422187
2026-06-03 19:53:02 | INFO | root | epoch=120 step=50 train_loss=0.00422054
2026-06-03 19:53:03 | INFO | root | epoch=120 train_loss=0.00424417 val_loss=0.05193984
2026-06-03 19:53:03 | INFO | root | epoch=121 step=25 train_loss=0.00425792
2026-06-03 19:53:03 | INFO | root | epoch=121 step=50 train_loss=0.00417463
2026-06-03 19:53:03 | INFO | root | epoch=121 train_loss=0.00414063 val_loss=0.05142707
2026-06-03 19:53:04 | INFO | root | epoch=122 step=25 train_loss=0.00386738
2026-06-03 19:53:04 | INFO | root | epoch=122 step=50 train_loss=0.00387588
2026-06-03 19:53:04 | INFO | root | epoch=122 train_loss=0.00388151 val_loss=0.05119281
2026-06-03 19:53:05 | INFO | root | epoch=123 step=25 train_loss=0.00403950
2026-06-03 19:53:05 | INFO | root | epoch=123 step=50 train_loss=0.00391883
2026-06-03 19:53:05 | INFO | root | epoch=123 train_loss=0.00397835 val_loss=0.05350760
2026-06-03 19:53:05 | INFO | root | epoch=124 step=25 train_loss=0.00396995
2026-06-03 19:53:06 | INFO | root | epoch=124 step=50 train_loss=0.00396279
2026-06-03 19:53:06 | INFO | root | epoch=124 train_loss=0.00394598 val_loss=0.04994939
2026-06-03 19:53:06 | INFO | root | epoch=125 step=25 train_loss=0.00379809
2026-06-03 19:53:06 | INFO | root | epoch=125 step=50 train_loss=0.00380060
2026-06-03 19:53:07 | INFO | root | epoch=125 train_loss=0.00377161 val_loss=0.05053607
2026-06-03 19:53:07 | INFO | root | epoch=126 step=25 train_loss=0.00362949
2026-06-03 19:53:07 | INFO | root | epoch=126 step=50 train_loss=0.00359805
2026-06-03 19:53:08 | INFO | root | epoch=126 train_loss=0.00366802 val_loss=0.05020500
2026-06-03 19:53:08 | INFO | root | epoch=127 step=25 train_loss=0.00358067
2026-06-03 19:53:08 | INFO | root | epoch=127 step=50 train_loss=0.00359354
2026-06-03 19:53:08 | INFO | root | epoch=127 train_loss=0.00359984 val_loss=0.04921522
2026-06-03 19:53:09 | INFO | root | epoch=128 step=25 train_loss=0.00344085
2026-06-03 19:53:09 | INFO | root | epoch=128 step=50 train_loss=0.00348370
2026-06-03 19:53:09 | INFO | root | epoch=128 train_loss=0.00349939 val_loss=0.05082804
2026-06-03 19:53:09 | INFO | root | epoch=129 step=25 train_loss=0.00376799
2026-06-03 19:53:10 | INFO | root | epoch=129 step=50 train_loss=0.00395558
2026-06-03 19:53:10 | INFO | root | epoch=129 train_loss=0.00382961 val_loss=0.05293270
2026-06-03 19:53:10 | INFO | root | epoch=130 step=25 train_loss=0.00360088
2026-06-03 19:53:11 | INFO | root | epoch=130 step=50 train_loss=0.00353984
2026-06-03 19:53:11 | INFO | root | epoch=130 train_loss=0.00349728 val_loss=0.05170863
2026-06-03 19:53:11 | INFO | root | epoch=131 step=25 train_loss=0.00326872
2026-06-03 19:53:11 | INFO | root | epoch=131 step=50 train_loss=0.00334123
2026-06-03 19:53:12 | INFO | root | epoch=131 train_loss=0.00336795 val_loss=0.04969309
2026-06-03 19:53:12 | INFO | root | epoch=132 step=25 train_loss=0.00331895
2026-06-03 19:53:12 | INFO | root | epoch=132 step=50 train_loss=0.00343533
2026-06-03 19:53:12 | INFO | root | epoch=132 train_loss=0.00344009 val_loss=0.05021138
2026-06-03 19:53:13 | INFO | root | epoch=133 step=25 train_loss=0.00332635
2026-06-03 19:53:13 | INFO | root | epoch=133 step=50 train_loss=0.00341154
2026-06-03 19:53:13 | INFO | root | epoch=133 train_loss=0.00344763 val_loss=0.05206722
2026-06-03 19:53:13 | INFO | root | epoch=134 step=25 train_loss=0.00326406
2026-06-03 19:53:14 | INFO | root | epoch=134 step=50 train_loss=0.00328949
2026-06-03 19:53:14 | INFO | root | epoch=134 train_loss=0.00336568 val_loss=0.05232351
2026-06-03 19:53:14 | INFO | root | epoch=135 step=25 train_loss=0.00326080
2026-06-03 19:53:15 | INFO | root | epoch=135 step=50 train_loss=0.00329585
2026-06-03 19:53:15 | INFO | root | epoch=135 train_loss=0.00336393 val_loss=0.05500864
2026-06-03 19:53:15 | INFO | root | epoch=136 step=25 train_loss=0.00474266
2026-06-03 19:53:15 | INFO | root | epoch=136 step=50 train_loss=0.00469491
2026-06-03 19:53:16 | INFO | root | epoch=136 train_loss=0.00483652 val_loss=0.05150165
2026-06-03 19:53:16 | INFO | root | epoch=137 step=25 train_loss=0.00492263
2026-06-03 19:53:16 | INFO | root | epoch=137 step=50 train_loss=0.00560236
2026-06-03 19:53:17 | INFO | root | epoch=137 train_loss=0.00576813 val_loss=0.04920745
2026-06-03 19:53:17 | INFO | root | epoch=138 step=25 train_loss=0.00525200
2026-06-03 19:53:17 | INFO | root | epoch=138 step=50 train_loss=0.00489156
2026-06-03 19:53:17 | INFO | root | epoch=138 train_loss=0.00470666 val_loss=0.05717420
2026-06-03 19:53:18 | INFO | root | epoch=139 step=25 train_loss=0.00551635
2026-06-03 19:53:18 | INFO | root | epoch=139 step=50 train_loss=0.00641880
2026-06-03 19:53:18 | INFO | root | epoch=139 train_loss=0.00636031 val_loss=0.05496177
2026-06-03 19:53:18 | INFO | root | epoch=140 step=25 train_loss=0.00522873
2026-06-03 19:53:19 | INFO | root | epoch=140 step=50 train_loss=0.00470051
2026-06-03 19:53:19 | INFO | root | epoch=140 train_loss=0.00466703 val_loss=0.05099233
2026-06-03 19:53:19 | INFO | root | epoch=141 step=25 train_loss=0.00389854
2026-06-03 19:53:19 | INFO | root | epoch=141 step=50 train_loss=0.00380488
2026-06-03 19:53:20 | INFO | root | epoch=141 train_loss=0.00376736 val_loss=0.05420551
2026-06-03 19:53:20 | INFO | root | epoch=142 step=25 train_loss=0.00349591
2026-06-03 19:53:20 | INFO | root | epoch=142 step=50 train_loss=0.00338689
2026-06-03 19:53:21 | INFO | root | epoch=142 train_loss=0.00337813 val_loss=0.05258648
2026-06-03 19:53:21 | INFO | root | epoch=143 step=25 train_loss=0.00314387
2026-06-03 19:53:21 | INFO | root | epoch=143 step=50 train_loss=0.00320631
2026-06-03 19:53:21 | INFO | root | epoch=143 train_loss=0.00322797 val_loss=0.05392180
2026-06-03 19:53:22 | INFO | root | epoch=144 step=25 train_loss=0.00312613
2026-06-03 19:53:22 | INFO | root | epoch=144 step=50 train_loss=0.00317043
2026-06-03 19:53:22 | INFO | root | epoch=144 train_loss=0.00315769 val_loss=0.05321300
2026-06-03 19:53:22 | INFO | root | epoch=145 step=25 train_loss=0.00303712
2026-06-03 19:53:23 | INFO | root | epoch=145 step=50 train_loss=0.00306559
2026-06-03 19:53:23 | INFO | root | epoch=145 train_loss=0.00303893 val_loss=0.05089406
2026-06-03 19:53:23 | INFO | root | epoch=146 step=25 train_loss=0.00294824
2026-06-03 19:53:24 | INFO | root | epoch=146 step=50 train_loss=0.00307496
2026-06-03 19:53:24 | INFO | root | epoch=146 train_loss=0.00316910 val_loss=0.04857608
2026-06-03 19:53:24 | INFO | root | epoch=147 step=25 train_loss=0.00343058
2026-06-03 19:53:24 | INFO | root | epoch=147 step=50 train_loss=0.00331943
2026-06-03 19:53:25 | INFO | root | epoch=147 train_loss=0.00333177 val_loss=0.05431908
2026-06-03 19:53:25 | INFO | root | epoch=148 step=25 train_loss=0.00349559
2026-06-03 19:53:25 | INFO | root | epoch=148 step=50 train_loss=0.00386157
2026-06-03 19:53:25 | INFO | root | epoch=148 train_loss=0.00390459 val_loss=0.04822442
2026-06-03 19:53:26 | INFO | root | epoch=149 step=25 train_loss=0.00337354
2026-06-03 19:53:26 | INFO | root | epoch=149 step=50 train_loss=0.00329133
2026-06-03 19:53:26 | INFO | root | epoch=149 train_loss=0.00330161 val_loss=0.04992986
2026-06-03 19:53:26 | INFO | root | epoch=150 step=25 train_loss=0.00314347
2026-06-03 19:53:27 | INFO | root | epoch=150 step=50 train_loss=0.00305712
2026-06-03 19:53:27 | INFO | root | epoch=150 train_loss=0.00314371 val_loss=0.04912087
2026-06-03 19:53:27 | INFO | root | epoch=151 step=25 train_loss=0.00329067
2026-06-03 19:53:28 | INFO | root | epoch=151 step=50 train_loss=0.00325530
2026-06-03 19:53:28 | INFO | root | epoch=151 train_loss=0.00325931 val_loss=0.05194279
2026-06-03 19:53:28 | INFO | root | epoch=152 step=25 train_loss=0.00296733
2026-06-03 19:53:28 | INFO | root | epoch=152 step=50 train_loss=0.00288601
2026-06-03 19:53:29 | INFO | root | epoch=152 train_loss=0.00291749 val_loss=0.04994356
2026-06-03 19:53:29 | INFO | root | epoch=153 step=25 train_loss=0.00291435
2026-06-03 19:53:29 | INFO | root | epoch=153 step=50 train_loss=0.00296557
2026-06-03 19:53:30 | INFO | root | epoch=153 train_loss=0.00300215 val_loss=0.05275277
2026-06-03 19:53:30 | INFO | root | epoch=154 step=25 train_loss=0.00352122
2026-06-03 19:53:30 | INFO | root | epoch=154 step=50 train_loss=0.00363493
2026-06-03 19:53:30 | INFO | root | epoch=154 train_loss=0.00353661 val_loss=0.05885159
2026-06-03 19:53:31 | INFO | root | epoch=155 step=25 train_loss=0.00305495
2026-06-03 19:53:31 | INFO | root | epoch=155 step=50 train_loss=0.00308461
2026-06-03 19:53:31 | INFO | root | epoch=155 train_loss=0.00311328 val_loss=0.05388458
2026-06-03 19:53:31 | INFO | root | epoch=156 step=25 train_loss=0.00470228
2026-06-03 19:53:32 | INFO | root | epoch=156 step=50 train_loss=0.00485283
2026-06-03 19:53:32 | INFO | root | epoch=156 train_loss=0.00469503 val_loss=0.05845429
2026-06-03 19:53:32 | INFO | root | epoch=157 step=25 train_loss=0.01409376
2026-06-03 19:53:33 | INFO | root | epoch=157 step=50 train_loss=0.01338700
2026-06-03 19:53:33 | INFO | root | epoch=157 train_loss=0.01302242 val_loss=0.05719725
2026-06-03 19:53:33 | INFO | root | epoch=158 step=25 train_loss=0.01021377
2026-06-03 19:53:33 | INFO | root | epoch=158 step=50 train_loss=0.00925826
2026-06-03 19:53:34 | INFO | root | epoch=158 train_loss=0.00855508 val_loss=0.05223759
2026-06-03 19:53:34 | INFO | root | epoch=159 step=25 train_loss=0.00678907
2026-06-03 19:53:34 | INFO | root | epoch=159 step=50 train_loss=0.00625310
2026-06-03 19:53:34 | INFO | root | epoch=159 train_loss=0.00624430 val_loss=0.05309281
2026-06-03 19:53:35 | INFO | root | epoch=160 step=25 train_loss=0.00563411
2026-06-03 19:53:35 | INFO | root | epoch=160 step=50 train_loss=0.00537939
2026-06-03 19:53:35 | INFO | root | epoch=160 train_loss=0.00523727 val_loss=0.05235672
2026-06-03 19:53:36 | INFO | root | epoch=161 step=25 train_loss=0.00463811
2026-06-03 19:53:36 | INFO | root | epoch=161 step=50 train_loss=0.00489717
2026-06-03 19:53:36 | INFO | root | epoch=161 train_loss=0.00539212 val_loss=0.05288876
2026-06-03 19:53:36 | INFO | root | epoch=162 step=25 train_loss=0.00438325
2026-06-03 19:53:37 | INFO | root | epoch=162 step=50 train_loss=0.00412505
2026-06-03 19:53:37 | INFO | root | epoch=162 train_loss=0.00398693 val_loss=0.05376987
2026-06-03 19:53:37 | INFO | root | epoch=163 step=25 train_loss=0.00319925
2026-06-03 19:53:38 | INFO | root | epoch=163 step=50 train_loss=0.00313269
2026-06-03 19:53:38 | INFO | root | epoch=163 train_loss=0.00309563 val_loss=0.05387907
2026-06-03 19:53:38 | INFO | root | epoch=164 step=25 train_loss=0.00283655
2026-06-03 19:53:38 | INFO | root | epoch=164 step=50 train_loss=0.00286059
2026-06-03 19:53:39 | INFO | root | epoch=164 train_loss=0.00289164 val_loss=0.05539016
2026-06-03 19:53:39 | INFO | root | epoch=165 step=25 train_loss=0.00308495
2026-06-03 19:53:39 | INFO | root | epoch=165 step=50 train_loss=0.00306796
2026-06-03 19:53:39 | INFO | root | epoch=165 train_loss=0.00304572 val_loss=0.05295841
2026-06-03 19:53:40 | INFO | root | epoch=166 step=25 train_loss=0.00271705
2026-06-03 19:53:40 | INFO | root | epoch=166 step=50 train_loss=0.00356982
2026-06-03 19:53:40 | INFO | root | epoch=166 train_loss=0.00410521 val_loss=0.05803507
2026-06-03 19:53:41 | INFO | root | epoch=167 step=25 train_loss=0.00461208
2026-06-03 19:53:41 | INFO | root | epoch=167 step=50 train_loss=0.00463333
2026-06-03 19:53:41 | INFO | root | epoch=167 train_loss=0.00452090 val_loss=0.05691970
2026-06-03 19:53:41 | INFO | root | epoch=168 step=25 train_loss=0.00340456
2026-06-03 19:53:42 | INFO | root | epoch=168 step=50 train_loss=0.00318545
2026-06-03 19:53:42 | INFO | root | epoch=168 train_loss=0.00314270 val_loss=0.05634193
2026-06-03 19:53:42 | INFO | root | epoch=169 step=25 train_loss=0.00277904
2026-06-03 19:53:42 | INFO | root | epoch=169 step=50 train_loss=0.00278556
2026-06-03 19:53:43 | INFO | root | epoch=169 train_loss=0.00277080 val_loss=0.05287373
2026-06-03 19:53:43 | INFO | root | epoch=170 step=25 train_loss=0.00263513
2026-06-03 19:53:43 | INFO | root | epoch=170 step=50 train_loss=0.00263080
2026-06-03 19:53:43 | INFO | root | epoch=170 train_loss=0.00264021 val_loss=0.05408110
2026-06-03 19:53:44 | INFO | root | epoch=171 step=25 train_loss=0.00254507
2026-06-03 19:53:44 | INFO | root | epoch=171 step=50 train_loss=0.00252269
2026-06-03 19:53:44 | INFO | root | epoch=171 train_loss=0.00255906 val_loss=0.05374327
2026-06-03 19:53:45 | INFO | root | epoch=172 step=25 train_loss=0.00246011
2026-06-03 19:53:45 | INFO | root | epoch=172 step=50 train_loss=0.00252606
2026-06-03 19:53:45 | INFO | root | epoch=172 train_loss=0.00250136 val_loss=0.05271212
2026-06-03 19:53:45 | INFO | root | epoch=173 step=25 train_loss=0.00236343
2026-06-03 19:53:46 | INFO | root | epoch=173 step=50 train_loss=0.00243689
2026-06-03 19:53:46 | INFO | root | epoch=173 train_loss=0.00247065 val_loss=0.05393811
2026-06-03 19:53:46 | INFO | root | epoch=174 step=25 train_loss=0.00243065
2026-06-03 19:53:46 | INFO | root | epoch=174 step=50 train_loss=0.00243946
2026-06-03 19:53:47 | INFO | root | epoch=174 train_loss=0.00244650 val_loss=0.05333989
2026-06-03 19:53:47 | INFO | root | epoch=175 step=25 train_loss=0.00234610
2026-06-03 19:53:47 | INFO | root | epoch=175 step=50 train_loss=0.00230860
2026-06-03 19:53:48 | INFO | root | epoch=175 train_loss=0.00231957 val_loss=0.05488438
2026-06-03 19:53:48 | INFO | root | epoch=176 step=25 train_loss=0.00227089
2026-06-03 19:53:48 | INFO | root | epoch=176 step=50 train_loss=0.00226829
2026-06-03 19:53:48 | INFO | root | epoch=176 train_loss=0.00234479 val_loss=0.05445987
2026-06-03 19:53:49 | INFO | root | epoch=177 step=25 train_loss=0.00239483
2026-06-03 19:53:49 | INFO | root | epoch=177 step=50 train_loss=0.00230990
2026-06-03 19:53:49 | INFO | root | epoch=177 train_loss=0.00228623 val_loss=0.05519498
2026-06-03 19:53:49 | INFO | root | epoch=178 step=25 train_loss=0.00213990
2026-06-03 19:53:50 | INFO | root | epoch=178 step=50 train_loss=0.00219489
2026-06-03 19:53:50 | INFO | root | epoch=178 train_loss=0.00223277 val_loss=0.05449878
2026-06-03 19:53:50 | INFO | root | epoch=179 step=25 train_loss=0.00242843
2026-06-03 19:53:51 | INFO | root | epoch=179 step=50 train_loss=0.00238364
2026-06-03 19:53:51 | INFO | root | epoch=179 train_loss=0.00234418 val_loss=0.05268080
2026-06-03 19:53:51 | INFO | root | epoch=180 step=25 train_loss=0.00225852
2026-06-03 19:53:51 | INFO | root | epoch=180 step=50 train_loss=0.00224815
2026-06-03 19:53:52 | INFO | root | epoch=180 train_loss=0.00225738 val_loss=0.05374395
2026-06-03 19:53:52 | INFO | root | epoch=181 step=25 train_loss=0.00213709
2026-06-03 19:53:52 | INFO | root | epoch=181 step=50 train_loss=0.00222055
2026-06-03 19:53:53 | INFO | root | epoch=181 train_loss=0.00226461 val_loss=0.05471124
2026-06-03 19:53:53 | INFO | root | epoch=182 step=25 train_loss=0.00242091
2026-06-03 19:53:53 | INFO | root | epoch=182 step=50 train_loss=0.00248522
2026-06-03 19:53:53 | INFO | root | epoch=182 train_loss=0.00248071 val_loss=0.05408797
2026-06-03 19:53:54 | INFO | root | epoch=183 step=25 train_loss=0.00232047
2026-06-03 19:53:54 | INFO | root | epoch=183 step=50 train_loss=0.00228372
2026-06-03 19:53:54 | INFO | root | epoch=183 train_loss=0.00225510 val_loss=0.05326246
2026-06-03 19:53:54 | INFO | root | epoch=184 step=25 train_loss=0.00210163
2026-06-03 19:53:55 | INFO | root | epoch=184 step=50 train_loss=0.00211589
2026-06-03 19:53:55 | INFO | root | epoch=184 train_loss=0.00211114 val_loss=0.05219810
2026-06-03 19:53:55 | INFO | root | epoch=185 step=25 train_loss=0.00220444
2026-06-03 19:53:55 | INFO | root | epoch=185 step=50 train_loss=0.00223792
2026-06-03 19:53:56 | INFO | root | epoch=185 train_loss=0.00228174 val_loss=0.05135204
2026-06-03 19:53:56 | INFO | root | epoch=186 step=25 train_loss=0.00259921
2026-06-03 19:53:56 | INFO | root | epoch=186 step=50 train_loss=0.00294512
2026-06-03 19:53:57 | INFO | root | epoch=186 train_loss=0.00297723 val_loss=0.05915715
2026-06-03 19:53:57 | INFO | root | epoch=187 step=25 train_loss=0.00301996
2026-06-03 19:53:57 | INFO | root | epoch=187 step=50 train_loss=0.00301723
2026-06-03 19:53:57 | INFO | root | epoch=187 train_loss=0.00294952 val_loss=0.05901389
2026-06-03 19:53:58 | INFO | root | epoch=188 step=25 train_loss=0.00254302
2026-06-03 19:53:58 | INFO | root | epoch=188 step=50 train_loss=0.00247532
2026-06-03 19:53:58 | INFO | root | epoch=188 train_loss=0.00241691 val_loss=0.05226189
2026-06-03 19:53:58 | INFO | root | epoch=189 step=25 train_loss=0.00220281
2026-06-03 19:53:59 | INFO | root | epoch=189 step=50 train_loss=0.00224293
2026-06-03 19:53:59 | INFO | root | epoch=189 train_loss=0.00224044 val_loss=0.05478006
2026-06-03 19:53:59 | INFO | root | epoch=190 step=25 train_loss=0.00211881
2026-06-03 19:54:00 | INFO | root | epoch=190 step=50 train_loss=0.00211275
2026-06-03 19:54:00 | INFO | root | epoch=190 train_loss=0.00209349 val_loss=0.05285345
2026-06-03 19:54:00 | INFO | root | epoch=191 step=25 train_loss=0.00205213
2026-06-03 19:54:00 | INFO | root | epoch=191 step=50 train_loss=0.00220032
2026-06-03 19:54:01 | INFO | root | epoch=191 train_loss=0.00219243 val_loss=0.05663549
2026-06-03 19:54:01 | INFO | root | epoch=192 step=25 train_loss=0.00226120
2026-06-03 19:54:01 | INFO | root | epoch=192 step=50 train_loss=0.00220408
2026-06-03 19:54:01 | INFO | root | epoch=192 train_loss=0.00220566 val_loss=0.05514490
2026-06-03 19:54:02 | INFO | root | epoch=193 step=25 train_loss=0.00203919
2026-06-03 19:54:02 | INFO | root | epoch=193 step=50 train_loss=0.00205389
2026-06-03 19:54:02 | INFO | root | epoch=193 train_loss=0.00210538 val_loss=0.05424781
2026-06-03 19:54:03 | INFO | root | epoch=194 step=25 train_loss=0.00209592
2026-06-03 19:54:03 | INFO | root | epoch=194 step=50 train_loss=0.00209405
2026-06-03 19:54:03 | INFO | root | epoch=194 train_loss=0.00211568 val_loss=0.05338223
2026-06-03 19:54:03 | INFO | root | epoch=195 step=25 train_loss=0.00208462
2026-06-03 19:54:04 | INFO | root | epoch=195 step=50 train_loss=0.00212963
2026-06-03 19:54:04 | INFO | root | epoch=195 train_loss=0.00212741 val_loss=0.05667483
2026-06-03 19:54:04 | INFO | root | epoch=196 step=25 train_loss=0.00239711
2026-06-03 19:54:04 | INFO | root | epoch=196 step=50 train_loss=0.00228049
2026-06-03 19:54:05 | INFO | root | epoch=196 train_loss=0.00223366 val_loss=0.05432710
2026-06-03 19:54:05 | INFO | root | epoch=197 step=25 train_loss=0.00203211
2026-06-03 19:54:05 | INFO | root | epoch=197 step=50 train_loss=0.00209377
2026-06-03 19:54:05 | INFO | root | epoch=197 train_loss=0.00208112 val_loss=0.05463556
2026-06-03 19:54:06 | INFO | root | epoch=198 step=25 train_loss=0.00196405
2026-06-03 19:54:06 | INFO | root | epoch=198 step=50 train_loss=0.00205040
2026-06-03 19:54:06 | INFO | root | epoch=198 train_loss=0.00207580 val_loss=0.05429153
2026-06-03 19:54:07 | INFO | root | epoch=199 step=25 train_loss=0.00196385
2026-06-03 19:54:07 | INFO | root | epoch=199 step=50 train_loss=0.00205437
2026-06-03 19:54:07 | INFO | root | epoch=199 train_loss=0.00254006 val_loss=0.05252969
2026-06-03 19:54:07 | INFO | root | epoch=200 step=25 train_loss=0.00764054
2026-06-03 19:54:08 | INFO | root | epoch=200 step=50 train_loss=0.00929370
2026-06-03 19:54:08 | INFO | root | epoch=200 train_loss=0.01061656 val_loss=0.04986817
2026-06-03 19:54:08 | INFO | root | test_NMSE=0.14324441 test_MSE=0.14472693
2026-06-03 19:54:08 | INFO | root | Saved checkpoint to /mntdatalora/src/ECG-Denoising-LMMSE/outputs/transformer/window_P64_medium/Final_Transformer.pt
