2026-06-03 19:47:43 | INFO | root | Logging to /mntdatalora/src/ECG-Denoising-LMMSE/logs/window_P16_medium_20260603_194743.log
2026-06-03 19:47:43 | INFO | root | Runtime context:
{
  "config_path": "/mntdatalora/src/ECG-Denoising-LMMSE/configs/transformer.yaml",
  "hostname": "pod-4",
  "output_dir": "/mntdatalora/src/ECG-Denoising-LMMSE/outputs/transformer/window_P16_medium",
  "platform": "Linux-6.8.0-124-generic-x86_64-with-glibc2.39",
  "python": "3.12.3 (main, Mar  3 2026, 12:15:18) [GCC 13.3.0]"
}
2026-06-03 19:47:45 | INFO | root | Training ECGTransformerDenoiser for 200 epochs with 17837 train windows and 3148 validation windows
2026-06-03 19:47:45 | INFO | root | epoch=1 step=25 train_loss=0.15905874
2026-06-03 19:47:45 | INFO | root | epoch=1 step=50 train_loss=0.13063056
2026-06-03 19:47:46 | INFO | root | epoch=1 train_loss=0.11787762 val_loss=0.06894870
2026-06-03 19:47:46 | INFO | root | epoch=2 step=25 train_loss=0.08369328
2026-06-03 19:47:46 | INFO | root | epoch=2 step=50 train_loss=0.07825329
2026-06-03 19:47:46 | INFO | root | epoch=2 train_loss=0.07478803 val_loss=0.06470223
2026-06-03 19:47:46 | INFO | root | epoch=3 step=25 train_loss=0.06908376
2026-06-03 19:47:46 | INFO | root | epoch=3 step=50 train_loss=0.06811399
2026-06-03 19:47:47 | INFO | root | epoch=3 train_loss=0.06678654 val_loss=0.06354742
2026-06-03 19:47:47 | INFO | root | epoch=4 step=25 train_loss=0.06455879
2026-06-03 19:47:47 | INFO | root | epoch=4 step=50 train_loss=0.06539203
2026-06-03 19:47:47 | INFO | root | epoch=4 train_loss=0.06522773 val_loss=0.06343358
2026-06-03 19:47:47 | INFO | root | epoch=5 step=25 train_loss=0.06247360
2026-06-03 19:47:47 | INFO | root | epoch=5 step=50 train_loss=0.06443221
2026-06-03 19:47:48 | INFO | root | epoch=5 train_loss=0.06385902 val_loss=0.06303046
2026-06-03 19:47:48 | INFO | root | epoch=6 step=25 train_loss=0.06333259
2026-06-03 19:47:48 | INFO | root | epoch=6 step=50 train_loss=0.06285710
2026-06-03 19:47:48 | INFO | root | epoch=6 train_loss=0.06249213 val_loss=0.06736377
2026-06-03 19:47:48 | INFO | root | epoch=7 step=25 train_loss=0.05998321
2026-06-03 19:47:49 | INFO | root | epoch=7 step=50 train_loss=0.06087192
2026-06-03 19:47:49 | INFO | root | epoch=7 train_loss=0.06183025 val_loss=0.06347526
2026-06-03 19:47:49 | INFO | root | epoch=8 step=25 train_loss=0.06051718
2026-06-03 19:47:49 | INFO | root | epoch=8 step=50 train_loss=0.06065992
2026-06-03 19:47:49 | INFO | root | epoch=8 train_loss=0.05996802 val_loss=0.06066007
2026-06-03 19:47:49 | INFO | root | epoch=9 step=25 train_loss=0.06106531
2026-06-03 19:47:49 | INFO | root | epoch=9 step=50 train_loss=0.06070174
2026-06-03 19:47:50 | INFO | root | epoch=9 train_loss=0.05901665 val_loss=0.05775314
2026-06-03 19:47:50 | INFO | root | epoch=10 step=25 train_loss=0.05854529
2026-06-03 19:47:50 | INFO | root | epoch=10 step=50 train_loss=0.05657160
2026-06-03 19:47:50 | INFO | root | epoch=10 train_loss=0.05652147 val_loss=0.05455365
2026-06-03 19:47:50 | INFO | root | epoch=11 step=25 train_loss=0.05547794
2026-06-03 19:47:50 | INFO | root | epoch=11 step=50 train_loss=0.05619005
2026-06-03 19:47:51 | INFO | root | epoch=11 train_loss=0.05658048 val_loss=0.06170127
2026-06-03 19:47:51 | INFO | root | epoch=12 step=25 train_loss=0.05485372
2026-06-03 19:47:51 | INFO | root | epoch=12 step=50 train_loss=0.05400208
2026-06-03 19:47:51 | INFO | root | epoch=12 train_loss=0.05486275 val_loss=0.05457352
2026-06-03 19:47:51 | INFO | root | epoch=13 step=25 train_loss=0.05529365
2026-06-03 19:47:51 | INFO | root | epoch=13 step=50 train_loss=0.05252634
2026-06-03 19:47:52 | INFO | root | epoch=13 train_loss=0.05301070 val_loss=0.06161686
2026-06-03 19:47:52 | INFO | root | epoch=14 step=25 train_loss=0.05507891
2026-06-03 19:47:52 | INFO | root | epoch=14 step=50 train_loss=0.05382747
2026-06-03 19:47:52 | INFO | root | epoch=14 train_loss=0.05449849 val_loss=0.06187481
2026-06-03 19:47:52 | INFO | root | epoch=15 step=25 train_loss=0.05086431
2026-06-03 19:47:53 | INFO | root | epoch=15 step=50 train_loss=0.05333866
2026-06-03 19:47:53 | INFO | root | epoch=15 train_loss=0.05270904 val_loss=0.05493793
2026-06-03 19:47:53 | INFO | root | epoch=16 step=25 train_loss=0.05131695
2026-06-03 19:47:53 | INFO | root | epoch=16 step=50 train_loss=0.05344301
2026-06-03 19:47:53 | INFO | root | epoch=16 train_loss=0.05338374 val_loss=0.05642705
2026-06-03 19:47:53 | INFO | root | epoch=17 step=25 train_loss=0.05118624
2026-06-03 19:47:53 | INFO | root | epoch=17 step=50 train_loss=0.05272481
2026-06-03 19:47:54 | INFO | root | epoch=17 train_loss=0.05250377 val_loss=0.05569728
2026-06-03 19:47:54 | INFO | root | epoch=18 step=25 train_loss=0.05273092
2026-06-03 19:47:54 | INFO | root | epoch=18 step=50 train_loss=0.05225239
2026-06-03 19:47:54 | INFO | root | epoch=18 train_loss=0.05276129 val_loss=0.06202462
2026-06-03 19:47:54 | INFO | root | epoch=19 step=25 train_loss=0.05067368
2026-06-03 19:47:54 | INFO | root | epoch=19 step=50 train_loss=0.05117451
2026-06-03 19:47:55 | INFO | root | epoch=19 train_loss=0.05131448 val_loss=0.05116669
2026-06-03 19:47:55 | INFO | root | epoch=20 step=25 train_loss=0.05186808
2026-06-03 19:47:55 | INFO | root | epoch=20 step=50 train_loss=0.05202194
2026-06-03 19:47:55 | INFO | root | epoch=20 train_loss=0.05070839 val_loss=0.05354074
2026-06-03 19:47:55 | INFO | root | epoch=21 step=25 train_loss=0.05397905
2026-06-03 19:47:55 | INFO | root | epoch=21 step=50 train_loss=0.05174064
2026-06-03 19:47:56 | INFO | root | epoch=21 train_loss=0.05133385 val_loss=0.05486601
2026-06-03 19:47:56 | INFO | root | epoch=22 step=25 train_loss=0.04983130
2026-06-03 19:47:56 | INFO | root | epoch=22 step=50 train_loss=0.05086521
2026-06-03 19:47:56 | INFO | root | epoch=22 train_loss=0.05092941 val_loss=0.05160583
2026-06-03 19:47:56 | INFO | root | epoch=23 step=25 train_loss=0.04980372
2026-06-03 19:47:56 | INFO | root | epoch=23 step=50 train_loss=0.04934844
2026-06-03 19:47:57 | INFO | root | epoch=23 train_loss=0.05018473 val_loss=0.05354834
2026-06-03 19:47:57 | INFO | root | epoch=24 step=25 train_loss=0.04907276
2026-06-03 19:47:57 | INFO | root | epoch=24 step=50 train_loss=0.05030361
2026-06-03 19:47:57 | INFO | root | epoch=24 train_loss=0.04962672 val_loss=0.05303722
2026-06-03 19:47:57 | INFO | root | epoch=25 step=25 train_loss=0.04996336
2026-06-03 19:47:57 | INFO | root | epoch=25 step=50 train_loss=0.05068636
2026-06-03 19:47:58 | INFO | root | epoch=25 train_loss=0.05115197 val_loss=0.05441671
2026-06-03 19:47:58 | INFO | root | epoch=26 step=25 train_loss=0.04948433
2026-06-03 19:47:58 | INFO | root | epoch=26 step=50 train_loss=0.04985671
2026-06-03 19:47:58 | INFO | root | epoch=26 train_loss=0.04935074 val_loss=0.05418722
2026-06-03 19:47:58 | INFO | root | epoch=27 step=25 train_loss=0.04985181
2026-06-03 19:47:58 | INFO | root | epoch=27 step=50 train_loss=0.05041019
2026-06-03 19:47:59 | INFO | root | epoch=27 train_loss=0.04936169 val_loss=0.04870014
2026-06-03 19:47:59 | INFO | root | epoch=28 step=25 train_loss=0.04623841
2026-06-03 19:47:59 | INFO | root | epoch=28 step=50 train_loss=0.04950288
2026-06-03 19:47:59 | INFO | root | epoch=28 train_loss=0.04961885 val_loss=0.05193278
2026-06-03 19:47:59 | INFO | root | epoch=29 step=25 train_loss=0.04722722
2026-06-03 19:47:59 | INFO | root | epoch=29 step=50 train_loss=0.04848220
2026-06-03 19:48:00 | INFO | root | epoch=29 train_loss=0.04867756 val_loss=0.05239256
2026-06-03 19:48:00 | INFO | root | epoch=30 step=25 train_loss=0.04906320
2026-06-03 19:48:00 | INFO | root | epoch=30 step=50 train_loss=0.04892340
2026-06-03 19:48:00 | INFO | root | epoch=30 train_loss=0.04839600 val_loss=0.04828835
2026-06-03 19:48:00 | INFO | root | epoch=31 step=25 train_loss=0.05007858
2026-06-03 19:48:00 | INFO | root | epoch=31 step=50 train_loss=0.04903351
2026-06-03 19:48:01 | INFO | root | epoch=31 train_loss=0.04838118 val_loss=0.05443958
2026-06-03 19:48:01 | INFO | root | epoch=32 step=25 train_loss=0.04880804
2026-06-03 19:48:01 | INFO | root | epoch=32 step=50 train_loss=0.04944288
2026-06-03 19:48:01 | INFO | root | epoch=32 train_loss=0.04876864 val_loss=0.04862370
2026-06-03 19:48:01 | INFO | root | epoch=33 step=25 train_loss=0.04659824
2026-06-03 19:48:01 | INFO | root | epoch=33 step=50 train_loss=0.04695667
2026-06-03 19:48:02 | INFO | root | epoch=33 train_loss=0.04787037 val_loss=0.05450031
2026-06-03 19:48:02 | INFO | root | epoch=34 step=25 train_loss=0.05022282
2026-06-03 19:48:02 | INFO | root | epoch=34 step=50 train_loss=0.04829245
2026-06-03 19:48:02 | INFO | root | epoch=34 train_loss=0.04744302 val_loss=0.05136977
2026-06-03 19:48:02 | INFO | root | epoch=35 step=25 train_loss=0.04937082
2026-06-03 19:48:02 | INFO | root | epoch=35 step=50 train_loss=0.04716755
2026-06-03 19:48:02 | INFO | root | epoch=35 train_loss=0.04752691 val_loss=0.05364174
2026-06-03 19:48:03 | INFO | root | epoch=36 step=25 train_loss=0.04940370
2026-06-03 19:48:03 | INFO | root | epoch=36 step=50 train_loss=0.04801959
2026-06-03 19:48:03 | INFO | root | epoch=36 train_loss=0.04781853 val_loss=0.04948958
2026-06-03 19:48:03 | INFO | root | epoch=37 step=25 train_loss=0.04737501
2026-06-03 19:48:03 | INFO | root | epoch=37 step=50 train_loss=0.04672280
2026-06-03 19:48:03 | INFO | root | epoch=37 train_loss=0.04633252 val_loss=0.04856416
2026-06-03 19:48:04 | INFO | root | epoch=38 step=25 train_loss=0.04392582
2026-06-03 19:48:04 | INFO | root | epoch=38 step=50 train_loss=0.04540330
2026-06-03 19:48:04 | INFO | root | epoch=38 train_loss=0.04604089 val_loss=0.05155913
2026-06-03 19:48:04 | INFO | root | epoch=39 step=25 train_loss=0.04886548
2026-06-03 19:48:04 | INFO | root | epoch=39 step=50 train_loss=0.04746090
2026-06-03 19:48:04 | INFO | root | epoch=39 train_loss=0.04678204 val_loss=0.05376432
2026-06-03 19:48:05 | INFO | root | epoch=40 step=25 train_loss=0.04688178
2026-06-03 19:48:05 | INFO | root | epoch=40 step=50 train_loss=0.04755582
2026-06-03 19:48:05 | INFO | root | epoch=40 train_loss=0.04677252 val_loss=0.05075833
2026-06-03 19:48:05 | INFO | root | epoch=41 step=25 train_loss=0.04477335
2026-06-03 19:48:05 | INFO | root | epoch=41 step=50 train_loss=0.04507383
2026-06-03 19:48:05 | INFO | root | epoch=41 train_loss=0.04574213 val_loss=0.05683248
2026-06-03 19:48:05 | INFO | root | epoch=42 step=25 train_loss=0.04667153
2026-06-03 19:48:06 | INFO | root | epoch=42 step=50 train_loss=0.04642347
2026-06-03 19:48:06 | INFO | root | epoch=42 train_loss=0.04642564 val_loss=0.05279816
2026-06-03 19:48:06 | INFO | root | epoch=43 step=25 train_loss=0.04697173
2026-06-03 19:48:06 | INFO | root | epoch=43 step=50 train_loss=0.04668275
2026-06-03 19:48:06 | INFO | root | epoch=43 train_loss=0.04686514 val_loss=0.05322357
2026-06-03 19:48:07 | INFO | root | epoch=44 step=25 train_loss=0.04770957
2026-06-03 19:48:07 | INFO | root | epoch=44 step=50 train_loss=0.04696063
2026-06-03 19:48:07 | INFO | root | epoch=44 train_loss=0.04646134 val_loss=0.05394117
2026-06-03 19:48:07 | INFO | root | epoch=45 step=25 train_loss=0.04467188
2026-06-03 19:48:07 | INFO | root | epoch=45 step=50 train_loss=0.04555737
2026-06-03 19:48:07 | INFO | root | epoch=45 train_loss=0.04588377 val_loss=0.05007061
2026-06-03 19:48:08 | INFO | root | epoch=46 step=25 train_loss=0.04405095
2026-06-03 19:48:08 | INFO | root | epoch=46 step=50 train_loss=0.04468130
2026-06-03 19:48:08 | INFO | root | epoch=46 train_loss=0.04523444 val_loss=0.05343177
2026-06-03 19:48:08 | INFO | root | epoch=47 step=25 train_loss=0.04487368
2026-06-03 19:48:08 | INFO | root | epoch=47 step=50 train_loss=0.04569352
2026-06-03 19:48:08 | INFO | root | epoch=47 train_loss=0.04506473 val_loss=0.05218688
2026-06-03 19:48:08 | INFO | root | epoch=48 step=25 train_loss=0.04529129
2026-06-03 19:48:09 | INFO | root | epoch=48 step=50 train_loss=0.04525421
2026-06-03 19:48:09 | INFO | root | epoch=48 train_loss=0.04480147 val_loss=0.04749998
2026-06-03 19:48:09 | INFO | root | epoch=49 step=25 train_loss=0.04361567
2026-06-03 19:48:09 | INFO | root | epoch=49 step=50 train_loss=0.04327247
2026-06-03 19:48:09 | INFO | root | epoch=49 train_loss=0.04463384 val_loss=0.05128383
2026-06-03 19:48:09 | INFO | root | epoch=50 step=25 train_loss=0.04763915
2026-06-03 19:48:10 | INFO | root | epoch=50 step=50 train_loss=0.04484350
2026-06-03 19:48:10 | INFO | root | epoch=50 train_loss=0.04484458 val_loss=0.05052814
2026-06-03 19:48:10 | INFO | root | epoch=51 step=25 train_loss=0.04338092
2026-06-03 19:48:10 | INFO | root | epoch=51 step=50 train_loss=0.04431476
2026-06-03 19:48:10 | INFO | root | epoch=51 train_loss=0.04401561 val_loss=0.05263832
2026-06-03 19:48:10 | INFO | root | epoch=52 step=25 train_loss=0.04162576
2026-06-03 19:48:11 | INFO | root | epoch=52 step=50 train_loss=0.04298889
2026-06-03 19:48:11 | INFO | root | epoch=52 train_loss=0.04464553 val_loss=0.05033470
2026-06-03 19:48:11 | INFO | root | epoch=53 step=25 train_loss=0.04305500
2026-06-03 19:48:11 | INFO | root | epoch=53 step=50 train_loss=0.04408723
2026-06-03 19:48:11 | INFO | root | epoch=53 train_loss=0.04436056 val_loss=0.05301548
2026-06-03 19:48:11 | INFO | root | epoch=54 step=25 train_loss=0.04493338
2026-06-03 19:48:12 | INFO | root | epoch=54 step=50 train_loss=0.04677955
2026-06-03 19:48:12 | INFO | root | epoch=54 train_loss=0.04545270 val_loss=0.04864333
2026-06-03 19:48:12 | INFO | root | epoch=55 step=25 train_loss=0.04256081
2026-06-03 19:48:12 | INFO | root | epoch=55 step=50 train_loss=0.04345633
2026-06-03 19:48:12 | INFO | root | epoch=55 train_loss=0.04394792 val_loss=0.04769357
2026-06-03 19:48:12 | INFO | root | epoch=56 step=25 train_loss=0.04352291
2026-06-03 19:48:13 | INFO | root | epoch=56 step=50 train_loss=0.04296168
2026-06-03 19:48:13 | INFO | root | epoch=56 train_loss=0.04361430 val_loss=0.04977587
2026-06-03 19:48:13 | INFO | root | epoch=57 step=25 train_loss=0.04275173
2026-06-03 19:48:13 | INFO | root | epoch=57 step=50 train_loss=0.04401096
2026-06-03 19:48:13 | INFO | root | epoch=57 train_loss=0.04364444 val_loss=0.05447212
2026-06-03 19:48:13 | INFO | root | epoch=58 step=25 train_loss=0.04471011
2026-06-03 19:48:14 | INFO | root | epoch=58 step=50 train_loss=0.04297868
2026-06-03 19:48:14 | INFO | root | epoch=58 train_loss=0.04322904 val_loss=0.04893740
2026-06-03 19:48:14 | INFO | root | epoch=59 step=25 train_loss=0.04253828
2026-06-03 19:48:14 | INFO | root | epoch=59 step=50 train_loss=0.04287353
2026-06-03 19:48:14 | INFO | root | epoch=59 train_loss=0.04270325 val_loss=0.05046839
2026-06-03 19:48:14 | INFO | root | epoch=60 step=25 train_loss=0.04092897
2026-06-03 19:48:15 | INFO | root | epoch=60 step=50 train_loss=0.04172259
2026-06-03 19:48:15 | INFO | root | epoch=60 train_loss=0.04178585 val_loss=0.04854658
2026-06-03 19:48:15 | INFO | root | epoch=61 step=25 train_loss=0.04162466
2026-06-03 19:48:15 | INFO | root | epoch=61 step=50 train_loss=0.04271827
2026-06-03 19:48:15 | INFO | root | epoch=61 train_loss=0.04242239 val_loss=0.04916407
2026-06-03 19:48:16 | INFO | root | epoch=62 step=25 train_loss=0.04290440
2026-06-03 19:48:16 | INFO | root | epoch=62 step=50 train_loss=0.04312175
2026-06-03 19:48:16 | INFO | root | epoch=62 train_loss=0.04260036 val_loss=0.04868023
2026-06-03 19:48:16 | INFO | root | epoch=63 step=25 train_loss=0.04140612
2026-06-03 19:48:16 | INFO | root | epoch=63 step=50 train_loss=0.04152444
2026-06-03 19:48:16 | INFO | root | epoch=63 train_loss=0.04180402 val_loss=0.05002865
2026-06-03 19:48:16 | INFO | root | epoch=64 step=25 train_loss=0.04030020
2026-06-03 19:48:17 | INFO | root | epoch=64 step=50 train_loss=0.04080998
2026-06-03 19:48:17 | INFO | root | epoch=64 train_loss=0.04143351 val_loss=0.04958565
2026-06-03 19:48:17 | INFO | root | epoch=65 step=25 train_loss=0.04079831
2026-06-03 19:48:17 | INFO | root | epoch=65 step=50 train_loss=0.04197722
2026-06-03 19:48:17 | INFO | root | epoch=65 train_loss=0.04206378 val_loss=0.05318989
2026-06-03 19:48:17 | INFO | root | epoch=66 step=25 train_loss=0.04132872
2026-06-03 19:48:18 | INFO | root | epoch=66 step=50 train_loss=0.04170822
2026-06-03 19:48:18 | INFO | root | epoch=66 train_loss=0.04167967 val_loss=0.04766404
2026-06-03 19:48:18 | INFO | root | epoch=67 step=25 train_loss=0.04095935
2026-06-03 19:48:18 | INFO | root | epoch=67 step=50 train_loss=0.04191679
2026-06-03 19:48:18 | INFO | root | epoch=67 train_loss=0.04238263 val_loss=0.04900033
2026-06-03 19:48:18 | INFO | root | epoch=68 step=25 train_loss=0.04430761
2026-06-03 19:48:19 | INFO | root | epoch=68 step=50 train_loss=0.04292712
2026-06-03 19:48:19 | INFO | root | epoch=68 train_loss=0.04281333 val_loss=0.05090179
2026-06-03 19:48:19 | INFO | root | epoch=69 step=25 train_loss=0.04095113
2026-06-03 19:48:19 | INFO | root | epoch=69 step=50 train_loss=0.04036448
2026-06-03 19:48:19 | INFO | root | epoch=69 train_loss=0.04099772 val_loss=0.04889811
2026-06-03 19:48:19 | INFO | root | epoch=70 step=25 train_loss=0.03930624
2026-06-03 19:48:20 | INFO | root | epoch=70 step=50 train_loss=0.04030198
2026-06-03 19:48:20 | INFO | root | epoch=70 train_loss=0.04140917 val_loss=0.05107870
2026-06-03 19:48:20 | INFO | root | epoch=71 step=25 train_loss=0.04219986
2026-06-03 19:48:20 | INFO | root | epoch=71 step=50 train_loss=0.04297713
2026-06-03 19:48:20 | INFO | root | epoch=71 train_loss=0.04225553 val_loss=0.05145174
2026-06-03 19:48:20 | INFO | root | epoch=72 step=25 train_loss=0.03941039
2026-06-03 19:48:21 | INFO | root | epoch=72 step=50 train_loss=0.04042998
2026-06-03 19:48:21 | INFO | root | epoch=72 train_loss=0.04065122 val_loss=0.04686596
2026-06-03 19:48:21 | INFO | root | epoch=73 step=25 train_loss=0.03701289
2026-06-03 19:48:21 | INFO | root | epoch=73 step=50 train_loss=0.03927500
2026-06-03 19:48:21 | INFO | root | epoch=73 train_loss=0.04025029 val_loss=0.04789870
2026-06-03 19:48:21 | INFO | root | epoch=74 step=25 train_loss=0.03999037
2026-06-03 19:48:22 | INFO | root | epoch=74 step=50 train_loss=0.04005039
2026-06-03 19:48:22 | INFO | root | epoch=74 train_loss=0.04016110 val_loss=0.04895211
2026-06-03 19:48:22 | INFO | root | epoch=75 step=25 train_loss=0.04032895
2026-06-03 19:48:22 | INFO | root | epoch=75 step=50 train_loss=0.04108708
2026-06-03 19:48:22 | INFO | root | epoch=75 train_loss=0.04091274 val_loss=0.05418699
2026-06-03 19:48:22 | INFO | root | epoch=76 step=25 train_loss=0.03988714
2026-06-03 19:48:22 | INFO | root | epoch=76 step=50 train_loss=0.03988145
2026-06-03 19:48:23 | INFO | root | epoch=76 train_loss=0.04079798 val_loss=0.05595212
2026-06-03 19:48:23 | INFO | root | epoch=77 step=25 train_loss=0.04134960
2026-06-03 19:48:23 | INFO | root | epoch=77 step=50 train_loss=0.04052528
2026-06-03 19:48:23 | INFO | root | epoch=77 train_loss=0.04073473 val_loss=0.04640898
2026-06-03 19:48:23 | INFO | root | epoch=78 step=25 train_loss=0.04244798
2026-06-03 19:48:23 | INFO | root | epoch=78 step=50 train_loss=0.04024863
2026-06-03 19:48:24 | INFO | root | epoch=78 train_loss=0.03994455 val_loss=0.05081322
2026-06-03 19:48:24 | INFO | root | epoch=79 step=25 train_loss=0.03960721
2026-06-03 19:48:24 | INFO | root | epoch=79 step=50 train_loss=0.03985352
2026-06-03 19:48:24 | INFO | root | epoch=79 train_loss=0.04030784 val_loss=0.04979078
2026-06-03 19:48:24 | INFO | root | epoch=80 step=25 train_loss=0.04324045
2026-06-03 19:48:24 | INFO | root | epoch=80 step=50 train_loss=0.04154735
2026-06-03 19:48:25 | INFO | root | epoch=80 train_loss=0.04115776 val_loss=0.04664639
2026-06-03 19:48:25 | INFO | root | epoch=81 step=25 train_loss=0.04036542
2026-06-03 19:48:25 | INFO | root | epoch=81 step=50 train_loss=0.03895596
2026-06-03 19:48:25 | INFO | root | epoch=81 train_loss=0.03974480 val_loss=0.04881326
2026-06-03 19:48:25 | INFO | root | epoch=82 step=25 train_loss=0.04038146
2026-06-03 19:48:25 | INFO | root | epoch=82 step=50 train_loss=0.03939523
2026-06-03 19:48:26 | INFO | root | epoch=82 train_loss=0.03960829 val_loss=0.04904702
2026-06-03 19:48:26 | INFO | root | epoch=83 step=25 train_loss=0.03918418
2026-06-03 19:48:26 | INFO | root | epoch=83 step=50 train_loss=0.03990164
2026-06-03 19:48:26 | INFO | root | epoch=83 train_loss=0.03967098 val_loss=0.04942929
2026-06-03 19:48:26 | INFO | root | epoch=84 step=25 train_loss=0.03983916
2026-06-03 19:48:26 | INFO | root | epoch=84 step=50 train_loss=0.03990613
2026-06-03 19:48:27 | INFO | root | epoch=84 train_loss=0.03971152 val_loss=0.04932661
2026-06-03 19:48:27 | INFO | root | epoch=85 step=25 train_loss=0.03779257
2026-06-03 19:48:27 | INFO | root | epoch=85 step=50 train_loss=0.03823339
2026-06-03 19:48:27 | INFO | root | epoch=85 train_loss=0.03848071 val_loss=0.05404657
2026-06-03 19:48:27 | INFO | root | epoch=86 step=25 train_loss=0.03882934
2026-06-03 19:48:27 | INFO | root | epoch=86 step=50 train_loss=0.03988929
2026-06-03 19:48:28 | INFO | root | epoch=86 train_loss=0.04043074 val_loss=0.05183439
2026-06-03 19:48:28 | INFO | root | epoch=87 step=25 train_loss=0.03992471
2026-06-03 19:48:28 | INFO | root | epoch=87 step=50 train_loss=0.03836727
2026-06-03 19:48:28 | INFO | root | epoch=87 train_loss=0.03964145 val_loss=0.05275224
2026-06-03 19:48:28 | INFO | root | epoch=88 step=25 train_loss=0.03993822
2026-06-03 19:48:28 | INFO | root | epoch=88 step=50 train_loss=0.04031981
2026-06-03 19:48:28 | INFO | root | epoch=88 train_loss=0.03983624 val_loss=0.04950241
2026-06-03 19:48:29 | INFO | root | epoch=89 step=25 train_loss=0.03757825
2026-06-03 19:48:29 | INFO | root | epoch=89 step=50 train_loss=0.03948143
2026-06-03 19:48:29 | INFO | root | epoch=89 train_loss=0.03916882 val_loss=0.05003226
2026-06-03 19:48:29 | INFO | root | epoch=90 step=25 train_loss=0.03706243
2026-06-03 19:48:29 | INFO | root | epoch=90 step=50 train_loss=0.03840638
2026-06-03 19:48:30 | INFO | root | epoch=90 train_loss=0.03789990 val_loss=0.05325358
2026-06-03 19:48:30 | INFO | root | epoch=91 step=25 train_loss=0.03830518
2026-06-03 19:48:30 | INFO | root | epoch=91 step=50 train_loss=0.03888670
2026-06-03 19:48:30 | INFO | root | epoch=91 train_loss=0.03961676 val_loss=0.05150913
2026-06-03 19:48:30 | INFO | root | epoch=92 step=25 train_loss=0.04070815
2026-06-03 19:48:30 | INFO | root | epoch=92 step=50 train_loss=0.04051899
2026-06-03 19:48:30 | INFO | root | epoch=92 train_loss=0.04067751 val_loss=0.04802720
2026-06-03 19:48:31 | INFO | root | epoch=93 step=25 train_loss=0.03806795
2026-06-03 19:48:31 | INFO | root | epoch=93 step=50 train_loss=0.03786567
2026-06-03 19:48:31 | INFO | root | epoch=93 train_loss=0.03799706 val_loss=0.05014600
2026-06-03 19:48:31 | INFO | root | epoch=94 step=25 train_loss=0.03669989
2026-06-03 19:48:31 | INFO | root | epoch=94 step=50 train_loss=0.03784029
2026-06-03 19:48:31 | INFO | root | epoch=94 train_loss=0.03835045 val_loss=0.05054364
2026-06-03 19:48:32 | INFO | root | epoch=95 step=25 train_loss=0.03784012
2026-06-03 19:48:32 | INFO | root | epoch=95 step=50 train_loss=0.03749772
2026-06-03 19:48:32 | INFO | root | epoch=95 train_loss=0.03875072 val_loss=0.05225089
2026-06-03 19:48:32 | INFO | root | epoch=96 step=25 train_loss=0.03767508
2026-06-03 19:48:32 | INFO | root | epoch=96 step=50 train_loss=0.03789753
2026-06-03 19:48:32 | INFO | root | epoch=96 train_loss=0.03772267 val_loss=0.05004727
2026-06-03 19:48:33 | INFO | root | epoch=97 step=25 train_loss=0.04048484
2026-06-03 19:48:33 | INFO | root | epoch=97 step=50 train_loss=0.03857681
2026-06-03 19:48:33 | INFO | root | epoch=97 train_loss=0.03856513 val_loss=0.05114346
2026-06-03 19:48:33 | INFO | root | epoch=98 step=25 train_loss=0.03769149
2026-06-03 19:48:33 | INFO | root | epoch=98 step=50 train_loss=0.03846380
2026-06-03 19:48:33 | INFO | root | epoch=98 train_loss=0.03877350 val_loss=0.05069103
2026-06-03 19:48:34 | INFO | root | epoch=99 step=25 train_loss=0.03845742
2026-06-03 19:48:34 | INFO | root | epoch=99 step=50 train_loss=0.03769998
2026-06-03 19:48:34 | INFO | root | epoch=99 train_loss=0.03771909 val_loss=0.04912997
2026-06-03 19:48:34 | INFO | root | epoch=100 step=25 train_loss=0.03857282
2026-06-03 19:48:34 | INFO | root | epoch=100 step=50 train_loss=0.03793521
2026-06-03 19:48:34 | INFO | root | epoch=100 train_loss=0.03829105 val_loss=0.05171162
2026-06-03 19:48:35 | INFO | root | epoch=101 step=25 train_loss=0.03797425
2026-06-03 19:48:35 | INFO | root | epoch=101 step=50 train_loss=0.03831493
2026-06-03 19:48:35 | INFO | root | epoch=101 train_loss=0.03795938 val_loss=0.05237104
2026-06-03 19:48:35 | INFO | root | epoch=102 step=25 train_loss=0.03730206
2026-06-03 19:48:35 | INFO | root | epoch=102 step=50 train_loss=0.03796275
2026-06-03 19:48:35 | INFO | root | epoch=102 train_loss=0.03847556 val_loss=0.05355613
2026-06-03 19:48:36 | INFO | root | epoch=103 step=25 train_loss=0.03850364
2026-06-03 19:48:36 | INFO | root | epoch=103 step=50 train_loss=0.03751871
2026-06-03 19:48:36 | INFO | root | epoch=103 train_loss=0.03778674 val_loss=0.05135619
2026-06-03 19:48:36 | INFO | root | epoch=104 step=25 train_loss=0.03697812
2026-06-03 19:48:36 | INFO | root | epoch=104 step=50 train_loss=0.03785516
2026-06-03 19:48:36 | INFO | root | epoch=104 train_loss=0.03756600 val_loss=0.05153547
2026-06-03 19:48:37 | INFO | root | epoch=105 step=25 train_loss=0.03579077
2026-06-03 19:48:37 | INFO | root | epoch=105 step=50 train_loss=0.03619182
2026-06-03 19:48:37 | INFO | root | epoch=105 train_loss=0.03733139 val_loss=0.05296587
2026-06-03 19:48:37 | INFO | root | epoch=106 step=25 train_loss=0.03812365
2026-06-03 19:48:37 | INFO | root | epoch=106 step=50 train_loss=0.03806731
2026-06-03 19:48:37 | INFO | root | epoch=106 train_loss=0.03811050 val_loss=0.05023788
2026-06-03 19:48:38 | INFO | root | epoch=107 step=25 train_loss=0.03831624
2026-06-03 19:48:38 | INFO | root | epoch=107 step=50 train_loss=0.03828475
2026-06-03 19:48:38 | INFO | root | epoch=107 train_loss=0.03872267 val_loss=0.05029561
2026-06-03 19:48:38 | INFO | root | epoch=108 step=25 train_loss=0.03782948
2026-06-03 19:48:38 | INFO | root | epoch=108 step=50 train_loss=0.03868652
2026-06-03 19:48:38 | INFO | root | epoch=108 train_loss=0.03844661 val_loss=0.05071650
2026-06-03 19:48:39 | INFO | root | epoch=109 step=25 train_loss=0.03802111
2026-06-03 19:48:39 | INFO | root | epoch=109 step=50 train_loss=0.03701559
2026-06-03 19:48:39 | INFO | root | epoch=109 train_loss=0.03730971 val_loss=0.05294991
2026-06-03 19:48:39 | INFO | root | epoch=110 step=25 train_loss=0.03805432
2026-06-03 19:48:39 | INFO | root | epoch=110 step=50 train_loss=0.03776646
2026-06-03 19:48:39 | INFO | root | epoch=110 train_loss=0.03812672 val_loss=0.04979652
2026-06-03 19:48:40 | INFO | root | epoch=111 step=25 train_loss=0.03961371
2026-06-03 19:48:40 | INFO | root | epoch=111 step=50 train_loss=0.03794862
2026-06-03 19:48:40 | INFO | root | epoch=111 train_loss=0.03789501 val_loss=0.05088769
2026-06-03 19:48:40 | INFO | root | epoch=112 step=25 train_loss=0.03556950
2026-06-03 19:48:40 | INFO | root | epoch=112 step=50 train_loss=0.03630891
2026-06-03 19:48:40 | INFO | root | epoch=112 train_loss=0.03662510 val_loss=0.04552067
2026-06-03 19:48:41 | INFO | root | epoch=113 step=25 train_loss=0.03764818
2026-06-03 19:48:41 | INFO | root | epoch=113 step=50 train_loss=0.03691025
2026-06-03 19:48:41 | INFO | root | epoch=113 train_loss=0.03681409 val_loss=0.05048406
2026-06-03 19:48:41 | INFO | root | epoch=114 step=25 train_loss=0.03882765
2026-06-03 19:48:41 | INFO | root | epoch=114 step=50 train_loss=0.03684314
2026-06-03 19:48:41 | INFO | root | epoch=114 train_loss=0.03706211 val_loss=0.05012584
2026-06-03 19:48:42 | INFO | root | epoch=115 step=25 train_loss=0.03596715
2026-06-03 19:48:42 | INFO | root | epoch=115 step=50 train_loss=0.03660539
2026-06-03 19:48:42 | INFO | root | epoch=115 train_loss=0.03663956 val_loss=0.05160714
2026-06-03 19:48:42 | INFO | root | epoch=116 step=25 train_loss=0.03612994
2026-06-03 19:48:42 | INFO | root | epoch=116 step=50 train_loss=0.03651547
2026-06-03 19:48:42 | INFO | root | epoch=116 train_loss=0.03686209 val_loss=0.05105212
2026-06-03 19:48:43 | INFO | root | epoch=117 step=25 train_loss=0.03701767
2026-06-03 19:48:43 | INFO | root | epoch=117 step=50 train_loss=0.03718517
2026-06-03 19:48:43 | INFO | root | epoch=117 train_loss=0.03752577 val_loss=0.04720675
2026-06-03 19:48:43 | INFO | root | epoch=118 step=25 train_loss=0.03576948
2026-06-03 19:48:43 | INFO | root | epoch=118 step=50 train_loss=0.03624944
2026-06-03 19:48:43 | INFO | root | epoch=118 train_loss=0.03617351 val_loss=0.04835373
2026-06-03 19:48:43 | INFO | root | epoch=119 step=25 train_loss=0.03828876
2026-06-03 19:48:44 | INFO | root | epoch=119 step=50 train_loss=0.03715049
2026-06-03 19:48:44 | INFO | root | epoch=119 train_loss=0.03710490 val_loss=0.05343547
2026-06-03 19:48:44 | INFO | root | epoch=120 step=25 train_loss=0.03752797
2026-06-03 19:48:44 | INFO | root | epoch=120 step=50 train_loss=0.03716480
2026-06-03 19:48:44 | INFO | root | epoch=120 train_loss=0.03721806 val_loss=0.05004769
2026-06-03 19:48:44 | INFO | root | epoch=121 step=25 train_loss=0.03576239
2026-06-03 19:48:45 | INFO | root | epoch=121 step=50 train_loss=0.03545499
2026-06-03 19:48:45 | INFO | root | epoch=121 train_loss=0.03549465 val_loss=0.04871326
2026-06-03 19:48:45 | INFO | root | epoch=122 step=25 train_loss=0.03328173
2026-06-03 19:48:45 | INFO | root | epoch=122 step=50 train_loss=0.03517750
2026-06-03 19:48:45 | INFO | root | epoch=122 train_loss=0.03576749 val_loss=0.05113083
2026-06-03 19:48:45 | INFO | root | epoch=123 step=25 train_loss=0.03589924
2026-06-03 19:48:46 | INFO | root | epoch=123 step=50 train_loss=0.03624856
2026-06-03 19:48:46 | INFO | root | epoch=123 train_loss=0.03681890 val_loss=0.05042735
2026-06-03 19:48:46 | INFO | root | epoch=124 step=25 train_loss=0.03825760
2026-06-03 19:48:46 | INFO | root | epoch=124 step=50 train_loss=0.03836637
2026-06-03 19:48:46 | INFO | root | epoch=124 train_loss=0.03775813 val_loss=0.05253266
2026-06-03 19:48:46 | INFO | root | epoch=125 step=25 train_loss=0.03666252
2026-06-03 19:48:47 | INFO | root | epoch=125 step=50 train_loss=0.03682334
2026-06-03 19:48:47 | INFO | root | epoch=125 train_loss=0.03687569 val_loss=0.04823743
2026-06-03 19:48:47 | INFO | root | epoch=126 step=25 train_loss=0.03587147
2026-06-03 19:48:47 | INFO | root | epoch=126 step=50 train_loss=0.03620533
2026-06-03 19:48:47 | INFO | root | epoch=126 train_loss=0.03651546 val_loss=0.05352571
2026-06-03 19:48:47 | INFO | root | epoch=127 step=25 train_loss=0.03661017
2026-06-03 19:48:48 | INFO | root | epoch=127 step=50 train_loss=0.03680883
2026-06-03 19:48:48 | INFO | root | epoch=127 train_loss=0.03696118 val_loss=0.04726173
2026-06-03 19:48:48 | INFO | root | epoch=128 step=25 train_loss=0.03510170
2026-06-03 19:48:48 | INFO | root | epoch=128 step=50 train_loss=0.03540857
2026-06-03 19:48:48 | INFO | root | epoch=128 train_loss=0.03540589 val_loss=0.04944222
2026-06-03 19:48:48 | INFO | root | epoch=129 step=25 train_loss=0.03615896
2026-06-03 19:48:49 | INFO | root | epoch=129 step=50 train_loss=0.03623985
2026-06-03 19:48:49 | INFO | root | epoch=129 train_loss=0.03621686 val_loss=0.04961837
2026-06-03 19:48:49 | INFO | root | epoch=130 step=25 train_loss=0.03424311
2026-06-03 19:48:49 | INFO | root | epoch=130 step=50 train_loss=0.03455027
2026-06-03 19:48:49 | INFO | root | epoch=130 train_loss=0.03517151 val_loss=0.04618769
2026-06-03 19:48:49 | INFO | root | epoch=131 step=25 train_loss=0.03603653
2026-06-03 19:48:49 | INFO | root | epoch=131 step=50 train_loss=0.03582406
2026-06-03 19:48:50 | INFO | root | epoch=131 train_loss=0.03616408 val_loss=0.04921312
2026-06-03 19:48:50 | INFO | root | epoch=132 step=25 train_loss=0.03426499
2026-06-03 19:48:50 | INFO | root | epoch=132 step=50 train_loss=0.03556221
2026-06-03 19:48:50 | INFO | root | epoch=132 train_loss=0.03655792 val_loss=0.05003048
2026-06-03 19:48:50 | INFO | root | epoch=133 step=25 train_loss=0.03486713
2026-06-03 19:48:50 | INFO | root | epoch=133 step=50 train_loss=0.03487247
2026-06-03 19:48:51 | INFO | root | epoch=133 train_loss=0.03546477 val_loss=0.04624709
2026-06-03 19:48:51 | INFO | root | epoch=134 step=25 train_loss=0.03456839
2026-06-03 19:48:51 | INFO | root | epoch=134 step=50 train_loss=0.03594454
2026-06-03 19:48:51 | INFO | root | epoch=134 train_loss=0.03696404 val_loss=0.05431246
2026-06-03 19:48:51 | INFO | root | epoch=135 step=25 train_loss=0.03896068
2026-06-03 19:48:52 | INFO | root | epoch=135 step=50 train_loss=0.03873755
2026-06-03 19:48:52 | INFO | root | epoch=135 train_loss=0.03806728 val_loss=0.05876231
2026-06-03 19:48:52 | INFO | root | epoch=136 step=25 train_loss=0.03584120
2026-06-03 19:48:52 | INFO | root | epoch=136 step=50 train_loss=0.03709378
2026-06-03 19:48:52 | INFO | root | epoch=136 train_loss=0.03695838 val_loss=0.05063105
2026-06-03 19:48:52 | INFO | root | epoch=137 step=25 train_loss=0.03553187
2026-06-03 19:48:52 | INFO | root | epoch=137 step=50 train_loss=0.03515770
2026-06-03 19:48:53 | INFO | root | epoch=137 train_loss=0.03571466 val_loss=0.05202796
2026-06-03 19:48:53 | INFO | root | epoch=138 step=25 train_loss=0.03593315
2026-06-03 19:48:53 | INFO | root | epoch=138 step=50 train_loss=0.03626230
2026-06-03 19:48:53 | INFO | root | epoch=138 train_loss=0.03649099 val_loss=0.05199225
2026-06-03 19:48:53 | INFO | root | epoch=139 step=25 train_loss=0.03777613
2026-06-03 19:48:53 | INFO | root | epoch=139 step=50 train_loss=0.03694089
2026-06-03 19:48:54 | INFO | root | epoch=139 train_loss=0.03665764 val_loss=0.04868363
2026-06-03 19:48:54 | INFO | root | epoch=140 step=25 train_loss=0.03686525
2026-06-03 19:48:54 | INFO | root | epoch=140 step=50 train_loss=0.03640843
2026-06-03 19:48:54 | INFO | root | epoch=140 train_loss=0.03614051 val_loss=0.04746775
2026-06-03 19:48:54 | INFO | root | epoch=141 step=25 train_loss=0.03431006
2026-06-03 19:48:54 | INFO | root | epoch=141 step=50 train_loss=0.03453112
2026-06-03 19:48:55 | INFO | root | epoch=141 train_loss=0.03431691 val_loss=0.04822828
2026-06-03 19:48:55 | INFO | root | epoch=142 step=25 train_loss=0.03484280
2026-06-03 19:48:55 | INFO | root | epoch=142 step=50 train_loss=0.03384001
2026-06-03 19:48:55 | INFO | root | epoch=142 train_loss=0.03449792 val_loss=0.05075725
2026-06-03 19:48:55 | INFO | root | epoch=143 step=25 train_loss=0.03394791
2026-06-03 19:48:55 | INFO | root | epoch=143 step=50 train_loss=0.03393738
2026-06-03 19:48:56 | INFO | root | epoch=143 train_loss=0.03441998 val_loss=0.04821386
2026-06-03 19:48:56 | INFO | root | epoch=144 step=25 train_loss=0.03669749
2026-06-03 19:48:56 | INFO | root | epoch=144 step=50 train_loss=0.03657939
2026-06-03 19:48:56 | INFO | root | epoch=144 train_loss=0.03630310 val_loss=0.04964317
2026-06-03 19:48:56 | INFO | root | epoch=145 step=25 train_loss=0.03543931
2026-06-03 19:48:56 | INFO | root | epoch=145 step=50 train_loss=0.03467545
2026-06-03 19:48:57 | INFO | root | epoch=145 train_loss=0.03485841 val_loss=0.04872266
2026-06-03 19:48:57 | INFO | root | epoch=146 step=25 train_loss=0.03332376
2026-06-03 19:48:57 | INFO | root | epoch=146 step=50 train_loss=0.03370182
2026-06-03 19:48:57 | INFO | root | epoch=146 train_loss=0.03465090 val_loss=0.04846607
2026-06-03 19:48:57 | INFO | root | epoch=147 step=25 train_loss=0.03274137
2026-06-03 19:48:57 | INFO | root | epoch=147 step=50 train_loss=0.03390177
2026-06-03 19:48:57 | INFO | root | epoch=147 train_loss=0.03409725 val_loss=0.05121991
2026-06-03 19:48:58 | INFO | root | epoch=148 step=25 train_loss=0.03325829
2026-06-03 19:48:58 | INFO | root | epoch=148 step=50 train_loss=0.03370553
2026-06-03 19:48:58 | INFO | root | epoch=148 train_loss=0.03424325 val_loss=0.05077930
2026-06-03 19:48:58 | INFO | root | epoch=149 step=25 train_loss=0.03226881
2026-06-03 19:48:58 | INFO | root | epoch=149 step=50 train_loss=0.03457121
2026-06-03 19:48:58 | INFO | root | epoch=149 train_loss=0.03440106 val_loss=0.04716416
2026-06-03 19:48:59 | INFO | root | epoch=150 step=25 train_loss=0.03154485
2026-06-03 19:48:59 | INFO | root | epoch=150 step=50 train_loss=0.03304647
2026-06-03 19:48:59 | INFO | root | epoch=150 train_loss=0.03465213 val_loss=0.04965460
2026-06-03 19:48:59 | INFO | root | epoch=151 step=25 train_loss=0.03602164
2026-06-03 19:48:59 | INFO | root | epoch=151 step=50 train_loss=0.03504915
2026-06-03 19:48:59 | INFO | root | epoch=151 train_loss=0.03572241 val_loss=0.05199555
2026-06-03 19:49:00 | INFO | root | epoch=152 step=25 train_loss=0.03486579
2026-06-03 19:49:00 | INFO | root | epoch=152 step=50 train_loss=0.03365284
2026-06-03 19:49:00 | INFO | root | epoch=152 train_loss=0.03394787 val_loss=0.05579365
2026-06-03 19:49:00 | INFO | root | epoch=153 step=25 train_loss=0.03406195
2026-06-03 19:49:00 | INFO | root | epoch=153 step=50 train_loss=0.03322834
2026-06-03 19:49:00 | INFO | root | epoch=153 train_loss=0.03311851 val_loss=0.04977180
2026-06-03 19:49:01 | INFO | root | epoch=154 step=25 train_loss=0.03368646
2026-06-03 19:49:01 | INFO | root | epoch=154 step=50 train_loss=0.03367102
2026-06-03 19:49:01 | INFO | root | epoch=154 train_loss=0.03433741 val_loss=0.04818569
2026-06-03 19:49:01 | INFO | root | epoch=155 step=25 train_loss=0.03348622
2026-06-03 19:49:01 | INFO | root | epoch=155 step=50 train_loss=0.03390851
2026-06-03 19:49:01 | INFO | root | epoch=155 train_loss=0.03428863 val_loss=0.05032020
2026-06-03 19:49:02 | INFO | root | epoch=156 step=25 train_loss=0.03442512
2026-06-03 19:49:02 | INFO | root | epoch=156 step=50 train_loss=0.03464273
2026-06-03 19:49:02 | INFO | root | epoch=156 train_loss=0.03470524 val_loss=0.04938623
2026-06-03 19:49:02 | INFO | root | epoch=157 step=25 train_loss=0.03263723
2026-06-03 19:49:02 | INFO | root | epoch=157 step=50 train_loss=0.03285704
2026-06-03 19:49:02 | INFO | root | epoch=157 train_loss=0.03304826 val_loss=0.05373448
2026-06-03 19:49:03 | INFO | root | epoch=158 step=25 train_loss=0.03224351
2026-06-03 19:49:03 | INFO | root | epoch=158 step=50 train_loss=0.03287652
2026-06-03 19:49:03 | INFO | root | epoch=158 train_loss=0.03302185 val_loss=0.05014689
2026-06-03 19:49:03 | INFO | root | epoch=159 step=25 train_loss=0.03189317
2026-06-03 19:49:03 | INFO | root | epoch=159 step=50 train_loss=0.03175284
2026-06-03 19:49:03 | INFO | root | epoch=159 train_loss=0.03243803 val_loss=0.05074558
2026-06-03 19:49:04 | INFO | root | epoch=160 step=25 train_loss=0.03465176
2026-06-03 19:49:04 | INFO | root | epoch=160 step=50 train_loss=0.03494149
2026-06-03 19:49:04 | INFO | root | epoch=160 train_loss=0.03495346 val_loss=0.05376061
2026-06-03 19:49:04 | INFO | root | epoch=161 step=25 train_loss=0.03443425
2026-06-03 19:49:04 | INFO | root | epoch=161 step=50 train_loss=0.03425289
2026-06-03 19:49:04 | INFO | root | epoch=161 train_loss=0.03376255 val_loss=0.05458675
2026-06-03 19:49:05 | INFO | root | epoch=162 step=25 train_loss=0.03394418
2026-06-03 19:49:05 | INFO | root | epoch=162 step=50 train_loss=0.03417312
2026-06-03 19:49:05 | INFO | root | epoch=162 train_loss=0.03578197 val_loss=0.05195350
2026-06-03 19:49:05 | INFO | root | epoch=163 step=25 train_loss=0.03398192
2026-06-03 19:49:05 | INFO | root | epoch=163 step=50 train_loss=0.03431687
2026-06-03 19:49:05 | INFO | root | epoch=163 train_loss=0.03426575 val_loss=0.04956942
2026-06-03 19:49:06 | INFO | root | epoch=164 step=25 train_loss=0.03333677
2026-06-03 19:49:06 | INFO | root | epoch=164 step=50 train_loss=0.03329153
2026-06-03 19:49:06 | INFO | root | epoch=164 train_loss=0.03309435 val_loss=0.04957632
2026-06-03 19:49:06 | INFO | root | epoch=165 step=25 train_loss=0.03485324
2026-06-03 19:49:06 | INFO | root | epoch=165 step=50 train_loss=0.03375409
2026-06-03 19:49:06 | INFO | root | epoch=165 train_loss=0.03342754 val_loss=0.05125857
2026-06-03 19:49:07 | INFO | root | epoch=166 step=25 train_loss=0.03281507
2026-06-03 19:49:07 | INFO | root | epoch=166 step=50 train_loss=0.03280940
2026-06-03 19:49:07 | INFO | root | epoch=166 train_loss=0.03299066 val_loss=0.05973712
2026-06-03 19:49:07 | INFO | root | epoch=167 step=25 train_loss=0.03144207
2026-06-03 19:49:07 | INFO | root | epoch=167 step=50 train_loss=0.03304233
2026-06-03 19:49:07 | INFO | root | epoch=167 train_loss=0.03301823 val_loss=0.05238304
2026-06-03 19:49:08 | INFO | root | epoch=168 step=25 train_loss=0.03251338
2026-06-03 19:49:08 | INFO | root | epoch=168 step=50 train_loss=0.03341527
2026-06-03 19:49:08 | INFO | root | epoch=168 train_loss=0.03349626 val_loss=0.05323923
2026-06-03 19:49:08 | INFO | root | epoch=169 step=25 train_loss=0.03271137
2026-06-03 19:49:08 | INFO | root | epoch=169 step=50 train_loss=0.03304616
2026-06-03 19:49:08 | INFO | root | epoch=169 train_loss=0.03306163 val_loss=0.05342660
2026-06-03 19:49:09 | INFO | root | epoch=170 step=25 train_loss=0.03135890
2026-06-03 19:49:09 | INFO | root | epoch=170 step=50 train_loss=0.03195553
2026-06-03 19:49:09 | INFO | root | epoch=170 train_loss=0.03232898 val_loss=0.05281224
2026-06-03 19:49:09 | INFO | root | epoch=171 step=25 train_loss=0.03339198
2026-06-03 19:49:09 | INFO | root | epoch=171 step=50 train_loss=0.03218280
2026-06-03 19:49:09 | INFO | root | epoch=171 train_loss=0.03233775 val_loss=0.05470308
2026-06-03 19:49:10 | INFO | root | epoch=172 step=25 train_loss=0.03337091
2026-06-03 19:49:10 | INFO | root | epoch=172 step=50 train_loss=0.03358000
2026-06-03 19:49:10 | INFO | root | epoch=172 train_loss=0.03318371 val_loss=0.05375806
2026-06-03 19:49:10 | INFO | root | epoch=173 step=25 train_loss=0.03326563
2026-06-03 19:49:10 | INFO | root | epoch=173 step=50 train_loss=0.03252525
2026-06-03 19:49:10 | INFO | root | epoch=173 train_loss=0.03289759 val_loss=0.05201614
2026-06-03 19:49:11 | INFO | root | epoch=174 step=25 train_loss=0.03405976
2026-06-03 19:49:11 | INFO | root | epoch=174 step=50 train_loss=0.03323104
2026-06-03 19:49:11 | INFO | root | epoch=174 train_loss=0.03306584 val_loss=0.05310788
2026-06-03 19:49:11 | INFO | root | epoch=175 step=25 train_loss=0.03126832
2026-06-03 19:49:11 | INFO | root | epoch=175 step=50 train_loss=0.03218192
2026-06-03 19:49:11 | INFO | root | epoch=175 train_loss=0.03240602 val_loss=0.05116654
2026-06-03 19:49:12 | INFO | root | epoch=176 step=25 train_loss=0.03223899
2026-06-03 19:49:12 | INFO | root | epoch=176 step=50 train_loss=0.03367329
2026-06-03 19:49:12 | INFO | root | epoch=176 train_loss=0.03351991 val_loss=0.04947191
2026-06-03 19:49:12 | INFO | root | epoch=177 step=25 train_loss=0.03288859
2026-06-03 19:49:12 | INFO | root | epoch=177 step=50 train_loss=0.03272973
2026-06-03 19:49:12 | INFO | root | epoch=177 train_loss=0.03271838 val_loss=0.05081201
2026-06-03 19:49:13 | INFO | root | epoch=178 step=25 train_loss=0.03220237
2026-06-03 19:49:13 | INFO | root | epoch=178 step=50 train_loss=0.03316873
2026-06-03 19:49:13 | INFO | root | epoch=178 train_loss=0.03341207 val_loss=0.04988838
2026-06-03 19:49:13 | INFO | root | epoch=179 step=25 train_loss=0.03432385
2026-06-03 19:49:13 | INFO | root | epoch=179 step=50 train_loss=0.03393452
2026-06-03 19:49:13 | INFO | root | epoch=179 train_loss=0.03347157 val_loss=0.05047580
2026-06-03 19:49:14 | INFO | root | epoch=180 step=25 train_loss=0.03147391
2026-06-03 19:49:14 | INFO | root | epoch=180 step=50 train_loss=0.03269497
2026-06-03 19:49:14 | INFO | root | epoch=180 train_loss=0.03241109 val_loss=0.05431951
2026-06-03 19:49:14 | INFO | root | epoch=181 step=25 train_loss=0.03119908
2026-06-03 19:49:14 | INFO | root | epoch=181 step=50 train_loss=0.03150337
2026-06-03 19:49:14 | INFO | root | epoch=181 train_loss=0.03133809 val_loss=0.05239639
2026-06-03 19:49:15 | INFO | root | epoch=182 step=25 train_loss=0.03463692
2026-06-03 19:49:15 | INFO | root | epoch=182 step=50 train_loss=0.03333878
2026-06-03 19:49:15 | INFO | root | epoch=182 train_loss=0.03237986 val_loss=0.05535872
2026-06-03 19:49:15 | INFO | root | epoch=183 step=25 train_loss=0.03137553
2026-06-03 19:49:15 | INFO | root | epoch=183 step=50 train_loss=0.03129776
2026-06-03 19:49:15 | INFO | root | epoch=183 train_loss=0.03144731 val_loss=0.05233316
2026-06-03 19:49:16 | INFO | root | epoch=184 step=25 train_loss=0.02950579
2026-06-03 19:49:16 | INFO | root | epoch=184 step=50 train_loss=0.03090646
2026-06-03 19:49:16 | INFO | root | epoch=184 train_loss=0.03115718 val_loss=0.05495272
2026-06-03 19:49:16 | INFO | root | epoch=185 step=25 train_loss=0.03049835
2026-06-03 19:49:16 | INFO | root | epoch=185 step=50 train_loss=0.03253893
2026-06-03 19:49:16 | INFO | root | epoch=185 train_loss=0.03310321 val_loss=0.04868417
2026-06-03 19:49:16 | INFO | root | epoch=186 step=25 train_loss=0.03337107
2026-06-03 19:49:17 | INFO | root | epoch=186 step=50 train_loss=0.03402427
2026-06-03 19:49:17 | INFO | root | epoch=186 train_loss=0.03339715 val_loss=0.05056934
2026-06-03 19:49:17 | INFO | root | epoch=187 step=25 train_loss=0.03208635
2026-06-03 19:49:17 | INFO | root | epoch=187 step=50 train_loss=0.03215287
2026-06-03 19:49:17 | INFO | root | epoch=187 train_loss=0.03208628 val_loss=0.05258300
2026-06-03 19:49:17 | INFO | root | epoch=188 step=25 train_loss=0.03182914
2026-06-03 19:49:18 | INFO | root | epoch=188 step=50 train_loss=0.03179611
2026-06-03 19:49:18 | INFO | root | epoch=188 train_loss=0.03196635 val_loss=0.05612233
2026-06-03 19:49:18 | INFO | root | epoch=189 step=25 train_loss=0.03210335
2026-06-03 19:49:18 | INFO | root | epoch=189 step=50 train_loss=0.03081241
2026-06-03 19:49:18 | INFO | root | epoch=189 train_loss=0.03127549 val_loss=0.05477520
2026-06-03 19:49:19 | INFO | root | epoch=190 step=25 train_loss=0.03024202
2026-06-03 19:49:19 | INFO | root | epoch=190 step=50 train_loss=0.03082519
2026-06-03 19:49:19 | INFO | root | epoch=190 train_loss=0.03055435 val_loss=0.05355495
2026-06-03 19:49:19 | INFO | root | epoch=191 step=25 train_loss=0.03063426
2026-06-03 19:49:19 | INFO | root | epoch=191 step=50 train_loss=0.03112721
2026-06-03 19:49:19 | INFO | root | epoch=191 train_loss=0.03129770 val_loss=0.05620083
2026-06-03 19:49:19 | INFO | root | epoch=192 step=25 train_loss=0.02936109
2026-06-03 19:49:20 | INFO | root | epoch=192 step=50 train_loss=0.03042029
2026-06-03 19:49:20 | INFO | root | epoch=192 train_loss=0.03121259 val_loss=0.05504370
2026-06-03 19:49:20 | INFO | root | epoch=193 step=25 train_loss=0.03131618
2026-06-03 19:49:20 | INFO | root | epoch=193 step=50 train_loss=0.03089806
2026-06-03 19:49:20 | INFO | root | epoch=193 train_loss=0.03133962 val_loss=0.05413464
2026-06-03 19:49:20 | INFO | root | epoch=194 step=25 train_loss=0.03131018
2026-06-03 19:49:21 | INFO | root | epoch=194 step=50 train_loss=0.03157394
2026-06-03 19:49:21 | INFO | root | epoch=194 train_loss=0.03092399 val_loss=0.05477741
2026-06-03 19:49:21 | INFO | root | epoch=195 step=25 train_loss=0.02861006
2026-06-03 19:49:21 | INFO | root | epoch=195 step=50 train_loss=0.03051722
2026-06-03 19:49:21 | INFO | root | epoch=195 train_loss=0.03082596 val_loss=0.05154238
2026-06-03 19:49:21 | INFO | root | epoch=196 step=25 train_loss=0.03146666
2026-06-03 19:49:22 | INFO | root | epoch=196 step=50 train_loss=0.03014732
2026-06-03 19:49:22 | INFO | root | epoch=196 train_loss=0.03027455 val_loss=0.05116604
2026-06-03 19:49:22 | INFO | root | epoch=197 step=25 train_loss=0.03022765
2026-06-03 19:49:22 | INFO | root | epoch=197 step=50 train_loss=0.03037760
2026-06-03 19:49:22 | INFO | root | epoch=197 train_loss=0.03018484 val_loss=0.05012206
2026-06-03 19:49:22 | INFO | root | epoch=198 step=25 train_loss=0.03083337
2026-06-03 19:49:23 | INFO | root | epoch=198 step=50 train_loss=0.03116724
2026-06-03 19:49:23 | INFO | root | epoch=198 train_loss=0.03112903 val_loss=0.05357330
2026-06-03 19:49:23 | INFO | root | epoch=199 step=25 train_loss=0.03103441
2026-06-03 19:49:23 | INFO | root | epoch=199 step=50 train_loss=0.03181500
2026-06-03 19:49:23 | INFO | root | epoch=199 train_loss=0.03256335 val_loss=0.05477937
2026-06-03 19:49:24 | INFO | root | epoch=200 step=25 train_loss=0.03317058
2026-06-03 19:49:24 | INFO | root | epoch=200 step=50 train_loss=0.03278700
2026-06-03 19:49:24 | INFO | root | epoch=200 train_loss=0.03254132 val_loss=0.05668371
2026-06-03 19:49:24 | INFO | root | test_NMSE=0.15638778 test_MSE=0.15775682
2026-06-03 19:49:24 | INFO | root | Saved checkpoint to /mntdatalora/src/ECG-Denoising-LMMSE/outputs/transformer/window_P16_medium/Final_Transformer.pt
