2026-06-03 19:45:58 | INFO | root | Logging to /mntdatalora/src/ECG-Denoising-LMMSE/logs/window_P8_medium_20260603_194558.log
2026-06-03 19:45:58 | INFO | root | Runtime context:
{
  "config_path": "/mntdatalora/src/ECG-Denoising-LMMSE/configs/transformer.yaml",
  "hostname": "pod-4",
  "output_dir": "/mntdatalora/src/ECG-Denoising-LMMSE/outputs/transformer/window_P8_medium",
  "platform": "Linux-6.8.0-124-generic-x86_64-with-glibc2.39",
  "python": "3.12.3 (main, Mar  3 2026, 12:15:18) [GCC 13.3.0]"
}
2026-06-03 19:46:00 | INFO | root | Training ECGTransformerDenoiser for 200 epochs with 17844 train windows and 3149 validation windows
2026-06-03 19:46:01 | INFO | root | epoch=1 step=25 train_loss=0.20832892
2026-06-03 19:46:01 | INFO | root | epoch=1 step=50 train_loss=0.15503697
2026-06-03 19:46:01 | INFO | root | epoch=1 train_loss=0.14013605 val_loss=0.09195530
2026-06-03 19:46:01 | INFO | root | epoch=2 step=25 train_loss=0.10073397
2026-06-03 19:46:01 | INFO | root | epoch=2 step=50 train_loss=0.09568918
2026-06-03 19:46:02 | INFO | root | epoch=2 train_loss=0.09580056 val_loss=0.07986012
2026-06-03 19:46:02 | INFO | root | epoch=3 step=25 train_loss=0.08823401
2026-06-03 19:46:02 | INFO | root | epoch=3 step=50 train_loss=0.08746724
2026-06-03 19:46:02 | INFO | root | epoch=3 train_loss=0.08605665 val_loss=0.07794695
2026-06-03 19:46:02 | INFO | root | epoch=4 step=25 train_loss=0.08611220
2026-06-03 19:46:02 | INFO | root | epoch=4 step=50 train_loss=0.08884068
2026-06-03 19:46:02 | INFO | root | epoch=4 train_loss=0.08713462 val_loss=0.07714922
2026-06-03 19:46:03 | INFO | root | epoch=5 step=25 train_loss=0.08925389
2026-06-03 19:46:03 | INFO | root | epoch=5 step=50 train_loss=0.08671534
2026-06-03 19:46:03 | INFO | root | epoch=5 train_loss=0.08463337 val_loss=0.07485131
2026-06-03 19:46:03 | INFO | root | epoch=6 step=25 train_loss=0.08443090
2026-06-03 19:46:03 | INFO | root | epoch=6 step=50 train_loss=0.08211836
2026-06-03 19:46:04 | INFO | root | epoch=6 train_loss=0.08345592 val_loss=0.07621129
2026-06-03 19:46:04 | INFO | root | epoch=7 step=25 train_loss=0.08463748
2026-06-03 19:46:04 | INFO | root | epoch=7 step=50 train_loss=0.08147470
2026-06-03 19:46:04 | INFO | root | epoch=7 train_loss=0.08279027 val_loss=0.07478652
2026-06-03 19:46:04 | INFO | root | epoch=8 step=25 train_loss=0.08077803
2026-06-03 19:46:05 | INFO | root | epoch=8 step=50 train_loss=0.08106771
2026-06-03 19:46:05 | INFO | root | epoch=8 train_loss=0.08182322 val_loss=0.07230745
2026-06-03 19:46:05 | INFO | root | epoch=9 step=25 train_loss=0.08063051
2026-06-03 19:46:05 | INFO | root | epoch=9 step=50 train_loss=0.07931141
2026-06-03 19:46:05 | INFO | root | epoch=9 train_loss=0.08044011 val_loss=0.07263272
2026-06-03 19:46:05 | INFO | root | epoch=10 step=25 train_loss=0.07759226
2026-06-03 19:46:06 | INFO | root | epoch=10 step=50 train_loss=0.07915504
2026-06-03 19:46:06 | INFO | root | epoch=10 train_loss=0.07994541 val_loss=0.07377644
2026-06-03 19:46:06 | INFO | root | epoch=11 step=25 train_loss=0.07862139
2026-06-03 19:46:06 | INFO | root | epoch=11 step=50 train_loss=0.07957607
2026-06-03 19:46:06 | INFO | root | epoch=11 train_loss=0.07987403 val_loss=0.07688808
2026-06-03 19:46:06 | INFO | root | epoch=12 step=25 train_loss=0.08325360
2026-06-03 19:46:07 | INFO | root | epoch=12 step=50 train_loss=0.08098369
2026-06-03 19:46:07 | INFO | root | epoch=12 train_loss=0.07981242 val_loss=0.07175660
2026-06-03 19:46:07 | INFO | root | epoch=13 step=25 train_loss=0.07747435
2026-06-03 19:46:07 | INFO | root | epoch=13 step=50 train_loss=0.07807009
2026-06-03 19:46:07 | INFO | root | epoch=13 train_loss=0.07896430 val_loss=0.07636023
2026-06-03 19:46:07 | INFO | root | epoch=14 step=25 train_loss=0.08020514
2026-06-03 19:46:08 | INFO | root | epoch=14 step=50 train_loss=0.07940577
2026-06-03 19:46:08 | INFO | root | epoch=14 train_loss=0.07910172 val_loss=0.07185537
2026-06-03 19:46:08 | INFO | root | epoch=15 step=25 train_loss=0.07465753
2026-06-03 19:46:08 | INFO | root | epoch=15 step=50 train_loss=0.07826213
2026-06-03 19:46:08 | INFO | root | epoch=15 train_loss=0.07853593 val_loss=0.07244972
2026-06-03 19:46:08 | INFO | root | epoch=16 step=25 train_loss=0.08087706
2026-06-03 19:46:09 | INFO | root | epoch=16 step=50 train_loss=0.07932181
2026-06-03 19:46:09 | INFO | root | epoch=16 train_loss=0.07927937 val_loss=0.07358712
2026-06-03 19:46:09 | INFO | root | epoch=17 step=25 train_loss=0.08120130
2026-06-03 19:46:09 | INFO | root | epoch=17 step=50 train_loss=0.07963682
2026-06-03 19:46:09 | INFO | root | epoch=17 train_loss=0.07834884 val_loss=0.07470260
2026-06-03 19:46:10 | INFO | root | epoch=18 step=25 train_loss=0.07817186
2026-06-03 19:46:10 | INFO | root | epoch=18 step=50 train_loss=0.07714710
2026-06-03 19:46:10 | INFO | root | epoch=18 train_loss=0.07737803 val_loss=0.07455372
2026-06-03 19:46:10 | INFO | root | epoch=19 step=25 train_loss=0.08098913
2026-06-03 19:46:10 | INFO | root | epoch=19 step=50 train_loss=0.07927384
2026-06-03 19:46:10 | INFO | root | epoch=19 train_loss=0.07779573 val_loss=0.07157618
2026-06-03 19:46:11 | INFO | root | epoch=20 step=25 train_loss=0.07897222
2026-06-03 19:46:11 | INFO | root | epoch=20 step=50 train_loss=0.07735954
2026-06-03 19:46:11 | INFO | root | epoch=20 train_loss=0.07725104 val_loss=0.07233133
2026-06-03 19:46:11 | INFO | root | epoch=21 step=25 train_loss=0.07818859
2026-06-03 19:46:11 | INFO | root | epoch=21 step=50 train_loss=0.07701558
2026-06-03 19:46:11 | INFO | root | epoch=21 train_loss=0.07707572 val_loss=0.07300910
2026-06-03 19:46:12 | INFO | root | epoch=22 step=25 train_loss=0.07917025
2026-06-03 19:46:12 | INFO | root | epoch=22 step=50 train_loss=0.07758349
2026-06-03 19:46:12 | INFO | root | epoch=22 train_loss=0.07703566 val_loss=0.07147165
2026-06-03 19:46:12 | INFO | root | epoch=23 step=25 train_loss=0.07865720
2026-06-03 19:46:12 | INFO | root | epoch=23 step=50 train_loss=0.07667932
2026-06-03 19:46:13 | INFO | root | epoch=23 train_loss=0.07704966 val_loss=0.06913685
2026-06-03 19:46:13 | INFO | root | epoch=24 step=25 train_loss=0.07593596
2026-06-03 19:46:13 | INFO | root | epoch=24 step=50 train_loss=0.07650840
2026-06-03 19:46:13 | INFO | root | epoch=24 train_loss=0.07692628 val_loss=0.07313978
2026-06-03 19:46:13 | INFO | root | epoch=25 step=25 train_loss=0.07446140
2026-06-03 19:46:13 | INFO | root | epoch=25 step=50 train_loss=0.07657278
2026-06-03 19:46:14 | INFO | root | epoch=25 train_loss=0.07713922 val_loss=0.07108082
2026-06-03 19:46:14 | INFO | root | epoch=26 step=25 train_loss=0.07542810
2026-06-03 19:46:14 | INFO | root | epoch=26 step=50 train_loss=0.07684248
2026-06-03 19:46:14 | INFO | root | epoch=26 train_loss=0.07698509 val_loss=0.07281282
2026-06-03 19:46:14 | INFO | root | epoch=27 step=25 train_loss=0.07330157
2026-06-03 19:46:15 | INFO | root | epoch=27 step=50 train_loss=0.07632687
2026-06-03 19:46:15 | INFO | root | epoch=27 train_loss=0.07594829 val_loss=0.07018423
2026-06-03 19:46:15 | INFO | root | epoch=28 step=25 train_loss=0.07586237
2026-06-03 19:46:15 | INFO | root | epoch=28 step=50 train_loss=0.07580720
2026-06-03 19:46:15 | INFO | root | epoch=28 train_loss=0.07627984 val_loss=0.06879262
2026-06-03 19:46:16 | INFO | root | epoch=29 step=25 train_loss=0.07745771
2026-06-03 19:46:16 | INFO | root | epoch=29 step=50 train_loss=0.07613689
2026-06-03 19:46:16 | INFO | root | epoch=29 train_loss=0.07554376 val_loss=0.06918968
2026-06-03 19:46:16 | INFO | root | epoch=30 step=25 train_loss=0.07472531
2026-06-03 19:46:16 | INFO | root | epoch=30 step=50 train_loss=0.07462971
2026-06-03 19:46:16 | INFO | root | epoch=30 train_loss=0.07479477 val_loss=0.07192256
2026-06-03 19:46:17 | INFO | root | epoch=31 step=25 train_loss=0.07377519
2026-06-03 19:46:17 | INFO | root | epoch=31 step=50 train_loss=0.07400471
2026-06-03 19:46:17 | INFO | root | epoch=31 train_loss=0.07485955 val_loss=0.07312526
2026-06-03 19:46:17 | INFO | root | epoch=32 step=25 train_loss=0.07320964
2026-06-03 19:46:17 | INFO | root | epoch=32 step=50 train_loss=0.07458535
2026-06-03 19:46:17 | INFO | root | epoch=32 train_loss=0.07463515 val_loss=0.06948749
2026-06-03 19:46:17 | INFO | root | epoch=33 step=25 train_loss=0.07794802
2026-06-03 19:46:18 | INFO | root | epoch=33 step=50 train_loss=0.07544368
2026-06-03 19:46:18 | INFO | root | epoch=33 train_loss=0.07516732 val_loss=0.07228716
2026-06-03 19:46:18 | INFO | root | epoch=34 step=25 train_loss=0.07912323
2026-06-03 19:46:18 | INFO | root | epoch=34 step=50 train_loss=0.07645166
2026-06-03 19:46:18 | INFO | root | epoch=34 train_loss=0.07534041 val_loss=0.07310701
2026-06-03 19:46:19 | INFO | root | epoch=35 step=25 train_loss=0.07507498
2026-06-03 19:46:19 | INFO | root | epoch=35 step=50 train_loss=0.07461757
2026-06-03 19:46:19 | INFO | root | epoch=35 train_loss=0.07479273 val_loss=0.07194386
2026-06-03 19:46:19 | INFO | root | epoch=36 step=25 train_loss=0.07376219
2026-06-03 19:46:19 | INFO | root | epoch=36 step=50 train_loss=0.07484240
2026-06-03 19:46:19 | INFO | root | epoch=36 train_loss=0.07464525 val_loss=0.07453687
2026-06-03 19:46:20 | INFO | root | epoch=37 step=25 train_loss=0.07729611
2026-06-03 19:46:20 | INFO | root | epoch=37 step=50 train_loss=0.07446134
2026-06-03 19:46:20 | INFO | root | epoch=37 train_loss=0.07469564 val_loss=0.07457538
2026-06-03 19:46:20 | INFO | root | epoch=38 step=25 train_loss=0.07926771
2026-06-03 19:46:20 | INFO | root | epoch=38 step=50 train_loss=0.07554367
2026-06-03 19:46:20 | INFO | root | epoch=38 train_loss=0.07471169 val_loss=0.07116962
2026-06-03 19:46:20 | INFO | root | epoch=39 step=25 train_loss=0.08094593
2026-06-03 19:46:21 | INFO | root | epoch=39 step=50 train_loss=0.07615014
2026-06-03 19:46:21 | INFO | root | epoch=39 train_loss=0.07406096 val_loss=0.06977687
2026-06-03 19:46:21 | INFO | root | epoch=40 step=25 train_loss=0.07530271
2026-06-03 19:46:21 | INFO | root | epoch=40 step=50 train_loss=0.07401647
2026-06-03 19:46:21 | INFO | root | epoch=40 train_loss=0.07420314 val_loss=0.07194881
2026-06-03 19:46:21 | INFO | root | epoch=41 step=25 train_loss=0.07356521
2026-06-03 19:46:22 | INFO | root | epoch=41 step=50 train_loss=0.07546645
2026-06-03 19:46:22 | INFO | root | epoch=41 train_loss=0.07483640 val_loss=0.06947080
2026-06-03 19:46:22 | INFO | root | epoch=42 step=25 train_loss=0.07405549
2026-06-03 19:46:22 | INFO | root | epoch=42 step=50 train_loss=0.07478729
2026-06-03 19:46:22 | INFO | root | epoch=42 train_loss=0.07398479 val_loss=0.07001376
2026-06-03 19:46:22 | INFO | root | epoch=43 step=25 train_loss=0.07184970
2026-06-03 19:46:23 | INFO | root | epoch=43 step=50 train_loss=0.07278282
2026-06-03 19:46:23 | INFO | root | epoch=43 train_loss=0.07516349 val_loss=0.06644683
2026-06-03 19:46:23 | INFO | root | epoch=44 step=25 train_loss=0.07587018
2026-06-03 19:46:23 | INFO | root | epoch=44 step=50 train_loss=0.07352262
2026-06-03 19:46:23 | INFO | root | epoch=44 train_loss=0.07397244 val_loss=0.07247524
2026-06-03 19:46:23 | INFO | root | epoch=45 step=25 train_loss=0.07529065
2026-06-03 19:46:24 | INFO | root | epoch=45 step=50 train_loss=0.07487088
2026-06-03 19:46:24 | INFO | root | epoch=45 train_loss=0.07442946 val_loss=0.06932376
2026-06-03 19:46:24 | INFO | root | epoch=46 step=25 train_loss=0.07427236
2026-06-03 19:46:24 | INFO | root | epoch=46 step=50 train_loss=0.07369165
2026-06-03 19:46:24 | INFO | root | epoch=46 train_loss=0.07314532 val_loss=0.06944430
2026-06-03 19:46:24 | INFO | root | epoch=47 step=25 train_loss=0.07367210
2026-06-03 19:46:25 | INFO | root | epoch=47 step=50 train_loss=0.07203286
2026-06-03 19:46:25 | INFO | root | epoch=47 train_loss=0.07235504 val_loss=0.06904229
2026-06-03 19:46:25 | INFO | root | epoch=48 step=25 train_loss=0.07299969
2026-06-03 19:46:25 | INFO | root | epoch=48 step=50 train_loss=0.07327592
2026-06-03 19:46:25 | INFO | root | epoch=48 train_loss=0.07322364 val_loss=0.06886555
2026-06-03 19:46:25 | INFO | root | epoch=49 step=25 train_loss=0.07511497
2026-06-03 19:46:26 | INFO | root | epoch=49 step=50 train_loss=0.07378720
2026-06-03 19:46:26 | INFO | root | epoch=49 train_loss=0.07365617 val_loss=0.07001866
2026-06-03 19:46:26 | INFO | root | epoch=50 step=25 train_loss=0.07375159
2026-06-03 19:46:26 | INFO | root | epoch=50 step=50 train_loss=0.07171695
2026-06-03 19:46:26 | INFO | root | epoch=50 train_loss=0.07326626 val_loss=0.06874433
2026-06-03 19:46:26 | INFO | root | epoch=51 step=25 train_loss=0.07186645
2026-06-03 19:46:27 | INFO | root | epoch=51 step=50 train_loss=0.07177163
2026-06-03 19:46:27 | INFO | root | epoch=51 train_loss=0.07290870 val_loss=0.07347568
2026-06-03 19:46:27 | INFO | root | epoch=52 step=25 train_loss=0.07675332
2026-06-03 19:46:27 | INFO | root | epoch=52 step=50 train_loss=0.07553248
2026-06-03 19:46:27 | INFO | root | epoch=52 train_loss=0.07356182 val_loss=0.07016680
2026-06-03 19:46:27 | INFO | root | epoch=53 step=25 train_loss=0.07098077
2026-06-03 19:46:28 | INFO | root | epoch=53 step=50 train_loss=0.07295433
2026-06-03 19:46:28 | INFO | root | epoch=53 train_loss=0.07292177 val_loss=0.07023902
2026-06-03 19:46:28 | INFO | root | epoch=54 step=25 train_loss=0.07263965
2026-06-03 19:46:28 | INFO | root | epoch=54 step=50 train_loss=0.07275244
2026-06-03 19:46:28 | INFO | root | epoch=54 train_loss=0.07295467 val_loss=0.07608297
2026-06-03 19:46:28 | INFO | root | epoch=55 step=25 train_loss=0.07229299
2026-06-03 19:46:29 | INFO | root | epoch=55 step=50 train_loss=0.07217894
2026-06-03 19:46:29 | INFO | root | epoch=55 train_loss=0.07251384 val_loss=0.07137780
2026-06-03 19:46:29 | INFO | root | epoch=56 step=25 train_loss=0.07253513
2026-06-03 19:46:29 | INFO | root | epoch=56 step=50 train_loss=0.07371207
2026-06-03 19:46:29 | INFO | root | epoch=56 train_loss=0.07341926 val_loss=0.07164758
2026-06-03 19:46:29 | INFO | root | epoch=57 step=25 train_loss=0.07107382
2026-06-03 19:46:30 | INFO | root | epoch=57 step=50 train_loss=0.07247612
2026-06-03 19:46:30 | INFO | root | epoch=57 train_loss=0.07248312 val_loss=0.07148304
2026-06-03 19:46:30 | INFO | root | epoch=58 step=25 train_loss=0.07121046
2026-06-03 19:46:30 | INFO | root | epoch=58 step=50 train_loss=0.07298061
2026-06-03 19:46:30 | INFO | root | epoch=58 train_loss=0.07255066 val_loss=0.07005733
2026-06-03 19:46:30 | INFO | root | epoch=59 step=25 train_loss=0.07265986
2026-06-03 19:46:31 | INFO | root | epoch=59 step=50 train_loss=0.07341970
2026-06-03 19:46:31 | INFO | root | epoch=59 train_loss=0.07252485 val_loss=0.07315610
2026-06-03 19:46:31 | INFO | root | epoch=60 step=25 train_loss=0.07302401
2026-06-03 19:46:31 | INFO | root | epoch=60 step=50 train_loss=0.07294706
2026-06-03 19:46:31 | INFO | root | epoch=60 train_loss=0.07298826 val_loss=0.06979568
2026-06-03 19:46:31 | INFO | root | epoch=61 step=25 train_loss=0.06880707
2026-06-03 19:46:32 | INFO | root | epoch=61 step=50 train_loss=0.07190120
2026-06-03 19:46:32 | INFO | root | epoch=61 train_loss=0.07282526 val_loss=0.07305816
2026-06-03 19:46:32 | INFO | root | epoch=62 step=25 train_loss=0.07160451
2026-06-03 19:46:32 | INFO | root | epoch=62 step=50 train_loss=0.07270467
2026-06-03 19:46:32 | INFO | root | epoch=62 train_loss=0.07306534 val_loss=0.06396915
2026-06-03 19:46:32 | INFO | root | epoch=63 step=25 train_loss=0.07386368
2026-06-03 19:46:33 | INFO | root | epoch=63 step=50 train_loss=0.07392415
2026-06-03 19:46:33 | INFO | root | epoch=63 train_loss=0.07338992 val_loss=0.07071292
2026-06-03 19:46:33 | INFO | root | epoch=64 step=25 train_loss=0.07124784
2026-06-03 19:46:33 | INFO | root | epoch=64 step=50 train_loss=0.07151463
2026-06-03 19:46:33 | INFO | root | epoch=64 train_loss=0.07268080 val_loss=0.06963326
2026-06-03 19:46:33 | INFO | root | epoch=65 step=25 train_loss=0.07214704
2026-06-03 19:46:34 | INFO | root | epoch=65 step=50 train_loss=0.07283712
2026-06-03 19:46:34 | INFO | root | epoch=65 train_loss=0.07285083 val_loss=0.06642824
2026-06-03 19:46:34 | INFO | root | epoch=66 step=25 train_loss=0.07162534
2026-06-03 19:46:34 | INFO | root | epoch=66 step=50 train_loss=0.07210737
2026-06-03 19:46:34 | INFO | root | epoch=66 train_loss=0.07275856 val_loss=0.07130806
2026-06-03 19:46:34 | INFO | root | epoch=67 step=25 train_loss=0.07591444
2026-06-03 19:46:35 | INFO | root | epoch=67 step=50 train_loss=0.07451445
2026-06-03 19:46:35 | INFO | root | epoch=67 train_loss=0.07288948 val_loss=0.06818853
2026-06-03 19:46:35 | INFO | root | epoch=68 step=25 train_loss=0.07245687
2026-06-03 19:46:35 | INFO | root | epoch=68 step=50 train_loss=0.07281078
2026-06-03 19:46:35 | INFO | root | epoch=68 train_loss=0.07206714 val_loss=0.06893013
2026-06-03 19:46:36 | INFO | root | epoch=69 step=25 train_loss=0.07443056
2026-06-03 19:46:36 | INFO | root | epoch=69 step=50 train_loss=0.07319927
2026-06-03 19:46:36 | INFO | root | epoch=69 train_loss=0.07254921 val_loss=0.07051905
2026-06-03 19:46:36 | INFO | root | epoch=70 step=25 train_loss=0.07450570
2026-06-03 19:46:36 | INFO | root | epoch=70 step=50 train_loss=0.07330987
2026-06-03 19:46:36 | INFO | root | epoch=70 train_loss=0.07246241 val_loss=0.07137633
2026-06-03 19:46:37 | INFO | root | epoch=71 step=25 train_loss=0.06876387
2026-06-03 19:46:37 | INFO | root | epoch=71 step=50 train_loss=0.07165938
2026-06-03 19:46:37 | INFO | root | epoch=71 train_loss=0.07175376 val_loss=0.06866561
2026-06-03 19:46:37 | INFO | root | epoch=72 step=25 train_loss=0.07182039
2026-06-03 19:46:37 | INFO | root | epoch=72 step=50 train_loss=0.07224605
2026-06-03 19:46:37 | INFO | root | epoch=72 train_loss=0.07227509 val_loss=0.06781823
2026-06-03 19:46:38 | INFO | root | epoch=73 step=25 train_loss=0.07030283
2026-06-03 19:46:38 | INFO | root | epoch=73 step=50 train_loss=0.07059681
2026-06-03 19:46:38 | INFO | root | epoch=73 train_loss=0.07232829 val_loss=0.06681118
2026-06-03 19:46:38 | INFO | root | epoch=74 step=25 train_loss=0.07088627
2026-06-03 19:46:38 | INFO | root | epoch=74 step=50 train_loss=0.07205306
2026-06-03 19:46:38 | INFO | root | epoch=74 train_loss=0.07209593 val_loss=0.06827002
2026-06-03 19:46:39 | INFO | root | epoch=75 step=25 train_loss=0.06979003
2026-06-03 19:46:39 | INFO | root | epoch=75 step=50 train_loss=0.06877663
2026-06-03 19:46:39 | INFO | root | epoch=75 train_loss=0.07230949 val_loss=0.06979942
2026-06-03 19:46:39 | INFO | root | epoch=76 step=25 train_loss=0.07117006
2026-06-03 19:46:39 | INFO | root | epoch=76 step=50 train_loss=0.07212034
2026-06-03 19:46:39 | INFO | root | epoch=76 train_loss=0.07162569 val_loss=0.07161674
2026-06-03 19:46:39 | INFO | root | epoch=77 step=25 train_loss=0.06886689
2026-06-03 19:46:40 | INFO | root | epoch=77 step=50 train_loss=0.06927177
2026-06-03 19:46:40 | INFO | root | epoch=77 train_loss=0.07098762 val_loss=0.07119091
2026-06-03 19:46:40 | INFO | root | epoch=78 step=25 train_loss=0.07151923
2026-06-03 19:46:40 | INFO | root | epoch=78 step=50 train_loss=0.07101300
2026-06-03 19:46:40 | INFO | root | epoch=78 train_loss=0.07177084 val_loss=0.06906156
2026-06-03 19:46:40 | INFO | root | epoch=79 step=25 train_loss=0.07262398
2026-06-03 19:46:41 | INFO | root | epoch=79 step=50 train_loss=0.07216322
2026-06-03 19:46:41 | INFO | root | epoch=79 train_loss=0.07197588 val_loss=0.06846564
2026-06-03 19:46:41 | INFO | root | epoch=80 step=25 train_loss=0.07026387
2026-06-03 19:46:41 | INFO | root | epoch=80 step=50 train_loss=0.07047107
2026-06-03 19:46:41 | INFO | root | epoch=80 train_loss=0.07102261 val_loss=0.06821127
2026-06-03 19:46:41 | INFO | root | epoch=81 step=25 train_loss=0.07122455
2026-06-03 19:46:42 | INFO | root | epoch=81 step=50 train_loss=0.07147435
2026-06-03 19:46:42 | INFO | root | epoch=81 train_loss=0.07048027 val_loss=0.06516113
2026-06-03 19:46:42 | INFO | root | epoch=82 step=25 train_loss=0.07266261
2026-06-03 19:46:42 | INFO | root | epoch=82 step=50 train_loss=0.07096704
2026-06-03 19:46:42 | INFO | root | epoch=82 train_loss=0.07127853 val_loss=0.06758543
2026-06-03 19:46:42 | INFO | root | epoch=83 step=25 train_loss=0.07381090
2026-06-03 19:46:43 | INFO | root | epoch=83 step=50 train_loss=0.07253249
2026-06-03 19:46:43 | INFO | root | epoch=83 train_loss=0.07304543 val_loss=0.06995252
2026-06-03 19:46:43 | INFO | root | epoch=84 step=25 train_loss=0.06945918
2026-06-03 19:46:43 | INFO | root | epoch=84 step=50 train_loss=0.07137764
2026-06-03 19:46:43 | INFO | root | epoch=84 train_loss=0.07163644 val_loss=0.06721526
2026-06-03 19:46:43 | INFO | root | epoch=85 step=25 train_loss=0.06820606
2026-06-03 19:46:44 | INFO | root | epoch=85 step=50 train_loss=0.07079404
2026-06-03 19:46:44 | INFO | root | epoch=85 train_loss=0.07145511 val_loss=0.06983909
2026-06-03 19:46:44 | INFO | root | epoch=86 step=25 train_loss=0.06979099
2026-06-03 19:46:44 | INFO | root | epoch=86 step=50 train_loss=0.07056857
2026-06-03 19:46:44 | INFO | root | epoch=86 train_loss=0.07077516 val_loss=0.07086307
2026-06-03 19:46:44 | INFO | root | epoch=87 step=25 train_loss=0.07185835
2026-06-03 19:46:45 | INFO | root | epoch=87 step=50 train_loss=0.07086273
2026-06-03 19:46:45 | INFO | root | epoch=87 train_loss=0.07098885 val_loss=0.06680952
2026-06-03 19:46:45 | INFO | root | epoch=88 step=25 train_loss=0.07268571
2026-06-03 19:46:45 | INFO | root | epoch=88 step=50 train_loss=0.07127070
2026-06-03 19:46:45 | INFO | root | epoch=88 train_loss=0.07116268 val_loss=0.06661236
2026-06-03 19:46:45 | INFO | root | epoch=89 step=25 train_loss=0.07013316
2026-06-03 19:46:46 | INFO | root | epoch=89 step=50 train_loss=0.07001627
2026-06-03 19:46:46 | INFO | root | epoch=89 train_loss=0.07045528 val_loss=0.07077855
2026-06-03 19:46:46 | INFO | root | epoch=90 step=25 train_loss=0.07044144
2026-06-03 19:46:46 | INFO | root | epoch=90 step=50 train_loss=0.06917231
2026-06-03 19:46:46 | INFO | root | epoch=90 train_loss=0.07108986 val_loss=0.06540716
2026-06-03 19:46:46 | INFO | root | epoch=91 step=25 train_loss=0.07050405
2026-06-03 19:46:47 | INFO | root | epoch=91 step=50 train_loss=0.07121968
2026-06-03 19:46:47 | INFO | root | epoch=91 train_loss=0.07094498 val_loss=0.06959036
2026-06-03 19:46:47 | INFO | root | epoch=92 step=25 train_loss=0.06824631
2026-06-03 19:46:47 | INFO | root | epoch=92 step=50 train_loss=0.06954219
2026-06-03 19:46:47 | INFO | root | epoch=92 train_loss=0.07077068 val_loss=0.06847438
2026-06-03 19:46:47 | INFO | root | epoch=93 step=25 train_loss=0.07082724
2026-06-03 19:46:48 | INFO | root | epoch=93 step=50 train_loss=0.06964477
2026-06-03 19:46:48 | INFO | root | epoch=93 train_loss=0.07034449 val_loss=0.07114481
2026-06-03 19:46:48 | INFO | root | epoch=94 step=25 train_loss=0.06967134
2026-06-03 19:46:48 | INFO | root | epoch=94 step=50 train_loss=0.07003561
2026-06-03 19:46:48 | INFO | root | epoch=94 train_loss=0.06985628 val_loss=0.06596495
2026-06-03 19:46:48 | INFO | root | epoch=95 step=25 train_loss=0.07260602
2026-06-03 19:46:49 | INFO | root | epoch=95 step=50 train_loss=0.07007836
2026-06-03 19:46:49 | INFO | root | epoch=95 train_loss=0.07070233 val_loss=0.06865102
2026-06-03 19:46:49 | INFO | root | epoch=96 step=25 train_loss=0.07095232
2026-06-03 19:46:49 | INFO | root | epoch=96 step=50 train_loss=0.07097680
2026-06-03 19:46:49 | INFO | root | epoch=96 train_loss=0.07045187 val_loss=0.07064294
2026-06-03 19:46:49 | INFO | root | epoch=97 step=25 train_loss=0.06905237
2026-06-03 19:46:50 | INFO | root | epoch=97 step=50 train_loss=0.06892901
2026-06-03 19:46:50 | INFO | root | epoch=97 train_loss=0.06981854 val_loss=0.06883804
2026-06-03 19:46:50 | INFO | root | epoch=98 step=25 train_loss=0.06967546
2026-06-03 19:46:50 | INFO | root | epoch=98 step=50 train_loss=0.07001782
2026-06-03 19:46:50 | INFO | root | epoch=98 train_loss=0.07034285 val_loss=0.06853116
2026-06-03 19:46:50 | INFO | root | epoch=99 step=25 train_loss=0.06869001
2026-06-03 19:46:51 | INFO | root | epoch=99 step=50 train_loss=0.06986012
2026-06-03 19:46:51 | INFO | root | epoch=99 train_loss=0.07045896 val_loss=0.07104063
2026-06-03 19:46:51 | INFO | root | epoch=100 step=25 train_loss=0.06662128
2026-06-03 19:46:51 | INFO | root | epoch=100 step=50 train_loss=0.07092661
2026-06-03 19:46:51 | INFO | root | epoch=100 train_loss=0.07051602 val_loss=0.06814627
2026-06-03 19:46:51 | INFO | root | epoch=101 step=25 train_loss=0.06985150
2026-06-03 19:46:52 | INFO | root | epoch=101 step=50 train_loss=0.06909544
2026-06-03 19:46:52 | INFO | root | epoch=101 train_loss=0.06966889 val_loss=0.06771922
2026-06-03 19:46:52 | INFO | root | epoch=102 step=25 train_loss=0.07082521
2026-06-03 19:46:52 | INFO | root | epoch=102 step=50 train_loss=0.07037588
2026-06-03 19:46:52 | INFO | root | epoch=102 train_loss=0.06946123 val_loss=0.06732168
2026-06-03 19:46:52 | INFO | root | epoch=103 step=25 train_loss=0.06642139
2026-06-03 19:46:52 | INFO | root | epoch=103 step=50 train_loss=0.06916195
2026-06-03 19:46:53 | INFO | root | epoch=103 train_loss=0.06907741 val_loss=0.06599676
2026-06-03 19:46:53 | INFO | root | epoch=104 step=25 train_loss=0.07027750
2026-06-03 19:46:53 | INFO | root | epoch=104 step=50 train_loss=0.07047476
2026-06-03 19:46:53 | INFO | root | epoch=104 train_loss=0.07005677 val_loss=0.06700844
2026-06-03 19:46:53 | INFO | root | epoch=105 step=25 train_loss=0.06835622
2026-06-03 19:46:53 | INFO | root | epoch=105 step=50 train_loss=0.06900227
2026-06-03 19:46:54 | INFO | root | epoch=105 train_loss=0.07051590 val_loss=0.06820055
2026-06-03 19:46:54 | INFO | root | epoch=106 step=25 train_loss=0.06879407
2026-06-03 19:46:54 | INFO | root | epoch=106 step=50 train_loss=0.06877183
2026-06-03 19:46:54 | INFO | root | epoch=106 train_loss=0.06994225 val_loss=0.07030896
2026-06-03 19:46:54 | INFO | root | epoch=107 step=25 train_loss=0.07409076
2026-06-03 19:46:55 | INFO | root | epoch=107 step=50 train_loss=0.07115674
2026-06-03 19:46:55 | INFO | root | epoch=107 train_loss=0.07045653 val_loss=0.06446299
2026-06-03 19:46:55 | INFO | root | epoch=108 step=25 train_loss=0.06827608
2026-06-03 19:46:55 | INFO | root | epoch=108 step=50 train_loss=0.06872895
2026-06-03 19:46:55 | INFO | root | epoch=108 train_loss=0.07030754 val_loss=0.06458156
2026-06-03 19:46:55 | INFO | root | epoch=109 step=25 train_loss=0.07103774
2026-06-03 19:46:56 | INFO | root | epoch=109 step=50 train_loss=0.06968856
2026-06-03 19:46:56 | INFO | root | epoch=109 train_loss=0.06937230 val_loss=0.07241007
2026-06-03 19:46:56 | INFO | root | epoch=110 step=25 train_loss=0.06667123
2026-06-03 19:46:56 | INFO | root | epoch=110 step=50 train_loss=0.06960706
2026-06-03 19:46:56 | INFO | root | epoch=110 train_loss=0.07026726 val_loss=0.07272666
2026-06-03 19:46:56 | INFO | root | epoch=111 step=25 train_loss=0.06763618
2026-06-03 19:46:57 | INFO | root | epoch=111 step=50 train_loss=0.06828258
2026-06-03 19:46:57 | INFO | root | epoch=111 train_loss=0.06937091 val_loss=0.06950918
2026-06-03 19:46:57 | INFO | root | epoch=112 step=25 train_loss=0.06869757
2026-06-03 19:46:57 | INFO | root | epoch=112 step=50 train_loss=0.06963116
2026-06-03 19:46:57 | INFO | root | epoch=112 train_loss=0.07003262 val_loss=0.06703610
2026-06-03 19:46:57 | INFO | root | epoch=113 step=25 train_loss=0.06748678
2026-06-03 19:46:58 | INFO | root | epoch=113 step=50 train_loss=0.06964495
2026-06-03 19:46:58 | INFO | root | epoch=113 train_loss=0.06925608 val_loss=0.06768540
2026-06-03 19:46:58 | INFO | root | epoch=114 step=25 train_loss=0.06988639
2026-06-03 19:46:58 | INFO | root | epoch=114 step=50 train_loss=0.06983680
2026-06-03 19:46:58 | INFO | root | epoch=114 train_loss=0.06949234 val_loss=0.06702016
2026-06-03 19:46:58 | INFO | root | epoch=115 step=25 train_loss=0.06966744
2026-06-03 19:46:59 | INFO | root | epoch=115 step=50 train_loss=0.07096925
2026-06-03 19:46:59 | INFO | root | epoch=115 train_loss=0.07029463 val_loss=0.06708633
2026-06-03 19:46:59 | INFO | root | epoch=116 step=25 train_loss=0.06559197
2026-06-03 19:46:59 | INFO | root | epoch=116 step=50 train_loss=0.06764048
2026-06-03 19:46:59 | INFO | root | epoch=116 train_loss=0.06885031 val_loss=0.06427068
2026-06-03 19:46:59 | INFO | root | epoch=117 step=25 train_loss=0.06802394
2026-06-03 19:47:00 | INFO | root | epoch=117 step=50 train_loss=0.06901717
2026-06-03 19:47:00 | INFO | root | epoch=117 train_loss=0.06952147 val_loss=0.06890454
2026-06-03 19:47:00 | INFO | root | epoch=118 step=25 train_loss=0.07278382
2026-06-03 19:47:00 | INFO | root | epoch=118 step=50 train_loss=0.07036869
2026-06-03 19:47:00 | INFO | root | epoch=118 train_loss=0.06928920 val_loss=0.06765780
2026-06-03 19:47:00 | INFO | root | epoch=119 step=25 train_loss=0.06666495
2026-06-03 19:47:01 | INFO | root | epoch=119 step=50 train_loss=0.06840338
2026-06-03 19:47:01 | INFO | root | epoch=119 train_loss=0.06902005 val_loss=0.06729401
2026-06-03 19:47:01 | INFO | root | epoch=120 step=25 train_loss=0.07010561
2026-06-03 19:47:01 | INFO | root | epoch=120 step=50 train_loss=0.06887148
2026-06-03 19:47:01 | INFO | root | epoch=120 train_loss=0.06905790 val_loss=0.07251519
2026-06-03 19:47:01 | INFO | root | epoch=121 step=25 train_loss=0.06769782
2026-06-03 19:47:02 | INFO | root | epoch=121 step=50 train_loss=0.06902486
2026-06-03 19:47:02 | INFO | root | epoch=121 train_loss=0.06904716 val_loss=0.07285236
2026-06-03 19:47:02 | INFO | root | epoch=122 step=25 train_loss=0.06856912
2026-06-03 19:47:02 | INFO | root | epoch=122 step=50 train_loss=0.06956419
2026-06-03 19:47:02 | INFO | root | epoch=122 train_loss=0.06955369 val_loss=0.06686304
2026-06-03 19:47:02 | INFO | root | epoch=123 step=25 train_loss=0.06831590
2026-06-03 19:47:03 | INFO | root | epoch=123 step=50 train_loss=0.06856308
2026-06-03 19:47:03 | INFO | root | epoch=123 train_loss=0.06933835 val_loss=0.06361750
2026-06-03 19:47:03 | INFO | root | epoch=124 step=25 train_loss=0.06895666
2026-06-03 19:47:03 | INFO | root | epoch=124 step=50 train_loss=0.06914956
2026-06-03 19:47:03 | INFO | root | epoch=124 train_loss=0.06873168 val_loss=0.06876714
2026-06-03 19:47:03 | INFO | root | epoch=125 step=25 train_loss=0.06664293
2026-06-03 19:47:04 | INFO | root | epoch=125 step=50 train_loss=0.06906108
2026-06-03 19:47:04 | INFO | root | epoch=125 train_loss=0.06873505 val_loss=0.06932364
2026-06-03 19:47:04 | INFO | root | epoch=126 step=25 train_loss=0.06854124
2026-06-03 19:47:04 | INFO | root | epoch=126 step=50 train_loss=0.06761920
2026-06-03 19:47:04 | INFO | root | epoch=126 train_loss=0.06888438 val_loss=0.06909854
2026-06-03 19:47:04 | INFO | root | epoch=127 step=25 train_loss=0.06851952
2026-06-03 19:47:05 | INFO | root | epoch=127 step=50 train_loss=0.06949493
2026-06-03 19:47:05 | INFO | root | epoch=127 train_loss=0.06869270 val_loss=0.06944802
2026-06-03 19:47:05 | INFO | root | epoch=128 step=25 train_loss=0.06861908
2026-06-03 19:47:05 | INFO | root | epoch=128 step=50 train_loss=0.06889724
2026-06-03 19:47:05 | INFO | root | epoch=128 train_loss=0.06925500 val_loss=0.06795608
2026-06-03 19:47:05 | INFO | root | epoch=129 step=25 train_loss=0.06475430
2026-06-03 19:47:06 | INFO | root | epoch=129 step=50 train_loss=0.06918117
2026-06-03 19:47:06 | INFO | root | epoch=129 train_loss=0.06934298 val_loss=0.06618912
2026-06-03 19:47:06 | INFO | root | epoch=130 step=25 train_loss=0.06770646
2026-06-03 19:47:06 | INFO | root | epoch=130 step=50 train_loss=0.06659587
2026-06-03 19:47:06 | INFO | root | epoch=130 train_loss=0.06866117 val_loss=0.06684558
2026-06-03 19:47:06 | INFO | root | epoch=131 step=25 train_loss=0.06712249
2026-06-03 19:47:07 | INFO | root | epoch=131 step=50 train_loss=0.06720486
2026-06-03 19:47:07 | INFO | root | epoch=131 train_loss=0.06889615 val_loss=0.06611043
2026-06-03 19:47:07 | INFO | root | epoch=132 step=25 train_loss=0.06819303
2026-06-03 19:47:07 | INFO | root | epoch=132 step=50 train_loss=0.06855123
2026-06-03 19:47:07 | INFO | root | epoch=132 train_loss=0.06911829 val_loss=0.06574890
2026-06-03 19:47:07 | INFO | root | epoch=133 step=25 train_loss=0.06699178
2026-06-03 19:47:08 | INFO | root | epoch=133 step=50 train_loss=0.06980748
2026-06-03 19:47:08 | INFO | root | epoch=133 train_loss=0.06850408 val_loss=0.06937978
2026-06-03 19:47:08 | INFO | root | epoch=134 step=25 train_loss=0.06829585
2026-06-03 19:47:08 | INFO | root | epoch=134 step=50 train_loss=0.06844798
2026-06-03 19:47:08 | INFO | root | epoch=134 train_loss=0.06826517 val_loss=0.07035727
2026-06-03 19:47:08 | INFO | root | epoch=135 step=25 train_loss=0.06677452
2026-06-03 19:47:09 | INFO | root | epoch=135 step=50 train_loss=0.06807866
2026-06-03 19:47:09 | INFO | root | epoch=135 train_loss=0.06855337 val_loss=0.06922209
2026-06-03 19:47:09 | INFO | root | epoch=136 step=25 train_loss=0.06862495
2026-06-03 19:47:09 | INFO | root | epoch=136 step=50 train_loss=0.06915870
2026-06-03 19:47:09 | INFO | root | epoch=136 train_loss=0.06770212 val_loss=0.06658937
2026-06-03 19:47:09 | INFO | root | epoch=137 step=25 train_loss=0.07042864
2026-06-03 19:47:10 | INFO | root | epoch=137 step=50 train_loss=0.06926718
2026-06-03 19:47:10 | INFO | root | epoch=137 train_loss=0.06839667 val_loss=0.06531627
2026-06-03 19:47:10 | INFO | root | epoch=138 step=25 train_loss=0.06952669
2026-06-03 19:47:10 | INFO | root | epoch=138 step=50 train_loss=0.06813300
2026-06-03 19:47:10 | INFO | root | epoch=138 train_loss=0.06820213 val_loss=0.06678288
2026-06-03 19:47:10 | INFO | root | epoch=139 step=25 train_loss=0.07054708
2026-06-03 19:47:11 | INFO | root | epoch=139 step=50 train_loss=0.06845607
2026-06-03 19:47:11 | INFO | root | epoch=139 train_loss=0.06735275 val_loss=0.06650586
2026-06-03 19:47:11 | INFO | root | epoch=140 step=25 train_loss=0.06964931
2026-06-03 19:47:11 | INFO | root | epoch=140 step=50 train_loss=0.06764774
2026-06-03 19:47:11 | INFO | root | epoch=140 train_loss=0.06824157 val_loss=0.06719850
2026-06-03 19:47:11 | INFO | root | epoch=141 step=25 train_loss=0.07049801
2026-06-03 19:47:12 | INFO | root | epoch=141 step=50 train_loss=0.06781457
2026-06-03 19:47:12 | INFO | root | epoch=141 train_loss=0.06842573 val_loss=0.07227248
2026-06-03 19:47:12 | INFO | root | epoch=142 step=25 train_loss=0.06801091
2026-06-03 19:47:12 | INFO | root | epoch=142 step=50 train_loss=0.06743734
2026-06-03 19:47:12 | INFO | root | epoch=142 train_loss=0.06732497 val_loss=0.06935076
2026-06-03 19:47:12 | INFO | root | epoch=143 step=25 train_loss=0.06596176
2026-06-03 19:47:12 | INFO | root | epoch=143 step=50 train_loss=0.06680135
2026-06-03 19:47:13 | INFO | root | epoch=143 train_loss=0.06732463 val_loss=0.06926962
2026-06-03 19:47:13 | INFO | root | epoch=144 step=25 train_loss=0.07033618
2026-06-03 19:47:13 | INFO | root | epoch=144 step=50 train_loss=0.06857662
2026-06-03 19:47:13 | INFO | root | epoch=144 train_loss=0.06793130 val_loss=0.06662239
2026-06-03 19:47:13 | INFO | root | epoch=145 step=25 train_loss=0.06835666
2026-06-03 19:47:14 | INFO | root | epoch=145 step=50 train_loss=0.06845298
2026-06-03 19:47:14 | INFO | root | epoch=145 train_loss=0.06739573 val_loss=0.07138836
2026-06-03 19:47:14 | INFO | root | epoch=146 step=25 train_loss=0.07076184
2026-06-03 19:47:14 | INFO | root | epoch=146 step=50 train_loss=0.06932929
2026-06-03 19:47:14 | INFO | root | epoch=146 train_loss=0.06870079 val_loss=0.06655849
2026-06-03 19:47:14 | INFO | root | epoch=147 step=25 train_loss=0.07098916
2026-06-03 19:47:14 | INFO | root | epoch=147 step=50 train_loss=0.06624101
2026-06-03 19:47:15 | INFO | root | epoch=147 train_loss=0.06728382 val_loss=0.06793900
2026-06-03 19:47:15 | INFO | root | epoch=148 step=25 train_loss=0.06406554
2026-06-03 19:47:15 | INFO | root | epoch=148 step=50 train_loss=0.06548066
2026-06-03 19:47:15 | INFO | root | epoch=148 train_loss=0.06708285 val_loss=0.06787103
2026-06-03 19:47:15 | INFO | root | epoch=149 step=25 train_loss=0.06837013
2026-06-03 19:47:15 | INFO | root | epoch=149 step=50 train_loss=0.06693966
2026-06-03 19:47:16 | INFO | root | epoch=149 train_loss=0.06734432 val_loss=0.06926468
2026-06-03 19:47:16 | INFO | root | epoch=150 step=25 train_loss=0.06799387
2026-06-03 19:47:16 | INFO | root | epoch=150 step=50 train_loss=0.06757385
2026-06-03 19:47:16 | INFO | root | epoch=150 train_loss=0.06736267 val_loss=0.06698388
2026-06-03 19:47:16 | INFO | root | epoch=151 step=25 train_loss=0.06787993
2026-06-03 19:47:16 | INFO | root | epoch=151 step=50 train_loss=0.06726741
2026-06-03 19:47:17 | INFO | root | epoch=151 train_loss=0.06696018 val_loss=0.07282885
2026-06-03 19:47:17 | INFO | root | epoch=152 step=25 train_loss=0.07034241
2026-06-03 19:47:17 | INFO | root | epoch=152 step=50 train_loss=0.06724631
2026-06-03 19:47:17 | INFO | root | epoch=152 train_loss=0.06780637 val_loss=0.06918101
2026-06-03 19:47:17 | INFO | root | epoch=153 step=25 train_loss=0.06672282
2026-06-03 19:47:18 | INFO | root | epoch=153 step=50 train_loss=0.06720754
2026-06-03 19:47:18 | INFO | root | epoch=153 train_loss=0.06703512 val_loss=0.06971162
2026-06-03 19:47:18 | INFO | root | epoch=154 step=25 train_loss=0.06874594
2026-06-03 19:47:18 | INFO | root | epoch=154 step=50 train_loss=0.06740745
2026-06-03 19:47:18 | INFO | root | epoch=154 train_loss=0.06795901 val_loss=0.06419071
2026-06-03 19:47:18 | INFO | root | epoch=155 step=25 train_loss=0.06642068
2026-06-03 19:47:19 | INFO | root | epoch=155 step=50 train_loss=0.06751197
2026-06-03 19:47:19 | INFO | root | epoch=155 train_loss=0.06623122 val_loss=0.06915952
2026-06-03 19:47:19 | INFO | root | epoch=156 step=25 train_loss=0.06697450
2026-06-03 19:47:19 | INFO | root | epoch=156 step=50 train_loss=0.06572555
2026-06-03 19:47:19 | INFO | root | epoch=156 train_loss=0.06620017 val_loss=0.06898621
2026-06-03 19:47:19 | INFO | root | epoch=157 step=25 train_loss=0.06534064
2026-06-03 19:47:20 | INFO | root | epoch=157 step=50 train_loss=0.06610135
2026-06-03 19:47:20 | INFO | root | epoch=157 train_loss=0.06743377 val_loss=0.06571080
2026-06-03 19:47:20 | INFO | root | epoch=158 step=25 train_loss=0.06813869
2026-06-03 19:47:20 | INFO | root | epoch=158 step=50 train_loss=0.06780428
2026-06-03 19:47:20 | INFO | root | epoch=158 train_loss=0.06705210 val_loss=0.06883519
2026-06-03 19:47:20 | INFO | root | epoch=159 step=25 train_loss=0.06595452
2026-06-03 19:47:20 | INFO | root | epoch=159 step=50 train_loss=0.06702777
2026-06-03 19:47:21 | INFO | root | epoch=159 train_loss=0.06689778 val_loss=0.06480065
2026-06-03 19:47:21 | INFO | root | epoch=160 step=25 train_loss=0.06405769
2026-06-03 19:47:21 | INFO | root | epoch=160 step=50 train_loss=0.06683703
2026-06-03 19:47:21 | INFO | root | epoch=160 train_loss=0.06635924 val_loss=0.06980665
2026-06-03 19:47:21 | INFO | root | epoch=161 step=25 train_loss=0.06287582
2026-06-03 19:47:21 | INFO | root | epoch=161 step=50 train_loss=0.06476993
2026-06-03 19:47:22 | INFO | root | epoch=161 train_loss=0.06584322 val_loss=0.06746249
2026-06-03 19:47:22 | INFO | root | epoch=162 step=25 train_loss=0.06424782
2026-06-03 19:47:22 | INFO | root | epoch=162 step=50 train_loss=0.06589627
2026-06-03 19:47:22 | INFO | root | epoch=162 train_loss=0.06633226 val_loss=0.06533640
2026-06-03 19:47:22 | INFO | root | epoch=163 step=25 train_loss=0.06479658
2026-06-03 19:47:23 | INFO | root | epoch=163 step=50 train_loss=0.06680467
2026-06-03 19:47:23 | INFO | root | epoch=163 train_loss=0.06619552 val_loss=0.06781405
2026-06-03 19:47:23 | INFO | root | epoch=164 step=25 train_loss=0.06670958
2026-06-03 19:47:23 | INFO | root | epoch=164 step=50 train_loss=0.06597945
2026-06-03 19:47:23 | INFO | root | epoch=164 train_loss=0.06652058 val_loss=0.06874812
2026-06-03 19:47:23 | INFO | root | epoch=165 step=25 train_loss=0.06415568
2026-06-03 19:47:23 | INFO | root | epoch=165 step=50 train_loss=0.06630944
2026-06-03 19:47:24 | INFO | root | epoch=165 train_loss=0.06586336 val_loss=0.06700977
2026-06-03 19:47:24 | INFO | root | epoch=166 step=25 train_loss=0.06816996
2026-06-03 19:47:24 | INFO | root | epoch=166 step=50 train_loss=0.06766085
2026-06-03 19:47:24 | INFO | root | epoch=166 train_loss=0.06769644 val_loss=0.06670109
2026-06-03 19:47:24 | INFO | root | epoch=167 step=25 train_loss=0.06534436
2026-06-03 19:47:24 | INFO | root | epoch=167 step=50 train_loss=0.06536281
2026-06-03 19:47:25 | INFO | root | epoch=167 train_loss=0.06606412 val_loss=0.06711283
2026-06-03 19:47:25 | INFO | root | epoch=168 step=25 train_loss=0.06576112
2026-06-03 19:47:25 | INFO | root | epoch=168 step=50 train_loss=0.06548309
2026-06-03 19:47:25 | INFO | root | epoch=168 train_loss=0.06625563 val_loss=0.06758876
2026-06-03 19:47:25 | INFO | root | epoch=169 step=25 train_loss=0.06704949
2026-06-03 19:47:25 | INFO | root | epoch=169 step=50 train_loss=0.06659251
2026-06-03 19:47:26 | INFO | root | epoch=169 train_loss=0.06687251 val_loss=0.06537026
2026-06-03 19:47:26 | INFO | root | epoch=170 step=25 train_loss=0.06489492
2026-06-03 19:47:26 | INFO | root | epoch=170 step=50 train_loss=0.06527562
2026-06-03 19:47:26 | INFO | root | epoch=170 train_loss=0.06552970 val_loss=0.07228241
2026-06-03 19:47:26 | INFO | root | epoch=171 step=25 train_loss=0.06788468
2026-06-03 19:47:26 | INFO | root | epoch=171 step=50 train_loss=0.06606872
2026-06-03 19:47:27 | INFO | root | epoch=171 train_loss=0.06666490 val_loss=0.06883637
2026-06-03 19:47:27 | INFO | root | epoch=172 step=25 train_loss=0.06518297
2026-06-03 19:47:27 | INFO | root | epoch=172 step=50 train_loss=0.06554689
2026-06-03 19:47:27 | INFO | root | epoch=172 train_loss=0.06622529 val_loss=0.07035379
2026-06-03 19:47:27 | INFO | root | epoch=173 step=25 train_loss=0.06596563
2026-06-03 19:47:27 | INFO | root | epoch=173 step=50 train_loss=0.06578857
2026-06-03 19:47:28 | INFO | root | epoch=173 train_loss=0.06598879 val_loss=0.06567561
2026-06-03 19:47:28 | INFO | root | epoch=174 step=25 train_loss=0.06362470
2026-06-03 19:47:28 | INFO | root | epoch=174 step=50 train_loss=0.06475443
2026-06-03 19:47:28 | INFO | root | epoch=174 train_loss=0.06600959 val_loss=0.06916145
2026-06-03 19:47:28 | INFO | root | epoch=175 step=25 train_loss=0.06855824
2026-06-03 19:47:28 | INFO | root | epoch=175 step=50 train_loss=0.06624756
2026-06-03 19:47:29 | INFO | root | epoch=175 train_loss=0.06629745 val_loss=0.06723480
2026-06-03 19:47:29 | INFO | root | epoch=176 step=25 train_loss=0.06377160
2026-06-03 19:47:29 | INFO | root | epoch=176 step=50 train_loss=0.06460211
2026-06-03 19:47:29 | INFO | root | epoch=176 train_loss=0.06531159 val_loss=0.06749254
2026-06-03 19:47:29 | INFO | root | epoch=177 step=25 train_loss=0.06585476
2026-06-03 19:47:29 | INFO | root | epoch=177 step=50 train_loss=0.06644585
2026-06-03 19:47:30 | INFO | root | epoch=177 train_loss=0.06563260 val_loss=0.06929710
2026-06-03 19:47:30 | INFO | root | epoch=178 step=25 train_loss=0.06489685
2026-06-03 19:47:30 | INFO | root | epoch=178 step=50 train_loss=0.06487306
2026-06-03 19:47:30 | INFO | root | epoch=178 train_loss=0.06554657 val_loss=0.06742587
2026-06-03 19:47:30 | INFO | root | epoch=179 step=25 train_loss=0.06497315
2026-06-03 19:47:30 | INFO | root | epoch=179 step=50 train_loss=0.06461975
2026-06-03 19:47:30 | INFO | root | epoch=179 train_loss=0.06523320 val_loss=0.06701060
2026-06-03 19:47:31 | INFO | root | epoch=180 step=25 train_loss=0.06658572
2026-06-03 19:47:31 | INFO | root | epoch=180 step=50 train_loss=0.06642609
2026-06-03 19:47:31 | INFO | root | epoch=180 train_loss=0.06616643 val_loss=0.06877710
2026-06-03 19:47:31 | INFO | root | epoch=181 step=25 train_loss=0.06759525
2026-06-03 19:47:31 | INFO | root | epoch=181 step=50 train_loss=0.06544034
2026-06-03 19:47:32 | INFO | root | epoch=181 train_loss=0.06665115 val_loss=0.06822068
2026-06-03 19:47:32 | INFO | root | epoch=182 step=25 train_loss=0.06375693
2026-06-03 19:47:32 | INFO | root | epoch=182 step=50 train_loss=0.06500833
2026-06-03 19:47:32 | INFO | root | epoch=182 train_loss=0.06543396 val_loss=0.06728465
2026-06-03 19:47:32 | INFO | root | epoch=183 step=25 train_loss=0.06363790
2026-06-03 19:47:32 | INFO | root | epoch=183 step=50 train_loss=0.06450331
2026-06-03 19:47:32 | INFO | root | epoch=183 train_loss=0.06467262 val_loss=0.06431664
2026-06-03 19:47:33 | INFO | root | epoch=184 step=25 train_loss=0.06066241
2026-06-03 19:47:33 | INFO | root | epoch=184 step=50 train_loss=0.06376628
2026-06-03 19:47:33 | INFO | root | epoch=184 train_loss=0.06474362 val_loss=0.06744806
2026-06-03 19:47:33 | INFO | root | epoch=185 step=25 train_loss=0.06528738
2026-06-03 19:47:33 | INFO | root | epoch=185 step=50 train_loss=0.06428525
2026-06-03 19:47:33 | INFO | root | epoch=185 train_loss=0.06493229 val_loss=0.06677903
2026-06-03 19:47:34 | INFO | root | epoch=186 step=25 train_loss=0.06424871
2026-06-03 19:47:34 | INFO | root | epoch=186 step=50 train_loss=0.06675912
2026-06-03 19:47:34 | INFO | root | epoch=186 train_loss=0.06576661 val_loss=0.07027323
2026-06-03 19:47:34 | INFO | root | epoch=187 step=25 train_loss=0.06484894
2026-06-03 19:47:34 | INFO | root | epoch=187 step=50 train_loss=0.06474660
2026-06-03 19:47:34 | INFO | root | epoch=187 train_loss=0.06510872 val_loss=0.07190775
2026-06-03 19:47:35 | INFO | root | epoch=188 step=25 train_loss=0.06769231
2026-06-03 19:47:35 | INFO | root | epoch=188 step=50 train_loss=0.06713977
2026-06-03 19:47:35 | INFO | root | epoch=188 train_loss=0.06477483 val_loss=0.06837356
2026-06-03 19:47:35 | INFO | root | epoch=189 step=25 train_loss=0.06548127
2026-06-03 19:47:35 | INFO | root | epoch=189 step=50 train_loss=0.06440465
2026-06-03 19:47:35 | INFO | root | epoch=189 train_loss=0.06472625 val_loss=0.06661234
2026-06-03 19:47:36 | INFO | root | epoch=190 step=25 train_loss=0.06822941
2026-06-03 19:47:36 | INFO | root | epoch=190 step=50 train_loss=0.06591095
2026-06-03 19:47:36 | INFO | root | epoch=190 train_loss=0.06492947 val_loss=0.06697014
2026-06-03 19:47:36 | INFO | root | epoch=191 step=25 train_loss=0.06632657
2026-06-03 19:47:36 | INFO | root | epoch=191 step=50 train_loss=0.06578749
2026-06-03 19:47:36 | INFO | root | epoch=191 train_loss=0.06529396 val_loss=0.06565975
2026-06-03 19:47:37 | INFO | root | epoch=192 step=25 train_loss=0.06507027
2026-06-03 19:47:37 | INFO | root | epoch=192 step=50 train_loss=0.06385699
2026-06-03 19:47:37 | INFO | root | epoch=192 train_loss=0.06401321 val_loss=0.06498567
2026-06-03 19:47:37 | INFO | root | epoch=193 step=25 train_loss=0.06144895
2026-06-03 19:47:37 | INFO | root | epoch=193 step=50 train_loss=0.06350719
2026-06-03 19:47:37 | INFO | root | epoch=193 train_loss=0.06471988 val_loss=0.06814694
2026-06-03 19:47:38 | INFO | root | epoch=194 step=25 train_loss=0.06291920
2026-06-03 19:47:38 | INFO | root | epoch=194 step=50 train_loss=0.06395031
2026-06-03 19:47:38 | INFO | root | epoch=194 train_loss=0.06498475 val_loss=0.06780577
2026-06-03 19:47:38 | INFO | root | epoch=195 step=25 train_loss=0.06503668
2026-06-03 19:47:38 | INFO | root | epoch=195 step=50 train_loss=0.06409199
2026-06-03 19:47:38 | INFO | root | epoch=195 train_loss=0.06417326 val_loss=0.06698563
2026-06-03 19:47:39 | INFO | root | epoch=196 step=25 train_loss=0.06492162
2026-06-03 19:47:39 | INFO | root | epoch=196 step=50 train_loss=0.06631952
2026-06-03 19:47:39 | INFO | root | epoch=196 train_loss=0.06492547 val_loss=0.06770076
2026-06-03 19:47:39 | INFO | root | epoch=197 step=25 train_loss=0.06500599
2026-06-03 19:47:39 | INFO | root | epoch=197 step=50 train_loss=0.06483585
2026-06-03 19:47:39 | INFO | root | epoch=197 train_loss=0.06429928 val_loss=0.06909497
2026-06-03 19:47:40 | INFO | root | epoch=198 step=25 train_loss=0.06327807
2026-06-03 19:47:40 | INFO | root | epoch=198 step=50 train_loss=0.06388411
2026-06-03 19:47:40 | INFO | root | epoch=198 train_loss=0.06460541 val_loss=0.06933243
2026-06-03 19:47:40 | INFO | root | epoch=199 step=25 train_loss=0.06134230
2026-06-03 19:47:40 | INFO | root | epoch=199 step=50 train_loss=0.06387952
2026-06-03 19:47:40 | INFO | root | epoch=199 train_loss=0.06401259 val_loss=0.07269175
2026-06-03 19:47:41 | INFO | root | epoch=200 step=25 train_loss=0.06311014
2026-06-03 19:47:41 | INFO | root | epoch=200 step=50 train_loss=0.06340305
2026-06-03 19:47:41 | INFO | root | epoch=200 train_loss=0.06404387 val_loss=0.06708255
2026-06-03 19:47:41 | INFO | root | test_NMSE=0.18213470 test_MSE=0.18368720
2026-06-03 19:47:41 | INFO | root | Saved checkpoint to /mntdatalora/src/ECG-Denoising-LMMSE/outputs/transformer/window_P8_medium/Final_Transformer.pt
