2026-06-03 19:54:13 | INFO | root | Logging to /mntdatalora/src/ECG-Denoising-LMMSE/logs/window_P128_medium_20260603_195413.log
2026-06-03 19:54:13 | INFO | root | Runtime context:
{
  "config_path": "/mntdatalora/src/ECG-Denoising-LMMSE/configs/transformer.yaml",
  "hostname": "pod-4",
  "output_dir": "/mntdatalora/src/ECG-Denoising-LMMSE/outputs/transformer/window_P128_medium",
  "platform": "Linux-6.8.0-124-generic-x86_64-with-glibc2.39",
  "python": "3.12.3 (main, Mar  3 2026, 12:15:18) [GCC 13.3.0]"
}
2026-06-03 19:54:16 | INFO | root | Training ECGTransformerDenoiser for 200 epochs with 17742 train windows and 3131 validation windows
2026-06-03 19:54:17 | INFO | root | epoch=1 step=25 train_loss=0.30368274
2026-06-03 19:54:17 | INFO | root | epoch=1 step=50 train_loss=0.20590536
2026-06-03 19:54:18 | INFO | root | epoch=1 train_loss=0.17233378 val_loss=0.07530236
2026-06-03 19:54:18 | INFO | root | epoch=2 step=25 train_loss=0.06673586
2026-06-03 19:54:19 | INFO | root | epoch=2 step=50 train_loss=0.06303083
2026-06-03 19:54:19 | INFO | root | epoch=2 train_loss=0.05958757 val_loss=0.05416933
2026-06-03 19:54:20 | INFO | root | epoch=3 step=25 train_loss=0.05056005
2026-06-03 19:54:21 | INFO | root | epoch=3 step=50 train_loss=0.04826628
2026-06-03 19:54:21 | INFO | root | epoch=3 train_loss=0.04877433 val_loss=0.05661081
2026-06-03 19:54:22 | INFO | root | epoch=4 step=25 train_loss=0.04551278
2026-06-03 19:54:22 | INFO | root | epoch=4 step=50 train_loss=0.04237358
2026-06-03 19:54:23 | INFO | root | epoch=4 train_loss=0.04178477 val_loss=0.04729031
2026-06-03 19:54:23 | INFO | root | epoch=5 step=25 train_loss=0.03638989
2026-06-03 19:54:24 | INFO | root | epoch=5 step=50 train_loss=0.03647756
2026-06-03 19:54:24 | INFO | root | epoch=5 train_loss=0.03510967 val_loss=0.03903244
2026-06-03 19:54:25 | INFO | root | epoch=6 step=25 train_loss=0.03117156
2026-06-03 19:54:25 | INFO | root | epoch=6 step=50 train_loss=0.03189855
2026-06-03 19:54:26 | INFO | root | epoch=6 train_loss=0.03205443 val_loss=0.04327387
2026-06-03 19:54:26 | INFO | root | epoch=7 step=25 train_loss=0.02997558
2026-06-03 19:54:27 | INFO | root | epoch=7 step=50 train_loss=0.02893297
2026-06-03 19:54:27 | INFO | root | epoch=7 train_loss=0.02878291 val_loss=0.04171967
2026-06-03 19:54:28 | INFO | root | epoch=8 step=25 train_loss=0.02767834
2026-06-03 19:54:28 | INFO | root | epoch=8 step=50 train_loss=0.02683145
2026-06-03 19:54:29 | INFO | root | epoch=8 train_loss=0.02660018 val_loss=0.03805301
2026-06-03 19:54:29 | INFO | root | epoch=9 step=25 train_loss=0.02548361
2026-06-03 19:54:30 | INFO | root | epoch=9 step=50 train_loss=0.02604507
2026-06-03 19:54:30 | INFO | root | epoch=9 train_loss=0.02585637 val_loss=0.04673986
2026-06-03 19:54:31 | INFO | root | epoch=10 step=25 train_loss=0.02365389
2026-06-03 19:54:31 | INFO | root | epoch=10 step=50 train_loss=0.02384356
2026-06-03 19:54:32 | INFO | root | epoch=10 train_loss=0.02351891 val_loss=0.04005580
2026-06-03 19:54:33 | INFO | root | epoch=11 step=25 train_loss=0.02167705
2026-06-03 19:54:33 | INFO | root | epoch=11 step=50 train_loss=0.02149675
2026-06-03 19:54:34 | INFO | root | epoch=11 train_loss=0.02124008 val_loss=0.03813183
2026-06-03 19:54:34 | INFO | root | epoch=12 step=25 train_loss=0.02071488
2026-06-03 19:54:35 | INFO | root | epoch=12 step=50 train_loss=0.01994180
2026-06-03 19:54:35 | INFO | root | epoch=12 train_loss=0.02018228 val_loss=0.03822519
2026-06-03 19:54:36 | INFO | root | epoch=13 step=25 train_loss=0.02042037
2026-06-03 19:54:36 | INFO | root | epoch=13 step=50 train_loss=0.02025513
2026-06-03 19:54:37 | INFO | root | epoch=13 train_loss=0.02012091 val_loss=0.03899274
2026-06-03 19:54:37 | INFO | root | epoch=14 step=25 train_loss=0.01775198
2026-06-03 19:54:38 | INFO | root | epoch=14 step=50 train_loss=0.01779793
2026-06-03 19:54:38 | INFO | root | epoch=14 train_loss=0.01758414 val_loss=0.04230019
2026-06-03 19:54:39 | INFO | root | epoch=15 step=25 train_loss=0.01595679
2026-06-03 19:54:39 | INFO | root | epoch=15 step=50 train_loss=0.01619137
2026-06-03 19:54:40 | INFO | root | epoch=15 train_loss=0.01643938 val_loss=0.04557993
2026-06-03 19:54:40 | INFO | root | epoch=16 step=25 train_loss=0.01605390
2026-06-03 19:54:41 | INFO | root | epoch=16 step=50 train_loss=0.01578412
2026-06-03 19:54:41 | INFO | root | epoch=16 train_loss=0.01568484 val_loss=0.04646771
2026-06-03 19:54:42 | INFO | root | epoch=17 step=25 train_loss=0.01614580
2026-06-03 19:54:42 | INFO | root | epoch=17 step=50 train_loss=0.01554717
2026-06-03 19:54:43 | INFO | root | epoch=17 train_loss=0.01522150 val_loss=0.04961325
2026-06-03 19:54:44 | INFO | root | epoch=18 step=25 train_loss=0.01545518
2026-06-03 19:54:44 | INFO | root | epoch=18 step=50 train_loss=0.01528763
2026-06-03 19:54:45 | INFO | root | epoch=18 train_loss=0.01477801 val_loss=0.04697301
2026-06-03 19:54:45 | INFO | root | epoch=19 step=25 train_loss=0.01361588
2026-06-03 19:54:46 | INFO | root | epoch=19 step=50 train_loss=0.01330011
2026-06-03 19:54:46 | INFO | root | epoch=19 train_loss=0.01370629 val_loss=0.05711231
2026-06-03 19:54:47 | INFO | root | epoch=20 step=25 train_loss=0.01382533
2026-06-03 19:54:47 | INFO | root | epoch=20 step=50 train_loss=0.01337936
2026-06-03 19:54:48 | INFO | root | epoch=20 train_loss=0.01302100 val_loss=0.04287813
2026-06-03 19:54:48 | INFO | root | epoch=21 step=25 train_loss=0.01158145
2026-06-03 19:54:49 | INFO | root | epoch=21 step=50 train_loss=0.01147764
2026-06-03 19:54:49 | INFO | root | epoch=21 train_loss=0.01151071 val_loss=0.04200225
2026-06-03 19:54:50 | INFO | root | epoch=22 step=25 train_loss=0.01109043
2026-06-03 19:54:50 | INFO | root | epoch=22 step=50 train_loss=0.01115937
2026-06-03 19:54:51 | INFO | root | epoch=22 train_loss=0.01093443 val_loss=0.04138773
2026-06-03 19:54:51 | INFO | root | epoch=23 step=25 train_loss=0.01053387
2026-06-03 19:54:52 | INFO | root | epoch=23 step=50 train_loss=0.01069749
2026-06-03 19:54:52 | INFO | root | epoch=23 train_loss=0.01080708 val_loss=0.04862440
2026-06-03 19:54:53 | INFO | root | epoch=24 step=25 train_loss=0.01075172
2026-06-03 19:54:53 | INFO | root | epoch=24 step=50 train_loss=0.01063075
2026-06-03 19:54:54 | INFO | root | epoch=24 train_loss=0.01032851 val_loss=0.04346452
2026-06-03 19:54:55 | INFO | root | epoch=25 step=25 train_loss=0.01049908
2026-06-03 19:54:55 | INFO | root | epoch=25 step=50 train_loss=0.01061485
2026-06-03 19:54:56 | INFO | root | epoch=25 train_loss=0.01039151 val_loss=0.04231783
2026-06-03 19:54:56 | INFO | root | epoch=26 step=25 train_loss=0.00946981
2026-06-03 19:54:57 | INFO | root | epoch=26 step=50 train_loss=0.00937303
2026-06-03 19:54:57 | INFO | root | epoch=26 train_loss=0.00931295 val_loss=0.04723458
2026-06-03 19:54:58 | INFO | root | epoch=27 step=25 train_loss=0.00953095
2026-06-03 19:54:58 | INFO | root | epoch=27 step=50 train_loss=0.00949795
2026-06-03 19:54:59 | INFO | root | epoch=27 train_loss=0.00931899 val_loss=0.04199057
2026-06-03 19:54:59 | INFO | root | epoch=28 step=25 train_loss=0.00948993
2026-06-03 19:55:00 | INFO | root | epoch=28 step=50 train_loss=0.00921679
2026-06-03 19:55:00 | INFO | root | epoch=28 train_loss=0.00889996 val_loss=0.04237101
2026-06-03 19:55:01 | INFO | root | epoch=29 step=25 train_loss=0.00827488
2026-06-03 19:55:01 | INFO | root | epoch=29 step=50 train_loss=0.00835935
2026-06-03 19:55:02 | INFO | root | epoch=29 train_loss=0.00839411 val_loss=0.04566897
2026-06-03 19:55:02 | INFO | root | epoch=30 step=25 train_loss=0.00793448
2026-06-03 19:55:03 | INFO | root | epoch=30 step=50 train_loss=0.00795198
2026-06-03 19:55:03 | INFO | root | epoch=30 train_loss=0.00802036 val_loss=0.04516438
2026-06-03 19:55:04 | INFO | root | epoch=31 step=25 train_loss=0.00804389
2026-06-03 19:55:04 | INFO | root | epoch=31 step=50 train_loss=0.00786055
2026-06-03 19:55:05 | INFO | root | epoch=31 train_loss=0.00774356 val_loss=0.04593065
2026-06-03 19:55:05 | INFO | root | epoch=32 step=25 train_loss=0.00827303
2026-06-03 19:55:06 | INFO | root | epoch=32 step=50 train_loss=0.00812891
2026-06-03 19:55:06 | INFO | root | epoch=32 train_loss=0.00797560 val_loss=0.04374268
2026-06-03 19:55:07 | INFO | root | epoch=33 step=25 train_loss=0.00706540
2026-06-03 19:55:07 | INFO | root | epoch=33 step=50 train_loss=0.00723778
2026-06-03 19:55:08 | INFO | root | epoch=33 train_loss=0.00712329 val_loss=0.04907346
2026-06-03 19:55:09 | INFO | root | epoch=34 step=25 train_loss=0.00670463
2026-06-03 19:55:09 | INFO | root | epoch=34 step=50 train_loss=0.00690434
2026-06-03 19:55:10 | INFO | root | epoch=34 train_loss=0.00695390 val_loss=0.04304024
2026-06-03 19:55:10 | INFO | root | epoch=35 step=25 train_loss=0.00680727
2026-06-03 19:55:11 | INFO | root | epoch=35 step=50 train_loss=0.00691265
2026-06-03 19:55:11 | INFO | root | epoch=35 train_loss=0.00691236 val_loss=0.04091237
2026-06-03 19:55:12 | INFO | root | epoch=36 step=25 train_loss=0.00634509
2026-06-03 19:55:12 | INFO | root | epoch=36 step=50 train_loss=0.00662352
2026-06-03 19:55:13 | INFO | root | epoch=36 train_loss=0.00660527 val_loss=0.04305838
2026-06-03 19:55:13 | INFO | root | epoch=37 step=25 train_loss=0.00660631
2026-06-03 19:55:14 | INFO | root | epoch=37 step=50 train_loss=0.00655191
2026-06-03 19:55:14 | INFO | root | epoch=37 train_loss=0.00648899 val_loss=0.04227451
2026-06-03 19:55:15 | INFO | root | epoch=38 step=25 train_loss=0.00696167
2026-06-03 19:55:15 | INFO | root | epoch=38 step=50 train_loss=0.00660074
2026-06-03 19:55:16 | INFO | root | epoch=38 train_loss=0.00642270 val_loss=0.04533665
2026-06-03 19:55:16 | INFO | root | epoch=39 step=25 train_loss=0.00595306
2026-06-03 19:55:17 | INFO | root | epoch=39 step=50 train_loss=0.00614166
2026-06-03 19:55:17 | INFO | root | epoch=39 train_loss=0.00624494 val_loss=0.04494322
2026-06-03 19:55:18 | INFO | root | epoch=40 step=25 train_loss=0.00593403
2026-06-03 19:55:18 | INFO | root | epoch=40 step=50 train_loss=0.00590574
2026-06-03 19:55:19 | INFO | root | epoch=40 train_loss=0.00594670 val_loss=0.04806106
2026-06-03 19:55:19 | INFO | root | epoch=41 step=25 train_loss=0.00590116
2026-06-03 19:55:20 | INFO | root | epoch=41 step=50 train_loss=0.00569557
2026-06-03 19:55:21 | INFO | root | epoch=41 train_loss=0.00562815 val_loss=0.04639152
2026-06-03 19:55:21 | INFO | root | epoch=42 step=25 train_loss=0.00544713
2026-06-03 19:55:22 | INFO | root | epoch=42 step=50 train_loss=0.00573749
2026-06-03 19:55:22 | INFO | root | epoch=42 train_loss=0.00573583 val_loss=0.05206095
2026-06-03 19:55:23 | INFO | root | epoch=43 step=25 train_loss=0.00568243
2026-06-03 19:55:23 | INFO | root | epoch=43 step=50 train_loss=0.00579114
2026-06-03 19:55:24 | INFO | root | epoch=43 train_loss=0.00567170 val_loss=0.04297201
2026-06-03 19:55:24 | INFO | root | epoch=44 step=25 train_loss=0.00519668
2026-06-03 19:55:25 | INFO | root | epoch=44 step=50 train_loss=0.00509071
2026-06-03 19:55:25 | INFO | root | epoch=44 train_loss=0.00517794 val_loss=0.04393107
2026-06-03 19:55:26 | INFO | root | epoch=45 step=25 train_loss=0.00547944
2026-06-03 19:55:26 | INFO | root | epoch=45 step=50 train_loss=0.00548949
2026-06-03 19:55:27 | INFO | root | epoch=45 train_loss=0.00542306 val_loss=0.04353777
2026-06-03 19:55:27 | INFO | root | epoch=46 step=25 train_loss=0.00501824
2026-06-03 19:55:28 | INFO | root | epoch=46 step=50 train_loss=0.00534989
2026-06-03 19:55:28 | INFO | root | epoch=46 train_loss=0.00530567 val_loss=0.04468980
2026-06-03 19:55:29 | INFO | root | epoch=47 step=25 train_loss=0.00577698
2026-06-03 19:55:29 | INFO | root | epoch=47 step=50 train_loss=0.00529802
2026-06-03 19:55:30 | INFO | root | epoch=47 train_loss=0.00511667 val_loss=0.04146471
2026-06-03 19:55:30 | INFO | root | epoch=48 step=25 train_loss=0.00522083
2026-06-03 19:55:31 | INFO | root | epoch=48 step=50 train_loss=0.00519377
2026-06-03 19:55:31 | INFO | root | epoch=48 train_loss=0.00523542 val_loss=0.04071686
2026-06-03 19:55:32 | INFO | root | epoch=49 step=25 train_loss=0.00478062
2026-06-03 19:55:33 | INFO | root | epoch=49 step=50 train_loss=0.00475620
2026-06-03 19:55:33 | INFO | root | epoch=49 train_loss=0.00465965 val_loss=0.04634466
2026-06-03 19:55:34 | INFO | root | epoch=50 step=25 train_loss=0.00451952
2026-06-03 19:55:34 | INFO | root | epoch=50 step=50 train_loss=0.00453277
2026-06-03 19:55:35 | INFO | root | epoch=50 train_loss=0.00462797 val_loss=0.04952104
2026-06-03 19:55:35 | INFO | root | epoch=51 step=25 train_loss=0.00497949
2026-06-03 19:55:36 | INFO | root | epoch=51 step=50 train_loss=0.00460519
2026-06-03 19:55:36 | INFO | root | epoch=51 train_loss=0.00443545 val_loss=0.04173547
2026-06-03 19:55:37 | INFO | root | epoch=52 step=25 train_loss=0.00452032
2026-06-03 19:55:37 | INFO | root | epoch=52 step=50 train_loss=0.00449684
2026-06-03 19:55:38 | INFO | root | epoch=52 train_loss=0.00439122 val_loss=0.04249250
2026-06-03 19:55:38 | INFO | root | epoch=53 step=25 train_loss=0.00436882
2026-06-03 19:55:39 | INFO | root | epoch=53 step=50 train_loss=0.00426489
2026-06-03 19:55:39 | INFO | root | epoch=53 train_loss=0.00427743 val_loss=0.04240844
2026-06-03 19:55:40 | INFO | root | epoch=54 step=25 train_loss=0.00430187
2026-06-03 19:55:40 | INFO | root | epoch=54 step=50 train_loss=0.00417205
2026-06-03 19:55:41 | INFO | root | epoch=54 train_loss=0.00417632 val_loss=0.04516576
2026-06-03 19:55:41 | INFO | root | epoch=55 step=25 train_loss=0.00550644
2026-06-03 19:55:42 | INFO | root | epoch=55 step=50 train_loss=0.00502418
2026-06-03 19:55:42 | INFO | root | epoch=55 train_loss=0.00477842 val_loss=0.04029540
2026-06-03 19:55:43 | INFO | root | epoch=56 step=25 train_loss=0.00393371
2026-06-03 19:55:43 | INFO | root | epoch=56 step=50 train_loss=0.00391392
2026-06-03 19:55:44 | INFO | root | epoch=56 train_loss=0.00386855 val_loss=0.04106562
2026-06-03 19:55:44 | INFO | root | epoch=57 step=25 train_loss=0.00407543
2026-06-03 19:55:45 | INFO | root | epoch=57 step=50 train_loss=0.00411359
2026-06-03 19:55:46 | INFO | root | epoch=57 train_loss=0.00406617 val_loss=0.03849682
2026-06-03 19:55:46 | INFO | root | epoch=58 step=25 train_loss=0.00408579
2026-06-03 19:55:47 | INFO | root | epoch=58 step=50 train_loss=0.00396301
2026-06-03 19:55:47 | INFO | root | epoch=58 train_loss=0.00394412 val_loss=0.03809435
2026-06-03 19:55:48 | INFO | root | epoch=59 step=25 train_loss=0.00359513
2026-06-03 19:55:48 | INFO | root | epoch=59 step=50 train_loss=0.00369980
2026-06-03 19:55:49 | INFO | root | epoch=59 train_loss=0.00371337 val_loss=0.03784627
2026-06-03 19:55:49 | INFO | root | epoch=60 step=25 train_loss=0.00437709
2026-06-03 19:55:50 | INFO | root | epoch=60 step=50 train_loss=0.00429401
2026-06-03 19:55:50 | INFO | root | epoch=60 train_loss=0.00426989 val_loss=0.04230629
2026-06-03 19:55:51 | INFO | root | epoch=61 step=25 train_loss=0.00407968
2026-06-03 19:55:51 | INFO | root | epoch=61 step=50 train_loss=0.00379578
2026-06-03 19:55:52 | INFO | root | epoch=61 train_loss=0.00371871 val_loss=0.04621974
2026-06-03 19:55:52 | INFO | root | epoch=62 step=25 train_loss=0.00360821
2026-06-03 19:55:53 | INFO | root | epoch=62 step=50 train_loss=0.00377691
2026-06-03 19:55:53 | INFO | root | epoch=62 train_loss=0.00379337 val_loss=0.03860318
2026-06-03 19:55:54 | INFO | root | epoch=63 step=25 train_loss=0.00366982
2026-06-03 19:55:54 | INFO | root | epoch=63 step=50 train_loss=0.00369267
2026-06-03 19:55:55 | INFO | root | epoch=63 train_loss=0.00364150 val_loss=0.04258961
2026-06-03 19:55:55 | INFO | root | epoch=64 step=25 train_loss=0.00344110
2026-06-03 19:55:56 | INFO | root | epoch=64 step=50 train_loss=0.00345398
2026-06-03 19:55:57 | INFO | root | epoch=64 train_loss=0.00348807 val_loss=0.04111112
2026-06-03 19:55:57 | INFO | root | epoch=65 step=25 train_loss=0.00339024
2026-06-03 19:55:58 | INFO | root | epoch=65 step=50 train_loss=0.00334552
2026-06-03 19:55:58 | INFO | root | epoch=65 train_loss=0.00342581 val_loss=0.04155131
2026-06-03 19:55:59 | INFO | root | epoch=66 step=25 train_loss=0.00361336
2026-06-03 19:55:59 | INFO | root | epoch=66 step=50 train_loss=0.00347472
2026-06-03 19:56:00 | INFO | root | epoch=66 train_loss=0.00339040 val_loss=0.04208667
2026-06-03 19:56:00 | INFO | root | epoch=67 step=25 train_loss=0.00343971
2026-06-03 19:56:01 | INFO | root | epoch=67 step=50 train_loss=0.00332186
2026-06-03 19:56:01 | INFO | root | epoch=67 train_loss=0.00321972 val_loss=0.04073740
2026-06-03 19:56:02 | INFO | root | epoch=68 step=25 train_loss=0.00311967
2026-06-03 19:56:02 | INFO | root | epoch=68 step=50 train_loss=0.00317455
2026-06-03 19:56:03 | INFO | root | epoch=68 train_loss=0.00321402 val_loss=0.04094898
2026-06-03 19:56:03 | INFO | root | epoch=69 step=25 train_loss=0.00340242
2026-06-03 19:56:04 | INFO | root | epoch=69 step=50 train_loss=0.00326134
2026-06-03 19:56:04 | INFO | root | epoch=69 train_loss=0.00332840 val_loss=0.04377248
2026-06-03 19:56:05 | INFO | root | epoch=70 step=25 train_loss=0.00278737
2026-06-03 19:56:05 | INFO | root | epoch=70 step=50 train_loss=0.00292151
2026-06-03 19:56:06 | INFO | root | epoch=70 train_loss=0.00296797 val_loss=0.04140396
2026-06-03 19:56:07 | INFO | root | epoch=71 step=25 train_loss=0.00306798
2026-06-03 19:56:07 | INFO | root | epoch=71 step=50 train_loss=0.00299109
2026-06-03 19:56:08 | INFO | root | epoch=71 train_loss=0.00302671 val_loss=0.04141282
2026-06-03 19:56:08 | INFO | root | epoch=72 step=25 train_loss=0.00316720
2026-06-03 19:56:09 | INFO | root | epoch=72 step=50 train_loss=0.00301100
2026-06-03 19:56:09 | INFO | root | epoch=72 train_loss=0.00295693 val_loss=0.04197937
2026-06-03 19:56:10 | INFO | root | epoch=73 step=25 train_loss=0.00267542
2026-06-03 19:56:10 | INFO | root | epoch=73 step=50 train_loss=0.00285059
2026-06-03 19:56:11 | INFO | root | epoch=73 train_loss=0.00283361 val_loss=0.03971859
2026-06-03 19:56:11 | INFO | root | epoch=74 step=25 train_loss=0.00300701
2026-06-03 19:56:12 | INFO | root | epoch=74 step=50 train_loss=0.00294861
2026-06-03 19:56:12 | INFO | root | epoch=74 train_loss=0.00289487 val_loss=0.03728272
2026-06-03 19:56:13 | INFO | root | epoch=75 step=25 train_loss=0.00295451
2026-06-03 19:56:13 | INFO | root | epoch=75 step=50 train_loss=0.00307372
2026-06-03 19:56:14 | INFO | root | epoch=75 train_loss=0.00300570 val_loss=0.03932081
2026-06-03 19:56:14 | INFO | root | epoch=76 step=25 train_loss=0.00314481
2026-06-03 19:56:15 | INFO | root | epoch=76 step=50 train_loss=0.00317526
2026-06-03 19:56:15 | INFO | root | epoch=76 train_loss=0.00311912 val_loss=0.04614629
2026-06-03 19:56:16 | INFO | root | epoch=77 step=25 train_loss=0.00297679
2026-06-03 19:56:16 | INFO | root | epoch=77 step=50 train_loss=0.00284718
2026-06-03 19:56:17 | INFO | root | epoch=77 train_loss=0.00279208 val_loss=0.03994871
2026-06-03 19:56:17 | INFO | root | epoch=78 step=25 train_loss=0.00259850
2026-06-03 19:56:18 | INFO | root | epoch=78 step=50 train_loss=0.00269199
2026-06-03 19:56:18 | INFO | root | epoch=78 train_loss=0.00269369 val_loss=0.03965443
2026-06-03 19:56:19 | INFO | root | epoch=79 step=25 train_loss=0.00315253
2026-06-03 19:56:20 | INFO | root | epoch=79 step=50 train_loss=0.00302989
2026-06-03 19:56:20 | INFO | root | epoch=79 train_loss=0.00302798 val_loss=0.03949287
2026-06-03 19:56:21 | INFO | root | epoch=80 step=25 train_loss=0.00285271
2026-06-03 19:56:21 | INFO | root | epoch=80 step=50 train_loss=0.00289056
2026-06-03 19:56:22 | INFO | root | epoch=80 train_loss=0.00286873 val_loss=0.04302969
2026-06-03 19:56:23 | INFO | root | epoch=81 step=25 train_loss=0.00267277
2026-06-03 19:56:23 | INFO | root | epoch=81 step=50 train_loss=0.00272216
2026-06-03 19:56:24 | INFO | root | epoch=81 train_loss=0.00267333 val_loss=0.04128317
2026-06-03 19:56:24 | INFO | root | epoch=82 step=25 train_loss=0.00272758
2026-06-03 19:56:25 | INFO | root | epoch=82 step=50 train_loss=0.00276544
2026-06-03 19:56:25 | INFO | root | epoch=82 train_loss=0.00273532 val_loss=0.03700722
2026-06-03 19:56:26 | INFO | root | epoch=83 step=25 train_loss=0.00300800
2026-06-03 19:56:26 | INFO | root | epoch=83 step=50 train_loss=0.00349131
2026-06-03 19:56:27 | INFO | root | epoch=83 train_loss=0.00354070 val_loss=0.04331994
2026-06-03 19:56:27 | INFO | root | epoch=84 step=25 train_loss=0.00367392
2026-06-03 19:56:28 | INFO | root | epoch=84 step=50 train_loss=0.00313791
2026-06-03 19:56:28 | INFO | root | epoch=84 train_loss=0.00302211 val_loss=0.04175761
2026-06-03 19:56:29 | INFO | root | epoch=85 step=25 train_loss=0.00264329
2026-06-03 19:56:29 | INFO | root | epoch=85 step=50 train_loss=0.00269118
2026-06-03 19:56:30 | INFO | root | epoch=85 train_loss=0.00267698 val_loss=0.04087409
2026-06-03 19:56:31 | INFO | root | epoch=86 step=25 train_loss=0.00260568
2026-06-03 19:56:31 | INFO | root | epoch=86 step=50 train_loss=0.00254251
2026-06-03 19:56:32 | INFO | root | epoch=86 train_loss=0.00251051 val_loss=0.04048149
2026-06-03 19:56:32 | INFO | root | epoch=87 step=25 train_loss=0.00227202
2026-06-03 19:56:33 | INFO | root | epoch=87 step=50 train_loss=0.00234294
2026-06-03 19:56:33 | INFO | root | epoch=87 train_loss=0.00235019 val_loss=0.03996910
2026-06-03 19:56:34 | INFO | root | epoch=88 step=25 train_loss=0.00254901
2026-06-03 19:56:34 | INFO | root | epoch=88 step=50 train_loss=0.00258156
2026-06-03 19:56:35 | INFO | root | epoch=88 train_loss=0.00263555 val_loss=0.04445237
2026-06-03 19:56:35 | INFO | root | epoch=89 step=25 train_loss=0.00262870
2026-06-03 19:56:36 | INFO | root | epoch=89 step=50 train_loss=0.00257476
2026-06-03 19:56:36 | INFO | root | epoch=89 train_loss=0.00261435 val_loss=0.03965527
2026-06-03 19:56:37 | INFO | root | epoch=90 step=25 train_loss=0.00253467
2026-06-03 19:56:37 | INFO | root | epoch=90 step=50 train_loss=0.00246096
2026-06-03 19:56:38 | INFO | root | epoch=90 train_loss=0.00240199 val_loss=0.04425399
2026-06-03 19:56:38 | INFO | root | epoch=91 step=25 train_loss=0.00248335
2026-06-03 19:56:39 | INFO | root | epoch=91 step=50 train_loss=0.00241413
2026-06-03 19:56:39 | INFO | root | epoch=91 train_loss=0.00240783 val_loss=0.03945655
2026-06-03 19:56:40 | INFO | root | epoch=92 step=25 train_loss=0.00238278
2026-06-03 19:56:40 | INFO | root | epoch=92 step=50 train_loss=0.00241382
2026-06-03 19:56:41 | INFO | root | epoch=92 train_loss=0.00237849 val_loss=0.04309021
2026-06-03 19:56:41 | INFO | root | epoch=93 step=25 train_loss=0.00254833
2026-06-03 19:56:42 | INFO | root | epoch=93 step=50 train_loss=0.00259491
2026-06-03 19:56:42 | INFO | root | epoch=93 train_loss=0.00260821 val_loss=0.03769869
2026-06-03 19:56:43 | INFO | root | epoch=94 step=25 train_loss=0.00238496
2026-06-03 19:56:44 | INFO | root | epoch=94 step=50 train_loss=0.00247385
2026-06-03 19:56:44 | INFO | root | epoch=94 train_loss=0.00244002 val_loss=0.03780607
2026-06-03 19:56:45 | INFO | root | epoch=95 step=25 train_loss=0.00225878
2026-06-03 19:56:45 | INFO | root | epoch=95 step=50 train_loss=0.00216066
2026-06-03 19:56:46 | INFO | root | epoch=95 train_loss=0.00212405 val_loss=0.04122907
2026-06-03 19:56:46 | INFO | root | epoch=96 step=25 train_loss=0.00231341
2026-06-03 19:56:47 | INFO | root | epoch=96 step=50 train_loss=0.00228439
2026-06-03 19:56:47 | INFO | root | epoch=96 train_loss=0.00225881 val_loss=0.03701506
2026-06-03 19:56:48 | INFO | root | epoch=97 step=25 train_loss=0.00195608
2026-06-03 19:56:48 | INFO | root | epoch=97 step=50 train_loss=0.00199026
2026-06-03 19:56:49 | INFO | root | epoch=97 train_loss=0.00227312 val_loss=0.04437510
2026-06-03 19:56:49 | INFO | root | epoch=98 step=25 train_loss=0.00480268
2026-06-03 19:56:50 | INFO | root | epoch=98 step=50 train_loss=0.00449691
2026-06-03 19:56:50 | INFO | root | epoch=98 train_loss=0.00420616 val_loss=0.04368458
2026-06-03 19:56:51 | INFO | root | epoch=99 step=25 train_loss=0.00320413
2026-06-03 19:56:51 | INFO | root | epoch=99 step=50 train_loss=0.00318596
2026-06-03 19:56:52 | INFO | root | epoch=99 train_loss=0.00306373 val_loss=0.04383305
2026-06-03 19:56:52 | INFO | root | epoch=100 step=25 train_loss=0.00259249
2026-06-03 19:56:53 | INFO | root | epoch=100 step=50 train_loss=0.00241277
2026-06-03 19:56:53 | INFO | root | epoch=100 train_loss=0.00231124 val_loss=0.03908465
2026-06-03 19:56:54 | INFO | root | epoch=101 step=25 train_loss=0.00205587
2026-06-03 19:56:55 | INFO | root | epoch=101 step=50 train_loss=0.00214585
2026-06-03 19:56:55 | INFO | root | epoch=101 train_loss=0.00217858 val_loss=0.03979352
2026-06-03 19:56:56 | INFO | root | epoch=102 step=25 train_loss=0.00219395
2026-06-03 19:56:56 | INFO | root | epoch=102 step=50 train_loss=0.00232712
2026-06-03 19:56:57 | INFO | root | epoch=102 train_loss=0.00222220 val_loss=0.04168124
2026-06-03 19:56:57 | INFO | root | epoch=103 step=25 train_loss=0.00188268
2026-06-03 19:56:58 | INFO | root | epoch=103 step=50 train_loss=0.00196334
2026-06-03 19:56:58 | INFO | root | epoch=103 train_loss=0.00199066 val_loss=0.03963719
2026-06-03 19:56:59 | INFO | root | epoch=104 step=25 train_loss=0.00184801
2026-06-03 19:56:59 | INFO | root | epoch=104 step=50 train_loss=0.00179841
2026-06-03 19:57:00 | INFO | root | epoch=104 train_loss=0.00181031 val_loss=0.04166656
2026-06-03 19:57:00 | INFO | root | epoch=105 step=25 train_loss=0.00199310
2026-06-03 19:57:01 | INFO | root | epoch=105 step=50 train_loss=0.00194896
2026-06-03 19:57:01 | INFO | root | epoch=105 train_loss=0.00196225 val_loss=0.03934881
2026-06-03 19:57:02 | INFO | root | epoch=106 step=25 train_loss=0.00203038
2026-06-03 19:57:02 | INFO | root | epoch=106 step=50 train_loss=0.00197565
2026-06-03 19:57:03 | INFO | root | epoch=106 train_loss=0.00197638 val_loss=0.04054609
2026-06-03 19:57:03 | INFO | root | epoch=107 step=25 train_loss=0.00188675
2026-06-03 19:57:04 | INFO | root | epoch=107 step=50 train_loss=0.00185012
2026-06-03 19:57:04 | INFO | root | epoch=107 train_loss=0.00182264 val_loss=0.04166490
2026-06-03 19:57:05 | INFO | root | epoch=108 step=25 train_loss=0.00188920
2026-06-03 19:57:06 | INFO | root | epoch=108 step=50 train_loss=0.00191179
2026-06-03 19:57:06 | INFO | root | epoch=108 train_loss=0.00188369 val_loss=0.04040799
2026-06-03 19:57:07 | INFO | root | epoch=109 step=25 train_loss=0.00199046
2026-06-03 19:57:07 | INFO | root | epoch=109 step=50 train_loss=0.00200188
2026-06-03 19:57:08 | INFO | root | epoch=109 train_loss=0.00192892 val_loss=0.04104061
2026-06-03 19:57:08 | INFO | root | epoch=110 step=25 train_loss=0.00186950
2026-06-03 19:57:09 | INFO | root | epoch=110 step=50 train_loss=0.00183360
2026-06-03 19:57:09 | INFO | root | epoch=110 train_loss=0.00186780 val_loss=0.04140298
2026-06-03 19:57:10 | INFO | root | epoch=111 step=25 train_loss=0.00187511
2026-06-03 19:57:10 | INFO | root | epoch=111 step=50 train_loss=0.00193985
2026-06-03 19:57:11 | INFO | root | epoch=111 train_loss=0.00188502 val_loss=0.03954859
2026-06-03 19:57:11 | INFO | root | epoch=112 step=25 train_loss=0.00181422
2026-06-03 19:57:12 | INFO | root | epoch=112 step=50 train_loss=0.00184933
2026-06-03 19:57:12 | INFO | root | epoch=112 train_loss=0.00181543 val_loss=0.04215440
2026-06-03 19:57:13 | INFO | root | epoch=113 step=25 train_loss=0.00189146
2026-06-03 19:57:13 | INFO | root | epoch=113 step=50 train_loss=0.00195042
2026-06-03 19:57:14 | INFO | root | epoch=113 train_loss=0.00196693 val_loss=0.03769033
2026-06-03 19:57:14 | INFO | root | epoch=114 step=25 train_loss=0.00200160
2026-06-03 19:57:15 | INFO | root | epoch=114 step=50 train_loss=0.00194069
2026-06-03 19:57:15 | INFO | root | epoch=114 train_loss=0.00192963 val_loss=0.03784465
2026-06-03 19:57:16 | INFO | root | epoch=115 step=25 train_loss=0.00187385
2026-06-03 19:57:16 | INFO | root | epoch=115 step=50 train_loss=0.00194476
2026-06-03 19:57:17 | INFO | root | epoch=115 train_loss=0.00192639 val_loss=0.04516878
2026-06-03 19:57:17 | INFO | root | epoch=116 step=25 train_loss=0.00198612
2026-06-03 19:57:18 | INFO | root | epoch=116 step=50 train_loss=0.00197350
2026-06-03 19:57:19 | INFO | root | epoch=116 train_loss=0.00194630 val_loss=0.03892801
2026-06-03 19:57:19 | INFO | root | epoch=117 step=25 train_loss=0.00178074
2026-06-03 19:57:20 | INFO | root | epoch=117 step=50 train_loss=0.00186034
2026-06-03 19:57:20 | INFO | root | epoch=117 train_loss=0.00185261 val_loss=0.03926718
2026-06-03 19:57:21 | INFO | root | epoch=118 step=25 train_loss=0.00205393
2026-06-03 19:57:21 | INFO | root | epoch=118 step=50 train_loss=0.00222284
2026-06-03 19:57:22 | INFO | root | epoch=118 train_loss=0.00221522 val_loss=0.03792186
2026-06-03 19:57:22 | INFO | root | epoch=119 step=25 train_loss=0.00192333
2026-06-03 19:57:23 | INFO | root | epoch=119 step=50 train_loss=0.00193448
2026-06-03 19:57:23 | INFO | root | epoch=119 train_loss=0.00189435 val_loss=0.03907470
2026-06-03 19:57:24 | INFO | root | epoch=120 step=25 train_loss=0.00177225
2026-06-03 19:57:24 | INFO | root | epoch=120 step=50 train_loss=0.00174079
2026-06-03 19:57:25 | INFO | root | epoch=120 train_loss=0.00173347 val_loss=0.04050404
2026-06-03 19:57:25 | INFO | root | epoch=121 step=25 train_loss=0.00184198
2026-06-03 19:57:26 | INFO | root | epoch=121 step=50 train_loss=0.00177517
2026-06-03 19:57:26 | INFO | root | epoch=121 train_loss=0.00174210 val_loss=0.03775106
2026-06-03 19:57:27 | INFO | root | epoch=122 step=25 train_loss=0.00159470
2026-06-03 19:57:28 | INFO | root | epoch=122 step=50 train_loss=0.00165670
2026-06-03 19:57:28 | INFO | root | epoch=122 train_loss=0.00170007 val_loss=0.04186773
2026-06-03 19:57:29 | INFO | root | epoch=123 step=25 train_loss=0.00173552
2026-06-03 19:57:29 | INFO | root | epoch=123 step=50 train_loss=0.00181119
2026-06-03 19:57:30 | INFO | root | epoch=123 train_loss=0.00180505 val_loss=0.03749448
2026-06-03 19:57:30 | INFO | root | epoch=124 step=25 train_loss=0.00192464
2026-06-03 19:57:31 | INFO | root | epoch=124 step=50 train_loss=0.00200339
2026-06-03 19:57:31 | INFO | root | epoch=124 train_loss=0.00191873 val_loss=0.03722114
2026-06-03 19:57:32 | INFO | root | epoch=125 step=25 train_loss=0.00179239
2026-06-03 19:57:32 | INFO | root | epoch=125 step=50 train_loss=0.00171912
2026-06-03 19:57:33 | INFO | root | epoch=125 train_loss=0.00174657 val_loss=0.03745581
2026-06-03 19:57:33 | INFO | root | epoch=126 step=25 train_loss=0.00193781
2026-06-03 19:57:34 | INFO | root | epoch=126 step=50 train_loss=0.00187785
2026-06-03 19:57:34 | INFO | root | epoch=126 train_loss=0.00185797 val_loss=0.03947216
2026-06-03 19:57:35 | INFO | root | epoch=127 step=25 train_loss=0.00159185
2026-06-03 19:57:35 | INFO | root | epoch=127 step=50 train_loss=0.00171943
2026-06-03 19:57:36 | INFO | root | epoch=127 train_loss=0.00170922 val_loss=0.03777239
2026-06-03 19:57:36 | INFO | root | epoch=128 step=25 train_loss=0.00160065
2026-06-03 19:57:37 | INFO | root | epoch=128 step=50 train_loss=0.00155885
2026-06-03 19:57:37 | INFO | root | epoch=128 train_loss=0.00156321 val_loss=0.03873315
2026-06-03 19:57:38 | INFO | root | epoch=129 step=25 train_loss=0.00181155
2026-06-03 19:57:38 | INFO | root | epoch=129 step=50 train_loss=0.00176430
2026-06-03 19:57:39 | INFO | root | epoch=129 train_loss=0.00178645 val_loss=0.03809598
2026-06-03 19:57:40 | INFO | root | epoch=130 step=25 train_loss=0.00236956
2026-06-03 19:57:40 | INFO | root | epoch=130 step=50 train_loss=0.00248283
2026-06-03 19:57:41 | INFO | root | epoch=130 train_loss=0.00250555 val_loss=0.04016533
2026-06-03 19:57:41 | INFO | root | epoch=131 step=25 train_loss=0.00189845
2026-06-03 19:57:42 | INFO | root | epoch=131 step=50 train_loss=0.00186780
2026-06-03 19:57:42 | INFO | root | epoch=131 train_loss=0.00184392 val_loss=0.03988658
2026-06-03 19:57:43 | INFO | root | epoch=132 step=25 train_loss=0.00198475
2026-06-03 19:57:43 | INFO | root | epoch=132 step=50 train_loss=0.00190183
2026-06-03 19:57:44 | INFO | root | epoch=132 train_loss=0.00187354 val_loss=0.03996844
2026-06-03 19:57:44 | INFO | root | epoch=133 step=25 train_loss=0.00335474
2026-06-03 19:57:45 | INFO | root | epoch=133 step=50 train_loss=0.00420593
2026-06-03 19:57:45 | INFO | root | epoch=133 train_loss=0.00421401 val_loss=0.04036974
2026-06-03 19:57:46 | INFO | root | epoch=134 step=25 train_loss=0.00367622
2026-06-03 19:57:46 | INFO | root | epoch=134 step=50 train_loss=0.00306676
2026-06-03 19:57:47 | INFO | root | epoch=134 train_loss=0.00273682 val_loss=0.04004145
2026-06-03 19:57:47 | INFO | root | epoch=135 step=25 train_loss=0.00179698
2026-06-03 19:57:48 | INFO | root | epoch=135 step=50 train_loss=0.00193220
2026-06-03 19:57:48 | INFO | root | epoch=135 train_loss=0.00207904 val_loss=0.04114728
2026-06-03 19:57:49 | INFO | root | epoch=136 step=25 train_loss=0.00339964
2026-06-03 19:57:50 | INFO | root | epoch=136 step=50 train_loss=0.00300345
2026-06-03 19:57:50 | INFO | root | epoch=136 train_loss=0.00272655 val_loss=0.03980379
2026-06-03 19:57:51 | INFO | root | epoch=137 step=25 train_loss=0.00170707
2026-06-03 19:57:51 | INFO | root | epoch=137 step=50 train_loss=0.00172319
2026-06-03 19:57:52 | INFO | root | epoch=137 train_loss=0.00172427 val_loss=0.04176873
2026-06-03 19:57:52 | INFO | root | epoch=138 step=25 train_loss=0.00190912
2026-06-03 19:57:53 | INFO | root | epoch=138 step=50 train_loss=0.00182492
2026-06-03 19:57:53 | INFO | root | epoch=138 train_loss=0.00177360 val_loss=0.03950486
2026-06-03 19:57:54 | INFO | root | epoch=139 step=25 train_loss=0.00148685
2026-06-03 19:57:54 | INFO | root | epoch=139 step=50 train_loss=0.00152646
2026-06-03 19:57:55 | INFO | root | epoch=139 train_loss=0.00149416 val_loss=0.03962830
2026-06-03 19:57:55 | INFO | root | epoch=140 step=25 train_loss=0.00142958
2026-06-03 19:57:56 | INFO | root | epoch=140 step=50 train_loss=0.00139040
2026-06-03 19:57:56 | INFO | root | epoch=140 train_loss=0.00138823 val_loss=0.03953917
2026-06-03 19:57:57 | INFO | root | epoch=141 step=25 train_loss=0.00144402
2026-06-03 19:57:57 | INFO | root | epoch=141 step=50 train_loss=0.00148869
2026-06-03 19:57:58 | INFO | root | epoch=141 train_loss=0.00149833 val_loss=0.03881311
2026-06-03 19:57:58 | INFO | root | epoch=142 step=25 train_loss=0.00136769
2026-06-03 19:57:59 | INFO | root | epoch=142 step=50 train_loss=0.00141101
2026-06-03 19:57:59 | INFO | root | epoch=142 train_loss=0.00142355 val_loss=0.04268156
2026-06-03 19:58:00 | INFO | root | epoch=143 step=25 train_loss=0.00134184
2026-06-03 19:58:00 | INFO | root | epoch=143 step=50 train_loss=0.00132177
2026-06-03 19:58:01 | INFO | root | epoch=143 train_loss=0.00136361 val_loss=0.04153611
2026-06-03 19:58:01 | INFO | root | epoch=144 step=25 train_loss=0.00137501
2026-06-03 19:58:02 | INFO | root | epoch=144 step=50 train_loss=0.00134761
2026-06-03 19:58:03 | INFO | root | epoch=144 train_loss=0.00133435 val_loss=0.03874667
2026-06-03 19:58:03 | INFO | root | epoch=145 step=25 train_loss=0.00131770
2026-06-03 19:58:04 | INFO | root | epoch=145 step=50 train_loss=0.00137632
2026-06-03 19:58:04 | INFO | root | epoch=145 train_loss=0.00141088 val_loss=0.03813844
2026-06-03 19:58:05 | INFO | root | epoch=146 step=25 train_loss=0.00155276
2026-06-03 19:58:05 | INFO | root | epoch=146 step=50 train_loss=0.00146993
2026-06-03 19:58:06 | INFO | root | epoch=146 train_loss=0.00142230 val_loss=0.03905184
2026-06-03 19:58:06 | INFO | root | epoch=147 step=25 train_loss=0.00124882
2026-06-03 19:58:07 | INFO | root | epoch=147 step=50 train_loss=0.00131065
2026-06-03 19:58:07 | INFO | root | epoch=147 train_loss=0.00128783 val_loss=0.03932397
2026-06-03 19:58:08 | INFO | root | epoch=148 step=25 train_loss=0.00138446
2026-06-03 19:58:08 | INFO | root | epoch=148 step=50 train_loss=0.00137111
2026-06-03 19:58:09 | INFO | root | epoch=148 train_loss=0.00138892 val_loss=0.04004620
2026-06-03 19:58:09 | INFO | root | epoch=149 step=25 train_loss=0.00140341
2026-06-03 19:58:10 | INFO | root | epoch=149 step=50 train_loss=0.00141386
2026-06-03 19:58:10 | INFO | root | epoch=149 train_loss=0.00138504 val_loss=0.03983376
2026-06-03 19:58:11 | INFO | root | epoch=150 step=25 train_loss=0.00138623
2026-06-03 19:58:11 | INFO | root | epoch=150 step=50 train_loss=0.00137703
2026-06-03 19:58:12 | INFO | root | epoch=150 train_loss=0.00136895 val_loss=0.04014647
2026-06-03 19:58:12 | INFO | root | epoch=151 step=25 train_loss=0.00128784
2026-06-03 19:58:13 | INFO | root | epoch=151 step=50 train_loss=0.00144609
2026-06-03 19:58:13 | INFO | root | epoch=151 train_loss=0.00145047 val_loss=0.04356484
2026-06-03 19:58:14 | INFO | root | epoch=152 step=25 train_loss=0.00129270
2026-06-03 19:58:15 | INFO | root | epoch=152 step=50 train_loss=0.00133557
2026-06-03 19:58:15 | INFO | root | epoch=152 train_loss=0.00136394 val_loss=0.03666989
2026-06-03 19:58:16 | INFO | root | epoch=153 step=25 train_loss=0.00144980
2026-06-03 19:58:16 | INFO | root | epoch=153 step=50 train_loss=0.00145305
2026-06-03 19:58:17 | INFO | root | epoch=153 train_loss=0.00146266 val_loss=0.03972586
2026-06-03 19:58:17 | INFO | root | epoch=154 step=25 train_loss=0.00144789
2026-06-03 19:58:18 | INFO | root | epoch=154 step=50 train_loss=0.00142264
2026-06-03 19:58:18 | INFO | root | epoch=154 train_loss=0.00138717 val_loss=0.03921214
2026-06-03 19:58:19 | INFO | root | epoch=155 step=25 train_loss=0.00124971
2026-06-03 19:58:19 | INFO | root | epoch=155 step=50 train_loss=0.00125082
2026-06-03 19:58:20 | INFO | root | epoch=155 train_loss=0.00127975 val_loss=0.03966233
2026-06-03 19:58:20 | INFO | root | epoch=156 step=25 train_loss=0.00118442
2026-06-03 19:58:21 | INFO | root | epoch=156 step=50 train_loss=0.00121532
2026-06-03 19:58:21 | INFO | root | epoch=156 train_loss=0.00122691 val_loss=0.04329589
2026-06-03 19:58:22 | INFO | root | epoch=157 step=25 train_loss=0.00121564
2026-06-03 19:58:22 | INFO | root | epoch=157 step=50 train_loss=0.00122134
2026-06-03 19:58:23 | INFO | root | epoch=157 train_loss=0.00122168 val_loss=0.04096863
2026-06-03 19:58:23 | INFO | root | epoch=158 step=25 train_loss=0.00123908
2026-06-03 19:58:24 | INFO | root | epoch=158 step=50 train_loss=0.00122865
2026-06-03 19:58:24 | INFO | root | epoch=158 train_loss=0.00127371 val_loss=0.03864357
2026-06-03 19:58:25 | INFO | root | epoch=159 step=25 train_loss=0.00186071
2026-06-03 19:58:26 | INFO | root | epoch=159 step=50 train_loss=0.00199757
2026-06-03 19:58:26 | INFO | root | epoch=159 train_loss=0.00240592 val_loss=0.03771466
2026-06-03 19:58:27 | INFO | root | epoch=160 step=25 train_loss=0.00334179
2026-06-03 19:58:27 | INFO | root | epoch=160 step=50 train_loss=0.00285286
2026-06-03 19:58:28 | INFO | root | epoch=160 train_loss=0.00270082 val_loss=0.04067262
2026-06-03 19:58:28 | INFO | root | epoch=161 step=25 train_loss=0.00189167
2026-06-03 19:58:29 | INFO | root | epoch=161 step=50 train_loss=0.00169703
2026-06-03 19:58:29 | INFO | root | epoch=161 train_loss=0.00166778 val_loss=0.03999381
2026-06-03 19:58:30 | INFO | root | epoch=162 step=25 train_loss=0.00146886
2026-06-03 19:58:30 | INFO | root | epoch=162 step=50 train_loss=0.00158869
2026-06-03 19:58:31 | INFO | root | epoch=162 train_loss=0.00162472 val_loss=0.03970878
2026-06-03 19:58:31 | INFO | root | epoch=163 step=25 train_loss=0.00158443
2026-06-03 19:58:32 | INFO | root | epoch=163 step=50 train_loss=0.00146838
2026-06-03 19:58:32 | INFO | root | epoch=163 train_loss=0.00145512 val_loss=0.03925796
2026-06-03 19:58:33 | INFO | root | epoch=164 step=25 train_loss=0.00133102
2026-06-03 19:58:33 | INFO | root | epoch=164 step=50 train_loss=0.00129740
2026-06-03 19:58:34 | INFO | root | epoch=164 train_loss=0.00128728 val_loss=0.04101910
2026-06-03 19:58:34 | INFO | root | epoch=165 step=25 train_loss=0.00119585
2026-06-03 19:58:35 | INFO | root | epoch=165 step=50 train_loss=0.00122619
2026-06-03 19:58:36 | INFO | root | epoch=165 train_loss=0.00122483 val_loss=0.04009655
2026-06-03 19:58:36 | INFO | root | epoch=166 step=25 train_loss=0.00125042
2026-06-03 19:58:37 | INFO | root | epoch=166 step=50 train_loss=0.00124704
2026-06-03 19:58:37 | INFO | root | epoch=166 train_loss=0.00125701 val_loss=0.03819487
2026-06-03 19:58:38 | INFO | root | epoch=167 step=25 train_loss=0.00118752
2026-06-03 19:58:38 | INFO | root | epoch=167 step=50 train_loss=0.00117624
2026-06-03 19:58:39 | INFO | root | epoch=167 train_loss=0.00119142 val_loss=0.03909452
2026-06-03 19:58:39 | INFO | root | epoch=168 step=25 train_loss=0.00138686
2026-06-03 19:58:40 | INFO | root | epoch=168 step=50 train_loss=0.00139200
2026-06-03 19:58:40 | INFO | root | epoch=168 train_loss=0.00135134 val_loss=0.03807053
2026-06-03 19:58:41 | INFO | root | epoch=169 step=25 train_loss=0.00116074
2026-06-03 19:58:41 | INFO | root | epoch=169 step=50 train_loss=0.00124660
2026-06-03 19:58:42 | INFO | root | epoch=169 train_loss=0.00124364 val_loss=0.03795880
2026-06-03 19:58:42 | INFO | root | epoch=170 step=25 train_loss=0.00112920
2026-06-03 19:58:43 | INFO | root | epoch=170 step=50 train_loss=0.00112879
2026-06-03 19:58:43 | INFO | root | epoch=170 train_loss=0.00115411 val_loss=0.03749153
2026-06-03 19:58:44 | INFO | root | epoch=171 step=25 train_loss=0.00116034
2026-06-03 19:58:44 | INFO | root | epoch=171 step=50 train_loss=0.00114163
2026-06-03 19:58:45 | INFO | root | epoch=171 train_loss=0.00112521 val_loss=0.04000907
2026-06-03 19:58:45 | INFO | root | epoch=172 step=25 train_loss=0.00114880
2026-06-03 19:58:46 | INFO | root | epoch=172 step=50 train_loss=0.00119167
2026-06-03 19:58:46 | INFO | root | epoch=172 train_loss=0.00117672 val_loss=0.03890989
2026-06-03 19:58:47 | INFO | root | epoch=173 step=25 train_loss=0.00116816
2026-06-03 19:58:48 | INFO | root | epoch=173 step=50 train_loss=0.00116221
2026-06-03 19:58:48 | INFO | root | epoch=173 train_loss=0.00117456 val_loss=0.04012636
2026-06-03 19:58:49 | INFO | root | epoch=174 step=25 train_loss=0.00114906
2026-06-03 19:58:49 | INFO | root | epoch=174 step=50 train_loss=0.00114333
2026-06-03 19:58:50 | INFO | root | epoch=174 train_loss=0.00112859 val_loss=0.04139615
2026-06-03 19:58:50 | INFO | root | epoch=175 step=25 train_loss=0.00116356
2026-06-03 19:58:51 | INFO | root | epoch=175 step=50 train_loss=0.00114643
2026-06-03 19:58:51 | INFO | root | epoch=175 train_loss=0.00117650 val_loss=0.04015613
2026-06-03 19:58:52 | INFO | root | epoch=176 step=25 train_loss=0.00130382
2026-06-03 19:58:52 | INFO | root | epoch=176 step=50 train_loss=0.00129664
2026-06-03 19:58:53 | INFO | root | epoch=176 train_loss=0.00125435 val_loss=0.03958470
2026-06-03 19:58:53 | INFO | root | epoch=177 step=25 train_loss=0.00109984
2026-06-03 19:58:54 | INFO | root | epoch=177 step=50 train_loss=0.00109308
2026-06-03 19:58:54 | INFO | root | epoch=177 train_loss=0.00107674 val_loss=0.03696034
2026-06-03 19:58:55 | INFO | root | epoch=178 step=25 train_loss=0.00118955
2026-06-03 19:58:55 | INFO | root | epoch=178 step=50 train_loss=0.00120160
2026-06-03 19:58:56 | INFO | root | epoch=178 train_loss=0.00119975 val_loss=0.03916251
2026-06-03 19:58:56 | INFO | root | epoch=179 step=25 train_loss=0.00121534
2026-06-03 19:58:57 | INFO | root | epoch=179 step=50 train_loss=0.00128951
2026-06-03 19:58:57 | INFO | root | epoch=179 train_loss=0.00129011 val_loss=0.03818823
2026-06-03 19:58:58 | INFO | root | epoch=180 step=25 train_loss=0.00157671
2026-06-03 19:58:58 | INFO | root | epoch=180 step=50 train_loss=0.00144072
2026-06-03 19:58:59 | INFO | root | epoch=180 train_loss=0.00136449 val_loss=0.03921816
2026-06-03 19:59:00 | INFO | root | epoch=181 step=25 train_loss=0.00125580
2026-06-03 19:59:00 | INFO | root | epoch=181 step=50 train_loss=0.00121101
2026-06-03 19:59:01 | INFO | root | epoch=181 train_loss=0.00117145 val_loss=0.03650936
2026-06-03 19:59:01 | INFO | root | epoch=182 step=25 train_loss=0.00110586
2026-06-03 19:59:02 | INFO | root | epoch=182 step=50 train_loss=0.00111963
2026-06-03 19:59:02 | INFO | root | epoch=182 train_loss=0.00113018 val_loss=0.03945387
2026-06-03 19:59:03 | INFO | root | epoch=183 step=25 train_loss=0.00131840
2026-06-03 19:59:03 | INFO | root | epoch=183 step=50 train_loss=0.00124877
2026-06-03 19:59:04 | INFO | root | epoch=183 train_loss=0.00124926 val_loss=0.04097476
2026-06-03 19:59:04 | INFO | root | epoch=184 step=25 train_loss=0.00115778
2026-06-03 19:59:05 | INFO | root | epoch=184 step=50 train_loss=0.00111169
2026-06-03 19:59:05 | INFO | root | epoch=184 train_loss=0.00112489 val_loss=0.04220830
2026-06-03 19:59:06 | INFO | root | epoch=185 step=25 train_loss=0.00126144
2026-06-03 19:59:06 | INFO | root | epoch=185 step=50 train_loss=0.00123669
2026-06-03 19:59:07 | INFO | root | epoch=185 train_loss=0.00123226 val_loss=0.03922151
2026-06-03 19:59:07 | INFO | root | epoch=186 step=25 train_loss=0.00109852
2026-06-03 19:59:08 | INFO | root | epoch=186 step=50 train_loss=0.00109754
2026-06-03 19:59:08 | INFO | root | epoch=186 train_loss=0.00107461 val_loss=0.03689162
2026-06-03 19:59:09 | INFO | root | epoch=187 step=25 train_loss=0.00099965
2026-06-03 19:59:09 | INFO | root | epoch=187 step=50 train_loss=0.00109012
2026-06-03 19:59:10 | INFO | root | epoch=187 train_loss=0.00111266 val_loss=0.04132394
2026-06-03 19:59:10 | INFO | root | epoch=188 step=25 train_loss=0.00114749
2026-06-03 19:59:11 | INFO | root | epoch=188 step=50 train_loss=0.00112694
2026-06-03 19:59:12 | INFO | root | epoch=188 train_loss=0.00112641 val_loss=0.03633959
2026-06-03 19:59:12 | INFO | root | epoch=189 step=25 train_loss=0.00112146
2026-06-03 19:59:13 | INFO | root | epoch=189 step=50 train_loss=0.00119425
2026-06-03 19:59:13 | INFO | root | epoch=189 train_loss=0.00118440 val_loss=0.03558962
2026-06-03 19:59:14 | INFO | root | epoch=190 step=25 train_loss=0.00110144
2026-06-03 19:59:14 | INFO | root | epoch=190 step=50 train_loss=0.00112293
2026-06-03 19:59:15 | INFO | root | epoch=190 train_loss=0.00114031 val_loss=0.03960979
2026-06-03 19:59:15 | INFO | root | epoch=191 step=25 train_loss=0.00113034
2026-06-03 19:59:16 | INFO | root | epoch=191 step=50 train_loss=0.00109115
2026-06-03 19:59:16 | INFO | root | epoch=191 train_loss=0.00110041 val_loss=0.03812575
2026-06-03 19:59:17 | INFO | root | epoch=192 step=25 train_loss=0.00116074
2026-06-03 19:59:17 | INFO | root | epoch=192 step=50 train_loss=0.00113557
2026-06-03 19:59:18 | INFO | root | epoch=192 train_loss=0.00111974 val_loss=0.03663318
2026-06-03 19:59:18 | INFO | root | epoch=193 step=25 train_loss=0.00118347
2026-06-03 19:59:19 | INFO | root | epoch=193 step=50 train_loss=0.00116146
2026-06-03 19:59:19 | INFO | root | epoch=193 train_loss=0.00117912 val_loss=0.03792867
2026-06-03 19:59:20 | INFO | root | epoch=194 step=25 train_loss=0.00138111
2026-06-03 19:59:20 | INFO | root | epoch=194 step=50 train_loss=0.00131841
2026-06-03 19:59:21 | INFO | root | epoch=194 train_loss=0.00133281 val_loss=0.04119358
2026-06-03 19:59:21 | INFO | root | epoch=195 step=25 train_loss=0.00125024
2026-06-03 19:59:22 | INFO | root | epoch=195 step=50 train_loss=0.00125973
2026-06-03 19:59:23 | INFO | root | epoch=195 train_loss=0.00124284 val_loss=0.04001074
2026-06-03 19:59:23 | INFO | root | epoch=196 step=25 train_loss=0.00123867
2026-06-03 19:59:24 | INFO | root | epoch=196 step=50 train_loss=0.00121015
2026-06-03 19:59:24 | INFO | root | epoch=196 train_loss=0.00120141 val_loss=0.04237457
2026-06-03 19:59:25 | INFO | root | epoch=197 step=25 train_loss=0.00158258
2026-06-03 19:59:25 | INFO | root | epoch=197 step=50 train_loss=0.00147325
2026-06-03 19:59:26 | INFO | root | epoch=197 train_loss=0.00144657 val_loss=0.04276323
2026-06-03 19:59:26 | INFO | root | epoch=198 step=25 train_loss=0.00173908
2026-06-03 19:59:27 | INFO | root | epoch=198 step=50 train_loss=0.00161221
2026-06-03 19:59:27 | INFO | root | epoch=198 train_loss=0.00153331 val_loss=0.04206119
2026-06-03 19:59:28 | INFO | root | epoch=199 step=25 train_loss=0.00318153
2026-06-03 19:59:28 | INFO | root | epoch=199 step=50 train_loss=0.00402823
2026-06-03 19:59:29 | INFO | root | epoch=199 train_loss=0.00472333 val_loss=0.03714357
2026-06-03 19:59:29 | INFO | root | epoch=200 step=25 train_loss=0.00845659
2026-06-03 19:59:30 | INFO | root | epoch=200 step=50 train_loss=0.00826690
2026-06-03 19:59:30 | INFO | root | epoch=200 train_loss=0.00788836 val_loss=0.04227321
2026-06-03 19:59:31 | INFO | root | test_NMSE=0.12366345 test_MSE=0.12527506
2026-06-03 19:59:31 | INFO | root | Saved checkpoint to /mntdatalora/src/ECG-Denoising-LMMSE/outputs/transformer/window_P128_medium/Final_Transformer.pt
