2026-06-03 19:49:30 | INFO | root | Logging to /mntdatalora/src/ECG-Denoising-LMMSE/logs/window_P32_medium_20260603_194930.log
2026-06-03 19:49:30 | INFO | root | Runtime context:
{
  "config_path": "/mntdatalora/src/ECG-Denoising-LMMSE/configs/transformer.yaml",
  "hostname": "pod-4",
  "output_dir": "/mntdatalora/src/ECG-Denoising-LMMSE/outputs/transformer/window_P32_medium",
  "platform": "Linux-6.8.0-124-generic-x86_64-with-glibc2.39",
  "python": "3.12.3 (main, Mar  3 2026, 12:15:18) [GCC 13.3.0]"
}
2026-06-03 19:49:33 | INFO | root | Training ECGTransformerDenoiser for 200 epochs with 17824 train windows and 3145 validation windows
2026-06-03 19:49:33 | INFO | root | epoch=1 step=25 train_loss=0.21017695
2026-06-03 19:49:34 | INFO | root | epoch=1 step=50 train_loss=0.15415618
2026-06-03 19:49:34 | INFO | root | epoch=1 train_loss=0.13187904 val_loss=0.07206598
2026-06-03 19:49:34 | INFO | root | epoch=2 step=25 train_loss=0.06621395
2026-06-03 19:49:34 | INFO | root | epoch=2 step=50 train_loss=0.06400102
2026-06-03 19:49:34 | INFO | root | epoch=2 train_loss=0.06308879 val_loss=0.05793781
2026-06-03 19:49:34 | INFO | root | epoch=3 step=25 train_loss=0.05684352
2026-06-03 19:49:35 | INFO | root | epoch=3 step=50 train_loss=0.05557142
2026-06-03 19:49:35 | INFO | root | epoch=3 train_loss=0.05450699 val_loss=0.05394663
2026-06-03 19:49:35 | INFO | root | epoch=4 step=25 train_loss=0.04982278
2026-06-03 19:49:35 | INFO | root | epoch=4 step=50 train_loss=0.04921701
2026-06-03 19:49:35 | INFO | root | epoch=4 train_loss=0.04973954 val_loss=0.05196343
2026-06-03 19:49:35 | INFO | root | epoch=5 step=25 train_loss=0.04860834
2026-06-03 19:49:36 | INFO | root | epoch=5 step=50 train_loss=0.04741320
2026-06-03 19:49:36 | INFO | root | epoch=5 train_loss=0.04718068 val_loss=0.04951417
2026-06-03 19:49:36 | INFO | root | epoch=6 step=25 train_loss=0.04514961
2026-06-03 19:49:36 | INFO | root | epoch=6 step=50 train_loss=0.04551121
2026-06-03 19:49:36 | INFO | root | epoch=6 train_loss=0.04519475 val_loss=0.04726107
2026-06-03 19:49:37 | INFO | root | epoch=7 step=25 train_loss=0.04704758
2026-06-03 19:49:37 | INFO | root | epoch=7 step=50 train_loss=0.04507903
2026-06-03 19:49:37 | INFO | root | epoch=7 train_loss=0.04417873 val_loss=0.05470358
2026-06-03 19:49:37 | INFO | root | epoch=8 step=25 train_loss=0.04351285
2026-06-03 19:49:37 | INFO | root | epoch=8 step=50 train_loss=0.04240285
2026-06-03 19:49:37 | INFO | root | epoch=8 train_loss=0.04263486 val_loss=0.05320279
2026-06-03 19:49:38 | INFO | root | epoch=9 step=25 train_loss=0.03973295
2026-06-03 19:49:38 | INFO | root | epoch=9 step=50 train_loss=0.04128075
2026-06-03 19:49:38 | INFO | root | epoch=9 train_loss=0.04094411 val_loss=0.04868379
2026-06-03 19:49:38 | INFO | root | epoch=10 step=25 train_loss=0.04090951
2026-06-03 19:49:38 | INFO | root | epoch=10 step=50 train_loss=0.04081531
2026-06-03 19:49:38 | INFO | root | epoch=10 train_loss=0.04059397 val_loss=0.06101466
2026-06-03 19:49:39 | INFO | root | epoch=11 step=25 train_loss=0.04007691
2026-06-03 19:49:39 | INFO | root | epoch=11 step=50 train_loss=0.03824419
2026-06-03 19:49:39 | INFO | root | epoch=11 train_loss=0.03849698 val_loss=0.04727547
2026-06-03 19:49:39 | INFO | root | epoch=12 step=25 train_loss=0.03757462
2026-06-03 19:49:39 | INFO | root | epoch=12 step=50 train_loss=0.03772290
2026-06-03 19:49:39 | INFO | root | epoch=12 train_loss=0.03760340 val_loss=0.04781333
2026-06-03 19:49:40 | INFO | root | epoch=13 step=25 train_loss=0.03742661
2026-06-03 19:49:40 | INFO | root | epoch=13 step=50 train_loss=0.03898496
2026-06-03 19:49:40 | INFO | root | epoch=13 train_loss=0.03820485 val_loss=0.04338593
2026-06-03 19:49:40 | INFO | root | epoch=14 step=25 train_loss=0.03749766
2026-06-03 19:49:40 | INFO | root | epoch=14 step=50 train_loss=0.03581811
2026-06-03 19:49:40 | INFO | root | epoch=14 train_loss=0.03693069 val_loss=0.04566785
2026-06-03 19:49:41 | INFO | root | epoch=15 step=25 train_loss=0.03520759
2026-06-03 19:49:41 | INFO | root | epoch=15 step=50 train_loss=0.03554740
2026-06-03 19:49:41 | INFO | root | epoch=15 train_loss=0.03598794 val_loss=0.05146609
2026-06-03 19:49:41 | INFO | root | epoch=16 step=25 train_loss=0.03728708
2026-06-03 19:49:42 | INFO | root | epoch=16 step=50 train_loss=0.03547986
2026-06-03 19:49:42 | INFO | root | epoch=16 train_loss=0.03501069 val_loss=0.04309831
2026-06-03 19:49:42 | INFO | root | epoch=17 step=25 train_loss=0.03557765
2026-06-03 19:49:42 | INFO | root | epoch=17 step=50 train_loss=0.03546314
2026-06-03 19:49:42 | INFO | root | epoch=17 train_loss=0.03483365 val_loss=0.04311080
2026-06-03 19:49:42 | INFO | root | epoch=18 step=25 train_loss=0.03389749
2026-06-03 19:49:42 | INFO | root | epoch=18 step=50 train_loss=0.03371735
2026-06-03 19:49:43 | INFO | root | epoch=18 train_loss=0.03454095 val_loss=0.05108452
2026-06-03 19:49:43 | INFO | root | epoch=19 step=25 train_loss=0.03502177
2026-06-03 19:49:43 | INFO | root | epoch=19 step=50 train_loss=0.03488825
2026-06-03 19:49:43 | INFO | root | epoch=19 train_loss=0.03487471 val_loss=0.04672765
2026-06-03 19:49:43 | INFO | root | epoch=20 step=25 train_loss=0.03505288
2026-06-03 19:49:43 | INFO | root | epoch=20 step=50 train_loss=0.03414512
2026-06-03 19:49:44 | INFO | root | epoch=20 train_loss=0.03385956 val_loss=0.04878493
2026-06-03 19:49:44 | INFO | root | epoch=21 step=25 train_loss=0.03377702
2026-06-03 19:49:44 | INFO | root | epoch=21 step=50 train_loss=0.03374909
2026-06-03 19:49:44 | INFO | root | epoch=21 train_loss=0.03377670 val_loss=0.04484516
2026-06-03 19:49:44 | INFO | root | epoch=22 step=25 train_loss=0.03176674
2026-06-03 19:49:44 | INFO | root | epoch=22 step=50 train_loss=0.03163079
2026-06-03 19:49:45 | INFO | root | epoch=22 train_loss=0.03234046 val_loss=0.04563304
2026-06-03 19:49:45 | INFO | root | epoch=23 step=25 train_loss=0.03313494
2026-06-03 19:49:45 | INFO | root | epoch=23 step=50 train_loss=0.03188698
2026-06-03 19:49:45 | INFO | root | epoch=23 train_loss=0.03212507 val_loss=0.04369322
2026-06-03 19:49:45 | INFO | root | epoch=24 step=25 train_loss=0.03339490
2026-06-03 19:49:45 | INFO | root | epoch=24 step=50 train_loss=0.03305624
2026-06-03 19:49:46 | INFO | root | epoch=24 train_loss=0.03307196 val_loss=0.04917830
2026-06-03 19:49:46 | INFO | root | epoch=25 step=25 train_loss=0.03227576
2026-06-03 19:49:46 | INFO | root | epoch=25 step=50 train_loss=0.03170066
2026-06-03 19:49:46 | INFO | root | epoch=25 train_loss=0.03145138 val_loss=0.04483887
2026-06-03 19:49:46 | INFO | root | epoch=26 step=25 train_loss=0.03259406
2026-06-03 19:49:46 | INFO | root | epoch=26 step=50 train_loss=0.03176073
2026-06-03 19:49:47 | INFO | root | epoch=26 train_loss=0.03117111 val_loss=0.04184074
2026-06-03 19:49:47 | INFO | root | epoch=27 step=25 train_loss=0.03224529
2026-06-03 19:49:47 | INFO | root | epoch=27 step=50 train_loss=0.03157302
2026-06-03 19:49:47 | INFO | root | epoch=27 train_loss=0.03141348 val_loss=0.04312646
2026-06-03 19:49:47 | INFO | root | epoch=28 step=25 train_loss=0.02771795
2026-06-03 19:49:47 | INFO | root | epoch=28 step=50 train_loss=0.02942920
2026-06-03 19:49:48 | INFO | root | epoch=28 train_loss=0.03015174 val_loss=0.04662533
2026-06-03 19:49:48 | INFO | root | epoch=29 step=25 train_loss=0.03034753
2026-06-03 19:49:48 | INFO | root | epoch=29 step=50 train_loss=0.03099685
2026-06-03 19:49:48 | INFO | root | epoch=29 train_loss=0.03124167 val_loss=0.04515172
2026-06-03 19:49:48 | INFO | root | epoch=30 step=25 train_loss=0.02869828
2026-06-03 19:49:48 | INFO | root | epoch=30 step=50 train_loss=0.03034176
2026-06-03 19:49:49 | INFO | root | epoch=30 train_loss=0.02993110 val_loss=0.04338505
2026-06-03 19:49:49 | INFO | root | epoch=31 step=25 train_loss=0.02962687
2026-06-03 19:49:49 | INFO | root | epoch=31 step=50 train_loss=0.02887945
2026-06-03 19:49:49 | INFO | root | epoch=31 train_loss=0.02915062 val_loss=0.04401864
2026-06-03 19:49:49 | INFO | root | epoch=32 step=25 train_loss=0.02919537
2026-06-03 19:49:49 | INFO | root | epoch=32 step=50 train_loss=0.02869865
2026-06-03 19:49:50 | INFO | root | epoch=32 train_loss=0.02865164 val_loss=0.04563615
2026-06-03 19:49:50 | INFO | root | epoch=33 step=25 train_loss=0.02627737
2026-06-03 19:49:50 | INFO | root | epoch=33 step=50 train_loss=0.02773698
2026-06-03 19:49:50 | INFO | root | epoch=33 train_loss=0.02855921 val_loss=0.04571405
2026-06-03 19:49:50 | INFO | root | epoch=34 step=25 train_loss=0.02784312
2026-06-03 19:49:50 | INFO | root | epoch=34 step=50 train_loss=0.02829546
2026-06-03 19:49:51 | INFO | root | epoch=34 train_loss=0.02806728 val_loss=0.04197446
2026-06-03 19:49:51 | INFO | root | epoch=35 step=25 train_loss=0.02721294
2026-06-03 19:49:51 | INFO | root | epoch=35 step=50 train_loss=0.02876999
2026-06-03 19:49:51 | INFO | root | epoch=35 train_loss=0.02901565 val_loss=0.04010024
2026-06-03 19:49:51 | INFO | root | epoch=36 step=25 train_loss=0.02748582
2026-06-03 19:49:51 | INFO | root | epoch=36 step=50 train_loss=0.02816068
2026-06-03 19:49:52 | INFO | root | epoch=36 train_loss=0.02845583 val_loss=0.03916366
2026-06-03 19:49:52 | INFO | root | epoch=37 step=25 train_loss=0.02658130
2026-06-03 19:49:52 | INFO | root | epoch=37 step=50 train_loss=0.02688807
2026-06-03 19:49:52 | INFO | root | epoch=37 train_loss=0.02707443 val_loss=0.04431856
2026-06-03 19:49:52 | INFO | root | epoch=38 step=25 train_loss=0.02611561
2026-06-03 19:49:52 | INFO | root | epoch=38 step=50 train_loss=0.02688674
2026-06-03 19:49:53 | INFO | root | epoch=38 train_loss=0.02705569 val_loss=0.04241433
2026-06-03 19:49:53 | INFO | root | epoch=39 step=25 train_loss=0.02773950
2026-06-03 19:49:53 | INFO | root | epoch=39 step=50 train_loss=0.02705879
2026-06-03 19:49:53 | INFO | root | epoch=39 train_loss=0.02747582 val_loss=0.04076585
2026-06-03 19:49:53 | INFO | root | epoch=40 step=25 train_loss=0.02562167
2026-06-03 19:49:53 | INFO | root | epoch=40 step=50 train_loss=0.02635857
2026-06-03 19:49:54 | INFO | root | epoch=40 train_loss=0.02672724 val_loss=0.04254845
2026-06-03 19:49:54 | INFO | root | epoch=41 step=25 train_loss=0.02676243
2026-06-03 19:49:54 | INFO | root | epoch=41 step=50 train_loss=0.02688054
2026-06-03 19:49:54 | INFO | root | epoch=41 train_loss=0.02724439 val_loss=0.05334444
2026-06-03 19:49:54 | INFO | root | epoch=42 step=25 train_loss=0.02957100
2026-06-03 19:49:54 | INFO | root | epoch=42 step=50 train_loss=0.02677875
2026-06-03 19:49:55 | INFO | root | epoch=42 train_loss=0.02670742 val_loss=0.03849862
2026-06-03 19:49:55 | INFO | root | epoch=43 step=25 train_loss=0.02544196
2026-06-03 19:49:55 | INFO | root | epoch=43 step=50 train_loss=0.02530784
2026-06-03 19:49:55 | INFO | root | epoch=43 train_loss=0.02601725 val_loss=0.03983259
2026-06-03 19:49:55 | INFO | root | epoch=44 step=25 train_loss=0.02493845
2026-06-03 19:49:55 | INFO | root | epoch=44 step=50 train_loss=0.02570611
2026-06-03 19:49:56 | INFO | root | epoch=44 train_loss=0.02578330 val_loss=0.03966907
2026-06-03 19:49:56 | INFO | root | epoch=45 step=25 train_loss=0.02571835
2026-06-03 19:49:56 | INFO | root | epoch=45 step=50 train_loss=0.02526343
2026-06-03 19:49:56 | INFO | root | epoch=45 train_loss=0.02537405 val_loss=0.04378279
2026-06-03 19:49:56 | INFO | root | epoch=46 step=25 train_loss=0.02568601
2026-06-03 19:49:56 | INFO | root | epoch=46 step=50 train_loss=0.02573990
2026-06-03 19:49:57 | INFO | root | epoch=46 train_loss=0.02576783 val_loss=0.04066249
2026-06-03 19:49:57 | INFO | root | epoch=47 step=25 train_loss=0.02448282
2026-06-03 19:49:57 | INFO | root | epoch=47 step=50 train_loss=0.02476230
2026-06-03 19:49:57 | INFO | root | epoch=47 train_loss=0.02526005 val_loss=0.04017419
2026-06-03 19:49:57 | INFO | root | epoch=48 step=25 train_loss=0.02418404
2026-06-03 19:49:57 | INFO | root | epoch=48 step=50 train_loss=0.02522971
2026-06-03 19:49:58 | INFO | root | epoch=48 train_loss=0.02621654 val_loss=0.03904056
2026-06-03 19:49:58 | INFO | root | epoch=49 step=25 train_loss=0.02527032
2026-06-03 19:49:58 | INFO | root | epoch=49 step=50 train_loss=0.02586650
2026-06-03 19:49:58 | INFO | root | epoch=49 train_loss=0.02581277 val_loss=0.04607466
2026-06-03 19:49:58 | INFO | root | epoch=50 step=25 train_loss=0.02543655
2026-06-03 19:49:58 | INFO | root | epoch=50 step=50 train_loss=0.02504741
2026-06-03 19:49:59 | INFO | root | epoch=50 train_loss=0.02492379 val_loss=0.04013552
2026-06-03 19:49:59 | INFO | root | epoch=51 step=25 train_loss=0.02374341
2026-06-03 19:49:59 | INFO | root | epoch=51 step=50 train_loss=0.02346173
2026-06-03 19:49:59 | INFO | root | epoch=51 train_loss=0.02362691 val_loss=0.03888336
2026-06-03 19:49:59 | INFO | root | epoch=52 step=25 train_loss=0.02306305
2026-06-03 19:49:59 | INFO | root | epoch=52 step=50 train_loss=0.02373540
2026-06-03 19:50:00 | INFO | root | epoch=52 train_loss=0.02383131 val_loss=0.04225046
2026-06-03 19:50:00 | INFO | root | epoch=53 step=25 train_loss=0.02360816
2026-06-03 19:50:00 | INFO | root | epoch=53 step=50 train_loss=0.02439495
2026-06-03 19:50:00 | INFO | root | epoch=53 train_loss=0.02394853 val_loss=0.04189754
2026-06-03 19:50:00 | INFO | root | epoch=54 step=25 train_loss=0.02602989
2026-06-03 19:50:00 | INFO | root | epoch=54 step=50 train_loss=0.02499816
2026-06-03 19:50:01 | INFO | root | epoch=54 train_loss=0.02439540 val_loss=0.04164312
2026-06-03 19:50:01 | INFO | root | epoch=55 step=25 train_loss=0.02381648
2026-06-03 19:50:01 | INFO | root | epoch=55 step=50 train_loss=0.02425989
2026-06-03 19:50:01 | INFO | root | epoch=55 train_loss=0.02397238 val_loss=0.04315876
2026-06-03 19:50:01 | INFO | root | epoch=56 step=25 train_loss=0.02155248
2026-06-03 19:50:01 | INFO | root | epoch=56 step=50 train_loss=0.02189955
2026-06-03 19:50:02 | INFO | root | epoch=56 train_loss=0.02252581 val_loss=0.03929154
2026-06-03 19:50:02 | INFO | root | epoch=57 step=25 train_loss=0.02179103
2026-06-03 19:50:02 | INFO | root | epoch=57 step=50 train_loss=0.02220074
2026-06-03 19:50:02 | INFO | root | epoch=57 train_loss=0.02235225 val_loss=0.04317279
2026-06-03 19:50:02 | INFO | root | epoch=58 step=25 train_loss=0.02427382
2026-06-03 19:50:03 | INFO | root | epoch=58 step=50 train_loss=0.02347637
2026-06-03 19:50:03 | INFO | root | epoch=58 train_loss=0.02313453 val_loss=0.04411857
2026-06-03 19:50:03 | INFO | root | epoch=59 step=25 train_loss=0.02402806
2026-06-03 19:50:03 | INFO | root | epoch=59 step=50 train_loss=0.02332130
2026-06-03 19:50:03 | INFO | root | epoch=59 train_loss=0.02360518 val_loss=0.04502329
2026-06-03 19:50:04 | INFO | root | epoch=60 step=25 train_loss=0.02404162
2026-06-03 19:50:04 | INFO | root | epoch=60 step=50 train_loss=0.02434558
2026-06-03 19:50:04 | INFO | root | epoch=60 train_loss=0.02365902 val_loss=0.03757795
2026-06-03 19:50:04 | INFO | root | epoch=61 step=25 train_loss=0.02381822
2026-06-03 19:50:04 | INFO | root | epoch=61 step=50 train_loss=0.02336710
2026-06-03 19:50:04 | INFO | root | epoch=61 train_loss=0.02280081 val_loss=0.04004806
2026-06-03 19:50:05 | INFO | root | epoch=62 step=25 train_loss=0.02247109
2026-06-03 19:50:05 | INFO | root | epoch=62 step=50 train_loss=0.02234145
2026-06-03 19:50:05 | INFO | root | epoch=62 train_loss=0.02289466 val_loss=0.03678085
2026-06-03 19:50:05 | INFO | root | epoch=63 step=25 train_loss=0.02367390
2026-06-03 19:50:05 | INFO | root | epoch=63 step=50 train_loss=0.02388784
2026-06-03 19:50:05 | INFO | root | epoch=63 train_loss=0.02377470 val_loss=0.04012562
2026-06-03 19:50:06 | INFO | root | epoch=64 step=25 train_loss=0.02299111
2026-06-03 19:50:06 | INFO | root | epoch=64 step=50 train_loss=0.02316533
2026-06-03 19:50:06 | INFO | root | epoch=64 train_loss=0.02293286 val_loss=0.03950497
2026-06-03 19:50:06 | INFO | root | epoch=65 step=25 train_loss=0.02207964
2026-06-03 19:50:06 | INFO | root | epoch=65 step=50 train_loss=0.02141169
2026-06-03 19:50:06 | INFO | root | epoch=65 train_loss=0.02186913 val_loss=0.04180815
2026-06-03 19:50:07 | INFO | root | epoch=66 step=25 train_loss=0.02242960
2026-06-03 19:50:07 | INFO | root | epoch=66 step=50 train_loss=0.02266795
2026-06-03 19:50:07 | INFO | root | epoch=66 train_loss=0.02225601 val_loss=0.04362877
2026-06-03 19:50:07 | INFO | root | epoch=67 step=25 train_loss=0.02207270
2026-06-03 19:50:07 | INFO | root | epoch=67 step=50 train_loss=0.02223379
2026-06-03 19:50:07 | INFO | root | epoch=67 train_loss=0.02228840 val_loss=0.04218875
2026-06-03 19:50:08 | INFO | root | epoch=68 step=25 train_loss=0.02335888
2026-06-03 19:50:08 | INFO | root | epoch=68 step=50 train_loss=0.02295934
2026-06-03 19:50:08 | INFO | root | epoch=68 train_loss=0.02240191 val_loss=0.04246567
2026-06-03 19:50:08 | INFO | root | epoch=69 step=25 train_loss=0.02147009
2026-06-03 19:50:08 | INFO | root | epoch=69 step=50 train_loss=0.02225382
2026-06-03 19:50:08 | INFO | root | epoch=69 train_loss=0.02225147 val_loss=0.04534040
2026-06-03 19:50:09 | INFO | root | epoch=70 step=25 train_loss=0.02201925
2026-06-03 19:50:09 | INFO | root | epoch=70 step=50 train_loss=0.02252469
2026-06-03 19:50:09 | INFO | root | epoch=70 train_loss=0.02208222 val_loss=0.04470303
2026-06-03 19:50:09 | INFO | root | epoch=71 step=25 train_loss=0.02285435
2026-06-03 19:50:09 | INFO | root | epoch=71 step=50 train_loss=0.02243733
2026-06-03 19:50:09 | INFO | root | epoch=71 train_loss=0.02219594 val_loss=0.04487032
2026-06-03 19:50:10 | INFO | root | epoch=72 step=25 train_loss=0.02192967
2026-06-03 19:50:10 | INFO | root | epoch=72 step=50 train_loss=0.02237215
2026-06-03 19:50:10 | INFO | root | epoch=72 train_loss=0.02223513 val_loss=0.04231226
2026-06-03 19:50:10 | INFO | root | epoch=73 step=25 train_loss=0.02176298
2026-06-03 19:50:10 | INFO | root | epoch=73 step=50 train_loss=0.02167169
2026-06-03 19:50:10 | INFO | root | epoch=73 train_loss=0.02149394 val_loss=0.04011633
2026-06-03 19:50:11 | INFO | root | epoch=74 step=25 train_loss=0.02149395
2026-06-03 19:50:11 | INFO | root | epoch=74 step=50 train_loss=0.02140278
2026-06-03 19:50:11 | INFO | root | epoch=74 train_loss=0.02148175 val_loss=0.03804074
2026-06-03 19:50:11 | INFO | root | epoch=75 step=25 train_loss=0.02063044
2026-06-03 19:50:11 | INFO | root | epoch=75 step=50 train_loss=0.02047286
2026-06-03 19:50:11 | INFO | root | epoch=75 train_loss=0.02033467 val_loss=0.04070378
2026-06-03 19:50:12 | INFO | root | epoch=76 step=25 train_loss=0.02001672
2026-06-03 19:50:12 | INFO | root | epoch=76 step=50 train_loss=0.01960343
2026-06-03 19:50:12 | INFO | root | epoch=76 train_loss=0.02004953 val_loss=0.04117084
2026-06-03 19:50:12 | INFO | root | epoch=77 step=25 train_loss=0.02010780
2026-06-03 19:50:12 | INFO | root | epoch=77 step=50 train_loss=0.02064915
2026-06-03 19:50:12 | INFO | root | epoch=77 train_loss=0.02138492 val_loss=0.04517411
2026-06-03 19:50:13 | INFO | root | epoch=78 step=25 train_loss=0.02109098
2026-06-03 19:50:13 | INFO | root | epoch=78 step=50 train_loss=0.02038552
2026-06-03 19:50:13 | INFO | root | epoch=78 train_loss=0.02039469 val_loss=0.04030847
2026-06-03 19:50:13 | INFO | root | epoch=79 step=25 train_loss=0.01987801
2026-06-03 19:50:13 | INFO | root | epoch=79 step=50 train_loss=0.02015369
2026-06-03 19:50:14 | INFO | root | epoch=79 train_loss=0.01987531 val_loss=0.04209497
2026-06-03 19:50:14 | INFO | root | epoch=80 step=25 train_loss=0.01992339
2026-06-03 19:50:14 | INFO | root | epoch=80 step=50 train_loss=0.02041923
2026-06-03 19:50:14 | INFO | root | epoch=80 train_loss=0.02132027 val_loss=0.04475885
2026-06-03 19:50:14 | INFO | root | epoch=81 step=25 train_loss=0.02086750
2026-06-03 19:50:14 | INFO | root | epoch=81 step=50 train_loss=0.02107780
2026-06-03 19:50:15 | INFO | root | epoch=81 train_loss=0.02059366 val_loss=0.04370955
2026-06-03 19:50:15 | INFO | root | epoch=82 step=25 train_loss=0.01957073
2026-06-03 19:50:15 | INFO | root | epoch=82 step=50 train_loss=0.01970765
2026-06-03 19:50:15 | INFO | root | epoch=82 train_loss=0.01989379 val_loss=0.04082746
2026-06-03 19:50:15 | INFO | root | epoch=83 step=25 train_loss=0.01929559
2026-06-03 19:50:15 | INFO | root | epoch=83 step=50 train_loss=0.01953756
2026-06-03 19:50:16 | INFO | root | epoch=83 train_loss=0.01952294 val_loss=0.04057498
2026-06-03 19:50:16 | INFO | root | epoch=84 step=25 train_loss=0.01911584
2026-06-03 19:50:16 | INFO | root | epoch=84 step=50 train_loss=0.01918986
2026-06-03 19:50:16 | INFO | root | epoch=84 train_loss=0.01945876 val_loss=0.04281895
2026-06-03 19:50:16 | INFO | root | epoch=85 step=25 train_loss=0.02050519
2026-06-03 19:50:16 | INFO | root | epoch=85 step=50 train_loss=0.01965841
2026-06-03 19:50:17 | INFO | root | epoch=85 train_loss=0.01954804 val_loss=0.04677107
2026-06-03 19:50:17 | INFO | root | epoch=86 step=25 train_loss=0.02009159
2026-06-03 19:50:17 | INFO | root | epoch=86 step=50 train_loss=0.02004204
2026-06-03 19:50:17 | INFO | root | epoch=86 train_loss=0.01962558 val_loss=0.04697471
2026-06-03 19:50:17 | INFO | root | epoch=87 step=25 train_loss=0.02170398
2026-06-03 19:50:17 | INFO | root | epoch=87 step=50 train_loss=0.02115630
2026-06-03 19:50:18 | INFO | root | epoch=87 train_loss=0.02039585 val_loss=0.04042232
2026-06-03 19:50:18 | INFO | root | epoch=88 step=25 train_loss=0.01908828
2026-06-03 19:50:18 | INFO | root | epoch=88 step=50 train_loss=0.02000158
2026-06-03 19:50:18 | INFO | root | epoch=88 train_loss=0.02030721 val_loss=0.04217882
2026-06-03 19:50:18 | INFO | root | epoch=89 step=25 train_loss=0.02002580
2026-06-03 19:50:18 | INFO | root | epoch=89 step=50 train_loss=0.01926151
2026-06-03 19:50:19 | INFO | root | epoch=89 train_loss=0.01953764 val_loss=0.04261557
2026-06-03 19:50:19 | INFO | root | epoch=90 step=25 train_loss=0.01861865
2026-06-03 19:50:19 | INFO | root | epoch=90 step=50 train_loss=0.01846279
2026-06-03 19:50:19 | INFO | root | epoch=90 train_loss=0.01836478 val_loss=0.04040757
2026-06-03 19:50:19 | INFO | root | epoch=91 step=25 train_loss=0.01775668
2026-06-03 19:50:19 | INFO | root | epoch=91 step=50 train_loss=0.01845431
2026-06-03 19:50:20 | INFO | root | epoch=91 train_loss=0.01857345 val_loss=0.04736199
2026-06-03 19:50:20 | INFO | root | epoch=92 step=25 train_loss=0.01913829
2026-06-03 19:50:20 | INFO | root | epoch=92 step=50 train_loss=0.01916246
2026-06-03 19:50:20 | INFO | root | epoch=92 train_loss=0.01890539 val_loss=0.04233191
2026-06-03 19:50:20 | INFO | root | epoch=93 step=25 train_loss=0.01752358
2026-06-03 19:50:20 | INFO | root | epoch=93 step=50 train_loss=0.01792984
2026-06-03 19:50:21 | INFO | root | epoch=93 train_loss=0.01830733 val_loss=0.04153671
2026-06-03 19:50:21 | INFO | root | epoch=94 step=25 train_loss=0.01919481
2026-06-03 19:50:21 | INFO | root | epoch=94 step=50 train_loss=0.01906606
2026-06-03 19:50:21 | INFO | root | epoch=94 train_loss=0.01927278 val_loss=0.04386161
2026-06-03 19:50:21 | INFO | root | epoch=95 step=25 train_loss=0.01878338
2026-06-03 19:50:21 | INFO | root | epoch=95 step=50 train_loss=0.01844912
2026-06-03 19:50:22 | INFO | root | epoch=95 train_loss=0.01831675 val_loss=0.04760807
2026-06-03 19:50:22 | INFO | root | epoch=96 step=25 train_loss=0.01931188
2026-06-03 19:50:22 | INFO | root | epoch=96 step=50 train_loss=0.01955192
2026-06-03 19:50:22 | INFO | root | epoch=96 train_loss=0.01937195 val_loss=0.04305051
2026-06-03 19:50:22 | INFO | root | epoch=97 step=25 train_loss=0.01868409
2026-06-03 19:50:22 | INFO | root | epoch=97 step=50 train_loss=0.01836971
2026-06-03 19:50:23 | INFO | root | epoch=97 train_loss=0.01817196 val_loss=0.03878705
2026-06-03 19:50:23 | INFO | root | epoch=98 step=25 train_loss=0.01768021
2026-06-03 19:50:23 | INFO | root | epoch=98 step=50 train_loss=0.01751237
2026-06-03 19:50:23 | INFO | root | epoch=98 train_loss=0.01793821 val_loss=0.04327727
2026-06-03 19:50:23 | INFO | root | epoch=99 step=25 train_loss=0.01911089
2026-06-03 19:50:23 | INFO | root | epoch=99 step=50 train_loss=0.01917605
2026-06-03 19:50:24 | INFO | root | epoch=99 train_loss=0.01919673 val_loss=0.04256875
2026-06-03 19:50:24 | INFO | root | epoch=100 step=25 train_loss=0.01996811
2026-06-03 19:50:24 | INFO | root | epoch=100 step=50 train_loss=0.02026931
2026-06-03 19:50:24 | INFO | root | epoch=100 train_loss=0.02094745 val_loss=0.04176751
2026-06-03 19:50:24 | INFO | root | epoch=101 step=25 train_loss=0.02063571
2026-06-03 19:50:24 | INFO | root | epoch=101 step=50 train_loss=0.02034455
2026-06-03 19:50:25 | INFO | root | epoch=101 train_loss=0.02010078 val_loss=0.04435551
2026-06-03 19:50:25 | INFO | root | epoch=102 step=25 train_loss=0.01823750
2026-06-03 19:50:25 | INFO | root | epoch=102 step=50 train_loss=0.01856883
2026-06-03 19:50:25 | INFO | root | epoch=102 train_loss=0.01879277 val_loss=0.04425863
2026-06-03 19:50:25 | INFO | root | epoch=103 step=25 train_loss=0.01815545
2026-06-03 19:50:25 | INFO | root | epoch=103 step=50 train_loss=0.01854149
2026-06-03 19:50:26 | INFO | root | epoch=103 train_loss=0.01879433 val_loss=0.04469755
2026-06-03 19:50:26 | INFO | root | epoch=104 step=25 train_loss=0.01883463
2026-06-03 19:50:26 | INFO | root | epoch=104 step=50 train_loss=0.01832379
2026-06-03 19:50:26 | INFO | root | epoch=104 train_loss=0.01817953 val_loss=0.04637103
2026-06-03 19:50:26 | INFO | root | epoch=105 step=25 train_loss=0.01730231
2026-06-03 19:50:26 | INFO | root | epoch=105 step=50 train_loss=0.01752093
2026-06-03 19:50:27 | INFO | root | epoch=105 train_loss=0.01786946 val_loss=0.04581637
2026-06-03 19:50:27 | INFO | root | epoch=106 step=25 train_loss=0.01841878
2026-06-03 19:50:27 | INFO | root | epoch=106 step=50 train_loss=0.01807254
2026-06-03 19:50:27 | INFO | root | epoch=106 train_loss=0.01842220 val_loss=0.04161358
2026-06-03 19:50:27 | INFO | root | epoch=107 step=25 train_loss=0.01832603
2026-06-03 19:50:27 | INFO | root | epoch=107 step=50 train_loss=0.01907919
2026-06-03 19:50:28 | INFO | root | epoch=107 train_loss=0.01873021 val_loss=0.04292125
2026-06-03 19:50:28 | INFO | root | epoch=108 step=25 train_loss=0.01798660
2026-06-03 19:50:28 | INFO | root | epoch=108 step=50 train_loss=0.01841870
2026-06-03 19:50:28 | INFO | root | epoch=108 train_loss=0.01835997 val_loss=0.04458529
2026-06-03 19:50:28 | INFO | root | epoch=109 step=25 train_loss=0.01864668
2026-06-03 19:50:28 | INFO | root | epoch=109 step=50 train_loss=0.01788944
2026-06-03 19:50:29 | INFO | root | epoch=109 train_loss=0.01847051 val_loss=0.04081593
2026-06-03 19:50:29 | INFO | root | epoch=110 step=25 train_loss=0.01893482
2026-06-03 19:50:29 | INFO | root | epoch=110 step=50 train_loss=0.02038195
2026-06-03 19:50:29 | INFO | root | epoch=110 train_loss=0.02006199 val_loss=0.04297214
2026-06-03 19:50:29 | INFO | root | epoch=111 step=25 train_loss=0.01922223
2026-06-03 19:50:29 | INFO | root | epoch=111 step=50 train_loss=0.01922258
2026-06-03 19:50:30 | INFO | root | epoch=111 train_loss=0.01894266 val_loss=0.04487616
2026-06-03 19:50:30 | INFO | root | epoch=112 step=25 train_loss=0.01882452
2026-06-03 19:50:30 | INFO | root | epoch=112 step=50 train_loss=0.01891590
2026-06-03 19:50:30 | INFO | root | epoch=112 train_loss=0.01836983 val_loss=0.04018474
2026-06-03 19:50:30 | INFO | root | epoch=113 step=25 train_loss=0.01768360
2026-06-03 19:50:30 | INFO | root | epoch=113 step=50 train_loss=0.01750920
2026-06-03 19:50:31 | INFO | root | epoch=113 train_loss=0.01749287 val_loss=0.04496975
2026-06-03 19:50:31 | INFO | root | epoch=114 step=25 train_loss=0.01747525
2026-06-03 19:50:31 | INFO | root | epoch=114 step=50 train_loss=0.01730538
2026-06-03 19:50:31 | INFO | root | epoch=114 train_loss=0.01708906 val_loss=0.04153762
2026-06-03 19:50:31 | INFO | root | epoch=115 step=25 train_loss=0.01744634
2026-06-03 19:50:31 | INFO | root | epoch=115 step=50 train_loss=0.01797364
2026-06-03 19:50:32 | INFO | root | epoch=115 train_loss=0.01796718 val_loss=0.03841300
2026-06-03 19:50:32 | INFO | root | epoch=116 step=25 train_loss=0.01662907
2026-06-03 19:50:32 | INFO | root | epoch=116 step=50 train_loss=0.01672089
2026-06-03 19:50:32 | INFO | root | epoch=116 train_loss=0.01684101 val_loss=0.03816931
2026-06-03 19:50:32 | INFO | root | epoch=117 step=25 train_loss=0.01653142
2026-06-03 19:50:33 | INFO | root | epoch=117 step=50 train_loss=0.01625976
2026-06-03 19:50:33 | INFO | root | epoch=117 train_loss=0.01621262 val_loss=0.03748307
2026-06-03 19:50:33 | INFO | root | epoch=118 step=25 train_loss=0.01582790
2026-06-03 19:50:33 | INFO | root | epoch=118 step=50 train_loss=0.01602561
2026-06-03 19:50:33 | INFO | root | epoch=118 train_loss=0.01608999 val_loss=0.04013846
2026-06-03 19:50:33 | INFO | root | epoch=119 step=25 train_loss=0.01591371
2026-06-03 19:50:34 | INFO | root | epoch=119 step=50 train_loss=0.01625761
2026-06-03 19:50:34 | INFO | root | epoch=119 train_loss=0.01629153 val_loss=0.04018474
2026-06-03 19:50:34 | INFO | root | epoch=120 step=25 train_loss=0.01701681
2026-06-03 19:50:34 | INFO | root | epoch=120 step=50 train_loss=0.01685011
2026-06-03 19:50:34 | INFO | root | epoch=120 train_loss=0.01668694 val_loss=0.03924451
2026-06-03 19:50:34 | INFO | root | epoch=121 step=25 train_loss=0.01551441
2026-06-03 19:50:35 | INFO | root | epoch=121 step=50 train_loss=0.01564990
2026-06-03 19:50:35 | INFO | root | epoch=121 train_loss=0.01591808 val_loss=0.04021485
2026-06-03 19:50:35 | INFO | root | epoch=122 step=25 train_loss=0.01616737
2026-06-03 19:50:35 | INFO | root | epoch=122 step=50 train_loss=0.01580559
2026-06-03 19:50:35 | INFO | root | epoch=122 train_loss=0.01585712 val_loss=0.03754646
2026-06-03 19:50:35 | INFO | root | epoch=123 step=25 train_loss=0.01614242
2026-06-03 19:50:36 | INFO | root | epoch=123 step=50 train_loss=0.01619771
2026-06-03 19:50:36 | INFO | root | epoch=123 train_loss=0.01657413 val_loss=0.04118183
2026-06-03 19:50:36 | INFO | root | epoch=124 step=25 train_loss=0.01688070
2026-06-03 19:50:36 | INFO | root | epoch=124 step=50 train_loss=0.01656604
2026-06-03 19:50:36 | INFO | root | epoch=124 train_loss=0.01651341 val_loss=0.03905085
2026-06-03 19:50:36 | INFO | root | epoch=125 step=25 train_loss=0.01620482
2026-06-03 19:50:37 | INFO | root | epoch=125 step=50 train_loss=0.01606581
2026-06-03 19:50:37 | INFO | root | epoch=125 train_loss=0.01672628 val_loss=0.03706932
2026-06-03 19:50:37 | INFO | root | epoch=126 step=25 train_loss=0.01814298
2026-06-03 19:50:37 | INFO | root | epoch=126 step=50 train_loss=0.01834273
2026-06-03 19:50:37 | INFO | root | epoch=126 train_loss=0.01829146 val_loss=0.04478956
2026-06-03 19:50:37 | INFO | root | epoch=127 step=25 train_loss=0.01841534
2026-06-03 19:50:38 | INFO | root | epoch=127 step=50 train_loss=0.01816298
2026-06-03 19:50:38 | INFO | root | epoch=127 train_loss=0.01812693 val_loss=0.03980339
2026-06-03 19:50:38 | INFO | root | epoch=128 step=25 train_loss=0.02025330
2026-06-03 19:50:38 | INFO | root | epoch=128 step=50 train_loss=0.01930515
2026-06-03 19:50:38 | INFO | root | epoch=128 train_loss=0.01882719 val_loss=0.04279257
2026-06-03 19:50:38 | INFO | root | epoch=129 step=25 train_loss=0.01770715
2026-06-03 19:50:39 | INFO | root | epoch=129 step=50 train_loss=0.01750757
2026-06-03 19:50:39 | INFO | root | epoch=129 train_loss=0.01727256 val_loss=0.04209828
2026-06-03 19:50:39 | INFO | root | epoch=130 step=25 train_loss=0.01689826
2026-06-03 19:50:39 | INFO | root | epoch=130 step=50 train_loss=0.01831586
2026-06-03 19:50:39 | INFO | root | epoch=130 train_loss=0.01840352 val_loss=0.03889923
2026-06-03 19:50:39 | INFO | root | epoch=131 step=25 train_loss=0.01843422
2026-06-03 19:50:40 | INFO | root | epoch=131 step=50 train_loss=0.01811413
2026-06-03 19:50:40 | INFO | root | epoch=131 train_loss=0.01905363 val_loss=0.04431637
2026-06-03 19:50:40 | INFO | root | epoch=132 step=25 train_loss=0.01692220
2026-06-03 19:50:40 | INFO | root | epoch=132 step=50 train_loss=0.01650565
2026-06-03 19:50:40 | INFO | root | epoch=132 train_loss=0.01644107 val_loss=0.04320765
2026-06-03 19:50:40 | INFO | root | epoch=133 step=25 train_loss=0.01489066
2026-06-03 19:50:41 | INFO | root | epoch=133 step=50 train_loss=0.01521779
2026-06-03 19:50:41 | INFO | root | epoch=133 train_loss=0.01555573 val_loss=0.04120474
2026-06-03 19:50:41 | INFO | root | epoch=134 step=25 train_loss=0.01534435
2026-06-03 19:50:41 | INFO | root | epoch=134 step=50 train_loss=0.01546784
2026-06-03 19:50:41 | INFO | root | epoch=134 train_loss=0.01525291 val_loss=0.04569843
2026-06-03 19:50:42 | INFO | root | epoch=135 step=25 train_loss=0.01492412
2026-06-03 19:50:42 | INFO | root | epoch=135 step=50 train_loss=0.01509327
2026-06-03 19:50:42 | INFO | root | epoch=135 train_loss=0.01508798 val_loss=0.04302693
2026-06-03 19:50:42 | INFO | root | epoch=136 step=25 train_loss=0.01511048
2026-06-03 19:50:42 | INFO | root | epoch=136 step=50 train_loss=0.01491484
2026-06-03 19:50:42 | INFO | root | epoch=136 train_loss=0.01508390 val_loss=0.04215111
2026-06-03 19:50:43 | INFO | root | epoch=137 step=25 train_loss=0.01526491
2026-06-03 19:50:43 | INFO | root | epoch=137 step=50 train_loss=0.01548744
2026-06-03 19:50:43 | INFO | root | epoch=137 train_loss=0.01521103 val_loss=0.04096171
2026-06-03 19:50:43 | INFO | root | epoch=138 step=25 train_loss=0.01500734
2026-06-03 19:50:43 | INFO | root | epoch=138 step=50 train_loss=0.01501275
2026-06-03 19:50:43 | INFO | root | epoch=138 train_loss=0.01487771 val_loss=0.04282683
2026-06-03 19:50:44 | INFO | root | epoch=139 step=25 train_loss=0.01606421
2026-06-03 19:50:44 | INFO | root | epoch=139 step=50 train_loss=0.01653177
2026-06-03 19:50:44 | INFO | root | epoch=139 train_loss=0.01639549 val_loss=0.04270182
2026-06-03 19:50:44 | INFO | root | epoch=140 step=25 train_loss=0.01513572
2026-06-03 19:50:44 | INFO | root | epoch=140 step=50 train_loss=0.01541880
2026-06-03 19:50:44 | INFO | root | epoch=140 train_loss=0.01526236 val_loss=0.03897928
2026-06-03 19:50:45 | INFO | root | epoch=141 step=25 train_loss=0.01556408
2026-06-03 19:50:45 | INFO | root | epoch=141 step=50 train_loss=0.01523755
2026-06-03 19:50:45 | INFO | root | epoch=141 train_loss=0.01510030 val_loss=0.04332639
2026-06-03 19:50:45 | INFO | root | epoch=142 step=25 train_loss=0.01415924
2026-06-03 19:50:45 | INFO | root | epoch=142 step=50 train_loss=0.01444602
2026-06-03 19:50:45 | INFO | root | epoch=142 train_loss=0.01446106 val_loss=0.04436287
2026-06-03 19:50:46 | INFO | root | epoch=143 step=25 train_loss=0.01478716
2026-06-03 19:50:46 | INFO | root | epoch=143 step=50 train_loss=0.01537979
2026-06-03 19:50:46 | INFO | root | epoch=143 train_loss=0.01571392 val_loss=0.03934570
2026-06-03 19:50:46 | INFO | root | epoch=144 step=25 train_loss=0.01575558
2026-06-03 19:50:46 | INFO | root | epoch=144 step=50 train_loss=0.01540186
2026-06-03 19:50:47 | INFO | root | epoch=144 train_loss=0.01533561 val_loss=0.03983812
2026-06-03 19:50:47 | INFO | root | epoch=145 step=25 train_loss=0.01539212
2026-06-03 19:50:47 | INFO | root | epoch=145 step=50 train_loss=0.01549814
2026-06-03 19:50:47 | INFO | root | epoch=145 train_loss=0.01520790 val_loss=0.04166813
2026-06-03 19:50:47 | INFO | root | epoch=146 step=25 train_loss=0.01467656
2026-06-03 19:50:47 | INFO | root | epoch=146 step=50 train_loss=0.01468793
2026-06-03 19:50:48 | INFO | root | epoch=146 train_loss=0.01481708 val_loss=0.04034768
2026-06-03 19:50:48 | INFO | root | epoch=147 step=25 train_loss=0.01438081
2026-06-03 19:50:48 | INFO | root | epoch=147 step=50 train_loss=0.01455519
2026-06-03 19:50:48 | INFO | root | epoch=147 train_loss=0.01453579 val_loss=0.04347252
2026-06-03 19:50:48 | INFO | root | epoch=148 step=25 train_loss=0.01433135
2026-06-03 19:50:48 | INFO | root | epoch=148 step=50 train_loss=0.01435561
2026-06-03 19:50:49 | INFO | root | epoch=148 train_loss=0.01460014 val_loss=0.04200763
2026-06-03 19:50:49 | INFO | root | epoch=149 step=25 train_loss=0.01443782
2026-06-03 19:50:49 | INFO | root | epoch=149 step=50 train_loss=0.01492527
2026-06-03 19:50:49 | INFO | root | epoch=149 train_loss=0.01513103 val_loss=0.04084786
2026-06-03 19:50:49 | INFO | root | epoch=150 step=25 train_loss=0.01638753
2026-06-03 19:50:49 | INFO | root | epoch=150 step=50 train_loss=0.01693548
2026-06-03 19:50:50 | INFO | root | epoch=150 train_loss=0.01643846 val_loss=0.03856129
2026-06-03 19:50:50 | INFO | root | epoch=151 step=25 train_loss=0.01577472
2026-06-03 19:50:50 | INFO | root | epoch=151 step=50 train_loss=0.01584350
2026-06-03 19:50:50 | INFO | root | epoch=151 train_loss=0.01528239 val_loss=0.04194312
2026-06-03 19:50:50 | INFO | root | epoch=152 step=25 train_loss=0.01486681
2026-06-03 19:50:50 | INFO | root | epoch=152 step=50 train_loss=0.01481589
2026-06-03 19:50:51 | INFO | root | epoch=152 train_loss=0.01460772 val_loss=0.03874348
2026-06-03 19:50:51 | INFO | root | epoch=153 step=25 train_loss=0.01371226
2026-06-03 19:50:51 | INFO | root | epoch=153 step=50 train_loss=0.01407339
2026-06-03 19:50:51 | INFO | root | epoch=153 train_loss=0.01419992 val_loss=0.04324964
2026-06-03 19:50:51 | INFO | root | epoch=154 step=25 train_loss=0.01371903
2026-06-03 19:50:52 | INFO | root | epoch=154 step=50 train_loss=0.01409504
2026-06-03 19:50:52 | INFO | root | epoch=154 train_loss=0.01464142 val_loss=0.04494570
2026-06-03 19:50:52 | INFO | root | epoch=155 step=25 train_loss=0.01630018
2026-06-03 19:50:52 | INFO | root | epoch=155 step=50 train_loss=0.01884510
2026-06-03 19:50:52 | INFO | root | epoch=155 train_loss=0.01832138 val_loss=0.04292693
2026-06-03 19:50:52 | INFO | root | epoch=156 step=25 train_loss=0.01804487
2026-06-03 19:50:53 | INFO | root | epoch=156 step=50 train_loss=0.01880810
2026-06-03 19:50:53 | INFO | root | epoch=156 train_loss=0.01863731 val_loss=0.04393406
2026-06-03 19:50:53 | INFO | root | epoch=157 step=25 train_loss=0.01692652
2026-06-03 19:50:53 | INFO | root | epoch=157 step=50 train_loss=0.01658755
2026-06-03 19:50:53 | INFO | root | epoch=157 train_loss=0.01611019 val_loss=0.03895748
2026-06-03 19:50:53 | INFO | root | epoch=158 step=25 train_loss=0.01649718
2026-06-03 19:50:54 | INFO | root | epoch=158 step=50 train_loss=0.01634981
2026-06-03 19:50:54 | INFO | root | epoch=158 train_loss=0.01595223 val_loss=0.03889472
2026-06-03 19:50:54 | INFO | root | epoch=159 step=25 train_loss=0.01463650
2026-06-03 19:50:54 | INFO | root | epoch=159 step=50 train_loss=0.01497961
2026-06-03 19:50:54 | INFO | root | epoch=159 train_loss=0.01518177 val_loss=0.03882682
2026-06-03 19:50:54 | INFO | root | epoch=160 step=25 train_loss=0.01586227
2026-06-03 19:50:55 | INFO | root | epoch=160 step=50 train_loss=0.01542978
2026-06-03 19:50:55 | INFO | root | epoch=160 train_loss=0.01516078 val_loss=0.03711928
2026-06-03 19:50:55 | INFO | root | epoch=161 step=25 train_loss=0.01437902
2026-06-03 19:50:55 | INFO | root | epoch=161 step=50 train_loss=0.01495072
2026-06-03 19:50:55 | INFO | root | epoch=161 train_loss=0.01495095 val_loss=0.03667374
2026-06-03 19:50:55 | INFO | root | epoch=162 step=25 train_loss=0.01425029
2026-06-03 19:50:56 | INFO | root | epoch=162 step=50 train_loss=0.01429524
2026-06-03 19:50:56 | INFO | root | epoch=162 train_loss=0.01414948 val_loss=0.03897937
2026-06-03 19:50:56 | INFO | root | epoch=163 step=25 train_loss=0.01391590
2026-06-03 19:50:56 | INFO | root | epoch=163 step=50 train_loss=0.01367096
2026-06-03 19:50:56 | INFO | root | epoch=163 train_loss=0.01367604 val_loss=0.04115270
2026-06-03 19:50:57 | INFO | root | epoch=164 step=25 train_loss=0.01371428
2026-06-03 19:50:57 | INFO | root | epoch=164 step=50 train_loss=0.01405828
2026-06-03 19:50:57 | INFO | root | epoch=164 train_loss=0.01427699 val_loss=0.04107480
2026-06-03 19:50:57 | INFO | root | epoch=165 step=25 train_loss=0.01362886
2026-06-03 19:50:57 | INFO | root | epoch=165 step=50 train_loss=0.01401313
2026-06-03 19:50:57 | INFO | root | epoch=165 train_loss=0.01403109 val_loss=0.04346491
2026-06-03 19:50:58 | INFO | root | epoch=166 step=25 train_loss=0.01438456
2026-06-03 19:50:58 | INFO | root | epoch=166 step=50 train_loss=0.01460593
2026-06-03 19:50:58 | INFO | root | epoch=166 train_loss=0.01465023 val_loss=0.04267134
2026-06-03 19:50:58 | INFO | root | epoch=167 step=25 train_loss=0.01428128
2026-06-03 19:50:58 | INFO | root | epoch=167 step=50 train_loss=0.01415146
2026-06-03 19:50:58 | INFO | root | epoch=167 train_loss=0.01387524 val_loss=0.04135443
2026-06-03 19:50:59 | INFO | root | epoch=168 step=25 train_loss=0.01353324
2026-06-03 19:50:59 | INFO | root | epoch=168 step=50 train_loss=0.01409025
2026-06-03 19:50:59 | INFO | root | epoch=168 train_loss=0.01441491 val_loss=0.04379705
2026-06-03 19:50:59 | INFO | root | epoch=169 step=25 train_loss=0.01589153
2026-06-03 19:50:59 | INFO | root | epoch=169 step=50 train_loss=0.01629956
2026-06-03 19:50:59 | INFO | root | epoch=169 train_loss=0.01685675 val_loss=0.04552449
2026-06-03 19:51:00 | INFO | root | epoch=170 step=25 train_loss=0.01735365
2026-06-03 19:51:00 | INFO | root | epoch=170 step=50 train_loss=0.01685536
2026-06-03 19:51:00 | INFO | root | epoch=170 train_loss=0.01712387 val_loss=0.04245829
2026-06-03 19:51:00 | INFO | root | epoch=171 step=25 train_loss=0.01591144
2026-06-03 19:51:00 | INFO | root | epoch=171 step=50 train_loss=0.01575968
2026-06-03 19:51:00 | INFO | root | epoch=171 train_loss=0.01542828 val_loss=0.04182311
2026-06-03 19:51:01 | INFO | root | epoch=172 step=25 train_loss=0.01405012
2026-06-03 19:51:01 | INFO | root | epoch=172 step=50 train_loss=0.01439282
2026-06-03 19:51:01 | INFO | root | epoch=172 train_loss=0.01424967 val_loss=0.04351335
2026-06-03 19:51:01 | INFO | root | epoch=173 step=25 train_loss=0.01316403
2026-06-03 19:51:01 | INFO | root | epoch=173 step=50 train_loss=0.01337585
2026-06-03 19:51:01 | INFO | root | epoch=173 train_loss=0.01325574 val_loss=0.04184217
2026-06-03 19:51:02 | INFO | root | epoch=174 step=25 train_loss=0.01410670
2026-06-03 19:51:02 | INFO | root | epoch=174 step=50 train_loss=0.01400355
2026-06-03 19:51:02 | INFO | root | epoch=174 train_loss=0.01377283 val_loss=0.04285831
2026-06-03 19:51:02 | INFO | root | epoch=175 step=25 train_loss=0.01294093
2026-06-03 19:51:02 | INFO | root | epoch=175 step=50 train_loss=0.01328219
2026-06-03 19:51:02 | INFO | root | epoch=175 train_loss=0.01358795 val_loss=0.04400641
2026-06-03 19:51:03 | INFO | root | epoch=176 step=25 train_loss=0.01327143
2026-06-03 19:51:03 | INFO | root | epoch=176 step=50 train_loss=0.01303849
2026-06-03 19:51:03 | INFO | root | epoch=176 train_loss=0.01314372 val_loss=0.04107253
2026-06-03 19:51:03 | INFO | root | epoch=177 step=25 train_loss=0.01319170
2026-06-03 19:51:03 | INFO | root | epoch=177 step=50 train_loss=0.01348480
2026-06-03 19:51:03 | INFO | root | epoch=177 train_loss=0.01352372 val_loss=0.04255250
2026-06-03 19:51:04 | INFO | root | epoch=178 step=25 train_loss=0.01302889
2026-06-03 19:51:04 | INFO | root | epoch=178 step=50 train_loss=0.01299034
2026-06-03 19:51:04 | INFO | root | epoch=178 train_loss=0.01287012 val_loss=0.04223920
2026-06-03 19:51:04 | INFO | root | epoch=179 step=25 train_loss=0.01243644
2026-06-03 19:51:04 | INFO | root | epoch=179 step=50 train_loss=0.01274325
2026-06-03 19:51:04 | INFO | root | epoch=179 train_loss=0.01292144 val_loss=0.04495942
2026-06-03 19:51:05 | INFO | root | epoch=180 step=25 train_loss=0.01277904
2026-06-03 19:51:05 | INFO | root | epoch=180 step=50 train_loss=0.01255415
2026-06-03 19:51:05 | INFO | root | epoch=180 train_loss=0.01257130 val_loss=0.04046268
2026-06-03 19:51:05 | INFO | root | epoch=181 step=25 train_loss=0.01281991
2026-06-03 19:51:05 | INFO | root | epoch=181 step=50 train_loss=0.01286094
2026-06-03 19:51:05 | INFO | root | epoch=181 train_loss=0.01298983 val_loss=0.04236589
2026-06-03 19:51:06 | INFO | root | epoch=182 step=25 train_loss=0.01229981
2026-06-03 19:51:06 | INFO | root | epoch=182 step=50 train_loss=0.01235965
2026-06-03 19:51:06 | INFO | root | epoch=182 train_loss=0.01235112 val_loss=0.04266804
2026-06-03 19:51:06 | INFO | root | epoch=183 step=25 train_loss=0.01365104
2026-06-03 19:51:06 | INFO | root | epoch=183 step=50 train_loss=0.01388287
2026-06-03 19:51:06 | INFO | root | epoch=183 train_loss=0.01398083 val_loss=0.04443120
2026-06-03 19:51:07 | INFO | root | epoch=184 step=25 train_loss=0.01350928
2026-06-03 19:51:07 | INFO | root | epoch=184 step=50 train_loss=0.01306072
2026-06-03 19:51:07 | INFO | root | epoch=184 train_loss=0.01294871 val_loss=0.04243249
2026-06-03 19:51:07 | INFO | root | epoch=185 step=25 train_loss=0.01285599
2026-06-03 19:51:07 | INFO | root | epoch=185 step=50 train_loss=0.01253702
2026-06-03 19:51:07 | INFO | root | epoch=185 train_loss=0.01255837 val_loss=0.04677190
2026-06-03 19:51:08 | INFO | root | epoch=186 step=25 train_loss=0.01261261
2026-06-03 19:51:08 | INFO | root | epoch=186 step=50 train_loss=0.01277777
2026-06-03 19:51:08 | INFO | root | epoch=186 train_loss=0.01306100 val_loss=0.04344155
2026-06-03 19:51:08 | INFO | root | epoch=187 step=25 train_loss=0.01509357
2026-06-03 19:51:08 | INFO | root | epoch=187 step=50 train_loss=0.01619249
2026-06-03 19:51:08 | INFO | root | epoch=187 train_loss=0.01804711 val_loss=0.04510305
2026-06-03 19:51:08 | INFO | root | epoch=188 step=25 train_loss=0.02148242
2026-06-03 19:51:09 | INFO | root | epoch=188 step=50 train_loss=0.01936595
2026-06-03 19:51:09 | INFO | root | epoch=188 train_loss=0.01869205 val_loss=0.04714168
2026-06-03 19:51:09 | INFO | root | epoch=189 step=25 train_loss=0.01610394
2026-06-03 19:51:09 | INFO | root | epoch=189 step=50 train_loss=0.01536513
2026-06-03 19:51:09 | INFO | root | epoch=189 train_loss=0.01524916 val_loss=0.04536590
2026-06-03 19:51:10 | INFO | root | epoch=190 step=25 train_loss=0.01404329
2026-06-03 19:51:10 | INFO | root | epoch=190 step=50 train_loss=0.01386257
2026-06-03 19:51:10 | INFO | root | epoch=190 train_loss=0.01380297 val_loss=0.04087161
2026-06-03 19:51:10 | INFO | root | epoch=191 step=25 train_loss=0.01284748
2026-06-03 19:51:10 | INFO | root | epoch=191 step=50 train_loss=0.01287396
2026-06-03 19:51:10 | INFO | root | epoch=191 train_loss=0.01275302 val_loss=0.04405099
2026-06-03 19:51:11 | INFO | root | epoch=192 step=25 train_loss=0.01276161
2026-06-03 19:51:11 | INFO | root | epoch=192 step=50 train_loss=0.01270634
2026-06-03 19:51:11 | INFO | root | epoch=192 train_loss=0.01251776 val_loss=0.04194907
2026-06-03 19:51:11 | INFO | root | epoch=193 step=25 train_loss=0.01213318
2026-06-03 19:51:11 | INFO | root | epoch=193 step=50 train_loss=0.01211189
2026-06-03 19:51:11 | INFO | root | epoch=193 train_loss=0.01197707 val_loss=0.04446268
2026-06-03 19:51:11 | INFO | root | epoch=194 step=25 train_loss=0.01149260
2026-06-03 19:51:12 | INFO | root | epoch=194 step=50 train_loss=0.01190521
2026-06-03 19:51:12 | INFO | root | epoch=194 train_loss=0.01195602 val_loss=0.04707556
2026-06-03 19:51:12 | INFO | root | epoch=195 step=25 train_loss=0.01194000
2026-06-03 19:51:12 | INFO | root | epoch=195 step=50 train_loss=0.01215045
2026-06-03 19:51:12 | INFO | root | epoch=195 train_loss=0.01218779 val_loss=0.04180432
2026-06-03 19:51:12 | INFO | root | epoch=196 step=25 train_loss=0.01185691
2026-06-03 19:51:13 | INFO | root | epoch=196 step=50 train_loss=0.01225651
2026-06-03 19:51:13 | INFO | root | epoch=196 train_loss=0.01207995 val_loss=0.04017518
2026-06-03 19:51:13 | INFO | root | epoch=197 step=25 train_loss=0.01289733
2026-06-03 19:51:13 | INFO | root | epoch=197 step=50 train_loss=0.01356915
2026-06-03 19:51:13 | INFO | root | epoch=197 train_loss=0.01343498 val_loss=0.04875101
2026-06-03 19:51:13 | INFO | root | epoch=198 step=25 train_loss=0.01288591
2026-06-03 19:51:14 | INFO | root | epoch=198 step=50 train_loss=0.01364923
2026-06-03 19:51:14 | INFO | root | epoch=198 train_loss=0.01367454 val_loss=0.04153813
2026-06-03 19:51:14 | INFO | root | epoch=199 step=25 train_loss=0.01364632
2026-06-03 19:51:14 | INFO | root | epoch=199 step=50 train_loss=0.01350233
2026-06-03 19:51:14 | INFO | root | epoch=199 train_loss=0.01338212 val_loss=0.04904187
2026-06-03 19:51:15 | INFO | root | epoch=200 step=25 train_loss=0.01517802
2026-06-03 19:51:15 | INFO | root | epoch=200 step=50 train_loss=0.01487112
2026-06-03 19:51:15 | INFO | root | epoch=200 train_loss=0.01465691 val_loss=0.04484816
2026-06-03 19:51:15 | INFO | root | test_NMSE=0.14647637 test_MSE=0.14783353
2026-06-03 19:51:15 | INFO | root | Saved checkpoint to /mntdatalora/src/ECG-Denoising-LMMSE/outputs/transformer/window_P32_medium/Final_Transformer.pt
